2021-09-18 14:05:47 [scrapy.utils.log] INFO: Scrapy 2.5.0 started (bot: avito)
2021-09-18 14:05:47 [scrapy.utils.log] INFO: Versions: lxml 4.6.3.0, libxml2 2.9.10, cssselect 1.1.0, parsel 1.6.0, w3lib 1.22.0, Twisted 21.7.0, Python 3.8.10 (default, Jun  2 2021, 10:49:15) - [GCC 9.4.0], pyOpenSSL 20.0.1 (OpenSSL 1.1.1l  24 Aug 2021), cryptography 3.4.8, Platform Linux-5.11.0-34-generic-x86_64-with-glibc2.29
2021-09-18 14:05:47 [scrapy.utils.log] DEBUG: Using reactor: twisted.internet.epollreactor.EPollReactor
2021-09-18 14:05:47 [scrapy.crawler] INFO: Overridden settings:
{'BOT_NAME': 'avito',
 'DOWNLOAD_DELAY': 3,
 'FEED_EXPORT_ENCODING': 'utf-8',
 'LOG_FILE': 'logs/default/productspider/215e306e188111ecb3e9eb2be6e979cc.log',
 'NEWSPIDER_MODULE': 'avito.spiders',
 'ROBOTSTXT_OBEY': True,
 'SPIDER_MODULES': ['avito.spiders']}
2021-09-18 14:05:47 [scrapy.extensions.telnet] INFO: Telnet Password: 9989eef73ea842ca
2021-09-18 14:05:47 [scrapy.middleware] INFO: Enabled extensions:
['scrapy.extensions.corestats.CoreStats',
 'scrapy.extensions.telnet.TelnetConsole',
 'scrapy.extensions.memusage.MemoryUsage',
 'scrapy.extensions.logstats.LogStats']
2021-09-18 14:05:47 [scrapy_user_agents.user_agent_picker] WARNING: [UnsupportedBrowserType] Family: Android
2021-09-18 14:05:47 [scrapy_user_agents.user_agent_picker] WARNING: [UnsupportedDeviceType] Family: Other, Brand: None, Model: None
2021-09-18 14:05:47 [scrapy_user_agents.user_agent_picker] WARNING: [UnsupportedDeviceType] Family: Other, Brand: None, Model: None
2021-09-18 14:05:47 [scrapy_user_agents.user_agent_picker] WARNING: [UnsupportedDeviceType] Family: Other, Brand: None, Model: None
2021-09-18 14:05:48 [scrapy_user_agents.user_agent_picker] WARNING: [UnsupportedDeviceType] Family: Sony BDV13, Brand: Sony, Model: BDV13
2021-09-18 14:05:48 [scrapy_user_agents.user_agent_picker] WARNING: [UnsupportedDeviceType] Family: Nintendo DSi, Brand: Nintendo, Model: DSi
2021-09-18 14:05:48 [scrapy_user_agents.user_agent_picker] WARNING: [UnsupportedDeviceType] Family: Other, Brand: None, Model: None
2021-09-18 14:05:48 [scrapy_user_agents.user_agent_picker] WARNING: [UnsupportedBrowserType] Family: Other
2021-09-18 14:05:48 [scrapy_user_agents.user_agent_picker] WARNING: [UnsupportedDeviceType] Family: LYF F90M, Brand: LYF, Model: F90M
2021-09-18 14:05:48 [scrapy_user_agents.user_agent_picker] WARNING: [UnsupportedDeviceType] Family: Sony BDV14, Brand: Sony, Model: BDV14
2021-09-18 14:05:48 [scrapy_user_agents.user_agent_picker] WARNING: [UnsupportedDeviceType] Family: LG Web0S SmartTV, Brand: LG, Model: Web0S SmartTV
2021-09-18 14:05:48 [scrapy_user_agents.user_agent_picker] WARNING: [UnsupportedDeviceType] Family: Other, Brand: None, Model: None
2021-09-18 14:05:48 [scrapy_user_agents.user_agent_picker] WARNING: [UnsupportedDeviceType] Family: Other, Brand: None, Model: None
2021-09-18 14:05:48 [scrapy_user_agents.user_agent_picker] WARNING: [UnsupportedDeviceType] Family: Other, Brand: None, Model: None
2021-09-18 14:05:48 [scrapy_user_agents.user_agent_picker] WARNING: [UnsupportedDeviceType] Family: Other, Brand: None, Model: None
2021-09-18 14:05:48 [scrapy_user_agents.user_agent_picker] WARNING: [UnsupportedDeviceType] Family: Other, Brand: None, Model: None
2021-09-18 14:05:48 [scrapy_user_agents.user_agent_picker] WARNING: [UnsupportedDeviceType] Family: Other, Brand: None, Model: None
2021-09-18 14:05:48 [scrapy_user_agents.user_agent_picker] WARNING: [UnsupportedDeviceType] Family: Other, Brand: None, Model: None
2021-09-18 14:05:48 [scrapy_user_agents.user_agent_picker] WARNING: [UnsupportedDeviceType] Family: Sony BDV11, Brand: Sony, Model: BDV11
2021-09-18 14:05:48 [scrapy_user_agents.user_agent_picker] WARNING: [UnsupportedDeviceType] Family: Other, Brand: None, Model: None
2021-09-18 14:05:48 [scrapy_user_agents.user_agent_picker] WARNING: [UnsupportedDeviceType] Family: Other, Brand: None, Model: None
2021-09-18 14:05:48 [scrapy_user_agents.user_agent_picker] WARNING: [UnsupportedDeviceType] Family: Other, Brand: None, Model: None
2021-09-18 14:05:48 [scrapy_user_agents.user_agent_picker] WARNING: [UnsupportedDeviceType] Family: Other, Brand: None, Model: None
2021-09-18 14:05:48 [scrapy_user_agents.user_agent_picker] WARNING: [UnsupportedDeviceType] Family: Nintendo DSi, Brand: Nintendo, Model: DSi
2021-09-18 14:05:48 [scrapy_user_agents.user_agent_picker] WARNING: [UnsupportedDeviceType] Family: LYF LF-2403N, Brand: LYF, Model: LF-2403N
2021-09-18 14:05:48 [scrapy_user_agents.user_agent_picker] WARNING: [UnsupportedDeviceType] Family: LYF F90M, Brand: LYF, Model: F90M
2021-09-18 14:05:48 [scrapy_user_agents.user_agent_picker] WARNING: [UnsupportedDeviceType] Family: Other, Brand: None, Model: None
2021-09-18 14:05:48 [scrapy_user_agents.user_agent_picker] WARNING: [UnsupportedDeviceType] Family: Other, Brand: None, Model: None
2021-09-18 14:05:49 [scrapy_user_agents.user_agent_picker] WARNING: [UnsupportedBrowserType] Family: Applebot
2021-09-18 14:05:49 [scrapy_user_agents.user_agent_picker] WARNING: [UnsupportedDeviceType] Family: Other, Brand: None, Model: None
2021-09-18 14:05:49 [scrapy_user_agents.user_agent_picker] WARNING: [UnsupportedBrowserType] Family: Applebot
2021-09-18 14:05:49 [scrapy_user_agents.user_agent_picker] WARNING: [UnsupportedBrowserType] Family: Other
2021-09-18 14:05:49 [scrapy_user_agents.user_agent_picker] WARNING: [UnsupportedBrowserType] Family: Other
2021-09-18 14:05:49 [scrapy_user_agents.user_agent_picker] WARNING: [UnsupportedBrowserType] Family: PhantomJS
2021-09-18 14:05:49 [scrapy_user_agents.user_agent_picker] WARNING: [UnsupportedBrowserType] Family: SMTBot
2021-09-18 14:05:49 [scrapy_user_agents.user_agent_picker] WARNING: [UnsupportedBrowserType] Family: PhantomJS
2021-09-18 14:05:49 [scrapy_user_agents.user_agent_picker] WARNING: [UnsupportedBrowserType] Family: PhantomJS
2021-09-18 14:05:49 [scrapy_user_agents.user_agent_picker] WARNING: [UnsupportedBrowserType] Family: WebKit Nightly
2021-09-18 14:05:49 [scrapy_user_agents.user_agent_picker] WARNING: [UnsupportedBrowserType] Family: PhantomJS
2021-09-18 14:05:49 [scrapy_user_agents.user_agent_picker] WARNING: [UnsupportedDeviceType] Family: Other, Brand: None, Model: None
2021-09-18 14:05:49 [scrapy_user_agents.user_agent_picker] WARNING: [UnsupportedBrowserType] Family: PhantomJS
2021-09-18 14:05:49 [scrapy_user_agents.user_agent_picker] WARNING: [UnsupportedBrowserType] Family: PhantomJS
2021-09-18 14:05:49 [scrapy_user_agents.user_agent_picker] WARNING: [UnsupportedBrowserType] Family: Robot
2021-09-18 14:05:49 [scrapy_user_agents.user_agent_picker] WARNING: [UnsupportedDeviceType] Family: Other, Brand: None, Model: None
2021-09-18 14:05:49 [scrapy_user_agents.user_agent_picker] WARNING: [UnsupportedBrowserType] Family: Zune
2021-09-18 14:05:49 [scrapy.middleware] INFO: Enabled downloader middlewares:
['scrapy.downloadermiddlewares.robotstxt.RobotsTxtMiddleware',
 'scrapy.downloadermiddlewares.httpauth.HttpAuthMiddleware',
 'scrapy.downloadermiddlewares.downloadtimeout.DownloadTimeoutMiddleware',
 'scrapy.downloadermiddlewares.defaultheaders.DefaultHeadersMiddleware',
 'scrapy_user_agents.middlewares.RandomUserAgentMiddleware',
 'scrapy.downloadermiddlewares.retry.RetryMiddleware',
 'scrapy.downloadermiddlewares.redirect.MetaRefreshMiddleware',
 'scrapy.downloadermiddlewares.httpcompression.HttpCompressionMiddleware',
 'scrapy.downloadermiddlewares.redirect.RedirectMiddleware',
 'scrapy.downloadermiddlewares.cookies.CookiesMiddleware',
 'scrapy.downloadermiddlewares.httpproxy.HttpProxyMiddleware',
 'scrapy.downloadermiddlewares.stats.DownloaderStats']
2021-09-18 14:05:49 [scrapy.middleware] INFO: Enabled spider middlewares:
['scrapy.spidermiddlewares.httperror.HttpErrorMiddleware',
 'scrapy.spidermiddlewares.offsite.OffsiteMiddleware',
 'scrapy.spidermiddlewares.referer.RefererMiddleware',
 'scrapy.spidermiddlewares.urllength.UrlLengthMiddleware',
 'scrapy.spidermiddlewares.depth.DepthMiddleware']
2021-09-18 14:05:49 [scrapy.middleware] INFO: Enabled item pipelines:
['avito.pipelines.MongoDBPipeline']
2021-09-18 14:05:49 [scrapy.core.engine] INFO: Spider opened
2021-09-18 14:05:49 [scrapy.extensions.logstats] INFO: Crawled 0 pages (at 0 pages/min), scraped 0 items (at 0 items/min)
2021-09-18 14:05:49 [scrapy.extensions.telnet] INFO: Telnet console listening on 127.0.0.1:6023
2021-09-18 14:05:49 [scrapy_user_agents.middlewares] DEBUG: Assigned User-Agent Mozilla/5.0 (Windows NT 6.0; Win64; x64) AppleWebKit/537.36 (KHTML, like Gecko) Chrome/55.0.2883.87 Safari/537.36
2021-09-18 14:05:50 [scrapy.core.engine] DEBUG: Crawled (200) <GET https://www.avito.ma/robots.txt> (referer: None)
2021-09-18 14:05:50 [scrapy_user_agents.middlewares] DEBUG: Assigned User-Agent Mozilla/5.0 (Windows NT 6.1) AppleWebKit/537.36 (KHTML, like Gecko) Chrome/46.0.2490.80 Safari/537.36
2021-09-18 14:05:56 [scrapy.core.engine] DEBUG: Crawled (200) <GET https://www.avito.ma/fr/maroc/voitures-%C3%A0_vendre?reg=1,5> (referer: None)
2021-09-18 14:05:56 [scrapy_user_agents.middlewares] DEBUG: Assigned User-Agent Mozilla/5.0 (Windows NT 5.1; WOW64) AppleWebKit/537.36 (KHTML, like Gecko) Chrome/46.0.2490.80 Safari/537.36
2021-09-18 14:05:56 [scrapy.dupefilters] DEBUG: Filtered duplicate request: <GET https://www.avito.ma/fr/maroc/voitures-%C3%A0_vendre?reg=1,5&o=2> - no more duplicates will be shown (see DUPEFILTER_DEBUG to show all duplicates)
2021-09-18 14:05:56 [scrapy_user_agents.middlewares] DEBUG: Assigned User-Agent Mozilla/5.0 (Windows NT 10.0; Win64; x64) AppleWebKit/537.36 (KHTML, like Gecko) Chrome/52.0.2743.82 Safari/537.36
2021-09-18 14:05:56 [scrapy_user_agents.middlewares] DEBUG: Assigned User-Agent Mozilla/5.0 (Windows NT 6.2; Win64; x64) AppleWebKit/537.36 (KHTML, like Gecko) Chrome/60.0.3112.90 Safari/537.36
2021-09-18 14:05:56 [scrapy_user_agents.middlewares] DEBUG: Assigned User-Agent Mozilla/5.0 (Windows NT 6.1) AppleWebKit/537.36 (KHTML, like Gecko) Chrome/51.0.2704.106 Safari/537.36
2021-09-18 14:05:56 [scrapy_user_agents.middlewares] DEBUG: Assigned User-Agent Mozilla/5.0 (Windows NT 6.1) AppleWebKit/537.36 (KHTML, like Gecko) Chrome/54.0.2840.99 Safari/537.36
2021-09-18 14:05:56 [scrapy_user_agents.middlewares] DEBUG: Assigned User-Agent Mozilla/5.0 (Windows NT 6.1) AppleWebKit/537.36 (KHTML, like Gecko) Chrome/41.0.2228.0 Safari/537.36Mozilla/5.0 (Macintosh; Intel Mac OS X 10.8; rv:24.0) Gecko/20100101 Firefox/24.0
2021-09-18 14:05:56 [scrapy_user_agents.middlewares] DEBUG: Assigned User-Agent Mozilla/5.0 (Windows NT 5.1; WOW64) AppleWebKit/537.36 (KHTML, like Gecko) Chrome/46.0.2490.80 Safari/537.36
2021-09-18 14:05:56 [scrapy_user_agents.middlewares] DEBUG: Assigned User-Agent Mozilla/5.0 (Windows NT 6.3; WOW64) AppleWebKit/537.36 (KHTML, like Gecko) Chrome/49.0.2623.110 Safari/537.36
2021-09-18 14:05:56 [scrapy_user_agents.middlewares] DEBUG: Assigned User-Agent Mozilla/5.0 (Windows NT 6.1; WOW64) AppleWebKit/537.36 (KHTML, like Gecko) Chrome/45.0.2454.101 Safari/537.36
2021-09-18 14:05:56 [scrapy_user_agents.middlewares] DEBUG: Assigned User-Agent Mozilla/5.0 (Windows NT 10.0; Win64; x64) AppleWebKit/537.36 (KHTML, like Gecko) Chrome/64.0.3282.167 Safari/537.36
2021-09-18 14:05:56 [scrapy_user_agents.middlewares] DEBUG: Assigned User-Agent Mozilla/5.0 (Windows NT 10.0; Win64; x64) AppleWebKit/537.36 (KHTML, like Gecko) Chrome/58.0.3029.110 Safari/537.36
2021-09-18 14:05:56 [scrapy_user_agents.middlewares] DEBUG: Assigned User-Agent Mozilla/5.0 (Windows NT 6.3; Win64; x64) AppleWebKit/537.36 (KHTML, like Gecko) Chrome/59.0.3071.115 Safari/537.36
2021-09-18 14:05:56 [scrapy_user_agents.middlewares] DEBUG: Assigned User-Agent Mozilla/5.0 (Windows NT 6.1) AppleWebKit/537.36 (KHTML, like Gecko) Chrome/55.0.2883.87 Safari/537.36
2021-09-18 14:05:56 [scrapy_user_agents.middlewares] DEBUG: Assigned User-Agent Mozilla/4.0 (compatible; MSIE 8.0; Windows NT 5.1; Trident/4.0; chromeframe/32.0.1700.107; GTB7.5; .NET CLR 1.1.4322; .NET CLR 3.0.04506.30; .NET CLR 3.0.4506.2152; .NET CLR 3.5.30729; WinNT-EVI 12.01.2010; MS-RTC LM 8; .NET CLR 2.0.50727; lib/5.0\0195; Engine/4.00195; 89670803)
2021-09-18 14:05:56 [scrapy_user_agents.middlewares] DEBUG: Assigned User-Agent Mozilla/5.0 (Windows NT 10.0; Win64; x64) AppleWebKit/537.36 (KHTML, like Gecko) Chrome/54.0.2840.71 Safari/537.36
2021-09-18 14:05:56 [scrapy_user_agents.middlewares] DEBUG: Assigned User-Agent Mozilla/5.0 (Windows NT 10.0; WOW64) AppleWebKit/537.36 (KHTML, like Gecko) Chrome/47.0.2526.111 Safari/537.36
2021-09-18 14:05:59 [scrapy.core.engine] DEBUG: Crawled (200) <GET https://www.avito.ma/fr/maroc/voitures-%C3%A0_vendre?reg=1,5> (referer: https://www.avito.ma/fr/maroc/voitures-%C3%A0_vendre?reg=1,5)
2021-09-18 14:05:59 [scrapy_user_agents.middlewares] DEBUG: Assigned User-Agent Mozilla/5.0 (Windows NT 6.1) AppleWebKit/537.36 (KHTML, like Gecko) Chrome/60.0.3112.113 Safari/537.36
2021-09-18 14:05:59 [py.warnings] WARNING: /home/khalil/Projects/PFE/scrapy_app/avito-env/lib/python3.8/site-packages/scrapy/utils/project.py:81: ScrapyDeprecationWarning: Use of environment variables prefixed with SCRAPY_ to override settings is deprecated. The following environment variables are currently defined: JOB, LOG_FILE, SLOT, SPIDER
  warnings.warn(

2021-09-18 14:06:02 [scrapy.core.engine] DEBUG: Crawled (200) <GET https://www.avito.ma/fr/californie/voitures/Touareg__V6_CONFORT_plus_18_46966149.htm> (referer: https://www.avito.ma/fr/maroc/voitures-%C3%A0_vendre?reg=1,5)
2021-09-18 14:06:02 [scrapy_user_agents.middlewares] DEBUG: Assigned User-Agent Mozilla/5.0 (Windows NT 6.3; Win64; x64) AppleWebKit/537.36 (KHTML, like Gecko) Chrome/55.0.2883.87 Safari/537.36
2021-09-18 14:06:02 [scrapy.core.scraper] DEBUG: Scraped from <200 https://www.avito.ma/fr/californie/voitures/Touareg__V6_CONFORT_plus_18_46966149.htm>
None
2021-09-18 14:06:02 [scrapy.core.scraper] DEBUG: Scraped from <200 https://www.avito.ma/fr/californie/voitures/Touareg__V6_CONFORT_plus_18_46966149.htm>
None
2021-09-18 14:06:12 [scrapy.core.engine] DEBUG: Crawled (200) <GET https://www.avito.ma/fr/maroc/voitures-%C3%A0_vendre?reg=1,5&o=6> (referer: https://www.avito.ma/fr/maroc/voitures-%C3%A0_vendre?reg=1,5)
2021-09-18 14:06:12 [scrapy_user_agents.middlewares] DEBUG: Assigned User-Agent Mozilla/5.0 (Windows NT 6.2; WOW64) AppleWebKit/537.31 (KHTML, like Gecko) Chrome/26.0.1410.64 Safari/537.31
2021-09-18 14:06:13 [scrapy.core.engine] DEBUG: Crawled (200) <GET https://www.avito.ma/fr/maroc/voitures-%C3%A0_vendre?reg=1,5&o=7> (referer: https://www.avito.ma/fr/maroc/voitures-%C3%A0_vendre?reg=1,5)
2021-09-18 14:06:13 [scrapy_user_agents.middlewares] DEBUG: Assigned User-Agent Mozilla/5.0 (Windows NT 6.1; Win64; x64) AppleWebKit/537.36 (KHTML, like Gecko) Chrome/51.0.2704.103 Safari/537.36
2021-09-18 14:06:13 [scrapy.core.engine] DEBUG: Crawled (200) <GET https://www.avito.ma/fr/maroc/voitures-%C3%A0_vendre?reg=1,5&o=694> (referer: https://www.avito.ma/fr/maroc/voitures-%C3%A0_vendre?reg=1,5)
2021-09-18 14:06:14 [scrapy_user_agents.middlewares] DEBUG: Assigned User-Agent Mozilla/5.0 (Windows NT 5.1; Win64; x64) AppleWebKit/537.36 (KHTML, like Gecko) Chrome/62.0.3202.89 Safari/537.36
2021-09-18 14:06:20 [scrapy.core.engine] DEBUG: Crawled (200) <GET https://www.avito.ma/fr/maroc/voitures-%C3%A0_vendre?reg=1,5&o=5> (referer: https://www.avito.ma/fr/maroc/voitures-%C3%A0_vendre?reg=1,5)
2021-09-18 14:06:20 [scrapy_user_agents.middlewares] DEBUG: Assigned User-Agent Mozilla/5.0 (Windows NT 10.0; Win64; x64) AppleWebKit/537.36 (KHTML, like Gecko) Chrome/66.0.3359.181 Safari/537.36
2021-09-18 14:06:26 [scrapy.core.engine] DEBUG: Crawled (200) <GET https://www.avito.ma/fr/maroc/voitures-%C3%A0_vendre?reg=1,5&o=4> (referer: https://www.avito.ma/fr/maroc/voitures-%C3%A0_vendre?reg=1,5)
2021-09-18 14:06:26 [scrapy_user_agents.middlewares] DEBUG: Assigned User-Agent Mozilla/5.0 (Windows NT 6.3; Win64; x64) AppleWebKit/537.36 (KHTML, like Gecko) Chrome/54.0.2840.99 Safari/537.36
2021-09-18 14:06:26 [scrapy.core.engine] DEBUG: Crawled (200) <GET https://www.avito.ma/fr/maroc/voitures-%C3%A0_vendre?reg=1,5&o=3> (referer: https://www.avito.ma/fr/maroc/voitures-%C3%A0_vendre?reg=1,5)
2021-09-18 14:06:26 [scrapy_user_agents.middlewares] DEBUG: Assigned User-Agent Mozilla/5.0 (Windows NT 5.1; WOW64) AppleWebKit/537.36 (KHTML, like Gecko) Chrome/46.0.2490.80 Safari/537.36
2021-09-18 14:06:33 [scrapy.core.engine] DEBUG: Crawled (200) <GET https://www.avito.ma/fr/bourgogne/voitures/FIAT_500_BOITE_AUTOMATIQUE__46874610.htm> (referer: https://www.avito.ma/fr/maroc/voitures-%C3%A0_vendre?reg=1,5)
2021-09-18 14:06:33 [scrapy_user_agents.middlewares] DEBUG: Assigned User-Agent Mozilla/5.0 (Windows NT 6.0; WOW64) AppleWebKit/537.36 (KHTML, like Gecko) Chrome/51.0.2704.63 Safari/537.36
2021-09-18 14:06:33 [scrapy.core.scraper] DEBUG: Scraped from <200 https://www.avito.ma/fr/bourgogne/voitures/FIAT_500_BOITE_AUTOMATIQUE__46874610.htm>
None
2021-09-18 14:06:33 [scrapy.core.scraper] DEBUG: Scraped from <200 https://www.avito.ma/fr/bourgogne/voitures/FIAT_500_BOITE_AUTOMATIQUE__46874610.htm>
{'product_data_items': {'address': None,
                        'area': 'Bourgogne',
                        'brand': 'Fiat',
                        'bv': 'Automatique',
                        'car_ac': '1',
                        'car_airbags': '1',
                        'car_central_locking': '1',
                        'car_cruise_control': '1',
                        'car_electric_windows': '1',
                        'car_esp': '1',
                        'car_onboard_computer': '1',
                        'car_rims': '1',
                        'car_roof': '1',
                        'car_speed_limiter': '1',
                        'cd_mp3_bt': '1',
                        'city': 'Casablanca',
                        'description': 'Promorent auto vous propose une fiat '
                                       '500 boite automatique en bonne etat '
                                       'toute options boîte automatique jante '
                                       'aluminium toit panoramique ',
                        'doors': '5',
                        'first_owner': 'Oui',
                        'fuel': 'Essence',
                        'has_shipping': False,
                        'is_seller_phone_verified': False,
                        'last_update_date': '2021-09-18 12:20:08',
                        'mileage': '75 000 - 79 999',
                        'model': '500',
                        'number_of_images': 5,
                        'pfiscale': '6 CV',
                        'price': None,
                        'product_id': '61736175',
                        'regdate': '2009',
                        'seller_address': None,
                        'seller_name': 'Promorent Auto',
                        'seller_phone': '0608884855',
                        'seller_type': 'shop',
                        'subject': 'FIAT 500 BOITE AUTOMATIQUE ',
                        'type': 'Voitures, Vente',
                        'url': 'https://www.avito.ma/fr/bourgogne/voitures/FIAT_500_BOITE_AUTOMATIQUE__46874610.htm',
                        'v_origin': 'WW au Maroc'}}
2021-09-18 14:06:39 [scrapy.core.engine] DEBUG: Crawled (200) <GET https://www.avito.ma/fr/casablanca/voitures/fiat_500_45663088.htm> (referer: https://www.avito.ma/fr/maroc/voitures-%C3%A0_vendre?reg=1,5)
2021-09-18 14:06:39 [scrapy_user_agents.middlewares] DEBUG: Assigned User-Agent Mozilla/5.0 (Windows NT 10.0; WOW64) AppleWebKit/537.36 (KHTML, like Gecko) Chrome/52.0.2743.116 Safari/537.36
2021-09-18 14:06:39 [scrapy.core.scraper] DEBUG: Scraped from <200 https://www.avito.ma/fr/casablanca/voitures/fiat_500_45663088.htm>
None
2021-09-18 14:06:39 [scrapy.core.scraper] DEBUG: Scraped from <200 https://www.avito.ma/fr/casablanca/voitures/fiat_500_45663088.htm>
{'product_data_items': {'address': None,
                        'brand': 'Fiat',
                        'bv': 'Manuelle',
                        'car_abs': '1',
                        'car_ac': '1',
                        'car_airbags': '1',
                        'car_central_locking': '1',
                        'car_cruise_control': '1',
                        'car_electric_windows': '1',
                        'car_esp': '1',
                        'car_navigation': '1',
                        'car_onboard_computer': '1',
                        'car_reverse_radar': '1',
                        'car_rims': '1',
                        'car_roof': '1',
                        'car_speed_limiter': '1',
                        'cd_mp3_bt': '1',
                        'city': 'Casablanca',
                        'description': 'je mets en vente fiat500 essence avec '
                                       'toi panoramique clim digital .....',
                        'doors': '3',
                        'first_owner': 'Non',
                        'fuel': 'Essence',
                        'has_shipping': False,
                        'is_seller_phone_verified': True,
                        'last_update_date': '2021-09-18 12:21:01',
                        'mileage': '70 000 - 74 999',
                        'model': '500',
                        'number_of_images': 6,
                        'pfiscale': '5 CV',
                        'price': 76000,
                        'product_id': '60070896',
                        'regdate': '2011',
                        'seller_address': None,
                        'seller_name': 'Mr',
                        'seller_phone': '0661788312',
                        'seller_type': 'private',
                        'subject': 'fiat 500',
                        'type': 'Voitures, Vente',
                        'url': 'https://www.avito.ma/fr/casablanca/voitures/fiat_500_45663088.htm',
                        'v_origin': 'WW au Maroc'}}
2021-09-18 14:06:45 [scrapy.core.engine] DEBUG: Crawled (200) <GET https://www.avito.ma/fr/maarif/voitures/Fiat_500_Automatique_47066373.htm> (referer: https://www.avito.ma/fr/maroc/voitures-%C3%A0_vendre?reg=1,5)
2021-09-18 14:06:45 [scrapy_user_agents.middlewares] DEBUG: Assigned User-Agent Mozilla/5.0 (Windows NT 6.3; WOW64) AppleWebKit/537.36 (KHTML, like Gecko) Chrome/45.0.2454.101 Safari/537.36
2021-09-18 14:06:45 [scrapy.core.scraper] DEBUG: Scraped from <200 https://www.avito.ma/fr/maarif/voitures/Fiat_500_Automatique_47066373.htm>
None
2021-09-18 14:06:45 [scrapy.core.scraper] DEBUG: Scraped from <200 https://www.avito.ma/fr/maarif/voitures/Fiat_500_Automatique_47066373.htm>
{'product_data_items': {'address': None,
                        'area': 'Maarif',
                        'brand': 'Fiat',
                        'bv': 'Automatique',
                        'city': 'Casablanca',
                        'description': 'Bonjour,je mets en vente une Fiat 500 '
                                       'automatique, toutes options, modèle '
                                       'fin 2015, très faible kilométrage '
                                       '(16.000).Voiture en très bon état, 4 '
                                       'pneus neufs, révision faite chez '
                                       'Fiat.WW Maroc.Intermédiaires '
                                       "s'abstenir !",
                        'doors': '3',
                        'first_owner': 'Non',
                        'fuel': 'Essence',
                        'has_shipping': False,
                        'is_seller_phone_verified': False,
                        'last_update_date': '2021-09-18 12:21:37',
                        'mileage': '15 000 - 19 999',
                        'model': '500C',
                        'number_of_images': 4,
                        'pfiscale': '7 CV',
                        'price': 105000,
                        'product_id': '61985325',
                        'regdate': '2015',
                        'seller_address': None,
                        'seller_name': 'David',
                        'seller_phone': '0664950837',
                        'seller_type': 'private',
                        'subject': 'Fiat 500 Automatique',
                        'type': 'Voitures, Vente',
                        'url': 'https://www.avito.ma/fr/maarif/voitures/Fiat_500_Automatique_47066373.htm',
                        'v_origin': 'WW au Maroc'}}
2021-09-18 14:06:49 [scrapy.core.engine] DEBUG: Crawled (200) <GET https://www.avito.ma/fr/ain_chock/voitures/Golf_8_rline_importe_neuf__46024674.htm> (referer: https://www.avito.ma/fr/maroc/voitures-%C3%A0_vendre?reg=1,5)
2021-09-18 14:06:49 [scrapy_user_agents.middlewares] DEBUG: Assigned User-Agent Mozilla/5.0 (Windows NT 10.0; Win64; x64) AppleWebKit/537.36 (KHTML, like Gecko) Chrome/60.0.3112.113 Safari/537.36
2021-09-18 14:06:49 [scrapy.core.scraper] DEBUG: Scraped from <200 https://www.avito.ma/fr/ain_chock/voitures/Golf_8_rline_importe_neuf__46024674.htm>
None
2021-09-18 14:06:49 [scrapy.core.scraper] DEBUG: Scraped from <200 https://www.avito.ma/fr/ain_chock/voitures/Golf_8_rline_importe_neuf__46024674.htm>
{'product_data_items': {'address': None,
                        'area': 'Aïn Chock',
                        'brand': 'Volkswagen',
                        'bv': 'Automatique',
                        'car_abs': '1',
                        'car_ac': '1',
                        'car_airbags': '1',
                        'car_central_locking': '1',
                        'car_cruise_control': '1',
                        'car_electric_windows': '1',
                        'car_esp': '1',
                        'car_leather': '1',
                        'car_navigation': '1',
                        'car_onboard_computer': '1',
                        'car_reverse_camera': '1',
                        'car_reverse_radar': '1',
                        'car_rims': '1',
                        'car_roof': '1',
                        'car_speed_limiter': '1',
                        'cd_mp3_bt': '1',
                        'city': 'Casablanca',
                        'description': 'Golf 8 rline toutes options model fin '
                                       '2020 12000km Option : toit panoramique '
                                       'distronic heed hup display jantes 18 '
                                       'éclairage d ambiance ….  ',
                        'doors': '5',
                        'first_owner': 'Oui',
                        'fuel': 'Diesel',
                        'has_shipping': False,
                        'is_seller_phone_verified': False,
                        'last_update_date': '2021-09-18 12:21:48',
                        'mileage': '10 000 - 14 999',
                        'model': 'GOLF PLUS',
                        'number_of_images': 8,
                        'pfiscale': '8 CV',
                        'price': None,
                        'product_id': '60600205',
                        'regdate': '2020',
                        'seller_address': None,
                        'seller_name': 'Harit Auto',
                        'seller_phone': '0668850933',
                        'seller_type': 'shop',
                        'subject': 'Golf 8 rline importe neuf ',
                        'type': 'Voitures, Vente',
                        'url': 'https://www.avito.ma/fr/ain_chock/voitures/Golf_8_rline_importe_neuf__46024674.htm',
                        'v_origin': 'Importée neuve'}}
2021-09-18 14:06:49 [scrapy.extensions.logstats] INFO: Crawled 14 pages (at 14 pages/min), scraped 10 items (at 10 items/min)
2021-09-18 14:06:50 [scrapy.core.engine] DEBUG: Crawled (200) <GET https://www.avito.ma/fr/ain_chock/voitures/VW_tOURAN_RLINE_190ch_toutes_options__46084577.htm> (referer: https://www.avito.ma/fr/maroc/voitures-%C3%A0_vendre?reg=1,5)
2021-09-18 14:06:50 [scrapy_user_agents.middlewares] DEBUG: Assigned User-Agent Mozilla/5.0 (Windows NT 6.1; WOW64) AppleWebKit/537.36 (KHTML, like Gecko) Chrome/59.0.3071.115 Safari/537.36
2021-09-18 14:06:51 [scrapy.core.scraper] DEBUG: Scraped from <200 https://www.avito.ma/fr/ain_chock/voitures/VW_tOURAN_RLINE_190ch_toutes_options__46084577.htm>
None
2021-09-18 14:06:51 [scrapy.core.scraper] DEBUG: Scraped from <200 https://www.avito.ma/fr/ain_chock/voitures/VW_tOURAN_RLINE_190ch_toutes_options__46084577.htm>
{'product_data_items': {'address': None,
                        'area': 'Aïn Chock',
                        'brand': 'Volkswagen',
                        'bv': 'Automatique',
                        'car_abs': '1',
                        'car_ac': '1',
                        'car_airbags': '1',
                        'car_central_locking': '1',
                        'car_cruise_control': '1',
                        'car_electric_windows': '1',
                        'car_esp': '1',
                        'car_leather': '1',
                        'car_navigation': '1',
                        'car_onboard_computer': '1',
                        'car_reverse_camera': '1',
                        'car_reverse_radar': '1',
                        'car_rims': '1',
                        'car_roof': '1',
                        'car_speed_limiter': '1',
                        'cd_mp3_bt': '1',
                        'city': 'Casablanca',
                        'description': 'Je met en vente une volkswagen touran '
                                       'rline 190ch première main en très '
                                       'bonne état toute option ( toit '
                                       'panoramique ouvrant, vitres '
                                       'électriques , caméra de recul, jantes '
                                       'aluminium 19 pouce originale , '
                                       'climatisation , siège cuir, distronic '
                                       'angle mort  ...) soyez les bienvenus '
                                       'chez nous',
                        'doors': '5',
                        'first_owner': 'Oui',
                        'fuel': 'Diesel',
                        'has_shipping': False,
                        'is_seller_phone_verified': False,
                        'last_update_date': '2021-09-18 12:22:14',
                        'mileage': '80 000 - 84 999',
                        'model': 'Touran',
                        'number_of_images': 8,
                        'pfiscale': '8 CV',
                        'price': None,
                        'product_id': '60682693',
                        'regdate': '2021',
                        'seller_address': None,
                        'seller_name': 'Harit Auto',
                        'seller_phone': '0668850933',
                        'seller_type': 'shop',
                        'subject': 'VW tOURAN RLINE 190ch toutes options ',
                        'type': 'Voitures, Vente',
                        'url': 'https://www.avito.ma/fr/ain_chock/voitures/VW_tOURAN_RLINE_190ch_toutes_options__46084577.htm',
                        'v_origin': 'WW au Maroc'}}
2021-09-18 14:06:54 [scrapy.core.engine] DEBUG: Crawled (200) <GET https://www.avito.ma/fr/autre_secteur/voitures/Ford_Transit_Connect_7_places_Diesel_WW_45322285.htm> (referer: https://www.avito.ma/fr/maroc/voitures-%C3%A0_vendre?reg=1,5)
2021-09-18 14:06:54 [scrapy_user_agents.middlewares] DEBUG: Assigned User-Agent Mozilla/5.0 (Windows NT 10.0; WOW64) AppleWebKit/537.36 (KHTML, like Gecko) Chrome/52.0.2743.116 Safari/537.36
2021-09-18 14:06:54 [scrapy.core.scraper] DEBUG: Scraped from <200 https://www.avito.ma/fr/autre_secteur/voitures/Ford_Transit_Connect_7_places_Diesel_WW_45322285.htm>
None
2021-09-18 14:06:54 [scrapy.core.scraper] DEBUG: Scraped from <200 https://www.avito.ma/fr/autre_secteur/voitures/Ford_Transit_Connect_7_places_Diesel_WW_45322285.htm>
{'product_data_items': {'address': None,
                        'area': 'Autre secteur',
                        'brand': 'Ford',
                        'bv': 'Manuelle',
                        'car_abs': '1',
                        'car_ac': '1',
                        'car_airbags': '1',
                        'car_central_locking': '1',
                        'car_cruise_control': '1',
                        'car_electric_windows': '1',
                        'car_esp': '1',
                        'car_leather': '0',
                        'car_navigation': '0',
                        'car_onboard_computer': '1',
                        'car_reverse_camera': '0',
                        'car_reverse_radar': '1',
                        'car_rims': '1',
                        'car_roof': '0',
                        'car_speed_limiter': '1',
                        'cd_mp3_bt': '1',
                        'city': 'Casablanca',
                        'description': 'Voiture ww Entretien maisonPeinture '
                                       'd’origine Prix légèrement négociable ',
                        'doors': '5',
                        'first_owner': 'Oui',
                        'fuel': 'Diesel',
                        'has_shipping': False,
                        'is_seller_phone_verified': False,
                        'last_update_date': '2021-09-18 12:22:35',
                        'mileage': '75 000 - 79 999',
                        'model': 'CONNECT',
                        'number_of_images': 6,
                        'pfiscale': '6 CV',
                        'price': 169000,
                        'product_id': '59506413',
                        'regdate': '2018',
                        'seller_address': None,
                        'seller_name': 'Ste.RH',
                        'seller_phone': '0661670730',
                        'seller_type': 'shop',
                        'subject': 'Ford Transit Connect 7 places Diesel WW',
                        'type': 'Voitures, Vente',
                        'url': 'https://www.avito.ma/fr/autre_secteur/voitures/Ford_Transit_Connect_7_places_Diesel_WW_45322285.htm',
                        'v_origin': 'WW au Maroc'}}
2021-09-18 14:06:56 [scrapy.core.engine] DEBUG: Crawled (200) <GET https://www.avito.ma/fr/casablanca/voitures/dacia_dokker_stepway_toute_options__46276510.htm> (referer: https://www.avito.ma/fr/maroc/voitures-%C3%A0_vendre?reg=1,5)
2021-09-18 14:06:56 [scrapy_user_agents.middlewares] DEBUG: Assigned User-Agent Mozilla/5.0 (Windows NT 6.1; WOW64) AppleWebKit/537.36 (KHTML, like Gecko) Chrome/53.0.2785.116 Safari/537.36
2021-09-18 14:06:56 [scrapy.core.scraper] DEBUG: Scraped from <200 https://www.avito.ma/fr/casablanca/voitures/dacia_dokker_stepway_toute_options__46276510.htm>
None
2021-09-18 14:06:56 [scrapy.core.scraper] DEBUG: Scraped from <200 https://www.avito.ma/fr/casablanca/voitures/dacia_dokker_stepway_toute_options__46276510.htm>
{'product_data_items': {'address': None,
                        'brand': 'Dacia',
                        'bv': 'Manuelle',
                        'car_abs': '1',
                        'car_ac': '1',
                        'car_airbags': '1',
                        'car_central_locking': '1',
                        'car_cruise_control': '1',
                        'car_electric_windows': '1',
                        'car_esp': '1',
                        'car_navigation': '1',
                        'car_onboard_computer': '1',
                        'car_reverse_camera': '1',
                        'car_reverse_radar': '1',
                        'car_rims': '1',
                        'car_speed_limiter': '1',
                        'cd_mp3_bt': '1',
                        'city': 'Casablanca',
                        'description': 'السلام عليكم ورحمة الله وبركاته je '
                                       'mets en vente dacia dokker stepway '
                                       "très bon état pienture d'origine toute "
                                       'options avec clim,régulateur et '
                                       'limitateur de vitesse caméra et radar '
                                       "de recul d'origine jante "
                                       'aluminium......disponible à v',
                        'doors': '5',
                        'first_owner': 'Oui',
                        'fuel': 'Diesel',
                        'has_shipping': False,
                        'is_seller_phone_verified': True,
                        'last_update_date': '2021-09-18 12:20:24',
                        'mileage': '60 000 - 64 999',
                        'model': 'Dokker',
                        'number_of_images': 8,
                        'pfiscale': '6 CV',
                        'price': 139000,
                        'product_id': '60949233',
                        'regdate': '2019',
                        'seller_address': None,
                        'seller_name': 'Zouhair',
                        'seller_phone': '0667055319',
                        'seller_type': 'private',
                        'subject': 'dacia dokker stepway toute options ',
                        'type': 'Voitures, Vente',
                        'url': 'https://www.avito.ma/fr/casablanca/voitures/dacia_dokker_stepway_toute_options__46276510.htm',
                        'v_origin': 'WW au Maroc'}}
2021-09-18 14:06:59 [scrapy.core.engine] DEBUG: Crawled (200) <GET https://www.avito.ma/fr/2_mars/voitures/Volvo_V40_D2_toit_panora_2300km_46198512.htm> (referer: https://www.avito.ma/fr/maroc/voitures-%C3%A0_vendre?reg=1,5)
2021-09-18 14:06:59 [scrapy_user_agents.middlewares] DEBUG: Assigned User-Agent Mozilla/5.0 (Windows NT 10.0; WOW64) AppleWebKit/537.36 (KHTML, like Gecko) Chrome/48.0.2564.109 Safari/537.36
2021-09-18 14:06:59 [scrapy.core.scraper] DEBUG: Scraped from <200 https://www.avito.ma/fr/2_mars/voitures/Volvo_V40_D2_toit_panora_2300km_46198512.htm>
None
2021-09-18 14:06:59 [scrapy.core.scraper] DEBUG: Scraped from <200 https://www.avito.ma/fr/2_mars/voitures/Volvo_V40_D2_toit_panora_2300km_46198512.htm>
{'product_data_items': {'address': None,
                        'area': '2 Mars',
                        'brand': 'Volvo',
                        'bv': 'Automatique',
                        'car_abs': '1',
                        'car_ac': '1',
                        'car_airbags': '1',
                        'car_central_locking': '1',
                        'car_cruise_control': '1',
                        'car_electric_windows': '1',
                        'car_esp': '1',
                        'car_leather': '1',
                        'car_navigation': '1',
                        'car_onboard_computer': '1',
                        'car_reverse_camera': '0',
                        'car_reverse_radar': '1',
                        'car_rims': '1',
                        'car_roof': '1',
                        'car_speed_limiter': '1',
                        'cd_mp3_bt': '1',
                        'city': 'Casablanca',
                        'description': 'Bonjour je mets ton ventre une Volvo '
                                       'V40 diesel 8cv  automatique toit '
                                       'panoramique première main neuf wwAvec '
                                       'clim digital écran siège cuir '
                                       'électrique chauffant gonflable mémoire '
                                       'Régulateur limiteur de vitesse '
                                       'détecteur de pluie et du feux Led du '
                                       'jour Voiture jamais accidenté aucune '
                                       "réparationpeinture d'origineEncore en "
                                       'garantie Mise circulation 2020/06Prix '
                                       "d'achat 498000dh ",
                        'doors': '5',
                        'first_owner': 'Oui',
                        'fuel': 'Diesel',
                        'has_shipping': False,
                        'is_seller_phone_verified': False,
                        'last_update_date': '2021-09-18 12:22:38',
                        'mileage': '0 - 4 999',
                        'model': 'V40',
                        'number_of_images': 8,
                        'pfiscale': '8 CV',
                        'price': 280000,
                        'product_id': '60840733',
                        'regdate': '2021',
                        'seller_address': None,
                        'seller_name': 'Mohamad ',
                        'seller_phone': '0619459202',
                        'seller_type': 'private',
                        'subject': 'Volvo V40 D2 toit panora 2300km',
                        'type': 'Voitures, Vente',
                        'url': 'https://www.avito.ma/fr/2_mars/voitures/Volvo_V40_D2_toit_panora_2300km_46198512.htm',
                        'v_origin': 'WW au Maroc'}}
2021-09-18 14:07:01 [scrapy.core.engine] DEBUG: Crawled (200) <GET https://www.avito.ma/fr/casablanca/voitures/dacia_dokker_46625423.htm> (referer: https://www.avito.ma/fr/maroc/voitures-%C3%A0_vendre?reg=1,5)
2021-09-18 14:07:01 [scrapy_user_agents.middlewares] DEBUG: Assigned User-Agent Mozilla/5.0 (Windows NT 6.1; WOW64) AppleWebKit/537.36 (KHTML, like Gecko) Chrome/48.0.2564.116 Safari/537.36
2021-09-18 14:07:01 [scrapy.core.scraper] DEBUG: Scraped from <200 https://www.avito.ma/fr/casablanca/voitures/dacia_dokker_46625423.htm>
None
2021-09-18 14:07:01 [scrapy.core.scraper] DEBUG: Scraped from <200 https://www.avito.ma/fr/casablanca/voitures/dacia_dokker_46625423.htm>
{'product_data_items': {'address': None,
                        'brand': 'Dacia',
                        'bv': 'Manuelle',
                        'car_abs': '1',
                        'car_ac': '1',
                        'car_airbags': '1',
                        'car_central_locking': '1',
                        'car_electric_windows': '1',
                        'car_esp': '1',
                        'cd_mp3_bt': '1',
                        'city': 'Casablanca',
                        'description': 'je met en vente une dokker presque '
                                       'neuve entretenue à la maison',
                        'doors': '5',
                        'first_owner': 'Oui',
                        'fuel': 'Diesel',
                        'has_shipping': False,
                        'is_seller_phone_verified': False,
                        'last_update_date': '2021-09-18 12:22:54',
                        'mileage': '60 000 - 64 999',
                        'model': 'Dokker',
                        'number_of_images': 3,
                        'pfiscale': '6 CV',
                        'price': 107000,
                        'product_id': '61410773',
                        'regdate': '2018',
                        'seller_address': None,
                        'seller_name': 'Zakaria',
                        'seller_phone': '0661547198',
                        'seller_type': 'private',
                        'subject': 'dacia dokker',
                        'type': 'Voitures, Vente',
                        'url': 'https://www.avito.ma/fr/casablanca/voitures/dacia_dokker_46625423.htm',
                        'v_origin': 'WW au Maroc'}}
2021-09-18 14:07:07 [scrapy.core.engine] DEBUG: Crawled (200) <GET https://www.avito.ma/fr/casablanca/voitures/Dacia_Sandero_47154118.htm> (referer: https://www.avito.ma/fr/maroc/voitures-%C3%A0_vendre?reg=1,5&o=6)
2021-09-18 14:07:07 [scrapy_user_agents.middlewares] DEBUG: Assigned User-Agent Mozilla/5.0 (Windows NT 6.1; WOW64) AppleWebKit/537.36 (KHTML, like Gecko) Chrome/50.0.2661.102 Safari/537.36
2021-09-18 14:07:07 [scrapy.core.scraper] DEBUG: Scraped from <200 https://www.avito.ma/fr/casablanca/voitures/Dacia_Sandero_47154118.htm>
None
2021-09-18 14:07:07 [scrapy.core.scraper] DEBUG: Scraped from <200 https://www.avito.ma/fr/casablanca/voitures/Dacia_Sandero_47154118.htm>
{'product_data_items': {'address': None,
                        'brand': 'Dacia',
                        'bv': 'Manuelle',
                        'city': 'Casablanca',
                        'description': 'Dacia Sandero voiture bonne état '
                                       'intérieur et extérieur aucun '
                                       'réparation a prévoir prix légèrement '
                                       "négociable curieux s'abstenir merci",
                        'doors': '5',
                        'first_owner': 'Non',
                        'fuel': 'Diesel',
                        'has_shipping': False,
                        'is_seller_phone_verified': False,
                        'last_update_date': '2021-09-18 11:21:31',
                        'mileage': '150 000 - 159 999',
                        'model': 'Sandero',
                        'number_of_images': 5,
                        'pfiscale': '6 CV',
                        'price': 68000,
                        'product_id': '62102812',
                        'regdate': '2011',
                        'seller_address': None,
                        'seller_name': 'MA',
                        'seller_phone': '0649219791',
                        'seller_type': 'private',
                        'subject': 'Dacia Sandero',
                        'type': 'Voitures, Vente',
                        'url': 'https://www.avito.ma/fr/casablanca/voitures/Dacia_Sandero_47154118.htm',
                        'v_origin': 'WW au Maroc'}}
2021-09-18 14:07:10 [scrapy.core.engine] DEBUG: Crawled (200) <GET https://www.avito.ma/fr/ain_sebaa/voitures/X5_SDRIVE_25d_47008919.htm> (referer: https://www.avito.ma/fr/maroc/voitures-%C3%A0_vendre?reg=1,5)
2021-09-18 14:07:10 [scrapy_user_agents.middlewares] DEBUG: Assigned User-Agent Mozilla/5.0 (Windows NT 6.1) AppleWebKit/537.36 (KHTML, like Gecko) Chrome/60.0.3112.90 Safari/537.36
2021-09-18 14:07:10 [scrapy.core.scraper] DEBUG: Scraped from <200 https://www.avito.ma/fr/ain_sebaa/voitures/X5_SDRIVE_25d_47008919.htm>
None
2021-09-18 14:07:10 [scrapy.core.scraper] DEBUG: Scraped from <200 https://www.avito.ma/fr/ain_sebaa/voitures/X5_SDRIVE_25d_47008919.htm>
{'product_data_items': {'address': None,
                        'area': 'Aïn Sebaâ',
                        'brand': 'BMW',
                        'bv': 'Automatique',
                        'car_abs': '1',
                        'car_ac': '1',
                        'car_airbags': '1',
                        'car_central_locking': '1',
                        'car_cruise_control': '1',
                        'car_electric_windows': '1',
                        'car_esp': '1',
                        'car_leather': '1',
                        'car_onboard_computer': '1',
                        'car_reverse_camera': '1',
                        'car_reverse_radar': '1',
                        'car_rims': '1',
                        'car_speed_limiter': '1',
                        'cd_mp3_bt': '1',
                        'city': 'Casablanca',
                        'description': "- Possibilité de reprise de l'ancienne "
                                       'voiture- Possibilité de financement',
                        'doors': '5',
                        'first_owner': 'Oui',
                        'fuel': 'Diesel',
                        'has_shipping': False,
                        'is_seller_phone_verified': False,
                        'last_update_date': '2021-09-18 12:23:06',
                        'mileage': '130 000 - 139 999',
                        'model': 'X5',
                        'number_of_images': 8,
                        'pfiscale': '8 CV',
                        'price': 365000,
                        'product_id': '61910752',
                        'regdate': '2017',
                        'seller_address': None,
                        'seller_name': 'Smeia - BMW Occasion',
                        'seller_phone': '0522418805',
                        'seller_type': 'shop',
                        'subject': 'X5 SDRIVE 25d',
                        'type': 'Voitures, Vente',
                        'url': 'https://www.avito.ma/fr/ain_sebaa/voitures/X5_SDRIVE_25d_47008919.htm',
                        'v_origin': 'WW au Maroc'}}
2021-09-18 14:07:11 [scrapy.core.engine] DEBUG: Crawled (200) <GET https://www.avito.ma/fr/belvedere/voitures/GOLF_7_2_0TDI_ttes_opt_45449224.htm> (referer: https://www.avito.ma/fr/maroc/voitures-%C3%A0_vendre?reg=1,5&o=7)
2021-09-18 14:07:11 [scrapy_user_agents.middlewares] DEBUG: Assigned User-Agent Mozilla/5.0 (Windows NT 6.3; WOW64) AppleWebKit/537.36 (KHTML, like Gecko) Chrome/56.0.2924.87 Safari/537.36
2021-09-18 14:07:11 [scrapy.core.scraper] DEBUG: Scraped from <200 https://www.avito.ma/fr/belvedere/voitures/GOLF_7_2_0TDI_ttes_opt_45449224.htm>
None
2021-09-18 14:07:11 [scrapy.core.scraper] DEBUG: Scraped from <200 https://www.avito.ma/fr/belvedere/voitures/GOLF_7_2_0TDI_ttes_opt_45449224.htm>
{'product_data_items': {'address': None,
                        'area': 'Belvédère',
                        'brand': 'Volkswagen',
                        'bv': 'Manuelle',
                        'car_abs': '1',
                        'car_ac': '1',
                        'car_airbags': '1',
                        'car_central_locking': '1',
                        'car_cruise_control': '1',
                        'car_electric_windows': '1',
                        'car_esp': '1',
                        'car_leather': '1',
                        'car_onboard_computer': '1',
                        'car_reverse_camera': '1',
                        'car_reverse_radar': '1',
                        'car_rims': '1',
                        'car_speed_limiter': '1',
                        'cd_mp3_bt': '1',
                        'city': 'Casablanca',
                        'description': 'GOLF 7 diesel  en parfait etat avec '
                                       'clim régulateur de vitesse allumage '
                                       'auto des feux detecteur de pluie '
                                       'alarme.',
                        'doors': '5',
                        'first_owner': 'Oui',
                        'fuel': 'Diesel',
                        'has_shipping': False,
                        'is_seller_phone_verified': False,
                        'last_update_date': '2021-09-18 11:14:46',
                        'mileage': '60 000 - 64 999',
                        'model': 'GOLF 7',
                        'number_of_images': 8,
                        'pfiscale': '8 CV',
                        'price': None,
                        'product_id': '59724005',
                        'regdate': '2014',
                        'seller_address': None,
                        'seller_name': 'TGV AUTO',
                        'seller_phone': '0614424342',
                        'seller_type': 'shop',
                        'subject': 'GOLF 7 2.0TDI ttes opt',
                        'type': 'Voitures, Vente',
                        'url': 'https://www.avito.ma/fr/belvedere/voitures/GOLF_7_2_0TDI_ttes_opt_45449224.htm',
                        'v_origin': 'WW au Maroc'}}
2021-09-18 14:07:17 [scrapy.core.engine] DEBUG: Crawled (200) <GET https://www.avito.ma/fr/maroc/voitures-%C3%A0_vendre?reg=1,5&o=10> (referer: https://www.avito.ma/fr/maroc/voitures-%C3%A0_vendre?reg=1,5&o=7)
2021-09-18 14:07:17 [scrapy_user_agents.middlewares] DEBUG: Assigned User-Agent Mozilla/5.0 (Windows NT 10.0; Win64; x64) AppleWebKit/537.36 (KHTML, like Gecko) Chrome/52.0.2743.116 Safari/537.36
2021-09-18 14:07:20 [scrapy.core.engine] DEBUG: Crawled (200) <GET https://www.avito.ma/fr/casablanca/voitures/Voiture__47154294.htm> (referer: https://www.avito.ma/fr/maroc/voitures-%C3%A0_vendre?reg=1,5&o=5)
2021-09-18 14:07:20 [scrapy_user_agents.middlewares] DEBUG: Assigned User-Agent Mozilla/5.0 (Windows NT 6.1; Win64; x64) AppleWebKit/537.36 (KHTML, like Gecko) Chrome/58.0.3029.81 Safari/537.36
2021-09-18 14:07:20 [scrapy.core.scraper] DEBUG: Scraped from <200 https://www.avito.ma/fr/casablanca/voitures/Voiture__47154294.htm>
None
2021-09-18 14:07:20 [scrapy.core.scraper] DEBUG: Scraped from <200 https://www.avito.ma/fr/casablanca/voitures/Voiture__47154294.htm>
{'product_data_items': {'address': None,
                        'brand': 'Fiat',
                        'bv': 'Manuelle',
                        'car_abs': '1',
                        'car_ac': '1',
                        'car_airbags': '1',
                        'car_central_locking': '1',
                        'car_cruise_control': '1',
                        'car_electric_windows': '1',
                        'car_esp': '1',
                        'car_leather': '1',
                        'car_navigation': '1',
                        'car_onboard_computer': '1',
                        'car_reverse_camera': '1',
                        'car_reverse_radar': '1',
                        'car_rims': '1',
                        'car_roof': '1',
                        'car_speed_limiter': '1',
                        'cd_mp3_bt': '1',
                        'city': 'Casablanca',
                        'description': 'tonobil nadya',
                        'doors': '5',
                        'first_owner': 'Oui',
                        'fuel': 'Essence',
                        'has_shipping': False,
                        'is_seller_phone_verified': True,
                        'last_update_date': '2021-09-18 11:29:50',
                        'mileage': '20 000 - 24 999',
                        'model': 'Uno',
                        'number_of_images': 7,
                        'pfiscale': '6 CV',
                        'price': 25000,
                        'product_id': '62103638',
                        'regdate': '1996',
                        'seller_address': None,
                        'seller_name': 'Aziz',
                        'seller_phone': '0661801395',
                        'seller_type': 'private',
                        'subject': 'Voiture ',
                        'type': 'Voitures, Vente',
                        'url': 'https://www.avito.ma/fr/casablanca/voitures/Voiture__47154294.htm',
                        'v_origin': 'WW au Maroc'}}
2021-09-18 14:07:23 [scrapy.core.engine] DEBUG: Crawled (200) <GET https://www.avito.ma/fr/casablanca/voitures/KIFAL___SSANGYONG_Rexton_46370142.htm> (referer: https://www.avito.ma/fr/maroc/voitures-%C3%A0_vendre?reg=1,5&o=4)
2021-09-18 14:07:23 [scrapy_user_agents.middlewares] DEBUG: Assigned User-Agent Mozilla/5.0 (Windows NT 10.0; Win64; x64) AppleWebKit/537.36 (KHTML, like Gecko) Chrome/67.0.3396.87 Safari/537.36
2021-09-18 14:07:23 [scrapy.core.scraper] DEBUG: Scraped from <200 https://www.avito.ma/fr/casablanca/voitures/KIFAL___SSANGYONG_Rexton_46370142.htm>
None
2021-09-18 14:07:23 [scrapy.core.scraper] DEBUG: Scraped from <200 https://www.avito.ma/fr/casablanca/voitures/KIFAL___SSANGYONG_Rexton_46370142.htm>
{'product_data_items': {'address': None,
                        'brand': 'Ssangyong',
                        'bv': None,
                        'city': 'Casablanca',
                        'description': 'Référence Kifal : #VEH00002JEKIFAL '
                                       "AUTO s'occupe de la vente d'une "
                                       'SSANGYONG Rexton II - Ph1 - 2.7 XDI '
                                       'Premium BVM 165ch pour le compte de '
                                       'son client particulier.La voiture est '
                                       'expertisée suivant 150 points de '
                                       'contrôles et ne présente pas '
                                       "d'accident ou de blocage "
                                       "administratif.KIFAL AUTO n'a pas de "
                                       'garage, la voiture est chez son '
                                       "propriétaire à Casablanca.Il n'y a pas "
                                       "de frais pour l'acheteur.Veuillez nous "
                                       "contacter pour plus d'informations ou "
                                       'pour voir le véhicule.Marque : '
                                       'SSANGYONGModele : RextonVersion : '
                                       '2010Carburant : DieselTransmission : '
                                       'ManuelleKilométrage : 144 942 KmMise '
                                       'en circulation : 05-20101ere main : '
                                       'OuiOrigine : WW Maroc.',
                        'doors': None,
                        'first_owner': None,
                        'fuel': 'Diesel',
                        'has_shipping': False,
                        'is_seller_phone_verified': False,
                        'last_update_date': '2021-09-18 11:46:54',
                        'mileage': '140 000 - 149 999',
                        'model': 'Rexton',
                        'number_of_images': 8,
                        'pfiscale': '11 CV',
                        'price': 75000,
                        'product_id': '61077439',
                        'regdate': '2010',
                        'seller_address': None,
                        'seller_name': 'KIFAL AUTO',
                        'seller_phone': '0529058889',
                        'seller_type': 'shop',
                        'subject': 'KIFAL - SSANGYONG Rexton',
                        'type': 'Voitures, Vente',
                        'url': 'https://www.avito.ma/fr/casablanca/voitures/KIFAL___SSANGYONG_Rexton_46370142.htm',
                        'v_origin': None}}
2021-09-18 14:07:26 [scrapy.crawler] INFO: Received SIGTERM, shutting down gracefully. Send again to force 
2021-09-18 14:07:26 [scrapy.core.engine] INFO: Closing spider (shutdown)
2021-09-18 14:07:26 [scrapy.crawler] INFO: Received SIGTERM twice, forcing unclean shutdown
2021-09-18 14:07:26 [scrapy.core.downloader.handlers.http11] WARNING: Got data loss in https://www.avito.ma/fr/maroc/voitures-%C3%A0_vendre?reg=1,5&o=2. If you want to process broken responses set the setting DOWNLOAD_FAIL_ON_DATALOSS = False -- This message won't be shown in further requests
2021-09-18 14:07:26 [scrapy.downloadermiddlewares.retry] DEBUG: Retrying <GET https://www.avito.ma/fr/maroc/voitures-%C3%A0_vendre?reg=1,5&o=2> (failed 1 times): [<twisted.python.failure.Failure twisted.internet.error.ConnectionLost: Connection to the other side was lost in a non-clean fashion: Connection lost.>, <twisted.python.failure.Failure twisted.web.http._DataLoss: Chunked decoder in 'CHUNK_LENGTH' state, still expecting more data to get to 'FINISHED' state.>]
