2021-09-19 13:00:57 [scrapy.utils.log] INFO: Scrapy 2.5.0 started (bot: avito)
2021-09-19 13:00:57 [scrapy.utils.log] INFO: Versions: lxml 4.6.3.0, libxml2 2.9.10, cssselect 1.1.0, parsel 1.6.0, w3lib 1.22.0, Twisted 21.7.0, Python 3.8.10 (default, Jun  2 2021, 10:49:15) - [GCC 9.4.0], pyOpenSSL 20.0.1 (OpenSSL 1.1.1l  24 Aug 2021), cryptography 3.4.8, Platform Linux-5.11.0-34-generic-x86_64-with-glibc2.29
2021-09-19 13:00:57 [scrapy.utils.log] DEBUG: Using reactor: twisted.internet.epollreactor.EPollReactor
2021-09-19 13:00:57 [scrapy.crawler] INFO: Overridden settings:
{'BOT_NAME': 'avito',
 'DOWNLOAD_DELAY': 3,
 'FEED_EXPORT_ENCODING': 'utf-8',
 'LOG_FILE': 'logs/default/productspider/3f140d84194111ecb3e9eb2be6e979cc.log',
 'NEWSPIDER_MODULE': 'avito.spiders',
 'ROBOTSTXT_OBEY': True,
 'SPIDER_MODULES': ['avito.spiders']}
2021-09-19 13:00:57 [scrapy.extensions.telnet] INFO: Telnet Password: d1938e2095168d32
2021-09-19 13:00:57 [scrapy.middleware] INFO: Enabled extensions:
['scrapy.extensions.corestats.CoreStats',
 'scrapy.extensions.telnet.TelnetConsole',
 'scrapy.extensions.memusage.MemoryUsage',
 'scrapy.extensions.logstats.LogStats']
2021-09-19 13:00:58 [scrapy_user_agents.user_agent_picker] WARNING: [UnsupportedBrowserType] Family: Android
2021-09-19 13:00:58 [scrapy_user_agents.user_agent_picker] WARNING: [UnsupportedDeviceType] Family: Other, Brand: None, Model: None
2021-09-19 13:00:58 [scrapy_user_agents.user_agent_picker] WARNING: [UnsupportedDeviceType] Family: Other, Brand: None, Model: None
2021-09-19 13:00:58 [scrapy_user_agents.user_agent_picker] WARNING: [UnsupportedDeviceType] Family: Other, Brand: None, Model: None
2021-09-19 13:00:58 [scrapy_user_agents.user_agent_picker] WARNING: [UnsupportedDeviceType] Family: Sony BDV13, Brand: Sony, Model: BDV13
2021-09-19 13:00:58 [scrapy_user_agents.user_agent_picker] WARNING: [UnsupportedDeviceType] Family: Nintendo DSi, Brand: Nintendo, Model: DSi
2021-09-19 13:00:58 [scrapy_user_agents.user_agent_picker] WARNING: [UnsupportedDeviceType] Family: Other, Brand: None, Model: None
2021-09-19 13:00:58 [scrapy_user_agents.user_agent_picker] WARNING: [UnsupportedBrowserType] Family: Other
2021-09-19 13:00:58 [scrapy_user_agents.user_agent_picker] WARNING: [UnsupportedDeviceType] Family: LYF F90M, Brand: LYF, Model: F90M
2021-09-19 13:00:58 [scrapy_user_agents.user_agent_picker] WARNING: [UnsupportedDeviceType] Family: Sony BDV14, Brand: Sony, Model: BDV14
2021-09-19 13:00:58 [scrapy_user_agents.user_agent_picker] WARNING: [UnsupportedDeviceType] Family: LG Web0S SmartTV, Brand: LG, Model: Web0S SmartTV
2021-09-19 13:00:58 [scrapy_user_agents.user_agent_picker] WARNING: [UnsupportedDeviceType] Family: Other, Brand: None, Model: None
2021-09-19 13:00:58 [scrapy_user_agents.user_agent_picker] WARNING: [UnsupportedDeviceType] Family: Other, Brand: None, Model: None
2021-09-19 13:00:58 [scrapy_user_agents.user_agent_picker] WARNING: [UnsupportedDeviceType] Family: Other, Brand: None, Model: None
2021-09-19 13:00:58 [scrapy_user_agents.user_agent_picker] WARNING: [UnsupportedDeviceType] Family: Other, Brand: None, Model: None
2021-09-19 13:00:58 [scrapy_user_agents.user_agent_picker] WARNING: [UnsupportedDeviceType] Family: Other, Brand: None, Model: None
2021-09-19 13:00:58 [scrapy_user_agents.user_agent_picker] WARNING: [UnsupportedDeviceType] Family: Other, Brand: None, Model: None
2021-09-19 13:00:58 [scrapy_user_agents.user_agent_picker] WARNING: [UnsupportedDeviceType] Family: Other, Brand: None, Model: None
2021-09-19 13:00:58 [scrapy_user_agents.user_agent_picker] WARNING: [UnsupportedDeviceType] Family: Sony BDV11, Brand: Sony, Model: BDV11
2021-09-19 13:00:58 [scrapy_user_agents.user_agent_picker] WARNING: [UnsupportedDeviceType] Family: Other, Brand: None, Model: None
2021-09-19 13:00:58 [scrapy_user_agents.user_agent_picker] WARNING: [UnsupportedDeviceType] Family: Other, Brand: None, Model: None
2021-09-19 13:00:58 [scrapy_user_agents.user_agent_picker] WARNING: [UnsupportedDeviceType] Family: Other, Brand: None, Model: None
2021-09-19 13:00:58 [scrapy_user_agents.user_agent_picker] WARNING: [UnsupportedDeviceType] Family: Other, Brand: None, Model: None
2021-09-19 13:00:58 [scrapy_user_agents.user_agent_picker] WARNING: [UnsupportedDeviceType] Family: Nintendo DSi, Brand: Nintendo, Model: DSi
2021-09-19 13:00:58 [scrapy_user_agents.user_agent_picker] WARNING: [UnsupportedDeviceType] Family: LYF LF-2403N, Brand: LYF, Model: LF-2403N
2021-09-19 13:00:58 [scrapy_user_agents.user_agent_picker] WARNING: [UnsupportedDeviceType] Family: LYF F90M, Brand: LYF, Model: F90M
2021-09-19 13:00:59 [scrapy_user_agents.user_agent_picker] WARNING: [UnsupportedDeviceType] Family: Other, Brand: None, Model: None
2021-09-19 13:00:59 [scrapy_user_agents.user_agent_picker] WARNING: [UnsupportedDeviceType] Family: Other, Brand: None, Model: None
2021-09-19 13:00:59 [scrapy_user_agents.user_agent_picker] WARNING: [UnsupportedBrowserType] Family: Applebot
2021-09-19 13:00:59 [scrapy_user_agents.user_agent_picker] WARNING: [UnsupportedDeviceType] Family: Other, Brand: None, Model: None
2021-09-19 13:00:59 [scrapy_user_agents.user_agent_picker] WARNING: [UnsupportedBrowserType] Family: Applebot
2021-09-19 13:00:59 [scrapy_user_agents.user_agent_picker] WARNING: [UnsupportedBrowserType] Family: Other
2021-09-19 13:00:59 [scrapy_user_agents.user_agent_picker] WARNING: [UnsupportedBrowserType] Family: Other
2021-09-19 13:00:59 [scrapy_user_agents.user_agent_picker] WARNING: [UnsupportedBrowserType] Family: PhantomJS
2021-09-19 13:00:59 [scrapy_user_agents.user_agent_picker] WARNING: [UnsupportedBrowserType] Family: SMTBot
2021-09-19 13:00:59 [scrapy_user_agents.user_agent_picker] WARNING: [UnsupportedBrowserType] Family: PhantomJS
2021-09-19 13:00:59 [scrapy_user_agents.user_agent_picker] WARNING: [UnsupportedBrowserType] Family: PhantomJS
2021-09-19 13:00:59 [scrapy_user_agents.user_agent_picker] WARNING: [UnsupportedBrowserType] Family: WebKit Nightly
2021-09-19 13:00:59 [scrapy_user_agents.user_agent_picker] WARNING: [UnsupportedBrowserType] Family: PhantomJS
2021-09-19 13:00:59 [scrapy_user_agents.user_agent_picker] WARNING: [UnsupportedDeviceType] Family: Other, Brand: None, Model: None
2021-09-19 13:00:59 [scrapy_user_agents.user_agent_picker] WARNING: [UnsupportedBrowserType] Family: PhantomJS
2021-09-19 13:00:59 [scrapy_user_agents.user_agent_picker] WARNING: [UnsupportedBrowserType] Family: PhantomJS
2021-09-19 13:00:59 [scrapy_user_agents.user_agent_picker] WARNING: [UnsupportedBrowserType] Family: Robot
2021-09-19 13:00:59 [scrapy_user_agents.user_agent_picker] WARNING: [UnsupportedDeviceType] Family: Other, Brand: None, Model: None
2021-09-19 13:01:00 [scrapy_user_agents.user_agent_picker] WARNING: [UnsupportedBrowserType] Family: Zune
2021-09-19 13:01:00 [scrapy.middleware] INFO: Enabled downloader middlewares:
['scrapy.downloadermiddlewares.robotstxt.RobotsTxtMiddleware',
 'scrapy.downloadermiddlewares.httpauth.HttpAuthMiddleware',
 'scrapy.downloadermiddlewares.downloadtimeout.DownloadTimeoutMiddleware',
 'scrapy.downloadermiddlewares.defaultheaders.DefaultHeadersMiddleware',
 'scrapy_user_agents.middlewares.RandomUserAgentMiddleware',
 'scrapy.downloadermiddlewares.retry.RetryMiddleware',
 'scrapy.downloadermiddlewares.redirect.MetaRefreshMiddleware',
 'scrapy.downloadermiddlewares.httpcompression.HttpCompressionMiddleware',
 'scrapy.downloadermiddlewares.redirect.RedirectMiddleware',
 'scrapy.downloadermiddlewares.cookies.CookiesMiddleware',
 'scrapy.downloadermiddlewares.httpproxy.HttpProxyMiddleware',
 'scrapy.downloadermiddlewares.stats.DownloaderStats']
2021-09-19 13:01:00 [scrapy.middleware] INFO: Enabled spider middlewares:
['scrapy.spidermiddlewares.httperror.HttpErrorMiddleware',
 'scrapy.spidermiddlewares.offsite.OffsiteMiddleware',
 'scrapy.spidermiddlewares.referer.RefererMiddleware',
 'scrapy.spidermiddlewares.urllength.UrlLengthMiddleware',
 'scrapy.spidermiddlewares.depth.DepthMiddleware']
2021-09-19 13:01:00 [scrapy.middleware] INFO: Enabled item pipelines:
['avito.pipelines.MongoDBPipeline']
2021-09-19 13:01:00 [scrapy.core.engine] INFO: Spider opened
2021-09-19 13:01:00 [scrapy.extensions.logstats] INFO: Crawled 0 pages (at 0 pages/min), scraped 0 items (at 0 items/min)
2021-09-19 13:01:00 [scrapy.extensions.telnet] INFO: Telnet console listening on 127.0.0.1:6023
2021-09-19 13:01:00 [scrapy_user_agents.middlewares] DEBUG: Assigned User-Agent Mozilla/5.0 (Windows NT 10.0; WOW64) AppleWebKit/537.36 (KHTML, like Gecko) Chrome/52.0.2743.116 Safari/537.36
2021-09-19 13:01:00 [scrapy.core.engine] DEBUG: Crawled (200) <GET https://www.avito.ma/robots.txt> (referer: None)
2021-09-19 13:01:00 [scrapy_user_agents.middlewares] DEBUG: Assigned User-Agent Mozilla/5.0 (Windows NT 6.3; WOW64) AppleWebKit/537.36 (KHTML, like Gecko) Chrome/47.0.2526.111 Safari/537.36
2021-09-19 13:01:03 [scrapy.core.engine] DEBUG: Crawled (200) <GET https://www.avito.ma/fr/khouribga/t%C3%A9l%C3%A9phones-%C3%A0_vendre?reg=1> (referer: None)
2021-09-19 13:01:03 [scrapy_user_agents.middlewares] DEBUG: Assigned User-Agent Mozilla/5.0 (Windows NT 6.1; Win64; x64) AppleWebKit/537.36 (KHTML, like Gecko) Chrome/65.0.3325.181 Safari/537.36
2021-09-19 13:01:03 [scrapy.dupefilters] DEBUG: Filtered duplicate request: <GET https://www.avito.ma/fr/khouribga/t%C3%A9l%C3%A9phones-%C3%A0_vendre?reg=1&o=2> - no more duplicates will be shown (see DUPEFILTER_DEBUG to show all duplicates)
2021-09-19 13:01:04 [scrapy_user_agents.middlewares] DEBUG: Assigned User-Agent Mozilla/5.0 (Windows NT 6.0; WOW64) AppleWebKit/537.36 (KHTML, like Gecko) Chrome/51.0.2704.63 Safari/537.36
2021-09-19 13:01:04 [scrapy_user_agents.middlewares] DEBUG: Assigned User-Agent Mozilla/5.0 (Windows NT 6.1; WOW64) AppleWebKit/537.31 (KHTML, like Gecko) Chrome/26.0.1410.43 Safari/537.31
2021-09-19 13:01:04 [scrapy_user_agents.middlewares] DEBUG: Assigned User-Agent Mozilla/5.0 (Windows NT 10.0; Win64; x64) AppleWebKit/537.36 (KHTML, like Gecko) Chrome/58.0.3029.96 Safari/537.36
2021-09-19 13:01:04 [scrapy_user_agents.middlewares] DEBUG: Assigned User-Agent Mozilla/5.0 (Windows NT 6.3; Win64; x64) AppleWebKit/537.36 (KHTML, like Gecko) Chrome/63.0.3239.84 Safari/537.36
2021-09-19 13:01:04 [scrapy_user_agents.middlewares] DEBUG: Assigned User-Agent Mozilla/5.0 (Windows NT 10.0; WOW64) AppleWebKit/537.36 (KHTML, like Gecko) Chrome/46.0.2490.86 Safari/537.36
2021-09-19 13:01:04 [scrapy_user_agents.middlewares] DEBUG: Assigned User-Agent Mozilla/5.0 (Windows NT 10.0; Win64; x64) AppleWebKit/537.36 (KHTML, like Gecko) Chrome/63.0.3239.108 Safari/537.36
2021-09-19 13:01:04 [scrapy_user_agents.middlewares] DEBUG: Assigned User-Agent Mozilla/5.0 (Windows NT 10.0; Win64; x64) AppleWebKit/537.36 (KHTML, like Gecko) Chrome/64.0.3282.140 Safari/537.36
2021-09-19 13:01:04 [scrapy_user_agents.middlewares] DEBUG: Assigned User-Agent Mozilla/5.0 (Windows NT 6.2; WOW64) AppleWebKit/537.36 (KHTML, like Gecko) Chrome/49.0.2623.110 Safari/537.36
2021-09-19 13:01:04 [scrapy_user_agents.middlewares] DEBUG: Assigned User-Agent Mozilla/5.0 (Windows NT 6.1; Win64; x64) AppleWebKit/537.36 (KHTML, like Gecko) Chrome/65.0.3325.162 Safari/537.36
2021-09-19 13:01:04 [scrapy_user_agents.middlewares] DEBUG: Assigned User-Agent Mozilla/5.0 (Windows NT 10.0; WOW64) AppleWebKit/537.36 (KHTML, like Gecko) Chrome/48.0.2564.97 Safari/537.36
2021-09-19 13:01:04 [scrapy_user_agents.middlewares] DEBUG: Assigned User-Agent Mozilla/5.0 (Windows NT 10.0; WOW64) AppleWebKit/537.36 (KHTML, like Gecko) Chrome/51.0.2704.84 Safari/537.36
2021-09-19 13:01:04 [scrapy_user_agents.middlewares] DEBUG: Assigned User-Agent Mozilla/5.0 (Windows NT 6.1; WOW64) AppleWebKit/537.36 (KHTML, like Gecko) Chrome/49.0.2623.110 Safari/537.36
2021-09-19 13:01:04 [scrapy_user_agents.middlewares] DEBUG: Assigned User-Agent Mozilla/5.0 (Windows NT 6.1; Win64; x64) AppleWebKit/537.36 (KHTML, like Gecko) Chrome/52.0.2743.116 Safari/537.36
2021-09-19 13:01:04 [scrapy_user_agents.middlewares] DEBUG: Assigned User-Agent Mozilla/5.0 (Windows NT 6.0; WOW64) AppleWebKit/537.36 (KHTML, like Gecko) Chrome/43.0.2357.65 Safari/537.36
2021-09-19 13:01:04 [scrapy_user_agents.middlewares] DEBUG: Assigned User-Agent Mozilla/5.0 (Windows NT 6.1; WOW64) AppleWebKit/537.36 (KHTML, like Gecko) Chrome/65.0.3325.181 Safari/537.36
2021-09-19 13:01:07 [scrapy.core.engine] DEBUG: Crawled (200) <GET https://www.avito.ma/fr/khouribga/t%C3%A9l%C3%A9phones-%C3%A0_vendre?reg=1> (referer: https://www.avito.ma/fr/khouribga/t%C3%A9l%C3%A9phones-%C3%A0_vendre?reg=1)
2021-09-19 13:01:07 [scrapy_user_agents.middlewares] DEBUG: Assigned User-Agent Mozilla/5.0 (Windows NT 6.0; WOW64) AppleWebKit/537.36 (KHTML, like Gecko) Chrome/51.0.2704.63 Safari/537.36
2021-09-19 13:01:07 [py.warnings] WARNING: /home/khalil/Projects/PFE/scrapy_app/avito-env/lib/python3.8/site-packages/scrapy/utils/project.py:81: ScrapyDeprecationWarning: Use of environment variables prefixed with SCRAPY_ to override settings is deprecated. The following environment variables are currently defined: JOB, LOG_FILE, SLOT, SPIDER
  warnings.warn(

2021-09-19 13:01:11 [scrapy.core.engine] DEBUG: Crawled (200) <GET https://www.avito.ma/fr/khouribga/t%C3%A9l%C3%A9phones/Samsung_A03s_jdid_47164936.htm> (referer: https://www.avito.ma/fr/khouribga/t%C3%A9l%C3%A9phones-%C3%A0_vendre?reg=1)
2021-09-19 13:01:11 [scrapy_user_agents.middlewares] DEBUG: Assigned User-Agent Mozilla/5.0 (Windows NT 10.0; Win64; x64) AppleWebKit/537.36 (KHTML, like Gecko) Chrome/60.0.3112.113 Safari/537.36
2021-09-19 13:01:11 [scrapy.core.scraper] DEBUG: Scraped from <200 https://www.avito.ma/fr/khouribga/t%C3%A9l%C3%A9phones/Samsung_A03s_jdid_47164936.htm>
None
2021-09-19 13:01:12 [scrapy.core.scraper] DEBUG: Scraped from <200 https://www.avito.ma/fr/khouribga/t%C3%A9l%C3%A9phones/Samsung_A03s_jdid_47164936.htm>
{'product_data_items': {'address': None,
                        'area': None,
                        'city': 'Khouribga',
                        'condition': 'Neuf',
                        'description': '4GB / 64GB jdid 9arta',
                        'has_shipping': False,
                        'is_seller_phone_verified': False,
                        'last_update_date': '2021-09-19 06:39:49',
                        'phone_brand': 'Samsung',
                        'price': 1350,
                        'product_id': '62119302',
                        'seller_address': None,
                        'seller_name': 'Anas',
                        'seller_phone': '0688079762',
                        'seller_type': 'private',
                        'storage_capacity': '64 GB',
                        'subject': 'Samsung A03s jdid',
                        'type': 'Téléphones, Vente',
                        'url': 'https://www.avito.ma/fr/khouribga/téléphones/Samsung_A03s_jdid_47164936.htm'}}
2021-09-19 13:01:16 [scrapy.core.engine] DEBUG: Crawled (200) <GET https://www.avito.ma/fr/khouribga/t%C3%A9l%C3%A9phones-%C3%A0_vendre?reg=1&o=7> (referer: https://www.avito.ma/fr/khouribga/t%C3%A9l%C3%A9phones-%C3%A0_vendre?reg=1)
2021-09-19 13:01:16 [scrapy_user_agents.middlewares] DEBUG: Assigned User-Agent Mozilla/5.0 (Windows NT 6.3; Win64; x64) AppleWebKit/537.36 (KHTML, like Gecko) Chrome/66.0.3359.181 Safari/537.36
2021-09-19 13:01:21 [scrapy.core.engine] DEBUG: Crawled (200) <GET https://www.avito.ma/fr/khouribga/t%C3%A9l%C3%A9phones-%C3%A0_vendre?reg=1&o=6> (referer: https://www.avito.ma/fr/khouribga/t%C3%A9l%C3%A9phones-%C3%A0_vendre?reg=1)
2021-09-19 13:01:21 [scrapy_user_agents.middlewares] DEBUG: Assigned User-Agent Mozilla/5.0 (Windows NT 5.1; WOW64) AppleWebKit/537.36 (KHTML, like Gecko) Chrome/51.0.2704.63 Safari/537.36
2021-09-19 13:01:24 [scrapy.core.engine] DEBUG: Crawled (200) <GET https://www.avito.ma/fr/khouribga/t%C3%A9l%C3%A9phones-%C3%A0_vendre?reg=1&o=17> (referer: https://www.avito.ma/fr/khouribga/t%C3%A9l%C3%A9phones-%C3%A0_vendre?reg=1)
2021-09-19 13:01:24 [scrapy_user_agents.middlewares] DEBUG: Assigned User-Agent Mozilla/5.0 (Windows NT 6.3; WOW64) AppleWebKit/537.36 (KHTML, like Gecko) Chrome/49.0.2623.112 Safari/537.36
2021-09-19 13:01:29 [scrapy.core.engine] DEBUG: Crawled (200) <GET https://www.avito.ma/fr/khouribga/t%C3%A9l%C3%A9phones-%C3%A0_vendre?reg=1&o=5> (referer: https://www.avito.ma/fr/khouribga/t%C3%A9l%C3%A9phones-%C3%A0_vendre?reg=1)
2021-09-19 13:01:29 [scrapy_user_agents.middlewares] DEBUG: Assigned User-Agent Mozilla/5.0 (Windows NT 5.1; Win64; x64) AppleWebKit/537.36 (KHTML, like Gecko) Chrome/55.0.2883.87 Safari/537.36
2021-09-19 13:01:33 [scrapy.core.engine] DEBUG: Crawled (200) <GET https://www.avito.ma/fr/khouribga/t%C3%A9l%C3%A9phones-%C3%A0_vendre?reg=1&o=4> (referer: https://www.avito.ma/fr/khouribga/t%C3%A9l%C3%A9phones-%C3%A0_vendre?reg=1)
2021-09-19 13:01:33 [scrapy_user_agents.middlewares] DEBUG: Assigned User-Agent Mozilla/5.0 (Windows NT 6.3; Win64; x64) AppleWebKit/537.36 (KHTML, like Gecko) Chrome/66.0.3359.181 Safari/537.36
2021-09-19 13:01:36 [scrapy.core.engine] DEBUG: Crawled (200) <GET https://www.avito.ma/fr/khouribga/t%C3%A9l%C3%A9phones-%C3%A0_vendre?reg=1&o=3> (referer: https://www.avito.ma/fr/khouribga/t%C3%A9l%C3%A9phones-%C3%A0_vendre?reg=1)
2021-09-19 13:01:36 [scrapy_user_agents.middlewares] DEBUG: Assigned User-Agent Mozilla/5.0 (Windows NT 10.0; Win64; x64) AppleWebKit/537.36 (KHTML, like Gecko) Chrome/51.0.2704.106 Safari/537.36
2021-09-19 13:01:40 [scrapy.core.engine] DEBUG: Crawled (200) <GET https://www.avito.ma/fr/khouribga/t%C3%A9l%C3%A9phones-%C3%A0_vendre?reg=1&o=2> (referer: https://www.avito.ma/fr/khouribga/t%C3%A9l%C3%A9phones-%C3%A0_vendre?reg=1)
2021-09-19 13:01:40 [scrapy_user_agents.middlewares] DEBUG: Assigned User-Agent Mozilla/5.0 (Windows NT 10.0; WOW64) AppleWebKit/537.36 (KHTML, like Gecko) Chrome/50.0.2661.102 Safari/537.36
2021-09-19 13:01:42 [scrapy.core.engine] DEBUG: Crawled (200) <GET https://www.avito.ma/fr/khouribga/t%C3%A9l%C3%A9phones/One_plus_6__47117888.htm> (referer: https://www.avito.ma/fr/khouribga/t%C3%A9l%C3%A9phones-%C3%A0_vendre?reg=1)
2021-09-19 13:01:42 [scrapy_user_agents.middlewares] DEBUG: Assigned User-Agent Mozilla/5.0 (Windows NT 6.1; Win64; x64) AppleWebKit/537.36 (KHTML, like Gecko) Chrome/66.0.3359.181 Safari/537.36
2021-09-19 13:01:43 [scrapy.core.scraper] DEBUG: Scraped from <200 https://www.avito.ma/fr/khouribga/t%C3%A9l%C3%A9phones/One_plus_6__47117888.htm>
None
2021-09-19 13:01:43 [scrapy.core.scraper] DEBUG: Scraped from <200 https://www.avito.ma/fr/khouribga/t%C3%A9l%C3%A9phones/One_plus_6__47117888.htm>
{'product_data_items': {'address': None,
                        'area': None,
                        'city': 'Khouribga',
                        'condition': 'Neuf',
                        'description': '8gb ram 128gb stockage snapdragon 845 '
                                       '4k super amoled jat men berra sa7 ol '
                                       '3amal ba9a mraya ',
                        'has_shipping': False,
                        'is_seller_phone_verified': False,
                        'last_update_date': '2021-09-15 18:34:41',
                        'phone_brand': 'One Plus',
                        'phone_model': '6',
                        'price': 2600,
                        'product_id': '62054281',
                        'seller_address': None,
                        'seller_name': 'Anas',
                        'seller_phone': '0688079762',
                        'seller_type': 'private',
                        'storage_capacity': '128 GB',
                        'subject': 'One plus 6 ',
                        'type': 'Téléphones, Vente',
                        'url': 'https://www.avito.ma/fr/khouribga/téléphones/One_plus_6__47117888.htm'}}
2021-09-19 13:01:46 [scrapy.core.engine] DEBUG: Crawled (200) <GET https://www.avito.ma/fr/khouribga/t%C3%A9l%C3%A9phones/Mi_10t_lite__47117902.htm> (referer: https://www.avito.ma/fr/khouribga/t%C3%A9l%C3%A9phones-%C3%A0_vendre?reg=1)
2021-09-19 13:01:46 [scrapy_user_agents.middlewares] DEBUG: Assigned User-Agent Mozilla/5.0 (Windows NT 5.1) AppleWebKit/537.31 (KHTML, like Gecko) Chrome/26.0.1410.64 Safari/537.31
2021-09-19 13:01:46 [scrapy.core.scraper] DEBUG: Scraped from <200 https://www.avito.ma/fr/khouribga/t%C3%A9l%C3%A9phones/Mi_10t_lite__47117902.htm>
None
2021-09-19 13:01:46 [scrapy.core.scraper] DEBUG: Scraped from <200 https://www.avito.ma/fr/khouribga/t%C3%A9l%C3%A9phones/Mi_10t_lite__47117902.htm>
{'product_data_items': {'address': None,
                        'area': None,
                        'city': 'Khouribga',
                        'condition': 'Neuf',
                        'description': '6gb ram 128gb stockage 5GSel3a dial '
                                       'berra Mar7ba ',
                        'has_shipping': False,
                        'is_seller_phone_verified': False,
                        'last_update_date': '2021-09-15 18:35:35',
                        'phone_brand': 'Xiaomi',
                        'price': 2600,
                        'product_id': '62054348',
                        'seller_address': None,
                        'seller_name': 'Anas',
                        'seller_phone': '0688079762',
                        'seller_type': 'private',
                        'storage_capacity': '128 GB',
                        'subject': 'Mi 10t lite ',
                        'type': 'Téléphones, Vente',
                        'url': 'https://www.avito.ma/fr/khouribga/téléphones/Mi_10t_lite__47117902.htm'}}
2021-09-19 13:01:49 [scrapy.core.engine] DEBUG: Crawled (200) <GET https://www.avito.ma/fr/khouribga/t%C3%A9l%C3%A9phones/Note_8_Pro_47118002.htm> (referer: https://www.avito.ma/fr/khouribga/t%C3%A9l%C3%A9phones-%C3%A0_vendre?reg=1)
2021-09-19 13:01:49 [scrapy_user_agents.middlewares] DEBUG: Assigned User-Agent Mozilla/5.0 (Windows NT 6.1) AppleWebKit/537.36 (KHTML, like Gecko) Chrome/47.0.2526.111 Safari/537.36
2021-09-19 13:01:49 [scrapy.core.scraper] DEBUG: Scraped from <200 https://www.avito.ma/fr/khouribga/t%C3%A9l%C3%A9phones/Note_8_Pro_47118002.htm>
None
2021-09-19 13:01:49 [scrapy.core.scraper] DEBUG: Scraped from <200 https://www.avito.ma/fr/khouribga/t%C3%A9l%C3%A9phones/Note_8_Pro_47118002.htm>
{'product_data_items': {'address': None,
                        'area': None,
                        'city': 'Khouribga',
                        'condition': 'Neuf',
                        'description': '6gb 128gb A marche Garantie ',
                        'has_shipping': False,
                        'is_seller_phone_verified': False,
                        'last_update_date': '2021-09-15 18:45:16',
                        'phone_brand': 'Xiaomi',
                        'phone_model': 'Redmi Note 8 Pro',
                        'price': 1900,
                        'product_id': '62054831',
                        'seller_address': None,
                        'seller_name': 'Anas',
                        'seller_phone': '0688079762',
                        'seller_type': 'private',
                        'storage_capacity': '128 GB',
                        'subject': 'Note 8 Pro',
                        'type': 'Téléphones, Vente',
                        'url': 'https://www.avito.ma/fr/khouribga/téléphones/Note_8_Pro_47118002.htm'}}
2021-09-19 13:01:50 [scrapy.crawler] INFO: Received SIGTERM, shutting down gracefully. Send again to force 
2021-09-19 13:01:50 [scrapy.core.engine] INFO: Closing spider (shutdown)
2021-09-19 13:01:50 [scrapy.crawler] INFO: Received SIGTERM twice, forcing unclean shutdown
