2021-09-13 21:15:40 [scrapy.utils.log] INFO: Scrapy 2.5.0 started (bot: avito)
2021-09-13 21:15:40 [scrapy.utils.log] INFO: Versions: lxml 4.6.3.0, libxml2 2.9.10, cssselect 1.1.0, parsel 1.6.0, w3lib 1.22.0, Twisted 21.7.0, Python 3.8.10 (default, Jun  2 2021, 10:49:15) - [GCC 9.4.0], pyOpenSSL 20.0.1 (OpenSSL 1.1.1l  24 Aug 2021), cryptography 3.4.8, Platform Linux-5.11.0-34-generic-x86_64-with-glibc2.29
2021-09-13 21:15:40 [scrapy.utils.log] DEBUG: Using reactor: twisted.internet.epollreactor.EPollReactor
2021-09-13 21:15:40 [scrapy.crawler] INFO: Overridden settings:
{'BOT_NAME': 'avito',
 'DOWNLOAD_DELAY': 3,
 'FEED_EXPORT_ENCODING': 'utf-8',
 'LOG_FILE': 'logs/default/productspider/5c3a7e1414cf11ecb3e9eb2be6e979cc.log',
 'NEWSPIDER_MODULE': 'avito.spiders',
 'ROBOTSTXT_OBEY': True,
 'SPIDER_MODULES': ['avito.spiders']}
2021-09-13 21:15:40 [scrapy.extensions.telnet] INFO: Telnet Password: e86738c6908aca12
2021-09-13 21:15:40 [scrapy.middleware] INFO: Enabled extensions:
['scrapy.extensions.corestats.CoreStats',
 'scrapy.extensions.telnet.TelnetConsole',
 'scrapy.extensions.memusage.MemoryUsage',
 'scrapy.extensions.logstats.LogStats']
2021-09-13 21:15:40 [scrapy_user_agents.user_agent_picker] WARNING: [UnsupportedBrowserType] Family: Android
2021-09-13 21:15:40 [scrapy_user_agents.user_agent_picker] WARNING: [UnsupportedDeviceType] Family: Other, Brand: None, Model: None
2021-09-13 21:15:40 [scrapy_user_agents.user_agent_picker] WARNING: [UnsupportedDeviceType] Family: Other, Brand: None, Model: None
2021-09-13 21:15:40 [scrapy_user_agents.user_agent_picker] WARNING: [UnsupportedDeviceType] Family: Other, Brand: None, Model: None
2021-09-13 21:15:41 [scrapy_user_agents.user_agent_picker] WARNING: [UnsupportedDeviceType] Family: Sony BDV13, Brand: Sony, Model: BDV13
2021-09-13 21:15:41 [scrapy_user_agents.user_agent_picker] WARNING: [UnsupportedDeviceType] Family: Nintendo DSi, Brand: Nintendo, Model: DSi
2021-09-13 21:15:41 [scrapy_user_agents.user_agent_picker] WARNING: [UnsupportedDeviceType] Family: Other, Brand: None, Model: None
2021-09-13 21:15:41 [scrapy_user_agents.user_agent_picker] WARNING: [UnsupportedBrowserType] Family: Other
2021-09-13 21:15:41 [scrapy_user_agents.user_agent_picker] WARNING: [UnsupportedDeviceType] Family: LYF F90M, Brand: LYF, Model: F90M
2021-09-13 21:15:41 [scrapy_user_agents.user_agent_picker] WARNING: [UnsupportedDeviceType] Family: Sony BDV14, Brand: Sony, Model: BDV14
2021-09-13 21:15:41 [scrapy_user_agents.user_agent_picker] WARNING: [UnsupportedDeviceType] Family: LG Web0S SmartTV, Brand: LG, Model: Web0S SmartTV
2021-09-13 21:15:41 [scrapy_user_agents.user_agent_picker] WARNING: [UnsupportedDeviceType] Family: Other, Brand: None, Model: None
2021-09-13 21:15:41 [scrapy_user_agents.user_agent_picker] WARNING: [UnsupportedDeviceType] Family: Other, Brand: None, Model: None
2021-09-13 21:15:41 [scrapy_user_agents.user_agent_picker] WARNING: [UnsupportedDeviceType] Family: Other, Brand: None, Model: None
2021-09-13 21:15:41 [scrapy_user_agents.user_agent_picker] WARNING: [UnsupportedDeviceType] Family: Other, Brand: None, Model: None
2021-09-13 21:15:41 [scrapy_user_agents.user_agent_picker] WARNING: [UnsupportedDeviceType] Family: Other, Brand: None, Model: None
2021-09-13 21:15:41 [scrapy_user_agents.user_agent_picker] WARNING: [UnsupportedDeviceType] Family: Other, Brand: None, Model: None
2021-09-13 21:15:41 [scrapy_user_agents.user_agent_picker] WARNING: [UnsupportedDeviceType] Family: Other, Brand: None, Model: None
2021-09-13 21:15:41 [scrapy_user_agents.user_agent_picker] WARNING: [UnsupportedDeviceType] Family: Sony BDV11, Brand: Sony, Model: BDV11
2021-09-13 21:15:41 [scrapy_user_agents.user_agent_picker] WARNING: [UnsupportedDeviceType] Family: Other, Brand: None, Model: None
2021-09-13 21:15:41 [scrapy_user_agents.user_agent_picker] WARNING: [UnsupportedDeviceType] Family: Other, Brand: None, Model: None
2021-09-13 21:15:41 [scrapy_user_agents.user_agent_picker] WARNING: [UnsupportedDeviceType] Family: Other, Brand: None, Model: None
2021-09-13 21:15:41 [scrapy_user_agents.user_agent_picker] WARNING: [UnsupportedDeviceType] Family: Other, Brand: None, Model: None
2021-09-13 21:15:41 [scrapy_user_agents.user_agent_picker] WARNING: [UnsupportedDeviceType] Family: Nintendo DSi, Brand: Nintendo, Model: DSi
2021-09-13 21:15:41 [scrapy_user_agents.user_agent_picker] WARNING: [UnsupportedDeviceType] Family: LYF LF-2403N, Brand: LYF, Model: LF-2403N
2021-09-13 21:15:41 [scrapy_user_agents.user_agent_picker] WARNING: [UnsupportedDeviceType] Family: LYF F90M, Brand: LYF, Model: F90M
2021-09-13 21:15:41 [scrapy_user_agents.user_agent_picker] WARNING: [UnsupportedDeviceType] Family: Other, Brand: None, Model: None
2021-09-13 21:15:41 [scrapy_user_agents.user_agent_picker] WARNING: [UnsupportedDeviceType] Family: Other, Brand: None, Model: None
2021-09-13 21:15:41 [scrapy_user_agents.user_agent_picker] WARNING: [UnsupportedBrowserType] Family: Applebot
2021-09-13 21:15:41 [scrapy_user_agents.user_agent_picker] WARNING: [UnsupportedDeviceType] Family: Other, Brand: None, Model: None
2021-09-13 21:15:42 [scrapy_user_agents.user_agent_picker] WARNING: [UnsupportedBrowserType] Family: Applebot
2021-09-13 21:15:42 [scrapy_user_agents.user_agent_picker] WARNING: [UnsupportedBrowserType] Family: Other
2021-09-13 21:15:42 [scrapy_user_agents.user_agent_picker] WARNING: [UnsupportedBrowserType] Family: Other
2021-09-13 21:15:42 [scrapy_user_agents.user_agent_picker] WARNING: [UnsupportedBrowserType] Family: PhantomJS
2021-09-13 21:15:42 [scrapy_user_agents.user_agent_picker] WARNING: [UnsupportedBrowserType] Family: SMTBot
2021-09-13 21:15:42 [scrapy_user_agents.user_agent_picker] WARNING: [UnsupportedBrowserType] Family: PhantomJS
2021-09-13 21:15:42 [scrapy_user_agents.user_agent_picker] WARNING: [UnsupportedBrowserType] Family: PhantomJS
2021-09-13 21:15:42 [scrapy_user_agents.user_agent_picker] WARNING: [UnsupportedBrowserType] Family: WebKit Nightly
2021-09-13 21:15:42 [scrapy_user_agents.user_agent_picker] WARNING: [UnsupportedBrowserType] Family: PhantomJS
2021-09-13 21:15:42 [scrapy_user_agents.user_agent_picker] WARNING: [UnsupportedDeviceType] Family: Other, Brand: None, Model: None
2021-09-13 21:15:42 [scrapy_user_agents.user_agent_picker] WARNING: [UnsupportedBrowserType] Family: PhantomJS
2021-09-13 21:15:42 [scrapy_user_agents.user_agent_picker] WARNING: [UnsupportedBrowserType] Family: PhantomJS
2021-09-13 21:15:42 [scrapy_user_agents.user_agent_picker] WARNING: [UnsupportedBrowserType] Family: Robot
2021-09-13 21:15:42 [scrapy_user_agents.user_agent_picker] WARNING: [UnsupportedDeviceType] Family: Other, Brand: None, Model: None
2021-09-13 21:15:42 [scrapy_user_agents.user_agent_picker] WARNING: [UnsupportedBrowserType] Family: Zune
2021-09-13 21:15:42 [scrapy.middleware] INFO: Enabled downloader middlewares:
['scrapy.downloadermiddlewares.robotstxt.RobotsTxtMiddleware',
 'scrapy.downloadermiddlewares.httpauth.HttpAuthMiddleware',
 'scrapy.downloadermiddlewares.downloadtimeout.DownloadTimeoutMiddleware',
 'scrapy.downloadermiddlewares.defaultheaders.DefaultHeadersMiddleware',
 'scrapy_user_agents.middlewares.RandomUserAgentMiddleware',
 'scrapy.downloadermiddlewares.retry.RetryMiddleware',
 'scrapy.downloadermiddlewares.redirect.MetaRefreshMiddleware',
 'scrapy.downloadermiddlewares.httpcompression.HttpCompressionMiddleware',
 'scrapy.downloadermiddlewares.redirect.RedirectMiddleware',
 'scrapy.downloadermiddlewares.cookies.CookiesMiddleware',
 'scrapy.downloadermiddlewares.httpproxy.HttpProxyMiddleware',
 'scrapy.downloadermiddlewares.stats.DownloaderStats']
2021-09-13 21:15:42 [scrapy.middleware] INFO: Enabled spider middlewares:
['scrapy.spidermiddlewares.httperror.HttpErrorMiddleware',
 'scrapy.spidermiddlewares.offsite.OffsiteMiddleware',
 'scrapy.spidermiddlewares.referer.RefererMiddleware',
 'scrapy.spidermiddlewares.urllength.UrlLengthMiddleware',
 'scrapy.spidermiddlewares.depth.DepthMiddleware']
2021-09-13 21:15:42 [scrapy.middleware] INFO: Enabled item pipelines:
['avito.pipelines.MongoDBPipeline']
2021-09-13 21:15:42 [scrapy.core.engine] INFO: Spider opened
2021-09-13 21:15:42 [scrapy.extensions.logstats] INFO: Crawled 0 pages (at 0 pages/min), scraped 0 items (at 0 items/min)
2021-09-13 21:15:42 [scrapy.extensions.telnet] INFO: Telnet console listening on 127.0.0.1:6023
2021-09-13 21:15:42 [scrapy_user_agents.middlewares] DEBUG: Assigned User-Agent Mozilla/5.0 (Windows NT 6.3; WOW64) AppleWebKit/537.36 (KHTML, like Gecko) Chrome/45.0.2454.101 Safari/537.36
2021-09-13 21:15:43 [scrapy.core.engine] DEBUG: Crawled (200) <GET https://www.avito.ma/robots.txt> (referer: None)
2021-09-13 21:15:43 [scrapy_user_agents.middlewares] DEBUG: Assigned User-Agent Mozilla/5.0 (Windows NT 6.1; WOW64) AppleWebKit/537.31 (KHTML, like Gecko) Chrome/26.0.1410.64 Safari/537.31
2021-09-13 21:15:47 [scrapy.core.engine] DEBUG: Crawled (200) <GET https://www.avito.ma/fr/rabat/engins_btp-%C3%A0_vendre> (referer: None)
2021-09-13 21:15:48 [scrapy_user_agents.middlewares] DEBUG: Assigned User-Agent Mozilla/5.0 (Windows NT 6.1; WOW64) AppleWebKit/537.22 (KHTML, like Gecko) Chrome/25.0.1364.172 Safari/537.22
2021-09-13 21:15:48 [scrapy.dupefilters] DEBUG: Filtered duplicate request: <GET https://www.avito.ma/fr/rabat/engins_btp-%C3%A0_vendre?o=2> - no more duplicates will be shown (see DUPEFILTER_DEBUG to show all duplicates)
2021-09-13 21:15:48 [scrapy_user_agents.middlewares] DEBUG: Assigned User-Agent Mozilla/5.0 (Windows NT 10.0; Win64; x64) AppleWebKit/537.36 (KHTML, like Gecko) Chrome/59.0.3071.109 Safari/537.36
2021-09-13 21:15:48 [scrapy_user_agents.middlewares] DEBUG: Assigned User-Agent Mozilla/5.0 (Windows NT 6.1) AppleWebKit/537.36 (KHTML, like Gecko) Chrome/58.0.3029.81 Safari/537.36
2021-09-13 21:15:48 [scrapy_user_agents.middlewares] DEBUG: Assigned User-Agent Mozilla/5.0 (Windows NT 6.3; Win64; x64) AppleWebKit/537.36 (KHTML, like Gecko) Chrome/58.0.3029.110 Safari/537.36
2021-09-13 21:15:48 [scrapy_user_agents.middlewares] DEBUG: Assigned User-Agent Mozilla/5.0 (Windows NT 6.1; WOW64) AppleWebKit/537.11 (KHTML, like Gecko) Chrome/23.0.1271.97 Safari/537.11
2021-09-13 21:15:48 [scrapy_user_agents.middlewares] DEBUG: Assigned User-Agent Mozilla/5.0 (Windows NT 10.0; WOW64) AppleWebKit/537.36 (KHTML, like Gecko) Chrome/57.0.2987.133 Safari/537.36
2021-09-13 21:15:48 [scrapy_user_agents.middlewares] DEBUG: Assigned User-Agent Mozilla/5.0 (Windows NT 6.3; Win64; x64) AppleWebKit/537.36 (KHTML, like Gecko) Chrome/62.0.3202.94 Safari/537.36
2021-09-13 21:15:48 [scrapy_user_agents.middlewares] DEBUG: Assigned User-Agent Mozilla/5.0 (Windows NT 10.0; Win64; x64) AppleWebKit/537.36 (KHTML, like Gecko) Chrome/51.0.2704.106 Safari/537.36
2021-09-13 21:15:48 [scrapy_user_agents.middlewares] DEBUG: Assigned User-Agent Mozilla/5.0 (Windows NT 6.1; Win64; x64) AppleWebKit/537.36 (KHTML, like Gecko) Chrome/58.0.3029.110 Safari/537.36
2021-09-13 21:15:48 [scrapy_user_agents.middlewares] DEBUG: Assigned User-Agent Mozilla/5.0 (Windows NT 6.3; Win64; x64) AppleWebKit/537.36 (KHTML, like Gecko) Chrome/63.0.3239.84 Safari/537.36
2021-09-13 21:15:48 [scrapy_user_agents.middlewares] DEBUG: Assigned User-Agent Mozilla/5.0 (Windows NT 10.0; Win64; x64) AppleWebKit/537.36 (KHTML, like Gecko) Chrome/54.0.2840.71 Safari/537.36
2021-09-13 21:15:48 [scrapy_user_agents.middlewares] DEBUG: Assigned User-Agent Mozilla/5.0 (Windows NT 5.1; WOW64) AppleWebKit/537.36 (KHTML, like Gecko) Chrome/51.0.2704.106 Safari/537.36
2021-09-13 21:15:48 [scrapy_user_agents.middlewares] DEBUG: Assigned User-Agent Mozilla/5.0 (Windows NT 6.1; Win64; x64) AppleWebKit/537.36 (KHTML, like Gecko) Chrome/67.0.3396.62 Safari/537.36
2021-09-13 21:15:48 [scrapy_user_agents.middlewares] DEBUG: Assigned User-Agent Mozilla/5.0 (Windows NT 10.0; Win64; x64) AppleWebKit/537.36 (KHTML, like Gecko) Chrome/65.0.3325.146 Safari/537.36
2021-09-13 21:15:48 [scrapy_user_agents.middlewares] DEBUG: Assigned User-Agent Mozilla/5.0 (Windows NT 6.0) AppleWebKit/535.1 (KHTML, like Gecko) Chrome/13.0.782.112 Safari/535.1
2021-09-13 21:15:48 [scrapy_user_agents.middlewares] DEBUG: Assigned User-Agent Mozilla/5.0 (Windows NT 10.0; Win64; x64) AppleWebKit/537.36 (KHTML, like Gecko) Chrome/65.0.3325.146 Safari/537.36
2021-09-13 21:15:52 [scrapy.core.engine] DEBUG: Crawled (200) <GET https://www.avito.ma/fr/rabat/engins_btp-%C3%A0_vendre> (referer: https://www.avito.ma/fr/rabat/engins_btp-%C3%A0_vendre)
2021-09-13 21:15:52 [scrapy_user_agents.middlewares] DEBUG: Assigned User-Agent Mozilla/5.0 (Windows NT 5.1; WOW64) AppleWebKit/537.36 (KHTML, like Gecko) Chrome/43.0.2357.65 Safari/537.36
2021-09-13 21:15:52 [py.warnings] WARNING: /home/khalil/Projects/PFE/scrapy_app/avito-env/lib/python3.8/site-packages/scrapy/utils/project.py:81: ScrapyDeprecationWarning: Use of environment variables prefixed with SCRAPY_ to override settings is deprecated. The following environment variables are currently defined: JOB, LOG_FILE, SLOT, SPIDER
  warnings.warn(

2021-09-13 21:15:53 [scrapy.core.engine] DEBUG: Crawled (200) <GET https://www.avito.ma/fr/rabat/engins_btp/betonniere_silla__47071316.htm> (referer: https://www.avito.ma/fr/rabat/engins_btp-%C3%A0_vendre)
2021-09-13 21:15:53 [scrapy_user_agents.middlewares] DEBUG: Assigned User-Agent Mozilla/5.0 (Windows; U; Windows NT 5.1; en-US) AppleWebKit/525.19 (KHTML, like Gecko) Chrome/1.0.154.36 Safari/525.19
2021-09-13 21:15:54 [scrapy.core.scraper] DEBUG: Scraped from <200 https://www.avito.ma/fr/rabat/engins_btp/betonniere_silla__47071316.htm>
None
2021-09-13 21:15:54 [scrapy.core.scraper] DEBUG: Scraped from <200 https://www.avito.ma/fr/rabat/engins_btp/betonniere_silla__47071316.htm>
None
2021-09-13 21:15:59 [scrapy.downloadermiddlewares.retry] DEBUG: Retrying <GET https://www.avito.ma/fr/rabat/engins_btp-%C3%A0_vendre?o=2> (failed 1 times): 500 Internal Server Error
2021-09-13 21:15:59 [scrapy_user_agents.middlewares] DEBUG: Assigned User-Agent Mozilla/5.0 (Windows NT 6.1; Win64; x64) AppleWebKit/537.36 (KHTML, like Gecko) Chrome/60.0.3112.90 Safari/537.36
2021-09-13 21:16:00 [scrapy.core.engine] DEBUG: Crawled (200) <GET https://www.avito.ma/fr/rabat/engins_btp/Temara_45925052.htm> (referer: https://www.avito.ma/fr/rabat/engins_btp-%C3%A0_vendre)
2021-09-13 21:16:00 [scrapy_user_agents.middlewares] DEBUG: Assigned User-Agent Mozilla/5.0 (Windows NT 5.1) AppleWebKit/537.31 (KHTML, like Gecko) Chrome/26.0.1410.64 Safari/537.31
2021-09-13 21:16:00 [scrapy.core.scraper] DEBUG: Scraped from <200 https://www.avito.ma/fr/rabat/engins_btp/Temara_45925052.htm>
None
2021-09-13 21:16:00 [scrapy.core.scraper] DEBUG: Scraped from <200 https://www.avito.ma/fr/rabat/engins_btp/Temara_45925052.htm>
None
2021-09-13 21:16:05 [scrapy.core.engine] DEBUG: Crawled (200) <GET https://www.avito.ma/fr/rabat/engins_btp/klak_mli7__46057727.htm> (referer: https://www.avito.ma/fr/rabat/engins_btp-%C3%A0_vendre)
2021-09-13 21:16:05 [scrapy_user_agents.middlewares] DEBUG: Assigned User-Agent Mozilla/5.0 (Windows NT 5.1; WOW64) AppleWebKit/537.36 (KHTML, like Gecko) Chrome/50.0.2661.94 Safari/537.36
2021-09-13 21:16:05 [scrapy.core.scraper] DEBUG: Scraped from <200 https://www.avito.ma/fr/rabat/engins_btp/klak_mli7__46057727.htm>
None
2021-09-13 21:16:05 [scrapy.core.scraper] DEBUG: Scraped from <200 https://www.avito.ma/fr/rabat/engins_btp/klak_mli7__46057727.htm>
None
2021-09-13 21:16:09 [scrapy.core.engine] DEBUG: Crawled (200) <GET https://www.avito.ma/fr/agdal/engins_btp/Manitou__46108436.htm> (referer: https://www.avito.ma/fr/rabat/engins_btp-%C3%A0_vendre)
2021-09-13 21:16:09 [scrapy_user_agents.middlewares] DEBUG: Assigned User-Agent Mozilla/4.0 (compatible; MSIE 8.0; Windows NT 5.1; Trident/4.0; chromeframe/32.0.1700.107; GTB7.5; .NET CLR 1.1.4322; .NET CLR 3.0.04506.30; .NET CLR 3.0.4506.2152; .NET CLR 3.5.30729; WinNT-EVI 12.01.2010; MS-RTC LM 8; .NET CLR 2.0.50727; lib/5.0\0195; Engine/4.00195; 89670803)
2021-09-13 21:16:09 [scrapy.core.scraper] DEBUG: Scraped from <200 https://www.avito.ma/fr/agdal/engins_btp/Manitou__46108436.htm>
None
2021-09-13 21:16:10 [scrapy.core.scraper] DEBUG: Scraped from <200 https://www.avito.ma/fr/agdal/engins_btp/Manitou__46108436.htm>
None
2021-09-13 21:16:13 [scrapy.core.engine] DEBUG: Crawled (200) <GET https://www.avito.ma/fr/rabat/engins_btp/%D8%B1%D8%A7%D9%81%D9%8A%D8%B9%D8%A7_46138348.htm> (referer: https://www.avito.ma/fr/rabat/engins_btp-%C3%A0_vendre)
2021-09-13 21:16:13 [scrapy_user_agents.middlewares] DEBUG: Assigned User-Agent Mozilla/5.0 (Windows NT 6.1; Win64; x64) AppleWebKit/537.36 (KHTML, like Gecko) Chrome/67.0.3396.79 Safari/537.36
2021-09-13 21:16:13 [scrapy.core.scraper] DEBUG: Scraped from <200 https://www.avito.ma/fr/rabat/engins_btp/%D8%B1%D8%A7%D9%81%D9%8A%D8%B9%D8%A7_46138348.htm>
None
2021-09-13 21:16:13 [scrapy.core.scraper] DEBUG: Scraped from <200 https://www.avito.ma/fr/rabat/engins_btp/%D8%B1%D8%A7%D9%81%D9%8A%D8%B9%D8%A7_46138348.htm>
None
2021-09-13 21:16:18 [scrapy.core.engine] DEBUG: Crawled (200) <GET https://www.avito.ma/fr/hay_nahda/engins_btp/Trax_JCB_4CX_46157305.htm> (referer: https://www.avito.ma/fr/rabat/engins_btp-%C3%A0_vendre)
2021-09-13 21:16:18 [scrapy_user_agents.middlewares] DEBUG: Assigned User-Agent Mozilla/5.0 (Windows NT 10.0; WOW64) AppleWebKit/537.36 (KHTML, like Gecko) Chrome/49.0.2623.87 Safari/537.36
2021-09-13 21:16:18 [scrapy.core.scraper] DEBUG: Scraped from <200 https://www.avito.ma/fr/hay_nahda/engins_btp/Trax_JCB_4CX_46157305.htm>
None
2021-09-13 21:16:18 [scrapy.core.scraper] DEBUG: Scraped from <200 https://www.avito.ma/fr/hay_nahda/engins_btp/Trax_JCB_4CX_46157305.htm>
None
2021-09-13 21:16:21 [scrapy.core.engine] DEBUG: Crawled (200) <GET https://www.avito.ma/fr/rabat/engins_btp/%C3%A9l%C3%A9vateur_0_km_46238721.htm> (referer: https://www.avito.ma/fr/rabat/engins_btp-%C3%A0_vendre)
2021-09-13 21:16:21 [scrapy_user_agents.middlewares] DEBUG: Assigned User-Agent Mozilla/5.0 (Windows NT 6.1; WOW64) AppleWebKit/537.36 (KHTML, like Gecko) Chrome/54.0.2840.59 Safari/537.36
2021-09-13 21:16:21 [scrapy.core.scraper] DEBUG: Scraped from <200 https://www.avito.ma/fr/rabat/engins_btp/%C3%A9l%C3%A9vateur_0_km_46238721.htm>
None
2021-09-13 21:16:21 [scrapy.core.scraper] DEBUG: Scraped from <200 https://www.avito.ma/fr/rabat/engins_btp/%C3%A9l%C3%A9vateur_0_km_46238721.htm>
None
2021-09-13 21:16:25 [scrapy.core.engine] DEBUG: Crawled (200) <GET https://www.avito.ma/fr/aakkari/engins_btp/Ppmpe_a_eau_100_ch_42630760.htm> (referer: https://www.avito.ma/fr/rabat/engins_btp-%C3%A0_vendre)
2021-09-13 21:16:25 [scrapy_user_agents.middlewares] DEBUG: Assigned User-Agent Mozilla/5.0 (Windows NT 6.1; WOW64) AppleWebKit/537.36 (KHTML, like Gecko) Chrome/48.0.2564.97 Safari/537.36
2021-09-13 21:16:25 [scrapy.core.scraper] DEBUG: Scraped from <200 https://www.avito.ma/fr/aakkari/engins_btp/Ppmpe_a_eau_100_ch_42630760.htm>
None
2021-09-13 21:16:25 [scrapy.core.scraper] DEBUG: Scraped from <200 https://www.avito.ma/fr/aakkari/engins_btp/Ppmpe_a_eau_100_ch_42630760.htm>
None
2021-09-13 21:16:30 [scrapy.downloadermiddlewares.retry] DEBUG: Retrying <GET https://www.avito.ma/fr/rabat/engins_btp/%D9%84%D8%A7%D9%81%D8%A7%D8%AC_%D9%85%D8%AA%D9%86%D9%82%D9%84_%D9%84%D9%84%D8%A8%D9%8A%D8%B9_46273408.htm> (failed 1 times): 500 Internal Server Error
2021-09-13 21:16:30 [scrapy_user_agents.middlewares] DEBUG: Assigned User-Agent Mozilla/5.0 (Windows NT 6.3; Win64; x64) AppleWebKit/537.36 (KHTML, like Gecko) Chrome/60.0.3112.90 Safari/537.36
2021-09-13 21:16:33 [scrapy.core.engine] DEBUG: Crawled (200) <GET https://www.avito.ma/fr/rabat/engins_btp/jcb_3cx__46296841.htm> (referer: https://www.avito.ma/fr/rabat/engins_btp-%C3%A0_vendre)
2021-09-13 21:16:33 [scrapy_user_agents.middlewares] DEBUG: Assigned User-Agent Mozilla/5.0 (Windows NT 6.1; Win64; x64) AppleWebKit/537.36 (KHTML, like Gecko) Chrome/61.0.3163.100 Safari/537.36
2021-09-13 21:16:33 [scrapy.core.scraper] DEBUG: Scraped from <200 https://www.avito.ma/fr/rabat/engins_btp/jcb_3cx__46296841.htm>
None
2021-09-13 21:16:33 [scrapy.core.scraper] DEBUG: Scraped from <200 https://www.avito.ma/fr/rabat/engins_btp/jcb_3cx__46296841.htm>
None
2021-09-13 21:16:36 [scrapy.core.engine] DEBUG: Crawled (200) <GET https://www.avito.ma/fr/rabat/engins_btp/case_988_46306212.htm> (referer: https://www.avito.ma/fr/rabat/engins_btp-%C3%A0_vendre)
2021-09-13 21:16:36 [scrapy_user_agents.middlewares] DEBUG: Assigned User-Agent Mozilla/5.0 (Windows NT 6.0; WOW64) AppleWebKit/537.36 (KHTML, like Gecko) Chrome/43.0.2357.65 Safari/537.36
2021-09-13 21:16:36 [scrapy.core.scraper] DEBUG: Scraped from <200 https://www.avito.ma/fr/rabat/engins_btp/case_988_46306212.htm>
None
2021-09-13 21:16:36 [scrapy.core.scraper] DEBUG: Scraped from <200 https://www.avito.ma/fr/rabat/engins_btp/case_988_46306212.htm>
None
2021-09-13 21:16:41 [scrapy.downloadermiddlewares.retry] DEBUG: Retrying <GET https://www.avito.ma/fr/aakkari/engins_btp/%D8%AF%D8%A7%D9%85%D8%A8%D9%8A%D8%B1_%D9%85%D9%84%D9%8A%D8%AD%D8%A9_45679826.htm> (failed 1 times): 500 Internal Server Error
2021-09-13 21:16:41 [scrapy_user_agents.middlewares] DEBUG: Assigned User-Agent Mozilla/5.0 (Windows NT 6.1; Win64; x64) AppleWebKit/537.36 (KHTML, like Gecko) Chrome/64.0.3282.119 Safari/537.36
2021-09-13 21:16:42 [scrapy.extensions.logstats] INFO: Crawled 13 pages (at 13 pages/min), scraped 20 items (at 20 items/min)
2021-09-13 21:16:44 [scrapy.downloadermiddlewares.retry] DEBUG: Retrying <GET https://www.avito.ma/fr/aakkari/engins_btp/Dumper_Barford_4_4__45282569.htm> (failed 1 times): 500 Internal Server Error
2021-09-13 21:16:44 [scrapy_user_agents.middlewares] DEBUG: Assigned User-Agent Mozilla/5.0 (Windows NT 6.1) AppleWebKit/537.36 (KHTML, like Gecko) Chrome/47.0.2526.111 Safari/537.36
2021-09-13 21:16:46 [scrapy.core.engine] DEBUG: Crawled (200) <GET https://www.avito.ma/fr/autre_secteur/engins_btp/Compresseur_ATLAS_COPCO_TR%C3%88S_BON_%C3%89TAT_44032366.htm> (referer: https://www.avito.ma/fr/rabat/engins_btp-%C3%A0_vendre)
2021-09-13 21:16:46 [scrapy_user_agents.middlewares] DEBUG: Assigned User-Agent Mozilla/5.0 (Windows NT 6.3; Win64; x64) AppleWebKit/537.36 (KHTML, like Gecko) Chrome/54.0.2840.99 Safari/537.36
2021-09-13 21:16:46 [scrapy.core.scraper] DEBUG: Scraped from <200 https://www.avito.ma/fr/autre_secteur/engins_btp/Compresseur_ATLAS_COPCO_TR%C3%88S_BON_%C3%89TAT_44032366.htm>
None
2021-09-13 21:16:47 [scrapy.core.scraper] DEBUG: Scraped from <200 https://www.avito.ma/fr/autre_secteur/engins_btp/Compresseur_ATLAS_COPCO_TR%C3%88S_BON_%C3%89TAT_44032366.htm>
None
2021-09-13 21:16:48 [scrapy.core.engine] DEBUG: Crawled (200) <GET https://www.avito.ma/fr/aakkari/engins_btp/Rok_pneumatique_atlas_copco_442c_45982533.htm> (referer: https://www.avito.ma/fr/rabat/engins_btp-%C3%A0_vendre)
2021-09-13 21:16:48 [scrapy_user_agents.middlewares] DEBUG: Assigned User-Agent Mozilla/5.0 (Windows NT 6.1; WOW64) AppleWebKit/537.22 (KHTML, like Gecko) Chrome/25.0.1364.152 Safari/537.22
2021-09-13 21:16:48 [scrapy.core.scraper] DEBUG: Scraped from <200 https://www.avito.ma/fr/aakkari/engins_btp/Rok_pneumatique_atlas_copco_442c_45982533.htm>
None
2021-09-13 21:16:49 [scrapy.core.scraper] DEBUG: Scraped from <200 https://www.avito.ma/fr/aakkari/engins_btp/Rok_pneumatique_atlas_copco_442c_45982533.htm>
None
2021-09-13 21:16:52 [scrapy.core.engine] DEBUG: Crawled (200) <GET https://www.avito.ma/fr/aakkari/engins_btp/Groupe_%C3%A9lectrog%C3%A8ne_200_kva_45982905.htm> (referer: https://www.avito.ma/fr/rabat/engins_btp-%C3%A0_vendre)
2021-09-13 21:16:52 [scrapy_user_agents.middlewares] DEBUG: Assigned User-Agent Mozilla/5.0 (Windows NT 6.1) AppleWebKit/537.36 (KHTML, like Gecko) Chrome/63.0.3239.132 Safari/537.36
2021-09-13 21:16:53 [scrapy.core.scraper] DEBUG: Scraped from <200 https://www.avito.ma/fr/aakkari/engins_btp/Groupe_%C3%A9lectrog%C3%A8ne_200_kva_45982905.htm>
None
2021-09-13 21:16:53 [scrapy.core.scraper] DEBUG: Scraped from <200 https://www.avito.ma/fr/aakkari/engins_btp/Groupe_%C3%A9lectrog%C3%A8ne_200_kva_45982905.htm>
None
2021-09-13 21:16:58 [scrapy.core.engine] DEBUG: Crawled (200) <GET https://www.avito.ma/fr/rabat/engins_btp/mat%C3%A9riel___en_bonne_%C3%A9tat__%C3%A0__vendre__46541550.htm> (referer: https://www.avito.ma/fr/rabat/engins_btp-%C3%A0_vendre)
2021-09-13 21:16:58 [scrapy_user_agents.middlewares] DEBUG: Assigned User-Agent Mozilla/5.0 (Windows NT 6.3; WOW64) AppleWebKit/537.36 (KHTML, like Gecko) Chrome/51.0.2704.106 Safari/537.36
2021-09-13 21:16:58 [scrapy.core.scraper] DEBUG: Scraped from <200 https://www.avito.ma/fr/rabat/engins_btp/mat%C3%A9riel___en_bonne_%C3%A9tat__%C3%A0__vendre__46541550.htm>
None
2021-09-13 21:16:58 [scrapy.core.scraper] DEBUG: Scraped from <200 https://www.avito.ma/fr/rabat/engins_btp/mat%C3%A9riel___en_bonne_%C3%A9tat__%C3%A0__vendre__46541550.htm>
None
2021-09-13 21:17:00 [scrapy.core.engine] DEBUG: Crawled (200) <GET https://www.avito.ma/fr/rabat/engins_btp/caterpillar_320_46571805.htm> (referer: https://www.avito.ma/fr/rabat/engins_btp-%C3%A0_vendre)
2021-09-13 21:17:00 [scrapy_user_agents.middlewares] DEBUG: Assigned User-Agent Mozilla/5.0 (Windows NT 6.1; WOW64) AppleWebKit/537.36 (KHTML, like Gecko) Chrome/49.0.2623.87 Safari/537.36
2021-09-13 21:17:00 [scrapy.core.scraper] DEBUG: Scraped from <200 https://www.avito.ma/fr/rabat/engins_btp/caterpillar_320_46571805.htm>
None
2021-09-13 21:17:00 [scrapy.core.scraper] DEBUG: Scraped from <200 https://www.avito.ma/fr/rabat/engins_btp/caterpillar_320_46571805.htm>
None
2021-09-13 21:17:03 [scrapy.core.engine] DEBUG: Crawled (200) <GET https://www.avito.ma/fr/rabat/engins_btp/pelle_caterpillar_320bln__46595975.htm> (referer: https://www.avito.ma/fr/rabat/engins_btp-%C3%A0_vendre)
2021-09-13 21:17:03 [scrapy_user_agents.middlewares] DEBUG: Assigned User-Agent Mozilla/5.0 (Windows NT 10.0; WOW64) AppleWebKit/537.36 (KHTML, like Gecko) Chrome/53.0.2785.116 Safari/537.36
2021-09-13 21:17:03 [scrapy.core.scraper] DEBUG: Scraped from <200 https://www.avito.ma/fr/rabat/engins_btp/pelle_caterpillar_320bln__46595975.htm>
None
2021-09-13 21:17:03 [scrapy.core.scraper] DEBUG: Scraped from <200 https://www.avito.ma/fr/rabat/engins_btp/pelle_caterpillar_320bln__46595975.htm>
None
2021-09-13 21:17:06 [scrapy.core.engine] DEBUG: Crawled (200) <GET https://www.avito.ma/fr/rabat/engins_btp/case_988__46687280.htm> (referer: https://www.avito.ma/fr/rabat/engins_btp-%C3%A0_vendre)
2021-09-13 21:17:06 [scrapy_user_agents.middlewares] DEBUG: Assigned User-Agent Mozilla/5.0 (Windows NT 10.0; WOW64) AppleWebKit/537.36 (KHTML, like Gecko) Chrome/55.0.0.12195 Safari/537.36
2021-09-13 21:17:06 [scrapy.core.scraper] DEBUG: Scraped from <200 https://www.avito.ma/fr/rabat/engins_btp/case_988__46687280.htm>
None
2021-09-13 21:17:07 [scrapy.core.scraper] DEBUG: Scraped from <200 https://www.avito.ma/fr/rabat/engins_btp/case_988__46687280.htm>
None
2021-09-13 21:17:12 [scrapy.downloadermiddlewares.retry] DEBUG: Retrying <GET https://www.avito.ma/fr/rabat/engins_btp/chargeur_46814854.htm> (failed 1 times): 500 Internal Server Error
2021-09-13 21:17:12 [scrapy_user_agents.middlewares] DEBUG: Assigned User-Agent Mozilla/5.0 (Windows NT 6.3; Win64; x64) AppleWebKit/537.36 (KHTML, like Gecko) Chrome/54.0.2840.99 Safari/537.36
2021-09-13 21:17:12 [scrapy.core.engine] DEBUG: Crawled (200) <GET https://www.avito.ma/fr/hay_riad/engins_btp/TCM_46875561.htm> (referer: https://www.avito.ma/fr/rabat/engins_btp-%C3%A0_vendre)
2021-09-13 21:17:12 [scrapy_user_agents.middlewares] DEBUG: Assigned User-Agent Mozilla/5.0 (Windows NT 10.0; Win64; x64) AppleWebKit/537.36 (KHTML, like Gecko) Chrome/60.0.3112.78 Safari/537.36
2021-09-13 21:17:12 [scrapy.core.scraper] DEBUG: Scraped from <200 https://www.avito.ma/fr/hay_riad/engins_btp/TCM_46875561.htm>
None
2021-09-13 21:17:12 [scrapy.core.scraper] DEBUG: Scraped from <200 https://www.avito.ma/fr/hay_riad/engins_btp/TCM_46875561.htm>
None
2021-09-13 21:17:16 [scrapy.core.engine] DEBUG: Crawled (200) <GET https://www.avito.ma/fr/autre_secteur/engins_btp/Location_Manitou_14m_45525959.htm> (referer: https://www.avito.ma/fr/rabat/engins_btp-%C3%A0_vendre)
2021-09-13 21:17:16 [scrapy_user_agents.middlewares] DEBUG: Assigned User-Agent Mozilla/5.0 (Windows NT 10.0; Win64; x64) AppleWebKit/537.36 (KHTML, like Gecko) Chrome/64.0.3282.140 Safari/537.36
2021-09-13 21:17:16 [scrapy.core.scraper] DEBUG: Scraped from <200 https://www.avito.ma/fr/autre_secteur/engins_btp/Location_Manitou_14m_45525959.htm>
None
2021-09-13 21:17:16 [scrapy.core.scraper] DEBUG: Scraped from <200 https://www.avito.ma/fr/autre_secteur/engins_btp/Location_Manitou_14m_45525959.htm>
None
2021-09-13 21:17:20 [scrapy.core.engine] DEBUG: Crawled (200) <GET https://www.avito.ma/fr/aakkari/engins_btp/Mini_chargeur_GEHL_45982514.htm> (referer: https://www.avito.ma/fr/rabat/engins_btp-%C3%A0_vendre)
2021-09-13 21:17:20 [scrapy_user_agents.middlewares] DEBUG: Assigned User-Agent Mozilla/5.0 (Windows NT 10.0; Win64; x64) AppleWebKit/537.36 (KHTML, like Gecko) Chrome/63.0.3239.132 Safari/537.36
2021-09-13 21:17:20 [scrapy.core.scraper] DEBUG: Scraped from <200 https://www.avito.ma/fr/aakkari/engins_btp/Mini_chargeur_GEHL_45982514.htm>
None
2021-09-13 21:17:20 [scrapy.core.scraper] DEBUG: Scraped from <200 https://www.avito.ma/fr/aakkari/engins_btp/Mini_chargeur_GEHL_45982514.htm>
None
2021-09-13 21:17:24 [scrapy.core.engine] DEBUG: Crawled (200) <GET https://www.avito.ma/fr/aakkari/engins_btp/Compresseur_compair_10_bars_46403124.htm> (referer: https://www.avito.ma/fr/rabat/engins_btp-%C3%A0_vendre)
2021-09-13 21:17:24 [scrapy.core.scraper] DEBUG: Scraped from <200 https://www.avito.ma/fr/aakkari/engins_btp/Compresseur_compair_10_bars_46403124.htm>
None
2021-09-13 21:17:25 [scrapy.core.scraper] DEBUG: Scraped from <200 https://www.avito.ma/fr/aakkari/engins_btp/Compresseur_compair_10_bars_46403124.htm>
None
2021-09-13 21:17:31 [scrapy.core.engine] DEBUG: Crawled (200) <GET https://www.avito.ma/fr/aakkari/engins_btp/DUMPER_TEREX_6_TONNES__42538708.htm> (referer: https://www.avito.ma/fr/rabat/engins_btp-%C3%A0_vendre)
2021-09-13 21:17:31 [scrapy.core.scraper] DEBUG: Scraped from <200 https://www.avito.ma/fr/aakkari/engins_btp/DUMPER_TEREX_6_TONNES__42538708.htm>
None
2021-09-13 21:17:31 [scrapy.core.scraper] DEBUG: Scraped from <200 https://www.avito.ma/fr/aakkari/engins_btp/DUMPER_TEREX_6_TONNES__42538708.htm>
None
2021-09-13 21:17:34 [scrapy.core.engine] DEBUG: Crawled (200) <GET https://www.avito.ma/fr/aakkari/engins_btp/Compacteur_bomag_3_tonnes__45533038.htm> (referer: https://www.avito.ma/fr/rabat/engins_btp-%C3%A0_vendre)
2021-09-13 21:17:35 [scrapy.core.scraper] DEBUG: Scraped from <200 https://www.avito.ma/fr/aakkari/engins_btp/Compacteur_bomag_3_tonnes__45533038.htm>
None
2021-09-13 21:17:35 [scrapy.core.scraper] DEBUG: Scraped from <200 https://www.avito.ma/fr/aakkari/engins_btp/Compacteur_bomag_3_tonnes__45533038.htm>
None
2021-09-13 21:17:35 [scrapy.downloadermiddlewares.retry] DEBUG: Retrying <GET https://www.avito.ma/fr/aakkari/engins_btp/Clark_Caterpillar_7tonnes_44032028.htm> (failed 1 times): 500 Internal Server Error
2021-09-13 21:17:35 [scrapy_user_agents.middlewares] DEBUG: Assigned User-Agent Mozilla/5.0 (Windows NT 6.0) AppleWebKit/535.1 (KHTML, like Gecko) Chrome/13.0.782.112 Safari/535.1
2021-09-13 21:17:37 [scrapy.core.engine] DEBUG: Crawled (200) <GET https://www.avito.ma/fr/rabat/engins_btp/location_manitou_43761280.htm> (referer: https://www.avito.ma/fr/rabat/engins_btp-%C3%A0_vendre)
2021-09-13 21:17:37 [scrapy.core.scraper] DEBUG: Scraped from <200 https://www.avito.ma/fr/rabat/engins_btp/location_manitou_43761280.htm>
None
2021-09-13 21:17:37 [scrapy.core.scraper] DEBUG: Scraped from <200 https://www.avito.ma/fr/rabat/engins_btp/location_manitou_43761280.htm>
None
2021-09-13 21:17:42 [scrapy.downloadermiddlewares.retry] DEBUG: Retrying <GET https://www.avito.ma/fr/rabat/engins_btp/Location_tractopelle_caterpilar_432D__45352647.htm> (failed 1 times): 500 Internal Server Error
2021-09-13 21:17:42 [scrapy_user_agents.middlewares] DEBUG: Assigned User-Agent Mozilla/5.0 (Windows NT 6.3; WOW64) AppleWebKit/537.36 (KHTML, like Gecko) Chrome/44.0.2403.157 Safari/537.36
2021-09-13 21:17:42 [scrapy.extensions.logstats] INFO: Crawled 27 pages (at 14 pages/min), scraped 48 items (at 28 items/min)
2021-09-13 21:17:45 [scrapy.downloadermiddlewares.retry] DEBUG: Retrying <GET https://www.avito.ma/fr/rabat/engins_btp/minichargeuse_cat_45287016.htm> (failed 1 times): 500 Internal Server Error
2021-09-13 21:17:45 [scrapy_user_agents.middlewares] DEBUG: Assigned User-Agent Mozilla/5.0 (Windows NT 6.1) AppleWebKit/537.36 (KHTML, like Gecko) Chrome/41.0.2228.0 Safari/537.36
2021-09-13 21:17:47 [scrapy.core.engine] DEBUG: Crawled (200) <GET https://www.avito.ma/fr/rabat/engins_btp/mini_pelle__47005663.htm> (referer: https://www.avito.ma/fr/rabat/engins_btp-%C3%A0_vendre)
2021-09-13 21:17:47 [scrapy.core.scraper] DEBUG: Scraped from <200 https://www.avito.ma/fr/rabat/engins_btp/mini_pelle__47005663.htm>
None
2021-09-13 21:17:47 [scrapy.core.scraper] DEBUG: Scraped from <200 https://www.avito.ma/fr/rabat/engins_btp/mini_pelle__47005663.htm>
None
2021-09-13 21:17:50 [scrapy.core.engine] DEBUG: Crawled (200) <GET https://www.avito.ma/fr/rabat/engins_btp/%D8%A8%D9%88%D9%83%D9%84%D8%A7%D9%86_%D9%84%D9%84%D8%A8%D9%8A%D8%B9_47031275.htm> (referer: https://www.avito.ma/fr/rabat/engins_btp-%C3%A0_vendre)
2021-09-13 21:17:50 [scrapy.core.scraper] DEBUG: Scraped from <200 https://www.avito.ma/fr/rabat/engins_btp/%D8%A8%D9%88%D9%83%D9%84%D8%A7%D9%86_%D9%84%D9%84%D8%A8%D9%8A%D8%B9_47031275.htm>
None
2021-09-13 21:17:51 [scrapy.core.scraper] DEBUG: Scraped from <200 https://www.avito.ma/fr/rabat/engins_btp/%D8%A8%D9%88%D9%83%D9%84%D8%A7%D9%86_%D9%84%D9%84%D8%A8%D9%8A%D8%B9_47031275.htm>
None
2021-09-13 21:17:54 [scrapy.core.engine] DEBUG: Crawled (200) <GET https://www.avito.ma/fr/aakkari/engins_btp/Clark_%C3%A9lectrique_cesab_4_tonnes__46965077.htm> (referer: https://www.avito.ma/fr/rabat/engins_btp-%C3%A0_vendre)
2021-09-13 21:17:54 [scrapy.core.scraper] DEBUG: Scraped from <200 https://www.avito.ma/fr/aakkari/engins_btp/Clark_%C3%A9lectrique_cesab_4_tonnes__46965077.htm>
None
2021-09-13 21:17:54 [scrapy.core.scraper] DEBUG: Scraped from <200 https://www.avito.ma/fr/aakkari/engins_btp/Clark_%C3%A9lectrique_cesab_4_tonnes__46965077.htm>
None
2021-09-13 21:18:00 [scrapy.downloadermiddlewares.retry] DEBUG: Retrying <GET https://www.avito.ma/fr/rabat/engins_btp/Compacteur_700kg_weber_47071284.htm> (failed 1 times): 500 Internal Server Error
2021-09-13 21:18:00 [scrapy_user_agents.middlewares] DEBUG: Assigned User-Agent Mozilla/5.0 (Windows NT 10.0; Win64; x64) AppleWebKit/537.36 (KHTML, like Gecko) Chrome/59.0.3071.109 Safari/537.36
2021-09-13 21:18:02 [scrapy.core.engine] DEBUG: Crawled (200) <GET https://www.avito.ma/fr/aakkari/engins_btp/Dumper_Barford_4_4__45282569.htm> (referer: https://www.avito.ma/fr/rabat/engins_btp-%C3%A0_vendre)
2021-09-13 21:18:02 [scrapy.core.scraper] DEBUG: Scraped from <200 https://www.avito.ma/fr/aakkari/engins_btp/Dumper_Barford_4_4__45282569.htm>
None
2021-09-13 21:18:02 [scrapy.core.scraper] DEBUG: Scraped from <200 https://www.avito.ma/fr/aakkari/engins_btp/Dumper_Barford_4_4__45282569.htm>
None
2021-09-13 21:18:06 [scrapy.core.engine] DEBUG: Crawled (200) <GET https://www.avito.ma/fr/rabat/engins_btp/chargeur_46814854.htm> (referer: https://www.avito.ma/fr/rabat/engins_btp-%C3%A0_vendre)
2021-09-13 21:18:07 [scrapy.core.scraper] DEBUG: Scraped from <200 https://www.avito.ma/fr/rabat/engins_btp/chargeur_46814854.htm>
None
2021-09-13 21:18:07 [scrapy.core.scraper] DEBUG: Scraped from <200 https://www.avito.ma/fr/rabat/engins_btp/chargeur_46814854.htm>
None
2021-09-13 21:18:12 [scrapy.downloadermiddlewares.retry] DEBUG: Retrying <GET https://www.avito.ma/fr/aakkari/engins_btp/%D8%AF%D8%A7%D9%85%D8%A8%D9%8A%D8%B1_%D9%85%D9%84%D9%8A%D8%AD%D8%A9_45679826.htm> (failed 2 times): 500 Internal Server Error
2021-09-13 21:18:12 [scrapy_user_agents.middlewares] DEBUG: Assigned User-Agent Mozilla/5.0 (Windows NT 10.0; WOW64) AppleWebKit/537.36 (KHTML, like Gecko) Chrome/47.0.2526.73 Safari/537.36
2021-09-13 21:18:15 [scrapy.core.engine] DEBUG: Crawled (200) <GET https://www.avito.ma/fr/rabat/engins_btp/%D9%84%D8%A7%D9%81%D8%A7%D8%AC_%D9%85%D8%AA%D9%86%D9%82%D9%84_%D9%84%D9%84%D8%A8%D9%8A%D8%B9_46273408.htm> (referer: https://www.avito.ma/fr/rabat/engins_btp-%C3%A0_vendre)
2021-09-13 21:18:15 [scrapy.core.scraper] DEBUG: Scraped from <200 https://www.avito.ma/fr/rabat/engins_btp/%D9%84%D8%A7%D9%81%D8%A7%D8%AC_%D9%85%D8%AA%D9%86%D9%82%D9%84_%D9%84%D9%84%D8%A8%D9%8A%D8%B9_46273408.htm>
None
2021-09-13 21:18:15 [scrapy.core.scraper] DEBUG: Scraped from <200 https://www.avito.ma/fr/rabat/engins_btp/%D9%84%D8%A7%D9%81%D8%A7%D8%AC_%D9%85%D8%AA%D9%86%D9%82%D9%84_%D9%84%D9%84%D8%A8%D9%8A%D8%B9_46273408.htm>
None
2021-09-13 21:18:18 [scrapy.core.engine] DEBUG: Crawled (200) <GET https://www.avito.ma/fr/rabat/engins_btp-%C3%A0_vendre?o=2> (referer: https://www.avito.ma/fr/rabat/engins_btp-%C3%A0_vendre)
2021-09-13 21:18:18 [scrapy_user_agents.middlewares] DEBUG: Assigned User-Agent Mozilla/5.0 (Windows NT 10.0; WOW64) AppleWebKit/537.36 (KHTML, like Gecko) Chrome/62.0.3202.94 Safari/537.36
2021-09-13 21:18:18 [scrapy_user_agents.middlewares] DEBUG: Assigned User-Agent Mozilla/5.0 (Windows NT 6.3; Win64; x64) AppleWebKit/537.36 (KHTML, like Gecko) Chrome/66.0.3359.181 Safari/537.36
2021-09-13 21:18:19 [scrapy_user_agents.middlewares] DEBUG: Assigned User-Agent Mozilla/5.0 (Windows NT 6.3; WOW64) AppleWebKit/537.36 (KHTML, like Gecko) Chrome/47.0.2526.106 Safari/537.36
2021-09-13 21:18:19 [scrapy_user_agents.middlewares] DEBUG: Assigned User-Agent Mozilla/5.0 (Windows NT 10.0; Win64; x64) AppleWebKit/537.36 (KHTML, like Gecko) Chrome/67.0.3396.62 Safari/537.36
2021-09-13 21:18:19 [scrapy_user_agents.middlewares] DEBUG: Assigned User-Agent Mozilla/5.0 (Windows NT 6.1; WOW64) AppleWebKit/537.36 (KHTML, like Gecko) Chrome/52.0.2743.82 Safari/537.36
2021-09-13 21:18:19 [scrapy_user_agents.middlewares] DEBUG: Assigned User-Agent Mozilla/5.0 (Windows NT 6.1; Win64; x64) AppleWebKit/537.36 (KHTML, like Gecko) Chrome/59.0.3071.109 Safari/537.36
2021-09-13 21:18:19 [scrapy_user_agents.middlewares] DEBUG: Assigned User-Agent Mozilla/5.0 (Windows NT 6.0; WOW64) AppleWebKit/537.36 (KHTML, like Gecko) Chrome/46.0.2490.80 Safari/537.36
2021-09-13 21:18:19 [scrapy_user_agents.middlewares] DEBUG: Assigned User-Agent Mozilla/5.0 (Windows NT 6.3; Win64; x64) AppleWebKit/537.36 (KHTML, like Gecko) Chrome/66.0.3359.181 Safari/537.36
2021-09-13 21:18:19 [scrapy_user_agents.middlewares] DEBUG: Assigned User-Agent Mozilla/5.0 (Windows NT 6.1; WOW64) AppleWebKit/537.36 (KHTML, like Gecko) Chrome/58.0.3029.81 Safari/537.36
2021-09-13 21:18:19 [scrapy_user_agents.middlewares] DEBUG: Assigned User-Agent Mozilla/5.0 (Windows NT 6.3; WOW64) AppleWebKit/537.36 (KHTML, like Gecko) Chrome/48.0.2564.116 Safari/537.36
2021-09-13 21:18:19 [scrapy_user_agents.middlewares] DEBUG: Assigned User-Agent Mozilla/5.0 (Windows NT 5.1; Win64; x64) AppleWebKit/537.36 (KHTML, like Gecko) Chrome/57.0.2987.133 Safari/537.36
2021-09-13 21:18:21 [scrapy.core.engine] DEBUG: Crawled (200) <GET https://www.avito.ma/fr/aakkari/engins_btp/Clark_Caterpillar_7tonnes_44032028.htm> (referer: https://www.avito.ma/fr/rabat/engins_btp-%C3%A0_vendre)
2021-09-13 21:18:21 [scrapy_user_agents.middlewares] DEBUG: Assigned User-Agent Mozilla/5.0 (Windows NT 10.0; WOW64) AppleWebKit/537.36 (KHTML, like Gecko) Chrome/51.0.2704.103 Safari/537.36
2021-09-13 21:18:21 [scrapy.core.scraper] DEBUG: Scraped from <200 https://www.avito.ma/fr/aakkari/engins_btp/Clark_Caterpillar_7tonnes_44032028.htm>
None
2021-09-13 21:18:21 [scrapy.core.scraper] DEBUG: Scraped from <200 https://www.avito.ma/fr/aakkari/engins_btp/Clark_Caterpillar_7tonnes_44032028.htm>
None
2021-09-13 21:18:25 [scrapy.core.engine] DEBUG: Crawled (200) <GET https://www.avito.ma/fr/rabat/engins_btp/Location_tractopelle_caterpilar_432D__45352647.htm> (referer: https://www.avito.ma/fr/rabat/engins_btp-%C3%A0_vendre)
2021-09-13 21:18:25 [scrapy.core.scraper] DEBUG: Scraped from <200 https://www.avito.ma/fr/rabat/engins_btp/Location_tractopelle_caterpilar_432D__45352647.htm>
None
2021-09-13 21:18:25 [scrapy.core.scraper] DEBUG: Scraped from <200 https://www.avito.ma/fr/rabat/engins_btp/Location_tractopelle_caterpilar_432D__45352647.htm>
None
2021-09-13 21:18:29 [scrapy.core.engine] DEBUG: Crawled (200) <GET https://www.avito.ma/fr/rabat/engins_btp/minichargeuse_cat_45287016.htm> (referer: https://www.avito.ma/fr/rabat/engins_btp-%C3%A0_vendre)
2021-09-13 21:18:29 [scrapy.core.scraper] DEBUG: Scraped from <200 https://www.avito.ma/fr/rabat/engins_btp/minichargeuse_cat_45287016.htm>
None
2021-09-13 21:18:29 [scrapy.core.scraper] DEBUG: Scraped from <200 https://www.avito.ma/fr/rabat/engins_btp/minichargeuse_cat_45287016.htm>
None
2021-09-13 21:18:33 [scrapy.core.engine] DEBUG: Crawled (200) <GET https://www.avito.ma/fr/rabat/engins_btp/Compacteur_700kg_weber_47071284.htm> (referer: https://www.avito.ma/fr/rabat/engins_btp-%C3%A0_vendre)
2021-09-13 21:18:33 [scrapy.core.scraper] DEBUG: Scraped from <200 https://www.avito.ma/fr/rabat/engins_btp/Compacteur_700kg_weber_47071284.htm>
None
2021-09-13 21:18:33 [scrapy.core.scraper] DEBUG: Scraped from <200 https://www.avito.ma/fr/rabat/engins_btp/Compacteur_700kg_weber_47071284.htm>
None
2021-09-13 21:18:36 [scrapy.core.engine] DEBUG: Crawled (200) <GET https://www.avito.ma/fr/aakkari/engins_btp/%D8%AF%D8%A7%D9%85%D8%A8%D9%8A%D8%B1_%D9%85%D9%84%D9%8A%D8%AD%D8%A9_45679826.htm> (referer: https://www.avito.ma/fr/rabat/engins_btp-%C3%A0_vendre)
2021-09-13 21:18:36 [scrapy.core.scraper] DEBUG: Scraped from <200 https://www.avito.ma/fr/aakkari/engins_btp/%D8%AF%D8%A7%D9%85%D8%A8%D9%8A%D8%B1_%D9%85%D9%84%D9%8A%D8%AD%D8%A9_45679826.htm>
None
2021-09-13 21:18:36 [scrapy.core.scraper] DEBUG: Scraped from <200 https://www.avito.ma/fr/aakkari/engins_btp/%D8%AF%D8%A7%D9%85%D8%A8%D9%8A%D8%B1_%D9%85%D9%84%D9%8A%D8%AD%D8%A9_45679826.htm>
None
2021-09-13 21:18:42 [scrapy.downloadermiddlewares.retry] DEBUG: Retrying <GET https://www.avito.ma/fr/hassan/engins_btp/JCB_Case_45809518.htm> (failed 1 times): 500 Internal Server Error
2021-09-13 21:18:42 [scrapy_user_agents.middlewares] DEBUG: Assigned User-Agent Mozilla/5.0 (Windows NT 6.1; WOW64) AppleWebKit/537.36 (KHTML, like Gecko) Chrome/57.0.2987.133 Safari/537.36
2021-09-13 21:18:42 [scrapy.extensions.logstats] INFO: Crawled 39 pages (at 12 pages/min), scraped 70 items (at 22 items/min)
2021-09-13 21:18:45 [scrapy.core.engine] DEBUG: Crawled (200) <GET https://www.avito.ma/fr/autre_secteur/engins_btp/DOOSAN_DX_225_NLC_45797501.htm> (referer: https://www.avito.ma/fr/rabat/engins_btp-%C3%A0_vendre?o=2)
2021-09-13 21:18:45 [scrapy.core.scraper] DEBUG: Scraped from <200 https://www.avito.ma/fr/autre_secteur/engins_btp/DOOSAN_DX_225_NLC_45797501.htm>
None
2021-09-13 21:18:45 [scrapy.core.scraper] DEBUG: Scraped from <200 https://www.avito.ma/fr/autre_secteur/engins_btp/DOOSAN_DX_225_NLC_45797501.htm>
None
2021-09-13 21:18:47 [scrapy.core.engine] DEBUG: Crawled (200) <GET https://www.avito.ma/fr/rabat/engins_btp/325b_avendr_45731715.htm> (referer: https://www.avito.ma/fr/rabat/engins_btp-%C3%A0_vendre?o=2)
2021-09-13 21:18:47 [scrapy.core.scraper] DEBUG: Scraped from <200 https://www.avito.ma/fr/rabat/engins_btp/325b_avendr_45731715.htm>
None
2021-09-13 21:18:47 [scrapy.core.scraper] DEBUG: Scraped from <200 https://www.avito.ma/fr/rabat/engins_btp/325b_avendr_45731715.htm>
None
2021-09-13 21:18:51 [scrapy.core.engine] DEBUG: Crawled (200) <GET https://www.avito.ma/fr/autre_secteur/engins_btp/pelle_cat_m316c_45369650.htm> (referer: https://www.avito.ma/fr/rabat/engins_btp-%C3%A0_vendre?o=2)
2021-09-13 21:18:51 [scrapy.core.scraper] DEBUG: Scraped from <200 https://www.avito.ma/fr/autre_secteur/engins_btp/pelle_cat_m316c_45369650.htm>
None
2021-09-13 21:18:51 [scrapy.core.scraper] DEBUG: Scraped from <200 https://www.avito.ma/fr/autre_secteur/engins_btp/pelle_cat_m316c_45369650.htm>
None
2021-09-13 21:18:55 [scrapy.downloadermiddlewares.retry] DEBUG: Retrying <GET https://www.avito.ma/fr/hay_riad/engins_btp/Chargeuse_sur_pneus_neuve_45346161.htm> (failed 1 times): 500 Internal Server Error
2021-09-13 21:18:55 [scrapy_user_agents.middlewares] DEBUG: Assigned User-Agent Mozilla/5.0 (Windows NT 5.1; WOW64) AppleWebKit/537.36 (KHTML, like Gecko) Chrome/46.0.2490.80 Safari/537.36
2021-09-13 21:18:58 [scrapy.downloadermiddlewares.retry] DEBUG: Retrying <GET https://www.avito.ma/fr/abi_ragrag/engins_btp/CATERPILLAR_325_BL_45318636.htm> (failed 1 times): 500 Internal Server Error
2021-09-13 21:18:58 [scrapy_user_agents.middlewares] DEBUG: Assigned User-Agent Mozilla/5.0 (Windows NT 6.2; Win64; x64) AppleWebKit/537.36 (KHTML, like Gecko) Chrome/66.0.3359.117 Safari/537.36
2021-09-13 21:19:01 [scrapy.core.engine] DEBUG: Crawled (200) <GET https://www.avito.ma/fr/agdal/engins_btp/320_cl_45198531.htm> (referer: https://www.avito.ma/fr/rabat/engins_btp-%C3%A0_vendre?o=2)
2021-09-13 21:19:01 [scrapy.core.scraper] DEBUG: Scraped from <200 https://www.avito.ma/fr/agdal/engins_btp/320_cl_45198531.htm>
None
2021-09-13 21:19:01 [scrapy.core.scraper] DEBUG: Scraped from <200 https://www.avito.ma/fr/agdal/engins_btp/320_cl_45198531.htm>
None
2021-09-13 21:19:04 [scrapy.core.engine] DEBUG: Crawled (200) <GET https://www.avito.ma/fr/rabat/engins_btp/vente_de_Jcb_Cat_45149008.htm> (referer: https://www.avito.ma/fr/rabat/engins_btp-%C3%A0_vendre?o=2)
2021-09-13 21:19:04 [scrapy.core.scraper] DEBUG: Scraped from <200 https://www.avito.ma/fr/rabat/engins_btp/vente_de_Jcb_Cat_45149008.htm>
None
2021-09-13 21:19:04 [scrapy.core.scraper] DEBUG: Scraped from <200 https://www.avito.ma/fr/rabat/engins_btp/vente_de_Jcb_Cat_45149008.htm>
None
2021-09-13 21:19:09 [scrapy.core.engine] DEBUG: Crawled (200) <GET https://www.avito.ma/fr/rabat/engins_btp/godi_case_60cm_45020287.htm> (referer: https://www.avito.ma/fr/rabat/engins_btp-%C3%A0_vendre?o=2)
2021-09-13 21:19:09 [scrapy.core.scraper] DEBUG: Scraped from <200 https://www.avito.ma/fr/rabat/engins_btp/godi_case_60cm_45020287.htm>
None
2021-09-13 21:19:09 [scrapy.core.scraper] DEBUG: Scraped from <200 https://www.avito.ma/fr/rabat/engins_btp/godi_case_60cm_45020287.htm>
None
2021-09-13 21:19:10 [scrapy.core.engine] DEBUG: Crawled (200) <GET https://www.avito.ma/fr/aakkari/engins_btp/Dumper_4_4_44972001.htm> (referer: https://www.avito.ma/fr/rabat/engins_btp-%C3%A0_vendre?o=2)
2021-09-13 21:19:10 [scrapy.core.scraper] DEBUG: Scraped from <200 https://www.avito.ma/fr/aakkari/engins_btp/Dumper_4_4_44972001.htm>
None
2021-09-13 21:19:10 [scrapy.core.scraper] DEBUG: Scraped from <200 https://www.avito.ma/fr/aakkari/engins_btp/Dumper_4_4_44972001.htm>
None
2021-09-13 21:19:14 [scrapy.core.engine] DEBUG: Crawled (200) <GET https://www.avito.ma/fr/rabat/engins_btp/Caterpillar_320C__44933983.htm> (referer: https://www.avito.ma/fr/rabat/engins_btp-%C3%A0_vendre?o=2)
2021-09-13 21:19:14 [scrapy.core.scraper] DEBUG: Scraped from <200 https://www.avito.ma/fr/rabat/engins_btp/Caterpillar_320C__44933983.htm>
None
2021-09-13 21:19:14 [scrapy.core.scraper] DEBUG: Scraped from <200 https://www.avito.ma/fr/rabat/engins_btp/Caterpillar_320C__44933983.htm>
None
2021-09-13 21:19:19 [scrapy.downloadermiddlewares.retry] DEBUG: Retrying <GET https://www.avito.ma/fr/rabat/engins_btp/grue_de_camions_6000_kg_langour_8_mitr__44923606.htm> (failed 1 times): 500 Internal Server Error
2021-09-13 21:19:19 [scrapy_user_agents.middlewares] DEBUG: Assigned User-Agent Mozilla/5.0 (Windows NT 6.1; Win64; x64) AppleWebKit/537.36 (KHTML, like Gecko) Chrome/64.0.3282.119 Safari/537.36
2021-09-13 21:19:21 [scrapy.core.engine] DEBUG: Crawled (200) <GET https://www.avito.ma/fr/hassan/engins_btp/JCB_Case_45809518.htm> (referer: https://www.avito.ma/fr/rabat/engins_btp-%C3%A0_vendre?o=2)
2021-09-13 21:19:21 [scrapy.core.scraper] DEBUG: Scraped from <200 https://www.avito.ma/fr/hassan/engins_btp/JCB_Case_45809518.htm>
None
2021-09-13 21:19:21 [scrapy.core.scraper] DEBUG: Scraped from <200 https://www.avito.ma/fr/hassan/engins_btp/JCB_Case_45809518.htm>
None
2021-09-13 21:19:27 [scrapy.downloadermiddlewares.retry] DEBUG: Retrying <GET https://www.avito.ma/fr/hay_riad/engins_btp/Chargeuse_sur_pneus_neuve_45346161.htm> (failed 2 times): 500 Internal Server Error
2021-09-13 21:19:27 [scrapy_user_agents.middlewares] DEBUG: Assigned User-Agent Mozilla/5.0 (Windows NT 6.1; Win64; x64) AppleWebKit/537.36 (KHTML, like Gecko) Chrome/67.0.3396.87 Safari/537.36
2021-09-13 21:19:29 [scrapy.core.engine] DEBUG: Crawled (200) <GET https://www.avito.ma/fr/abi_ragrag/engins_btp/CATERPILLAR_325_BL_45318636.htm> (referer: https://www.avito.ma/fr/rabat/engins_btp-%C3%A0_vendre?o=2)
2021-09-13 21:19:29 [scrapy.core.scraper] DEBUG: Scraped from <200 https://www.avito.ma/fr/abi_ragrag/engins_btp/CATERPILLAR_325_BL_45318636.htm>
None
2021-09-13 21:19:29 [scrapy.core.scraper] DEBUG: Scraped from <200 https://www.avito.ma/fr/abi_ragrag/engins_btp/CATERPILLAR_325_BL_45318636.htm>
None
2021-09-13 21:19:32 [scrapy.core.engine] DEBUG: Crawled (200) <GET https://www.avito.ma/fr/rabat/engins_btp/grue_de_camions_6000_kg_langour_8_mitr__44923606.htm> (referer: https://www.avito.ma/fr/rabat/engins_btp-%C3%A0_vendre?o=2)
2021-09-13 21:19:32 [scrapy.core.scraper] DEBUG: Scraped from <200 https://www.avito.ma/fr/rabat/engins_btp/grue_de_camions_6000_kg_langour_8_mitr__44923606.htm>
None
2021-09-13 21:19:32 [scrapy.core.scraper] DEBUG: Scraped from <200 https://www.avito.ma/fr/rabat/engins_btp/grue_de_camions_6000_kg_langour_8_mitr__44923606.htm>
None
2021-09-13 21:19:38 [scrapy.core.engine] DEBUG: Crawled (200) <GET https://www.avito.ma/fr/hay_riad/engins_btp/Chargeuse_sur_pneus_neuve_45346161.htm> (referer: https://www.avito.ma/fr/rabat/engins_btp-%C3%A0_vendre?o=2)
2021-09-13 21:19:38 [scrapy.core.scraper] DEBUG: Scraped from <200 https://www.avito.ma/fr/hay_riad/engins_btp/Chargeuse_sur_pneus_neuve_45346161.htm>
None
2021-09-13 21:19:38 [scrapy.core.scraper] DEBUG: Scraped from <200 https://www.avito.ma/fr/hay_riad/engins_btp/Chargeuse_sur_pneus_neuve_45346161.htm>
None
2021-09-13 21:19:38 [scrapy.core.engine] INFO: Closing spider (finished)
2021-09-13 21:19:38 [scrapy.statscollectors] INFO: Dumping Scrapy stats:
{'downloader/request_bytes': 30086,
 'downloader/request_count': 66,
 'downloader/request_method_count/GET': 66,
 'downloader/response_bytes': 1958439,
 'downloader/response_count': 66,
 'downloader/response_status_count/200': 51,
 'downloader/response_status_count/500': 15,
 'dupefilter/filtered': 89,
 'elapsed_time_seconds': 235.876745,
 'finish_reason': 'finished',
 'finish_time': datetime.datetime(2021, 9, 13, 20, 19, 38, 708692),
 'httpcompression/response_bytes': 7417527,
 'httpcompression/response_count': 51,
 'item_scraped_count': 94,
 'log_count/DEBUG': 227,
 'log_count/INFO': 13,
 'log_count/WARNING': 46,
 'memusage/max': 86966272,
 'memusage/startup': 67756032,
 'request_depth_max': 2,
 'response_received_count': 51,
 'retry/count': 15,
 'retry/reason_count/500 Internal Server Error': 15,
 'robotstxt/request_count': 1,
 'robotstxt/response_count': 1,
 'robotstxt/response_status_count/200': 1,
 'scheduler/dequeued': 65,
 'scheduler/dequeued/memory': 65,
 'scheduler/enqueued': 65,
 'scheduler/enqueued/memory': 65,
 'start_time': datetime.datetime(2021, 9, 13, 20, 15, 42, 831947)}
2021-09-13 21:19:38 [scrapy.core.engine] INFO: Spider closed (finished)
