2021-09-12 23:47:43 [scrapy.utils.log] INFO: Scrapy 2.5.0 started (bot: avito)
2021-09-12 23:47:43 [scrapy.utils.log] INFO: Versions: lxml 4.6.3.0, libxml2 2.9.10, cssselect 1.1.0, parsel 1.6.0, w3lib 1.22.0, Twisted 21.7.0, Python 3.8.10 (default, Jun  2 2021, 10:49:15) - [GCC 9.4.0], pyOpenSSL 20.0.1 (OpenSSL 1.1.1l  24 Aug 2021), cryptography 3.4.8, Platform Linux-5.11.0-34-generic-x86_64-with-glibc2.29
2021-09-12 23:47:43 [scrapy.utils.log] DEBUG: Using reactor: twisted.internet.epollreactor.EPollReactor
2021-09-12 23:47:43 [scrapy.crawler] INFO: Overridden settings:
{'BOT_NAME': 'avito',
 'DOWNLOAD_DELAY': 3,
 'FEED_EXPORT_ENCODING': 'utf-8',
 'LOG_FILE': 'logs/default/productspider/6f1e6f54141b11ecb6d6b71bd34e2e5b.log',
 'NEWSPIDER_MODULE': 'avito.spiders',
 'ROBOTSTXT_OBEY': True,
 'SPIDER_MODULES': ['avito.spiders']}
2021-09-12 23:47:43 [scrapy.extensions.telnet] INFO: Telnet Password: 34842e9035ab695d
2021-09-12 23:47:43 [scrapy.middleware] INFO: Enabled extensions:
['scrapy.extensions.corestats.CoreStats',
 'scrapy.extensions.telnet.TelnetConsole',
 'scrapy.extensions.memusage.MemoryUsage',
 'scrapy.extensions.logstats.LogStats']
2021-09-12 23:47:43 [scrapy_user_agents.user_agent_picker] WARNING: [UnsupportedBrowserType] Family: Android
2021-09-12 23:47:43 [scrapy_user_agents.user_agent_picker] WARNING: [UnsupportedDeviceType] Family: Other, Brand: None, Model: None
2021-09-12 23:47:43 [scrapy_user_agents.user_agent_picker] WARNING: [UnsupportedDeviceType] Family: Other, Brand: None, Model: None
2021-09-12 23:47:43 [scrapy_user_agents.user_agent_picker] WARNING: [UnsupportedDeviceType] Family: Other, Brand: None, Model: None
2021-09-12 23:47:44 [scrapy_user_agents.user_agent_picker] WARNING: [UnsupportedDeviceType] Family: Sony BDV13, Brand: Sony, Model: BDV13
2021-09-12 23:47:44 [scrapy_user_agents.user_agent_picker] WARNING: [UnsupportedDeviceType] Family: Nintendo DSi, Brand: Nintendo, Model: DSi
2021-09-12 23:47:44 [scrapy_user_agents.user_agent_picker] WARNING: [UnsupportedDeviceType] Family: Other, Brand: None, Model: None
2021-09-12 23:47:44 [scrapy_user_agents.user_agent_picker] WARNING: [UnsupportedBrowserType] Family: Other
2021-09-12 23:47:44 [scrapy_user_agents.user_agent_picker] WARNING: [UnsupportedDeviceType] Family: LYF F90M, Brand: LYF, Model: F90M
2021-09-12 23:47:44 [scrapy_user_agents.user_agent_picker] WARNING: [UnsupportedDeviceType] Family: Sony BDV14, Brand: Sony, Model: BDV14
2021-09-12 23:47:44 [scrapy_user_agents.user_agent_picker] WARNING: [UnsupportedDeviceType] Family: LG Web0S SmartTV, Brand: LG, Model: Web0S SmartTV
2021-09-12 23:47:44 [scrapy_user_agents.user_agent_picker] WARNING: [UnsupportedDeviceType] Family: Other, Brand: None, Model: None
2021-09-12 23:47:44 [scrapy_user_agents.user_agent_picker] WARNING: [UnsupportedDeviceType] Family: Other, Brand: None, Model: None
2021-09-12 23:47:44 [scrapy_user_agents.user_agent_picker] WARNING: [UnsupportedDeviceType] Family: Other, Brand: None, Model: None
2021-09-12 23:47:44 [scrapy_user_agents.user_agent_picker] WARNING: [UnsupportedDeviceType] Family: Other, Brand: None, Model: None
2021-09-12 23:47:44 [scrapy_user_agents.user_agent_picker] WARNING: [UnsupportedDeviceType] Family: Other, Brand: None, Model: None
2021-09-12 23:47:44 [scrapy_user_agents.user_agent_picker] WARNING: [UnsupportedDeviceType] Family: Other, Brand: None, Model: None
2021-09-12 23:47:44 [scrapy_user_agents.user_agent_picker] WARNING: [UnsupportedDeviceType] Family: Other, Brand: None, Model: None
2021-09-12 23:47:44 [scrapy_user_agents.user_agent_picker] WARNING: [UnsupportedDeviceType] Family: Sony BDV11, Brand: Sony, Model: BDV11
2021-09-12 23:47:44 [scrapy_user_agents.user_agent_picker] WARNING: [UnsupportedDeviceType] Family: Other, Brand: None, Model: None
2021-09-12 23:47:44 [scrapy_user_agents.user_agent_picker] WARNING: [UnsupportedDeviceType] Family: Other, Brand: None, Model: None
2021-09-12 23:47:44 [scrapy_user_agents.user_agent_picker] WARNING: [UnsupportedDeviceType] Family: Other, Brand: None, Model: None
2021-09-12 23:47:44 [scrapy_user_agents.user_agent_picker] WARNING: [UnsupportedDeviceType] Family: Other, Brand: None, Model: None
2021-09-12 23:47:44 [scrapy_user_agents.user_agent_picker] WARNING: [UnsupportedDeviceType] Family: Nintendo DSi, Brand: Nintendo, Model: DSi
2021-09-12 23:47:44 [scrapy_user_agents.user_agent_picker] WARNING: [UnsupportedDeviceType] Family: LYF LF-2403N, Brand: LYF, Model: LF-2403N
2021-09-12 23:47:44 [scrapy_user_agents.user_agent_picker] WARNING: [UnsupportedDeviceType] Family: LYF F90M, Brand: LYF, Model: F90M
2021-09-12 23:47:44 [scrapy_user_agents.user_agent_picker] WARNING: [UnsupportedDeviceType] Family: Other, Brand: None, Model: None
2021-09-12 23:47:44 [scrapy_user_agents.user_agent_picker] WARNING: [UnsupportedDeviceType] Family: Other, Brand: None, Model: None
2021-09-12 23:47:45 [scrapy_user_agents.user_agent_picker] WARNING: [UnsupportedBrowserType] Family: Applebot
2021-09-12 23:47:45 [scrapy_user_agents.user_agent_picker] WARNING: [UnsupportedDeviceType] Family: Other, Brand: None, Model: None
2021-09-12 23:47:45 [scrapy_user_agents.user_agent_picker] WARNING: [UnsupportedBrowserType] Family: Applebot
2021-09-12 23:47:45 [scrapy_user_agents.user_agent_picker] WARNING: [UnsupportedBrowserType] Family: Other
2021-09-12 23:47:45 [scrapy_user_agents.user_agent_picker] WARNING: [UnsupportedBrowserType] Family: Other
2021-09-12 23:47:45 [scrapy_user_agents.user_agent_picker] WARNING: [UnsupportedBrowserType] Family: PhantomJS
2021-09-12 23:47:45 [scrapy_user_agents.user_agent_picker] WARNING: [UnsupportedBrowserType] Family: SMTBot
2021-09-12 23:47:45 [scrapy_user_agents.user_agent_picker] WARNING: [UnsupportedBrowserType] Family: PhantomJS
2021-09-12 23:47:45 [scrapy_user_agents.user_agent_picker] WARNING: [UnsupportedBrowserType] Family: PhantomJS
2021-09-12 23:47:45 [scrapy_user_agents.user_agent_picker] WARNING: [UnsupportedBrowserType] Family: WebKit Nightly
2021-09-12 23:47:45 [scrapy_user_agents.user_agent_picker] WARNING: [UnsupportedBrowserType] Family: PhantomJS
2021-09-12 23:47:45 [scrapy_user_agents.user_agent_picker] WARNING: [UnsupportedDeviceType] Family: Other, Brand: None, Model: None
2021-09-12 23:47:45 [scrapy_user_agents.user_agent_picker] WARNING: [UnsupportedBrowserType] Family: PhantomJS
2021-09-12 23:47:45 [scrapy_user_agents.user_agent_picker] WARNING: [UnsupportedBrowserType] Family: PhantomJS
2021-09-12 23:47:45 [scrapy_user_agents.user_agent_picker] WARNING: [UnsupportedBrowserType] Family: Robot
2021-09-12 23:47:45 [scrapy_user_agents.user_agent_picker] WARNING: [UnsupportedDeviceType] Family: Other, Brand: None, Model: None
2021-09-12 23:47:45 [scrapy_user_agents.user_agent_picker] WARNING: [UnsupportedBrowserType] Family: Zune
2021-09-12 23:47:45 [scrapy.middleware] INFO: Enabled downloader middlewares:
['scrapy.downloadermiddlewares.robotstxt.RobotsTxtMiddleware',
 'scrapy.downloadermiddlewares.httpauth.HttpAuthMiddleware',
 'scrapy.downloadermiddlewares.downloadtimeout.DownloadTimeoutMiddleware',
 'scrapy.downloadermiddlewares.defaultheaders.DefaultHeadersMiddleware',
 'scrapy_user_agents.middlewares.RandomUserAgentMiddleware',
 'scrapy.downloadermiddlewares.retry.RetryMiddleware',
 'scrapy.downloadermiddlewares.redirect.MetaRefreshMiddleware',
 'scrapy.downloadermiddlewares.httpcompression.HttpCompressionMiddleware',
 'scrapy.downloadermiddlewares.redirect.RedirectMiddleware',
 'scrapy.downloadermiddlewares.cookies.CookiesMiddleware',
 'scrapy.downloadermiddlewares.httpproxy.HttpProxyMiddleware',
 'scrapy.downloadermiddlewares.stats.DownloaderStats']
2021-09-12 23:47:45 [scrapy.middleware] INFO: Enabled spider middlewares:
['scrapy.spidermiddlewares.httperror.HttpErrorMiddleware',
 'scrapy.spidermiddlewares.offsite.OffsiteMiddleware',
 'scrapy.spidermiddlewares.referer.RefererMiddleware',
 'scrapy.spidermiddlewares.urllength.UrlLengthMiddleware',
 'scrapy.spidermiddlewares.depth.DepthMiddleware']
2021-09-12 23:47:46 [scrapy.middleware] INFO: Enabled item pipelines:
['avito.pipelines.MongoDBPipeline']
2021-09-12 23:47:46 [scrapy.core.engine] INFO: Spider opened
2021-09-12 23:47:46 [scrapy.extensions.logstats] INFO: Crawled 0 pages (at 0 pages/min), scraped 0 items (at 0 items/min)
2021-09-12 23:47:46 [scrapy.extensions.telnet] INFO: Telnet console listening on 127.0.0.1:6023
2021-09-12 23:47:46 [scrapy_user_agents.middlewares] DEBUG: Assigned User-Agent Mozilla/5.0 (Windows NT 6.1; WOW64) AppleWebKit/537.36 (KHTML, like Gecko) Chrome/45.0.2454.101 Safari/537.36
2021-09-12 23:47:47 [scrapy.core.engine] DEBUG: Crawled (200) <GET https://www.avito.ma/robots.txt> (referer: None)
2021-09-12 23:47:47 [scrapy_user_agents.middlewares] DEBUG: Assigned User-Agent Mozilla/5.0 (Windows NT 6.0; Win64; x64) AppleWebKit/537.36 (KHTML, like Gecko) Chrome/60.0.3112.90 Safari/537.36
2021-09-12 23:47:54 [scrapy.core.engine] DEBUG: Crawled (200) <GET https://www.avito.ma/fr/abaynou/v%C3%A9hicules-%C3%A0_vendre> (referer: None)
2021-09-12 23:47:54 [scrapy_user_agents.middlewares] DEBUG: Assigned User-Agent Mozilla/5.0 (Windows NT 10.0; Win64; x64) AppleWebKit/537.36 (KHTML, like Gecko) Chrome/62.0.3202.89 Safari/537.36
2021-09-12 23:47:54 [scrapy_user_agents.middlewares] DEBUG: Assigned User-Agent Mozilla/5.0 (Windows NT 10.0; Win64; x64) AppleWebKit/537.36 (KHTML, like Gecko) Chrome/60.0.3112.78 Safari/537.36
2021-09-12 23:47:56 [scrapy.core.engine] DEBUG: Crawled (200) <GET https://www.avito.ma/fr/abaynou/voitures/Renault_Kangoo_45797015.htm> (referer: https://www.avito.ma/fr/abaynou/v%C3%A9hicules-%C3%A0_vendre)
2021-09-12 23:47:56 [py.warnings] WARNING: /home/khalil/Projects/PFE/scrapy_app/avito-env/lib/python3.8/site-packages/scrapy/utils/project.py:81: ScrapyDeprecationWarning: Use of environment variables prefixed with SCRAPY_ to override settings is deprecated. The following environment variables are currently defined: JOB, LOG_FILE, SLOT, SPIDER
  warnings.warn(

2021-09-12 23:47:56 [scrapy.core.scraper] DEBUG: Scraped from <200 https://www.avito.ma/fr/abaynou/voitures/Renault_Kangoo_45797015.htm>
None
2021-09-12 23:47:56 [scrapy.core.scraper] DEBUG: Scraped from <200 https://www.avito.ma/fr/abaynou/voitures/Renault_Kangoo_45797015.htm>
{'product_data_items': {'address': None,
                        'area': 'Toute la ville',
                        'brand': 'Renault',
                        'bv': 'Manuelle',
                        'car_ac': '1',
                        'city': 'Abaynou',
                        'description': 'نقيا طوب مفيها تا ديفو',
                        'doors': '5',
                        'first_owner': 'Non',
                        'fuel': 'Diesel',
                        'has_shipping': False,
                        'is_seller_phone_verified': False,
                        'last_update_date': '2021-06-05 23:04:12',
                        'mileage': '85 000 - 89 999',
                        'model': 'Kangoo',
                        'number_of_images': 8,
                        'pfiscale': '6 CV',
                        'price': 135000,
                        'product_id': '60274123',
                        'regdate': '2017',
                        'seller_address': None,
                        'seller_name': 'عبد العالي ',
                        'seller_phone': '0701952104',
                        'seller_type': 'private',
                        'subject': 'Renault Kangoo',
                        'type': 'Voitures, Vente',
                        'url': 'https://www.avito.ma/fr/abaynou/voitures/Renault_Kangoo_45797015.htm',
                        'v_origin': 'WW au Maroc'}}
2021-09-12 23:48:04 [scrapy.downloadermiddlewares.retry] DEBUG: Retrying <GET https://www.avito.ma/fr/abaynou/pi%C3%A8ces_et_accessoires_v%C3%A9hicules/pi%C3%A8ces_pour_206_45213446.htm> (failed 1 times): 500 Internal Server Error
2021-09-12 23:48:04 [scrapy_user_agents.middlewares] DEBUG: Assigned User-Agent Mozilla/5.0 (Windows NT 10.0; WOW64) AppleWebKit/537.36 (KHTML, like Gecko) Chrome/61.0.3163.100 Safari/537.36
2021-09-12 23:48:08 [scrapy.core.engine] DEBUG: Crawled (200) <GET https://www.avito.ma/fr/abaynou/pi%C3%A8ces_et_accessoires_v%C3%A9hicules/pi%C3%A8ces_pour_206_45213446.htm> (referer: https://www.avito.ma/fr/abaynou/v%C3%A9hicules-%C3%A0_vendre)
2021-09-12 23:48:08 [scrapy.core.scraper] DEBUG: Scraped from <200 https://www.avito.ma/fr/abaynou/pi%C3%A8ces_et_accessoires_v%C3%A9hicules/pi%C3%A8ces_pour_206_45213446.htm>
None
2021-09-12 23:48:08 [scrapy.core.scraper] DEBUG: Scraped from <200 https://www.avito.ma/fr/abaynou/pi%C3%A8ces_et_accessoires_v%C3%A9hicules/pi%C3%A8ces_pour_206_45213446.htm>
{'product_data_items': {'address': None,
                        'area': 'Toute la ville',
                        'city': 'Abaynou',
                        'description': 'Je vends pièces 206 kg :bobines, bsm, '
                                       'compteur,roue 14......',
                        'has_shipping': False,
                        'is_seller_phone_verified': False,
                        'last_update_date': '2021-04-12 21:03:32',
                        'number_of_images': 2,
                        'price': 1200,
                        'product_id': '59305633',
                        'seller_address': None,
                        'seller_name': 'Omar',
                        'seller_phone': '0673517851',
                        'seller_type': 'private',
                        'subject': 'pièces pour 206',
                        'type': 'Pièces et accessoires pour véhicules, Vente',
                        'url': 'https://www.avito.ma/fr/abaynou/pièces_et_accessoires_véhicules/pièces_pour_206_45213446.htm'}}
2021-09-12 23:48:08 [scrapy.core.engine] INFO: Closing spider (finished)
2021-09-12 23:48:08 [scrapy.core.engine] ERROR: Scraper close failure
Traceback (most recent call last):
  File "/home/khalil/Projects/PFE/scrapy_app/avito-env/lib/python3.8/site-packages/twisted/internet/defer.py", line 858, in _runCallbacks
    current.result = callback(  # type: ignore[misc]
  File "/home/khalil/Projects/PFE/scrapy_app/avito/avito/pipelines.py", line 43, in close_spider
    _crawler_filter = {'task_id': self.jobId}
AttributeError: 'MongoDBPipeline' object has no attribute 'jobId'
2021-09-12 23:48:08 [scrapy.statscollectors] INFO: Dumping Scrapy stats:
{'downloader/request_bytes': 2085,
 'downloader/request_count': 5,
 'downloader/request_method_count/GET': 5,
 'downloader/response_bytes': 143432,
 'downloader/response_count': 5,
 'downloader/response_status_count/200': 4,
 'downloader/response_status_count/500': 1,
 'elapsed_time_seconds': 22.92352,
 'finish_reason': 'finished',
 'finish_time': datetime.datetime(2021, 9, 12, 22, 48, 8, 945286),
 'httpcompression/response_bytes': 605361,
 'httpcompression/response_count': 4,
 'item_scraped_count': 4,
 'log_count/DEBUG': 14,
 'log_count/ERROR': 1,
 'log_count/INFO': 10,
 'log_count/WARNING': 46,
 'memusage/max': 67756032,
 'memusage/startup': 67756032,
 'request_depth_max': 1,
 'response_received_count': 4,
 'retry/count': 1,
 'retry/reason_count/500 Internal Server Error': 1,
 'robotstxt/request_count': 1,
 'robotstxt/response_count': 1,
 'robotstxt/response_status_count/200': 1,
 'scheduler/dequeued': 4,
 'scheduler/dequeued/memory': 4,
 'scheduler/enqueued': 4,
 'scheduler/enqueued/memory': 4,
 'start_time': datetime.datetime(2021, 9, 12, 22, 47, 46, 21766)}
2021-09-12 23:48:08 [scrapy.core.engine] INFO: Spider closed (finished)
