2021-09-17 15:20:42 [scrapy.utils.log] INFO: Scrapy 2.5.0 started (bot: avito)
2021-09-17 15:20:42 [scrapy.utils.log] INFO: Versions: lxml 4.6.3.0, libxml2 2.9.10, cssselect 1.1.0, parsel 1.6.0, w3lib 1.22.0, Twisted 21.7.0, Python 3.8.10 (default, Jun  2 2021, 10:49:15) - [GCC 9.4.0], pyOpenSSL 20.0.1 (OpenSSL 1.1.1l  24 Aug 2021), cryptography 3.4.8, Platform Linux-5.11.0-34-generic-x86_64-with-glibc2.29
2021-09-17 15:20:42 [scrapy.utils.log] DEBUG: Using reactor: twisted.internet.epollreactor.EPollReactor
2021-09-17 15:20:42 [scrapy.crawler] INFO: Overridden settings:
{'BOT_NAME': 'avito',
 'DOWNLOAD_DELAY': 3,
 'FEED_EXPORT_ENCODING': 'utf-8',
 'LOG_FILE': 'logs/default/productspider/6f836d1e17c211ecb3e9eb2be6e979cc.log',
 'NEWSPIDER_MODULE': 'avito.spiders',
 'ROBOTSTXT_OBEY': True,
 'SPIDER_MODULES': ['avito.spiders']}
2021-09-17 15:20:42 [scrapy.extensions.telnet] INFO: Telnet Password: cf21286a39fa588d
2021-09-17 15:20:42 [scrapy.middleware] INFO: Enabled extensions:
['scrapy.extensions.corestats.CoreStats',
 'scrapy.extensions.telnet.TelnetConsole',
 'scrapy.extensions.memusage.MemoryUsage',
 'scrapy.extensions.logstats.LogStats']
2021-09-17 15:20:42 [scrapy_user_agents.user_agent_picker] WARNING: [UnsupportedBrowserType] Family: Android
2021-09-17 15:20:42 [scrapy_user_agents.user_agent_picker] WARNING: [UnsupportedDeviceType] Family: Other, Brand: None, Model: None
2021-09-17 15:20:43 [scrapy_user_agents.user_agent_picker] WARNING: [UnsupportedDeviceType] Family: Other, Brand: None, Model: None
2021-09-17 15:20:43 [scrapy_user_agents.user_agent_picker] WARNING: [UnsupportedDeviceType] Family: Other, Brand: None, Model: None
2021-09-17 15:20:43 [scrapy_user_agents.user_agent_picker] WARNING: [UnsupportedDeviceType] Family: Sony BDV13, Brand: Sony, Model: BDV13
2021-09-17 15:20:43 [scrapy_user_agents.user_agent_picker] WARNING: [UnsupportedDeviceType] Family: Nintendo DSi, Brand: Nintendo, Model: DSi
2021-09-17 15:20:43 [scrapy_user_agents.user_agent_picker] WARNING: [UnsupportedDeviceType] Family: Other, Brand: None, Model: None
2021-09-17 15:20:43 [scrapy_user_agents.user_agent_picker] WARNING: [UnsupportedBrowserType] Family: Other
2021-09-17 15:20:43 [scrapy_user_agents.user_agent_picker] WARNING: [UnsupportedDeviceType] Family: LYF F90M, Brand: LYF, Model: F90M
2021-09-17 15:20:43 [scrapy_user_agents.user_agent_picker] WARNING: [UnsupportedDeviceType] Family: Sony BDV14, Brand: Sony, Model: BDV14
2021-09-17 15:20:43 [scrapy_user_agents.user_agent_picker] WARNING: [UnsupportedDeviceType] Family: LG Web0S SmartTV, Brand: LG, Model: Web0S SmartTV
2021-09-17 15:20:43 [scrapy_user_agents.user_agent_picker] WARNING: [UnsupportedDeviceType] Family: Other, Brand: None, Model: None
2021-09-17 15:20:43 [scrapy_user_agents.user_agent_picker] WARNING: [UnsupportedDeviceType] Family: Other, Brand: None, Model: None
2021-09-17 15:20:43 [scrapy_user_agents.user_agent_picker] WARNING: [UnsupportedDeviceType] Family: Other, Brand: None, Model: None
2021-09-17 15:20:43 [scrapy_user_agents.user_agent_picker] WARNING: [UnsupportedDeviceType] Family: Other, Brand: None, Model: None
2021-09-17 15:20:43 [scrapy_user_agents.user_agent_picker] WARNING: [UnsupportedDeviceType] Family: Other, Brand: None, Model: None
2021-09-17 15:20:43 [scrapy_user_agents.user_agent_picker] WARNING: [UnsupportedDeviceType] Family: Other, Brand: None, Model: None
2021-09-17 15:20:43 [scrapy_user_agents.user_agent_picker] WARNING: [UnsupportedDeviceType] Family: Other, Brand: None, Model: None
2021-09-17 15:20:43 [scrapy_user_agents.user_agent_picker] WARNING: [UnsupportedDeviceType] Family: Sony BDV11, Brand: Sony, Model: BDV11
2021-09-17 15:20:43 [scrapy_user_agents.user_agent_picker] WARNING: [UnsupportedDeviceType] Family: Other, Brand: None, Model: None
2021-09-17 15:20:43 [scrapy_user_agents.user_agent_picker] WARNING: [UnsupportedDeviceType] Family: Other, Brand: None, Model: None
2021-09-17 15:20:43 [scrapy_user_agents.user_agent_picker] WARNING: [UnsupportedDeviceType] Family: Other, Brand: None, Model: None
2021-09-17 15:20:43 [scrapy_user_agents.user_agent_picker] WARNING: [UnsupportedDeviceType] Family: Other, Brand: None, Model: None
2021-09-17 15:20:43 [scrapy_user_agents.user_agent_picker] WARNING: [UnsupportedDeviceType] Family: Nintendo DSi, Brand: Nintendo, Model: DSi
2021-09-17 15:20:43 [scrapy_user_agents.user_agent_picker] WARNING: [UnsupportedDeviceType] Family: LYF LF-2403N, Brand: LYF, Model: LF-2403N
2021-09-17 15:20:43 [scrapy_user_agents.user_agent_picker] WARNING: [UnsupportedDeviceType] Family: LYF F90M, Brand: LYF, Model: F90M
2021-09-17 15:20:44 [scrapy_user_agents.user_agent_picker] WARNING: [UnsupportedDeviceType] Family: Other, Brand: None, Model: None
2021-09-17 15:20:44 [scrapy_user_agents.user_agent_picker] WARNING: [UnsupportedDeviceType] Family: Other, Brand: None, Model: None
2021-09-17 15:20:44 [scrapy_user_agents.user_agent_picker] WARNING: [UnsupportedBrowserType] Family: Applebot
2021-09-17 15:20:44 [scrapy_user_agents.user_agent_picker] WARNING: [UnsupportedDeviceType] Family: Other, Brand: None, Model: None
2021-09-17 15:20:44 [scrapy_user_agents.user_agent_picker] WARNING: [UnsupportedBrowserType] Family: Applebot
2021-09-17 15:20:44 [scrapy_user_agents.user_agent_picker] WARNING: [UnsupportedBrowserType] Family: Other
2021-09-17 15:20:44 [scrapy_user_agents.user_agent_picker] WARNING: [UnsupportedBrowserType] Family: Other
2021-09-17 15:20:44 [scrapy_user_agents.user_agent_picker] WARNING: [UnsupportedBrowserType] Family: PhantomJS
2021-09-17 15:20:44 [scrapy_user_agents.user_agent_picker] WARNING: [UnsupportedBrowserType] Family: SMTBot
2021-09-17 15:20:44 [scrapy_user_agents.user_agent_picker] WARNING: [UnsupportedBrowserType] Family: PhantomJS
2021-09-17 15:20:44 [scrapy_user_agents.user_agent_picker] WARNING: [UnsupportedBrowserType] Family: PhantomJS
2021-09-17 15:20:44 [scrapy_user_agents.user_agent_picker] WARNING: [UnsupportedBrowserType] Family: WebKit Nightly
2021-09-17 15:20:44 [scrapy_user_agents.user_agent_picker] WARNING: [UnsupportedBrowserType] Family: PhantomJS
2021-09-17 15:20:44 [scrapy_user_agents.user_agent_picker] WARNING: [UnsupportedDeviceType] Family: Other, Brand: None, Model: None
2021-09-17 15:20:45 [scrapy_user_agents.user_agent_picker] WARNING: [UnsupportedBrowserType] Family: PhantomJS
2021-09-17 15:20:45 [scrapy_user_agents.user_agent_picker] WARNING: [UnsupportedBrowserType] Family: PhantomJS
2021-09-17 15:20:45 [scrapy_user_agents.user_agent_picker] WARNING: [UnsupportedBrowserType] Family: Robot
2021-09-17 15:20:45 [scrapy_user_agents.user_agent_picker] WARNING: [UnsupportedDeviceType] Family: Other, Brand: None, Model: None
2021-09-17 15:20:45 [scrapy_user_agents.user_agent_picker] WARNING: [UnsupportedBrowserType] Family: Zune
2021-09-17 15:20:45 [scrapy.middleware] INFO: Enabled downloader middlewares:
['scrapy.downloadermiddlewares.robotstxt.RobotsTxtMiddleware',
 'scrapy.downloadermiddlewares.httpauth.HttpAuthMiddleware',
 'scrapy.downloadermiddlewares.downloadtimeout.DownloadTimeoutMiddleware',
 'scrapy.downloadermiddlewares.defaultheaders.DefaultHeadersMiddleware',
 'scrapy_user_agents.middlewares.RandomUserAgentMiddleware',
 'scrapy.downloadermiddlewares.retry.RetryMiddleware',
 'scrapy.downloadermiddlewares.redirect.MetaRefreshMiddleware',
 'scrapy.downloadermiddlewares.httpcompression.HttpCompressionMiddleware',
 'scrapy.downloadermiddlewares.redirect.RedirectMiddleware',
 'scrapy.downloadermiddlewares.cookies.CookiesMiddleware',
 'scrapy.downloadermiddlewares.httpproxy.HttpProxyMiddleware',
 'scrapy.downloadermiddlewares.stats.DownloaderStats']
2021-09-17 15:20:45 [scrapy.middleware] INFO: Enabled spider middlewares:
['scrapy.spidermiddlewares.httperror.HttpErrorMiddleware',
 'scrapy.spidermiddlewares.offsite.OffsiteMiddleware',
 'scrapy.spidermiddlewares.referer.RefererMiddleware',
 'scrapy.spidermiddlewares.urllength.UrlLengthMiddleware',
 'scrapy.spidermiddlewares.depth.DepthMiddleware']
2021-09-17 15:20:45 [scrapy.middleware] INFO: Enabled item pipelines:
['avito.pipelines.MongoDBPipeline']
2021-09-17 15:20:45 [scrapy.core.engine] INFO: Spider opened
2021-09-17 15:20:45 [scrapy.extensions.logstats] INFO: Crawled 0 pages (at 0 pages/min), scraped 0 items (at 0 items/min)
2021-09-17 15:20:45 [scrapy.extensions.telnet] INFO: Telnet console listening on 127.0.0.1:6023
2021-09-17 15:20:45 [scrapy_user_agents.middlewares] DEBUG: Assigned User-Agent Mozilla/5.0 (Windows NT 6.3; WOW64) AppleWebKit/537.36 (KHTML, like Gecko) Chrome/46.0.2490.86 Safari/537.36
2021-09-17 15:20:45 [scrapy.core.engine] DEBUG: Crawled (200) <GET https://www.avito.ma/robots.txt> (referer: None)
2021-09-17 15:20:45 [scrapy_user_agents.middlewares] DEBUG: Assigned User-Agent Mozilla/5.0 (Windows NT 6.0; WOW64) AppleWebKit/537.36 (KHTML, like Gecko) Chrome/46.0.2490.80 Safari/537.36
2021-09-17 15:20:50 [scrapy.core.engine] DEBUG: Crawled (200) <GET https://www.avito.ma/fr/bouznika/voitures-%C3%A0_vendre> (referer: None)
2021-09-17 15:20:50 [scrapy_user_agents.middlewares] DEBUG: Assigned User-Agent Mozilla/5.0 (Windows NT 10.0; Win64; x64) AppleWebKit/537.36 (KHTML, like Gecko) Chrome/57.0.2987.133 Safari/537.36
2021-09-17 15:20:50 [scrapy.dupefilters] DEBUG: Filtered duplicate request: <GET https://www.avito.ma/fr/bouznika/voitures-%C3%A0_vendre?o=2> - no more duplicates will be shown (see DUPEFILTER_DEBUG to show all duplicates)
2021-09-17 15:20:50 [scrapy_user_agents.middlewares] DEBUG: Assigned User-Agent Mozilla/5.0 (Windows NT 10.0; Win64; x64) AppleWebKit/537.36 (KHTML, like Gecko) Chrome/65.0.3325.181 Safari/537.36
2021-09-17 15:20:50 [scrapy_user_agents.middlewares] DEBUG: Assigned User-Agent Mozilla/5.0 (Windows NT 6.1; Win64; x64) AppleWebKit/537.36 (KHTML, like Gecko) Chrome/51.0.2704.106 Safari/537.36
2021-09-17 15:20:50 [scrapy_user_agents.middlewares] DEBUG: Assigned User-Agent Mozilla/5.0 (Windows NT 5.1; Win64; x64) AppleWebKit/537.36 (KHTML, like Gecko) Chrome/62.0.3202.89 Safari/537.36
2021-09-17 15:20:50 [scrapy_user_agents.middlewares] DEBUG: Assigned User-Agent Mozilla/5.0 (Windows NT 6.0; WOW64) AppleWebKit/537.36 (KHTML, like Gecko) Chrome/46.0.2490.80 Safari/537.36
2021-09-17 15:20:50 [scrapy_user_agents.middlewares] DEBUG: Assigned User-Agent Mozilla/5.0 (Windows NT 6.1) AppleWebKit/537.36 (KHTML, like Gecko) Chrome/51.0.2704.106 Safari/537.36
2021-09-17 15:20:50 [scrapy_user_agents.middlewares] DEBUG: Assigned User-Agent Mozilla/5.0 (Windows NT 6.1) AppleWebKit/537.36 (KHTML, like Gecko) Chrome/50.0.2661.102 Safari/537.36
2021-09-17 15:20:50 [scrapy_user_agents.middlewares] DEBUG: Assigned User-Agent Mozilla/5.0 (Windows NT 10.0; Win64; x64) AppleWebKit/537.36 (KHTML, like Gecko) Chrome/64.0.3282.140 Safari/537.36
2021-09-17 15:20:50 [scrapy_user_agents.middlewares] DEBUG: Assigned User-Agent Mozilla/5.0 (Windows NT 6.1; WOW64) AppleWebKit/537.36 (KHTML, like Gecko) Chrome/49.0.2623.87 Safari/537.36
2021-09-17 15:20:50 [scrapy_user_agents.middlewares] DEBUG: Assigned User-Agent Mozilla/5.0 (Windows NT 6.3; WOW64) AppleWebKit/537.36 (KHTML, like Gecko) Chrome/51.0.2704.106 Safari/537.36
2021-09-17 15:20:50 [scrapy_user_agents.middlewares] DEBUG: Assigned User-Agent Mozilla/5.0 (Windows NT 10.0; WOW64) AppleWebKit/537.36 (KHTML, like Gecko) Chrome/65.0.3325.181 Safari/537.36
2021-09-17 15:20:50 [scrapy_user_agents.middlewares] DEBUG: Assigned User-Agent Mozilla/5.0 (Windows NT 6.3; Win64; x64) AppleWebKit/537.36 (KHTML, like Gecko) Chrome/54.0.2840.99 Safari/537.36
2021-09-17 15:20:50 [scrapy_user_agents.middlewares] DEBUG: Assigned User-Agent Mozilla/5.0 (Windows NT 6.1; Win64; x64) AppleWebKit/537.36 (KHTML, like Gecko) Chrome/59.0.3071.115 Safari/537.36
2021-09-17 15:20:50 [scrapy_user_agents.middlewares] DEBUG: Assigned User-Agent Mozilla/5.0 (Windows NT 6.1; Win64; x64) AppleWebKit/537.36 (KHTML, like Gecko) Chrome/57.0.2987.98 Safari/537.36
2021-09-17 15:20:50 [scrapy_user_agents.middlewares] DEBUG: Assigned User-Agent Mozilla/5.0 (Windows NT 6.1; WOW64) AppleWebKit/537.36 (KHTML, like Gecko) Chrome/53.0.2785.143 Safari/537.36
2021-09-17 15:20:50 [scrapy_user_agents.middlewares] DEBUG: Assigned User-Agent Mozilla/5.0 (Windows NT 10.0; Win64; x64) AppleWebKit/537.36 (KHTML, like Gecko) Chrome/57.0.2987.133 Safari/537.36
2021-09-17 15:20:56 [scrapy.core.engine] DEBUG: Crawled (200) <GET https://www.avito.ma/fr/bouznika/voitures-%C3%A0_vendre> (referer: https://www.avito.ma/fr/bouznika/voitures-%C3%A0_vendre)
2021-09-17 15:20:56 [scrapy_user_agents.middlewares] DEBUG: Assigned User-Agent Mozilla/5.0 (Windows NT 6.1; Win64; x64) AppleWebKit/537.36 (KHTML, like Gecko) Chrome/60.0.3112.113 Safari/537.36
2021-09-17 15:20:56 [py.warnings] WARNING: /home/khalil/Projects/PFE/scrapy_app/avito-env/lib/python3.8/site-packages/scrapy/utils/project.py:81: ScrapyDeprecationWarning: Use of environment variables prefixed with SCRAPY_ to override settings is deprecated. The following environment variables are currently defined: JOB, LOG_FILE, SLOT, SPIDER
  warnings.warn(

2021-09-17 15:21:02 [scrapy.downloadermiddlewares.retry] DEBUG: Retrying <GET https://www.avito.ma/fr/autre_secteur/voitures/location_de_voiture__ford_fiesta_%C3%A0_T%C3%A9touan_martil_46478800.htm> (failed 1 times): 500 Internal Server Error
2021-09-17 15:21:02 [scrapy_user_agents.middlewares] DEBUG: Assigned User-Agent Mozilla/5.0 (Windows NT 6.3; WOW64) AppleWebKit/537.36 (KHTML, like Gecko) Chrome/52.0.2743.116 Safari/537.36
2021-09-17 15:21:02 [scrapy.core.engine] DEBUG: Crawled (200) <GET https://www.avito.ma/fr/bouznika/voitures-%C3%A0_vendre?o=7> (referer: https://www.avito.ma/fr/bouznika/voitures-%C3%A0_vendre)
2021-09-17 15:21:02 [scrapy_user_agents.middlewares] DEBUG: Assigned User-Agent Mozilla/5.0 (Windows NT 10.0; Win64; x64) AppleWebKit/537.36 (KHTML, like Gecko) Chrome/60.0.3112.90 Safari/537.36
2021-09-17 15:21:06 [scrapy.core.engine] DEBUG: Crawled (200) <GET https://www.avito.ma/fr/bouznika/voitures-%C3%A0_vendre?o=6> (referer: https://www.avito.ma/fr/bouznika/voitures-%C3%A0_vendre)
2021-09-17 15:21:06 [scrapy_user_agents.middlewares] DEBUG: Assigned User-Agent Mozilla/5.0 (Windows NT 6.2; Win64; x64) AppleWebKit/537.36 (KHTML, like Gecko) Chrome/54.0.2840.99 Safari/537.36
2021-09-17 15:21:08 [scrapy.core.engine] DEBUG: Crawled (200) <GET https://www.avito.ma/fr/bouznika/voitures-%C3%A0_vendre?o=2785> (referer: https://www.avito.ma/fr/bouznika/voitures-%C3%A0_vendre)
2021-09-17 15:21:08 [scrapy_user_agents.middlewares] DEBUG: Assigned User-Agent Mozilla/5.0 (Windows NT 10.0; WOW64) AppleWebKit/537.36 (KHTML, like Gecko) Chrome/61.0.3163.100 Safari/537.36
2021-09-17 15:21:12 [scrapy.core.engine] DEBUG: Crawled (200) <GET https://www.avito.ma/fr/bouznika/voitures-%C3%A0_vendre?o=5> (referer: https://www.avito.ma/fr/bouznika/voitures-%C3%A0_vendre)
2021-09-17 15:21:12 [scrapy_user_agents.middlewares] DEBUG: Assigned User-Agent Mozilla/5.0 (Windows NT 10.0; Win64; x64) AppleWebKit/537.36 (KHTML, like Gecko) Chrome/66.0.3359.139 Safari/537.36
2021-09-17 15:21:21 [scrapy.downloadermiddlewares.retry] DEBUG: Retrying <GET https://www.avito.ma/fr/bouznika/voitures-%C3%A0_vendre?o=4> (failed 1 times): 500 Internal Server Error
2021-09-17 15:21:21 [scrapy_user_agents.middlewares] DEBUG: Assigned User-Agent Mozilla/5.0 (Windows NT 6.0; WOW64) AppleWebKit/537.36 (KHTML, like Gecko) Chrome/50.0.2661.94 Safari/537.36
2021-09-17 15:21:24 [scrapy.core.engine] DEBUG: Crawled (200) <GET https://www.avito.ma/fr/bouznika/voitures-%C3%A0_vendre?o=3> (referer: https://www.avito.ma/fr/bouznika/voitures-%C3%A0_vendre)
2021-09-17 15:21:24 [scrapy_user_agents.middlewares] DEBUG: Assigned User-Agent Mozilla/5.0 (Windows NT 6.1) AppleWebKit/537.36 (KHTML, like Gecko) Chrome/65.0.3325.181 Safari/537.36
2021-09-17 15:21:28 [scrapy.core.engine] DEBUG: Crawled (200) <GET https://www.avito.ma/fr/lissasfa/voitures/fiat_doblo__46547984.htm> (referer: https://www.avito.ma/fr/bouznika/voitures-%C3%A0_vendre)
2021-09-17 15:21:28 [scrapy_user_agents.middlewares] DEBUG: Assigned User-Agent Mozilla/5.0 (Windows NT 10.0; WOW64) AppleWebKit/537.36 (KHTML, like Gecko) Chrome/52.0.2743.116 Safari/537.36
2021-09-17 15:21:28 [scrapy.core.scraper] DEBUG: Scraped from <200 https://www.avito.ma/fr/lissasfa/voitures/fiat_doblo__46547984.htm>
None
2021-09-17 15:21:28 [scrapy.core.scraper] DEBUG: Scraped from <200 https://www.avito.ma/fr/lissasfa/voitures/fiat_doblo__46547984.htm>
{'product_data_items': {'address': None,
                        'area': 'Lissasfa',
                        'brand': 'Fiat',
                        'bv': 'Manuelle',
                        'car_abs': '1',
                        'car_airbags': '1',
                        'car_cruise_control': '1',
                        'car_electric_windows': '1',
                        'car_esp': '1',
                        'car_speed_limiter': '1',
                        'cd_mp3_bt': '1',
                        'city': 'Casablanca',
                        'description': 'je veux vendre ma voiture  jamais '
                                       'accident 1ère man bon état ',
                        'doors': '5',
                        'first_owner': 'Oui',
                        'fuel': 'Diesel',
                        'has_shipping': False,
                        'is_seller_phone_verified': False,
                        'last_update_date': '2021-09-17 15:08:59',
                        'mileage': '80 000 - 84 999',
                        'model': 'Doblo',
                        'number_of_images': 5,
                        'pfiscale': '5 CV',
                        'price': 86000,
                        'product_id': '61304723',
                        'regdate': '2017',
                        'seller_address': None,
                        'seller_name': 'Zouhair',
                        'seller_phone': None,
                        'seller_type': 'shop',
                        'subject': 'fiat doblo ',
                        'type': 'Voitures, Vente',
                        'url': 'https://www.avito.ma/fr/lissasfa/voitures/fiat_doblo__46547984.htm',
                        'v_origin': 'WW au Maroc'}}
2021-09-17 15:21:31 [scrapy.core.engine] DEBUG: Crawled (200) <GET https://www.avito.ma/fr/mekn%C3%A8s/voitures/golf_4_ded%C3%A9oun%C3%A9_2009_tout_option_47144569.htm> (referer: https://www.avito.ma/fr/bouznika/voitures-%C3%A0_vendre)
2021-09-17 15:21:31 [scrapy_user_agents.middlewares] DEBUG: Assigned User-Agent Mozilla/5.0 (Windows NT 6.1) AppleWebKit/537.36 (KHTML, like Gecko) Chrome/58.0.3029.81 Safari/537.36
2021-09-17 15:21:31 [scrapy.core.scraper] DEBUG: Scraped from <200 https://www.avito.ma/fr/mekn%C3%A8s/voitures/golf_4_ded%C3%A9oun%C3%A9_2009_tout_option_47144569.htm>
None
2021-09-17 15:21:31 [scrapy.core.scraper] DEBUG: Scraped from <200 https://www.avito.ma/fr/mekn%C3%A8s/voitures/golf_4_ded%C3%A9oun%C3%A9_2009_tout_option_47144569.htm>
{'product_data_items': {'address': None,
                        'brand': 'Volkswagen',
                        'bv': 'Manuelle',
                        'car_abs': '1',
                        'car_ac': '1',
                        'car_airbags': '1',
                        'car_central_locking': '1',
                        'car_electric_windows': '1',
                        'car_esp': '1',
                        'car_onboard_computer': '1',
                        'car_rims': '1',
                        'cd_mp3_bt': '1',
                        'city': 'Meknès',
                        'description': 'slm je met en vente ma voiture golf 4 '
                                       '2001 dédeouana 2009 tres bon etat '
                                       'jamais accident et motor 115ch 6 ieme '
                                       'vitesse tout option claim dégitel et '
                                       'airbag  et centraliser et vétrie '
                                       'éléctrique et volon croisé et salon '
                                       'original propre plus formations '
                                       'contacter moi les serieux svp et '
                                       'merci ',
                        'doors': '5',
                        'first_owner': 'Non',
                        'fuel': 'Diesel',
                        'has_shipping': False,
                        'is_seller_phone_verified': False,
                        'last_update_date': '2021-09-17 15:09:00',
                        'mileage': '300 000 - 349 999',
                        'model': 'GOLF 4',
                        'number_of_images': 1,
                        'pfiscale': '8 CV',
                        'price': 78000,
                        'product_id': '62089999',
                        'regdate': '2001',
                        'seller_address': None,
                        'seller_name': 'Salam',
                        'seller_phone': '0600577200',
                        'seller_type': 'private',
                        'subject': 'golf 4 dedéouné 2009 tout option',
                        'type': 'Voitures, Vente',
                        'url': 'https://www.avito.ma/fr/meknès/voitures/golf_4_dedéouné_2009_tout_option_47144569.htm',
                        'v_origin': 'Dédouanée'}}
2021-09-17 15:21:31 [scrapy.core.engine] DEBUG: Crawled (200) <GET https://www.avito.ma/fr/bouznika/voitures-%C3%A0_vendre?o=2> (referer: https://www.avito.ma/fr/bouznika/voitures-%C3%A0_vendre)
2021-09-17 15:21:31 [scrapy_user_agents.middlewares] DEBUG: Assigned User-Agent Mozilla/5.0 (Windows NT 10.0; Win64; x64) AppleWebKit/537.36 (KHTML, like Gecko) Chrome/60.0.3112.78 Safari/537.36
2021-09-17 15:21:33 [scrapy.core.engine] DEBUG: Crawled (200) <GET https://www.avito.ma/fr/2_mars/voitures/Dacia_Dokker_loureat_clim_20_44933517.htm> (referer: https://www.avito.ma/fr/bouznika/voitures-%C3%A0_vendre)
2021-09-17 15:21:33 [scrapy_user_agents.middlewares] DEBUG: Assigned User-Agent Mozilla/5.0 (Windows NT 6.3; Win64; x64) AppleWebKit/537.36 (KHTML, like Gecko) Chrome/65.0.3325.181 Safari/537.36
2021-09-17 15:21:33 [scrapy.core.scraper] DEBUG: Scraped from <200 https://www.avito.ma/fr/2_mars/voitures/Dacia_Dokker_loureat_clim_20_44933517.htm>
None
2021-09-17 15:21:33 [scrapy.core.scraper] DEBUG: Scraped from <200 https://www.avito.ma/fr/2_mars/voitures/Dacia_Dokker_loureat_clim_20_44933517.htm>
{'product_data_items': {'address': None,
                        'area': '2 Mars',
                        'brand': 'Dacia',
                        'bv': 'Manuelle',
                        'car_abs': '1',
                        'car_ac': '1',
                        'car_airbags': '1',
                        'car_central_locking': '1',
                        'car_cruise_control': '1',
                        'car_electric_windows': '1',
                        'car_esp': '1',
                        'car_navigation': '1',
                        'car_onboard_computer': '1',
                        'car_reverse_camera': '1',
                        'car_reverse_radar': '1',
                        'car_speed_limiter': '1',
                        'cd_mp3_bt': '1',
                        'city': 'Casablanca',
                        'description': 'je vend ma voiture Dacia Dokker noveau '
                                       'modèle loureat clim vitre électrique '
                                       'porte centralisé telecomond à distance '
                                       'première main peinture d original 4 '
                                       'pneus neufs....',
                        'doors': '5',
                        'first_owner': 'Oui',
                        'fuel': 'Diesel',
                        'has_shipping': False,
                        'is_seller_phone_verified': False,
                        'last_update_date': '2021-09-17 15:09:11',
                        'mileage': '95 000 - 99 999',
                        'model': 'Dokker',
                        'number_of_images': 8,
                        'pfiscale': '6 CV',
                        'price': 105000,
                        'product_id': '58768900',
                        'regdate': '2020',
                        'seller_address': None,
                        'seller_name': 'haj',
                        'seller_phone': '0662098304',
                        'seller_type': 'private',
                        'subject': 'Dacia Dokker loureat clim 20',
                        'type': 'Voitures, Vente',
                        'url': 'https://www.avito.ma/fr/2_mars/voitures/Dacia_Dokker_loureat_clim_20_44933517.htm',
                        'v_origin': 'WW au Maroc'}}
2021-09-17 15:21:37 [scrapy.downloadermiddlewares.retry] DEBUG: Retrying <GET https://www.avito.ma/fr/autre_secteur/voitures/Avito_Bi3_liya_Ford_Kuga_47125632.htm> (failed 1 times): 500 Internal Server Error
2021-09-17 15:21:37 [scrapy_user_agents.middlewares] DEBUG: Assigned User-Agent Mozilla/5.0 (Windows NT 6.3; Win64; x64) AppleWebKit/537.36 (KHTML, like Gecko) Chrome/60.0.3112.113 Safari/537.36
2021-09-17 15:21:40 [scrapy.core.engine] DEBUG: Crawled (200) <GET https://www.avito.ma/fr/alsace_lorraine/voitures/Volkswagen_Tiguan_45278574.htm> (referer: https://www.avito.ma/fr/bouznika/voitures-%C3%A0_vendre)
2021-09-17 15:21:40 [scrapy_user_agents.middlewares] DEBUG: Assigned User-Agent Mozilla/5.0 (Windows NT 6.1; WOW64) AppleWebKit/537.36 (KHTML, like Gecko) Chrome/49.0.2623.112 Safari/537.36
2021-09-17 15:21:40 [scrapy.core.scraper] DEBUG: Scraped from <200 https://www.avito.ma/fr/alsace_lorraine/voitures/Volkswagen_Tiguan_45278574.htm>
None
2021-09-17 15:21:41 [scrapy.core.scraper] DEBUG: Scraped from <200 https://www.avito.ma/fr/alsace_lorraine/voitures/Volkswagen_Tiguan_45278574.htm>
{'product_data_items': {'address': None,
                        'area': 'Alsace Lorraine',
                        'brand': 'Volkswagen',
                        'bv': 'Automatique',
                        'car_abs': '1',
                        'car_ac': '1',
                        'car_airbags': '1',
                        'car_central_locking': '1',
                        'car_cruise_control': '1',
                        'car_electric_windows': '1',
                        'car_esp': '1',
                        'car_leather': '1',
                        'car_navigation': '1',
                        'car_onboard_computer': '1',
                        'car_reverse_camera': '1',
                        'car_reverse_radar': '1',
                        'car_rims': '1',
                        'car_roof': '1',
                        'car_speed_limiter': '1',
                        'cd_mp3_bt': '1',
                        'city': 'Casablanca',
                        'description': 'Garage Lahcen,vous propose Volkswagen '
                                       'Tiguan w MAROC premiere main,disposant '
                                       'de plusieures options:TOIT PANORAMIQUE '
                                       'OUVRANTLED FEU DE JOUR XENON '
                                       'BIXENONCAMERA DE RECUL ET RADAR AV '
                                       'ARCOFFRE ELECTRIQUETABLEAU DE BORD '
                                       'DIGITALSIEGE CUIR MEMOIRE ET '
                                       "CHAUFFANT.....POUR PLUS D'INFO VISITER "
                                       'NOTRE SHOWROOM',
                        'doors': '5',
                        'first_owner': 'Oui',
                        'fuel': 'Diesel',
                        'has_shipping': False,
                        'is_seller_phone_verified': False,
                        'last_update_date': '2021-09-17 15:09:41',
                        'mileage': '110 000 - 119 999',
                        'model': 'Tiguan',
                        'number_of_images': 8,
                        'pfiscale': '8 CV',
                        'price': None,
                        'product_id': '59427899',
                        'regdate': '2017',
                        'seller_address': None,
                        'seller_name': 'Garage Lahcen',
                        'seller_phone': '0661175778',
                        'seller_type': 'shop',
                        'subject': 'Volkswagen Tiguan',
                        'type': 'Voitures, Vente',
                        'url': 'https://www.avito.ma/fr/alsace_lorraine/voitures/Volkswagen_Tiguan_45278574.htm',
                        'v_origin': 'WW au Maroc'}}
2021-09-17 15:21:45 [scrapy.extensions.logstats] INFO: Crawled 13 pages (at 13 pages/min), scraped 8 items (at 8 items/min)
2021-09-17 15:21:49 [scrapy.core.engine] DEBUG: Crawled (200) <GET https://www.avito.ma/fr/hay_el_fath/voitures/Maserati_levante_Diesel_47056329.htm> (referer: https://www.avito.ma/fr/bouznika/voitures-%C3%A0_vendre)
2021-09-17 15:21:49 [scrapy_user_agents.middlewares] DEBUG: Assigned User-Agent Mozilla/5.0 (Windows NT 10.0; WOW64) AppleWebKit/537.36 (KHTML, like Gecko) Chrome/46.0.2490.86 Safari/537.36
2021-09-17 15:21:49 [scrapy.core.engine] DEBUG: Crawled (200) <GET https://www.avito.ma/fr/alsace_lorraine/voitures/Porsche_Cayenne_Full_Diesel_43965352.htm> (referer: https://www.avito.ma/fr/bouznika/voitures-%C3%A0_vendre)
2021-09-17 15:21:49 [scrapy_user_agents.middlewares] DEBUG: Assigned User-Agent Mozilla/5.0 (Windows NT 6.1) AppleWebKit/537.36 (KHTML, like Gecko) Chrome/58.0.3029.110 Safari/537.36
2021-09-17 15:21:49 [scrapy.core.scraper] DEBUG: Scraped from <200 https://www.avito.ma/fr/hay_el_fath/voitures/Maserati_levante_Diesel_47056329.htm>
None
2021-09-17 15:21:50 [scrapy.core.scraper] DEBUG: Scraped from <200 https://www.avito.ma/fr/hay_el_fath/voitures/Maserati_levante_Diesel_47056329.htm>
{'product_data_items': {'address': None,
                        'area': 'Hay el Fath',
                        'brand': 'Maserati',
                        'bv': 'Automatique',
                        'car_ac': '1',
                        'car_airbags': '1',
                        'car_central_locking': '1',
                        'car_cruise_control': '1',
                        'car_electric_windows': '1',
                        'car_esp': '1',
                        'car_leather': '1',
                        'car_navigation': '1',
                        'car_onboard_computer': '1',
                        'car_reverse_camera': '1',
                        'car_reverse_radar': '1',
                        'car_rims': '1',
                        'car_roof': '1',
                        'car_speed_limiter': '1',
                        'cd_mp3_bt': '1',
                        'city': 'Rabat',
                        'description': 'Maserati levante DieselFull option '
                                       'Anne 2017 importeneuf ',
                        'doors': '5',
                        'first_owner': 'Oui',
                        'fuel': 'Diesel',
                        'has_shipping': False,
                        'is_seller_phone_verified': False,
                        'last_update_date': '2021-09-17 15:10:36',
                        'mileage': '100 000 - 109 999',
                        'model': '3200 GT',
                        'number_of_images': 8,
                        'pfiscale': '12 CV',
                        'price': None,
                        'product_id': '61972574',
                        'regdate': '2017',
                        'seller_address': None,
                        'seller_name': 'Auto mabchour',
                        'seller_phone': '0661111871',
                        'seller_type': 'shop',
                        'subject': 'Maserati levante Diesel',
                        'type': 'Voitures, Vente',
                        'url': 'https://www.avito.ma/fr/hay_el_fath/voitures/Maserati_levante_Diesel_47056329.htm',
                        'v_origin': 'Importée neuve'}}
2021-09-17 15:21:50 [scrapy.core.scraper] DEBUG: Scraped from <200 https://www.avito.ma/fr/alsace_lorraine/voitures/Porsche_Cayenne_Full_Diesel_43965352.htm>
None
2021-09-17 15:21:50 [scrapy.core.scraper] DEBUG: Scraped from <200 https://www.avito.ma/fr/alsace_lorraine/voitures/Porsche_Cayenne_Full_Diesel_43965352.htm>
{'product_data_items': {'address': None,
                        'area': 'Alsace Lorraine',
                        'brand': 'Porsche',
                        'bv': 'Automatique',
                        'car_abs': '1',
                        'car_ac': '1',
                        'car_airbags': '1',
                        'car_central_locking': '1',
                        'car_cruise_control': '1',
                        'car_electric_windows': '1',
                        'car_esp': '1',
                        'car_leather': '1',
                        'car_navigation': '1',
                        'car_onboard_computer': '1',
                        'car_reverse_camera': '1',
                        'car_reverse_radar': '1',
                        'car_rims': '1',
                        'car_roof': '1',
                        'car_speed_limiter': '1',
                        'cd_mp3_bt': '1',
                        'city': 'Casablanca',
                        'description': 'Garage Lahcen vous propose une Porsche '
                                       'Cayenne Diesel , 1ère et seule main , '
                                       '2015 dédouanée en 2017 , En très bon '
                                       'Etat général .Véhicule Full options et '
                                       'disposant de :Allumage auto des Phares '
                                       'Bi-Xénon , Détecteur de pluie ,Jantes '
                                       '21 pouces ,Suspension hydraulique '
                                       ',Grand Ecran de Navigation avec caméra '
                                       'de recul ,Boite automatique avec '
                                       'palette au volant , Dvd Arrière , ...',
                        'doors': '5',
                        'first_owner': 'Oui',
                        'fuel': 'Diesel',
                        'has_shipping': False,
                        'is_seller_phone_verified': False,
                        'last_update_date': '2021-09-17 15:10:25',
                        'mileage': '100 000 - 109 999',
                        'model': 'Cayenne',
                        'number_of_images': 8,
                        'pfiscale': '12 CV',
                        'price': None,
                        'product_id': '57199145',
                        'regdate': '2015',
                        'seller_address': None,
                        'seller_name': 'Garage Lahcen',
                        'seller_phone': '0661152047',
                        'seller_type': 'shop',
                        'subject': 'Porsche Cayenne Full Diesel',
                        'type': 'Voitures, Vente',
                        'url': 'https://www.avito.ma/fr/alsace_lorraine/voitures/Porsche_Cayenne_Full_Diesel_43965352.htm',
                        'v_origin': 'Dédouanée'}}
2021-09-17 15:21:52 [scrapy.core.engine] DEBUG: Crawled (200) <GET https://www.avito.ma/fr/agadir/voitures/Skoda_47144595.htm> (referer: https://www.avito.ma/fr/bouznika/voitures-%C3%A0_vendre)
2021-09-17 15:21:52 [scrapy_user_agents.middlewares] DEBUG: Assigned User-Agent Mozilla/5.0 (Windows NT 6.1; Win64; x64) AppleWebKit/537.36 (KHTML, like Gecko) Chrome/54.0.2840.99 Safari/537.36
2021-09-17 15:21:52 [scrapy.core.scraper] DEBUG: Scraped from <200 https://www.avito.ma/fr/agadir/voitures/Skoda_47144595.htm>
None
2021-09-17 15:21:53 [scrapy.core.scraper] DEBUG: Scraped from <200 https://www.avito.ma/fr/agadir/voitures/Skoda_47144595.htm>
{'product_data_items': {'address': None,
                        'brand': 'Skoda',
                        'bv': 'Manuelle',
                        'car_ac': '1',
                        'car_airbags': '1',
                        'car_central_locking': '1',
                        'car_electric_windows': '1',
                        'car_rims': '1',
                        'city': 'Agadir',
                        'description': 'Libraha mra7ba inzgan tarrast',
                        'doors': '5',
                        'first_owner': 'Non',
                        'fuel': 'Diesel',
                        'has_shipping': False,
                        'is_seller_phone_verified': True,
                        'last_update_date': '2021-09-17 15:10:50',
                        'mileage': '300 000 - 349 999',
                        'model': 'Octavia',
                        'number_of_images': 5,
                        'pfiscale': '8 CV',
                        'price': 58000,
                        'product_id': '62090039',
                        'regdate': '2003',
                        'seller_address': None,
                        'seller_name': 'علي علي',
                        'seller_phone': '0629772512',
                        'seller_type': 'private',
                        'subject': 'Skoda',
                        'type': 'Voitures, Vente',
                        'url': 'https://www.avito.ma/fr/agadir/voitures/Skoda_47144595.htm',
                        'v_origin': 'WW au Maroc'}}
2021-09-17 15:21:57 [scrapy.core.engine] DEBUG: Crawled (200) <GET https://www.avito.ma/fr/bouznika/voitures/Dacia_Logan_46986547.htm> (referer: https://www.avito.ma/fr/bouznika/voitures-%C3%A0_vendre)
2021-09-17 15:21:57 [scrapy_user_agents.middlewares] DEBUG: Assigned User-Agent Mozilla/5.0 (Windows NT 6.1) AppleWebKit/537.36 (KHTML, like Gecko) Chrome/55.0.2883.87 Safari/537.36
2021-09-17 15:21:58 [scrapy.core.scraper] DEBUG: Scraped from <200 https://www.avito.ma/fr/bouznika/voitures/Dacia_Logan_46986547.htm>
None
2021-09-17 15:21:58 [scrapy.core.scraper] DEBUG: Scraped from <200 https://www.avito.ma/fr/bouznika/voitures/Dacia_Logan_46986547.htm>
None
2021-09-17 15:22:03 [scrapy.core.engine] DEBUG: Crawled (200) <GET https://www.avito.ma/fr/quartier_industriel/voitures/Clio_4_46990088.htm> (referer: https://www.avito.ma/fr/bouznika/voitures-%C3%A0_vendre)
2021-09-17 15:22:03 [scrapy_user_agents.middlewares] DEBUG: Assigned User-Agent Mozilla/5.0 (Windows NT 6.3; Win64; x64) AppleWebKit/537.36 (KHTML, like Gecko) Chrome/58.0.3029.110 Safari/537.36
2021-09-17 15:22:03 [scrapy.core.scraper] DEBUG: Scraped from <200 https://www.avito.ma/fr/quartier_industriel/voitures/Clio_4_46990088.htm>
None
2021-09-17 15:22:03 [scrapy.core.scraper] DEBUG: Scraped from <200 https://www.avito.ma/fr/quartier_industriel/voitures/Clio_4_46990088.htm>
None
2021-09-17 15:22:05 [scrapy.core.engine] DEBUG: Crawled (200) <GET https://www.avito.ma/fr/bouznika/voitures/%D8%B1%D9%88%D9%86%D9%8819_43903971.htm> (referer: https://www.avito.ma/fr/bouznika/voitures-%C3%A0_vendre?o=7)
2021-09-17 15:22:05 [scrapy_user_agents.middlewares] DEBUG: Assigned User-Agent Mozilla/5.0 (Windows NT 6.1; Win64; x64) AppleWebKit/537.36 (KHTML, like Gecko) Chrome/65.0.3325.162 Safari/537.36
2021-09-17 15:22:05 [scrapy.core.scraper] DEBUG: Scraped from <200 https://www.avito.ma/fr/bouznika/voitures/%D8%B1%D9%88%D9%86%D9%8819_43903971.htm>
None
2021-09-17 15:22:05 [scrapy.core.scraper] DEBUG: Scraped from <200 https://www.avito.ma/fr/bouznika/voitures/%D8%B1%D9%88%D9%86%D9%8819_43903971.htm>
None
2021-09-17 15:22:05 [scrapy.core.engine] DEBUG: Crawled (200) <GET https://www.avito.ma/fr/autre_secteur/voitures/Fiat_PUNTO__Classique_45264528.htm> (referer: https://www.avito.ma/fr/bouznika/voitures-%C3%A0_vendre?o=6)
2021-09-17 15:22:05 [scrapy_user_agents.middlewares] DEBUG: Assigned User-Agent Mozilla/5.0 (Windows NT 6.1; WOW64) AppleWebKit/537.36 (KHTML, like Gecko) Chrome/65.0.3325.181 Safari/537.36
2021-09-17 15:22:05 [scrapy.core.scraper] DEBUG: Scraped from <200 https://www.avito.ma/fr/autre_secteur/voitures/Fiat_PUNTO__Classique_45264528.htm>
None
2021-09-17 15:22:05 [scrapy.core.scraper] DEBUG: Scraped from <200 https://www.avito.ma/fr/autre_secteur/voitures/Fiat_PUNTO__Classique_45264528.htm>
None
2021-09-17 15:22:09 [scrapy.core.engine] DEBUG: Crawled (200) <GET https://www.avito.ma/fr/hay_mohammadi/voitures/Volvo_S40__38449001.htm> (referer: https://www.avito.ma/fr/bouznika/voitures-%C3%A0_vendre?o=2785)
2021-09-17 15:22:09 [scrapy_user_agents.middlewares] DEBUG: Assigned User-Agent Mozilla/5.0 (Windows NT 6.1; Win64; x64) AppleWebKit/537.36 (KHTML, like Gecko) Chrome/65.0.3325.146 Safari/537.36
2021-09-17 15:22:09 [scrapy.core.scraper] DEBUG: Scraped from <200 https://www.avito.ma/fr/hay_mohammadi/voitures/Volvo_S40__38449001.htm>
None
2021-09-17 15:22:09 [scrapy.core.scraper] DEBUG: Scraped from <200 https://www.avito.ma/fr/hay_mohammadi/voitures/Volvo_S40__38449001.htm>
{'product_data_items': {'address': None,
                        'area': 'Hay Mohammadi',
                        'brand': 'Volvo',
                        'bv': 'Manuelle',
                        'car_rims': '1',
                        'city': 'Agadir',
                        'description': 'Salam alikom bghit nbi3 tomobila volvo '
                                       'moteur Mercedes 250 khsha turbo o '
                                       'batterie carrosserie nikal l moteur '
                                       'mazyan chritha bach ndawaz biha l '
                                       'vacance mais daba ghir ma7tota dariba '
                                       '2021 mkhalsa marhba ',
                        'doors': '5',
                        'first_owner': None,
                        'fuel': 'Diesel',
                        'has_shipping': False,
                        'is_seller_phone_verified': False,
                        'last_update_date': '2019-12-19 00:55:44',
                        'mileage': '25 000 - 29 999',
                        'model': 'S40',
                        'number_of_images': 4,
                        'pfiscale': '10 CV',
                        'price': 22000,
                        'product_id': '49045494',
                        'regdate': '1994',
                        'seller_address': None,
                        'seller_name': 'Salah',
                        'seller_phone': '0694119383',
                        'seller_type': 'private',
                        'subject': 'Volvo S40 ',
                        'type': 'Voitures, Vente',
                        'url': 'https://www.avito.ma/fr/hay_mohammadi/voitures/Volvo_S40__38449001.htm',
                        'v_origin': None}}
2021-09-17 15:22:12 [scrapy.crawler] INFO: Received SIGINT, shutting down gracefully. Send again to force 
2021-09-17 15:22:12 [scrapy.core.engine] INFO: Closing spider (shutdown)
2021-09-17 15:22:13 [scrapy.core.engine] DEBUG: Crawled (200) <GET https://www.avito.ma/fr/al_kawtar/voitures/Voiture_Volkswagen_gol_45536299.htm> (referer: https://www.avito.ma/fr/bouznika/voitures-%C3%A0_vendre?o=5)
2021-09-17 15:22:13 [scrapy.core.scraper] DEBUG: Scraped from <200 https://www.avito.ma/fr/al_kawtar/voitures/Voiture_Volkswagen_gol_45536299.htm>
None
2021-09-17 15:22:14 [scrapy.core.scraper] ERROR: Error processing {'product_data_items': {'address': None,
                        'area': 'Al Kawtar',
                        'brand': 'Volkswagen',
                        'bv': 'Manuelle',
                        'car_abs': '1',
                        'car_central_locking': '1',
                        'car_cruise_control': '1',
                        'car_electric_windows': '1',
                        'city': 'Bouznika',
                        'description': 'Je mets en vente ma voiture Gol , '
                                       'modèle 2005, Essense  tres economiqu,',
                        'doors': '5',
                        'first_owner': 'Oui',
                        'fuel': 'Essence',
                        'has_shipping': False,
                        'is_seller_phone_verified': False,
                        'last_update_date': '2021-05-14 20:30:29',
                        'mileage': '20 000 - 24 999',
                        'model': 'Gol',
                        'number_of_images': 6,
                        'pfiscale': '6 CV',
                        'price': 36000,
                        'product_id': '59873924',
                        'regdate': '2005',
                        'seller_address': None,
                        'seller_name': 'Marjani',
                        'seller_phone': '0678164290',
                        'seller_type': 'private',
                        'subject': 'Voiture Volkswagen gol',
                        'type': 'Voitures, Vente',
                        'url': 'https://www.avito.ma/fr/al_kawtar/voitures/Voiture_Volkswagen_gol_45536299.htm',
                        'v_origin': 'Dédouanée'}}
Traceback (most recent call last):
  File "/home/khalil/Projects/PFE/scrapy_app/avito-env/lib/python3.8/site-packages/twisted/internet/defer.py", line 858, in _runCallbacks
    current.result = callback(  # type: ignore[misc]
  File "/home/khalil/Projects/PFE/scrapy_app/avito-env/lib/python3.8/site-packages/scrapy/utils/defer.py", line 150, in f
    return deferred_from_coro(coro_f(*coro_args, **coro_kwargs))
  File "/home/khalil/Projects/PFE/scrapy_app/avito/avito/pipelines.py", line 77, in process_item
    return print(colored(item_return, 'yellow'))
BrokenPipeError: [Errno 32] Broken pipe
2021-09-17 15:22:20 [scrapy.core.engine] DEBUG: Crawled (200) <GET https://www.avito.ma/fr/bouznika/voitures/Renault_Clio__45541095.htm> (referer: https://www.avito.ma/fr/bouznika/voitures-%C3%A0_vendre?o=5)
2021-09-17 15:22:20 [scrapy.core.scraper] DEBUG: Scraped from <200 https://www.avito.ma/fr/bouznika/voitures/Renault_Clio__45541095.htm>
None
2021-09-17 15:22:20 [scrapy.core.scraper] DEBUG: Scraped from <200 https://www.avito.ma/fr/bouznika/voitures/Renault_Clio__45541095.htm>
None
2021-09-17 15:22:22 [scrapy.core.engine] DEBUG: Crawled (200) <GET https://www.avito.ma/fr/bouznika/voitures/GOLF_2_46199828.htm> (referer: https://www.avito.ma/fr/bouznika/voitures-%C3%A0_vendre?o=3)
2021-09-17 15:22:22 [scrapy.core.scraper] DEBUG: Scraped from <200 https://www.avito.ma/fr/bouznika/voitures/GOLF_2_46199828.htm>
None
2021-09-17 15:22:22 [scrapy.core.scraper] DEBUG: Scraped from <200 https://www.avito.ma/fr/bouznika/voitures/GOLF_2_46199828.htm>
None
2021-09-17 15:22:25 [scrapy.core.engine] DEBUG: Crawled (200) <GET https://www.avito.ma/fr/bouznika/voitures/Peugeot_46208467.htm> (referer: https://www.avito.ma/fr/bouznika/voitures-%C3%A0_vendre?o=3)
2021-09-17 15:22:25 [scrapy.core.scraper] DEBUG: Scraped from <200 https://www.avito.ma/fr/bouznika/voitures/Peugeot_46208467.htm>
None
2021-09-17 15:22:25 [scrapy.core.scraper] DEBUG: Scraped from <200 https://www.avito.ma/fr/bouznika/voitures/Peugeot_46208467.htm>
None
2021-09-17 15:22:32 [scrapy.core.engine] DEBUG: Crawled (200) <GET https://www.avito.ma/fr/autre_secteur/voitures/Renault_Kangoo_46844109.htm> (referer: https://www.avito.ma/fr/bouznika/voitures-%C3%A0_vendre?o=2)
2021-09-17 15:22:32 [scrapy.core.scraper] DEBUG: Scraped from <200 https://www.avito.ma/fr/autre_secteur/voitures/Renault_Kangoo_46844109.htm>
None
2021-09-17 15:22:33 [scrapy.core.scraper] DEBUG: Scraped from <200 https://www.avito.ma/fr/autre_secteur/voitures/Renault_Kangoo_46844109.htm>
None
2021-09-17 15:22:34 [scrapy.core.engine] DEBUG: Crawled (200) <GET https://www.avito.ma/fr/bouznika/voitures/Laguna_3_46220537.htm> (referer: https://www.avito.ma/fr/bouznika/voitures-%C3%A0_vendre?o=3)
2021-09-17 15:22:34 [scrapy.core.scraper] DEBUG: Scraped from <200 https://www.avito.ma/fr/bouznika/voitures/Laguna_3_46220537.htm>
None
2021-09-17 15:22:34 [scrapy.core.scraper] ERROR: Error processing {'product_data_items': {'address': None,
                        'brand': 'Renault',
                        'bv': 'Manuelle',
                        'car_abs': '1',
                        'car_ac': '1',
                        'car_airbags': '1',
                        'car_central_locking': '1',
                        'car_cruise_control': '1',
                        'car_electric_windows': '1',
                        'car_esp': '1',
                        'car_onboard_computer': '1',
                        'car_reverse_radar': '1',
                        'car_rims': '1',
                        'car_speed_limiter': '1',
                        'cd_mp3_bt': '1',
                        'city': 'Bouznika',
                        'description': 'Je met en vente ma voiture laguna 3 ',
                        'doors': '5',
                        'first_owner': 'Non',
                        'fuel': 'Diesel',
                        'has_shipping': False,
                        'is_seller_phone_verified': True,
                        'last_update_date': '2021-07-08 14:50:23',
                        'mileage': '200 000 - 249 999',
                        'model': 'Laguna',
                        'number_of_images': 7,
                        'pfiscale': '8 CV',
                        'price': None,
                        'product_id': '60873950',
                        'regdate': '2009',
                        'seller_address': None,
                        'seller_name': 'Rachid',
                        'seller_phone': '0661082860',
                        'seller_type': 'private',
                        'subject': 'Laguna 3',
                        'type': 'Voitures, Vente',
                        'url': 'https://www.avito.ma/fr/bouznika/voitures/Laguna_3_46220537.htm',
                        'v_origin': 'WW au Maroc'}}
Traceback (most recent call last):
  File "/home/khalil/Projects/PFE/scrapy_app/avito-env/lib/python3.8/site-packages/twisted/internet/defer.py", line 858, in _runCallbacks
    current.result = callback(  # type: ignore[misc]
  File "/home/khalil/Projects/PFE/scrapy_app/avito-env/lib/python3.8/site-packages/scrapy/utils/defer.py", line 150, in f
    return deferred_from_coro(coro_f(*coro_args, **coro_kwargs))
  File "/home/khalil/Projects/PFE/scrapy_app/avito/avito/pipelines.py", line 77, in process_item
    return print(colored(item_return, 'yellow'))
BrokenPipeError: [Errno 32] Broken pipe
2021-09-17 15:22:38 [scrapy.core.engine] DEBUG: Crawled (200) <GET https://www.avito.ma/fr/autre_secteur/voitures/Dacia_Logan_46665155.htm> (referer: https://www.avito.ma/fr/bouznika/voitures-%C3%A0_vendre?o=2)
2021-09-17 15:22:38 [scrapy.core.scraper] DEBUG: Scraped from <200 https://www.avito.ma/fr/autre_secteur/voitures/Dacia_Logan_46665155.htm>
None
2021-09-17 15:22:38 [scrapy.core.scraper] DEBUG: Scraped from <200 https://www.avito.ma/fr/autre_secteur/voitures/Dacia_Logan_46665155.htm>
None
2021-09-17 15:22:39 [scrapy.core.engine] DEBUG: Crawled (200) <GET https://www.avito.ma/fr/bouznika/voitures/Passat_B6_46672424.htm> (referer: https://www.avito.ma/fr/bouznika/voitures-%C3%A0_vendre?o=2)
2021-09-17 15:22:39 [scrapy.core.scraper] DEBUG: Scraped from <200 https://www.avito.ma/fr/bouznika/voitures/Passat_B6_46672424.htm>
None
2021-09-17 15:22:39 [scrapy.core.scraper] DEBUG: Scraped from <200 https://www.avito.ma/fr/bouznika/voitures/Passat_B6_46672424.htm>
None
2021-09-17 15:22:45 [scrapy.extensions.logstats] INFO: Crawled 29 pages (at 16 pages/min), scraped 38 items (at 30 items/min)
2021-09-17 15:22:45 [scrapy.core.engine] DEBUG: Crawled (200) <GET https://www.avito.ma/fr/bouznika/voitures/Peugeot_301__46677625.htm> (referer: https://www.avito.ma/fr/bouznika/voitures-%C3%A0_vendre?o=2)
2021-09-17 15:22:45 [scrapy.core.scraper] DEBUG: Scraped from <200 https://www.avito.ma/fr/bouznika/voitures/Peugeot_301__46677625.htm>
None
2021-09-17 15:22:45 [scrapy.core.scraper] DEBUG: Scraped from <200 https://www.avito.ma/fr/bouznika/voitures/Peugeot_301__46677625.htm>
None
2021-09-17 15:22:46 [scrapy.core.engine] DEBUG: Crawled (200) <GET https://www.avito.ma/fr/plage_oued_cherrat/voitures/Bmw_s%C3%A9rie_3__46678364.htm> (referer: https://www.avito.ma/fr/bouznika/voitures-%C3%A0_vendre?o=2)
2021-09-17 15:22:46 [scrapy.core.scraper] DEBUG: Scraped from <200 https://www.avito.ma/fr/plage_oued_cherrat/voitures/Bmw_s%C3%A9rie_3__46678364.htm>
None
2021-09-17 15:22:46 [scrapy.core.scraper] ERROR: Error processing {'product_data_items': {'address': None,
                        'area': 'Plage Oued Cherrat',
                        'brand': 'BMW',
                        'bv': 'Automatique',
                        'city': 'Bouznika',
                        'description': 'je met en vente Série 3 ,318D pack '
                                       'moderne 08/2012 ,très bonne état '
                                       ',aucun frais à prévoir 4 pneus neufs '
                                       ',3 mode de conduite sport économique '
                                       'et pro très propre.',
                        'doors': '5',
                        'first_owner': None,
                        'fuel': 'Diesel',
                        'has_shipping': False,
                        'is_seller_phone_verified': False,
                        'last_update_date': '2021-08-16 04:51:53',
                        'mileage': '160 000 - 169 999',
                        'model': 'Serie 3',
                        'number_of_images': 6,
                        'pfiscale': '8 CV',
                        'price': 183000,
                        'product_id': '61481165',
                        'regdate': '2012',
                        'seller_address': None,
                        'seller_name': 'ayoub',
                        'seller_phone': '0661691995',
                        'seller_type': 'private',
                        'subject': 'Bmw série 3 ',
                        'type': 'Voitures, Vente',
                        'url': 'https://www.avito.ma/fr/plage_oued_cherrat/voitures/Bmw_série_3__46678364.htm',
                        'v_origin': None}}
Traceback (most recent call last):
  File "/home/khalil/Projects/PFE/scrapy_app/avito-env/lib/python3.8/site-packages/twisted/internet/defer.py", line 858, in _runCallbacks
    current.result = callback(  # type: ignore[misc]
  File "/home/khalil/Projects/PFE/scrapy_app/avito-env/lib/python3.8/site-packages/scrapy/utils/defer.py", line 150, in f
    return deferred_from_coro(coro_f(*coro_args, **coro_kwargs))
  File "/home/khalil/Projects/PFE/scrapy_app/avito/avito/pipelines.py", line 77, in process_item
    return print(colored(item_return, 'yellow'))
BrokenPipeError: [Errno 32] Broken pipe
2021-09-17 15:22:53 [scrapy.core.engine] DEBUG: Crawled (200) <GET https://www.avito.ma/fr/bouznika/voitures/E71_pack_M_46692123.htm> (referer: https://www.avito.ma/fr/bouznika/voitures-%C3%A0_vendre?o=2)
2021-09-17 15:22:54 [scrapy.core.scraper] DEBUG: Scraped from <200 https://www.avito.ma/fr/bouznika/voitures/E71_pack_M_46692123.htm>
None
2021-09-17 15:22:54 [scrapy.core.scraper] DEBUG: Scraped from <200 https://www.avito.ma/fr/bouznika/voitures/E71_pack_M_46692123.htm>
None
2021-09-17 15:22:59 [scrapy.core.engine] DEBUG: Crawled (200) <GET https://www.avito.ma/fr/autre_secteur/voitures/Dacia_dokker_46695446.htm> (referer: https://www.avito.ma/fr/bouznika/voitures-%C3%A0_vendre?o=2)
2021-09-17 15:22:59 [scrapy.core.scraper] DEBUG: Scraped from <200 https://www.avito.ma/fr/autre_secteur/voitures/Dacia_dokker_46695446.htm>
None
2021-09-17 15:22:59 [scrapy.core.scraper] DEBUG: Scraped from <200 https://www.avito.ma/fr/autre_secteur/voitures/Dacia_dokker_46695446.htm>
None
2021-09-17 15:23:01 [scrapy.core.engine] DEBUG: Crawled (200) <GET https://www.avito.ma/fr/bouznika/voitures/fiat_46711543.htm> (referer: https://www.avito.ma/fr/bouznika/voitures-%C3%A0_vendre?o=2)
2021-09-17 15:23:01 [scrapy.core.scraper] DEBUG: Scraped from <200 https://www.avito.ma/fr/bouznika/voitures/fiat_46711543.htm>
None
2021-09-17 15:23:01 [scrapy.core.scraper] DEBUG: Scraped from <200 https://www.avito.ma/fr/bouznika/voitures/fiat_46711543.htm>
None
2021-09-17 15:23:02 [scrapy.core.engine] DEBUG: Crawled (200) <GET https://www.avito.ma/fr/autre_secteur/voitures/Peugeot_208_46715099.htm> (referer: https://www.avito.ma/fr/bouznika/voitures-%C3%A0_vendre?o=2)
2021-09-17 15:23:02 [scrapy.core.scraper] DEBUG: Scraped from <200 https://www.avito.ma/fr/autre_secteur/voitures/Peugeot_208_46715099.htm>
None
2021-09-17 15:23:02 [scrapy.core.scraper] DEBUG: Scraped from <200 https://www.avito.ma/fr/autre_secteur/voitures/Peugeot_208_46715099.htm>
None
2021-09-17 15:23:09 [scrapy.core.engine] DEBUG: Crawled (200) <GET https://www.avito.ma/fr/autre_secteur/voitures/Mercedes_Class_c_200d_46722788.htm> (referer: https://www.avito.ma/fr/bouznika/voitures-%C3%A0_vendre?o=2)
2021-09-17 15:23:09 [scrapy.core.scraper] DEBUG: Scraped from <200 https://www.avito.ma/fr/autre_secteur/voitures/Mercedes_Class_c_200d_46722788.htm>
None
2021-09-17 15:23:09 [scrapy.core.scraper] ERROR: Error processing {'product_data_items': {'address': None,
                        'area': 'Autre secteur',
                        'brand': 'Mercedes-Benz',
                        'bv': 'Automatique',
                        'car_abs': '1',
                        'car_ac': '1',
                        'car_airbags': '1',
                        'car_central_locking': '1',
                        'car_cruise_control': '1',
                        'car_electric_windows': '1',
                        'car_esp': '1',
                        'car_leather': '1',
                        'car_navigation': '1',
                        'car_onboard_computer': '1',
                        'car_reverse_camera': '1',
                        'car_reverse_radar': '1',
                        'car_rims': '1',
                        'car_roof': '1',
                        'car_speed_limiter': '1',
                        'cd_mp3_bt': '1',
                        'city': 'Bouznika',
                        'description': 'Je vend ma Voiture, bon état et sutout '
                                       "pas d'accident, aucune réparation au "
                                       'moteur, aucun soucis, Bonjour très '
                                       'jolie class C 200d , première main , '
                                       'modèle 07/2017 . Voiture très très '
                                       'propre , excellent état , intérieur '
                                       'extrêmement neuf , toutes les options '
                                       'sauf le toit .Et surtout un très '
                                       'faible kilométrage',
                        'doors': '5',
                        'first_owner': 'Non',
                        'fuel': 'Diesel',
                        'has_shipping': False,
                        'is_seller_phone_verified': False,
                        'last_update_date': '2021-08-19 11:58:00',
                        'mileage': '70 000 - 74 999',
                        'model': 'Classe C',
                        'number_of_images': 8,
                        'pfiscale': '6 CV',
                        'price': 300000,
                        'product_id': '61539709',
                        'regdate': '2017',
                        'seller_address': None,
                        'seller_name': 'Hamza Jaouad',
                        'seller_phone': '0623847578',
                        'seller_type': 'private',
                        'subject': 'Mercedes Class c 200d',
                        'type': 'Voitures, Vente',
                        'url': 'https://www.avito.ma/fr/autre_secteur/voitures/Mercedes_Class_c_200d_46722788.htm',
                        'v_origin': 'Dédouanée'}}
Traceback (most recent call last):
  File "/home/khalil/Projects/PFE/scrapy_app/avito-env/lib/python3.8/site-packages/twisted/internet/defer.py", line 858, in _runCallbacks
    current.result = callback(  # type: ignore[misc]
  File "/home/khalil/Projects/PFE/scrapy_app/avito-env/lib/python3.8/site-packages/scrapy/utils/defer.py", line 150, in f
    return deferred_from_coro(coro_f(*coro_args, **coro_kwargs))
  File "/home/khalil/Projects/PFE/scrapy_app/avito/avito/pipelines.py", line 77, in process_item
    return print(colored(item_return, 'yellow'))
BrokenPipeError: [Errno 32] Broken pipe
2021-09-17 15:23:09 [scrapy.downloadermiddlewares.retry] DEBUG: Retrying <GET https://www.avito.ma/fr/bouznika/voitures/Renault_46718486.htm> (failed 1 times): 500 Internal Server Error
2021-09-17 15:23:09 [scrapy.statscollectors] INFO: Dumping Scrapy stats:
{'downloader/request_bytes': 17965,
 'downloader/request_count': 40,
 'downloader/request_method_count/GET': 40,
 'downloader/response_bytes': 1531304,
 'downloader/response_count': 40,
 'downloader/response_status_count/200': 36,
 'downloader/response_status_count/500': 4,
 'dupefilter/filtered': 289,
 'elapsed_time_seconds': 144.142321,
 'finish_reason': 'shutdown',
 'finish_time': datetime.datetime(2021, 9, 17, 14, 23, 9, 413278),
 'httpcompression/response_bytes': 9335633,
 'httpcompression/response_count': 36,
 'item_scraped_count': 50,
 'log_count/DEBUG': 131,
 'log_count/ERROR': 4,
 'log_count/INFO': 13,
 'log_count/WARNING': 46,
 'memusage/max': 105328640,
 'memusage/startup': 68194304,
 'request_depth_max': 2,
 'response_received_count': 36,
 'retry/count': 4,
 'retry/reason_count/500 Internal Server Error': 4,
 'robotstxt/request_count': 1,
 'robotstxt/response_count': 1,
 'robotstxt/response_status_count/200': 1,
 'scheduler/dequeued': 39,
 'scheduler/dequeued/memory': 39,
 'scheduler/enqueued': 279,
 'scheduler/enqueued/memory': 279,
 'start_time': datetime.datetime(2021, 9, 17, 14, 20, 45, 270957)}
2021-09-17 15:23:09 [scrapy.core.engine] INFO: Spider closed (shutdown)
