2021-09-18 22:36:17 [scrapy.utils.log] INFO: Scrapy 2.5.0 started (bot: avito)
2021-09-18 22:36:17 [scrapy.utils.log] INFO: Versions: lxml 4.6.3.0, libxml2 2.9.10, cssselect 1.1.0, parsel 1.6.0, w3lib 1.22.0, Twisted 21.7.0, Python 3.8.10 (default, Jun  2 2021, 10:49:15) - [GCC 9.4.0], pyOpenSSL 20.0.1 (OpenSSL 1.1.1l  24 Aug 2021), cryptography 3.4.8, Platform Linux-5.11.0-34-generic-x86_64-with-glibc2.29
2021-09-18 22:36:17 [scrapy.utils.log] DEBUG: Using reactor: twisted.internet.epollreactor.EPollReactor
2021-09-18 22:36:17 [scrapy.crawler] INFO: Overridden settings:
{'BOT_NAME': 'avito',
 'DOWNLOAD_DELAY': 3,
 'FEED_EXPORT_ENCODING': 'utf-8',
 'LOG_FILE': 'logs/default/productspider/7267d9aa18c811ecb3e9eb2be6e979cc.log',
 'NEWSPIDER_MODULE': 'avito.spiders',
 'ROBOTSTXT_OBEY': True,
 'SPIDER_MODULES': ['avito.spiders']}
2021-09-18 22:36:17 [scrapy.extensions.telnet] INFO: Telnet Password: 90cfc12c4743f56b
2021-09-18 22:36:17 [scrapy.middleware] INFO: Enabled extensions:
['scrapy.extensions.corestats.CoreStats',
 'scrapy.extensions.telnet.TelnetConsole',
 'scrapy.extensions.memusage.MemoryUsage',
 'scrapy.extensions.logstats.LogStats']
2021-09-18 22:36:18 [scrapy_user_agents.user_agent_picker] WARNING: [UnsupportedBrowserType] Family: Android
2021-09-18 22:36:18 [scrapy_user_agents.user_agent_picker] WARNING: [UnsupportedDeviceType] Family: Other, Brand: None, Model: None
2021-09-18 22:36:18 [scrapy_user_agents.user_agent_picker] WARNING: [UnsupportedDeviceType] Family: Other, Brand: None, Model: None
2021-09-18 22:36:18 [scrapy_user_agents.user_agent_picker] WARNING: [UnsupportedDeviceType] Family: Other, Brand: None, Model: None
2021-09-18 22:36:18 [scrapy_user_agents.user_agent_picker] WARNING: [UnsupportedDeviceType] Family: Sony BDV13, Brand: Sony, Model: BDV13
2021-09-18 22:36:18 [scrapy_user_agents.user_agent_picker] WARNING: [UnsupportedDeviceType] Family: Nintendo DSi, Brand: Nintendo, Model: DSi
2021-09-18 22:36:18 [scrapy_user_agents.user_agent_picker] WARNING: [UnsupportedDeviceType] Family: Other, Brand: None, Model: None
2021-09-18 22:36:18 [scrapy_user_agents.user_agent_picker] WARNING: [UnsupportedBrowserType] Family: Other
2021-09-18 22:36:18 [scrapy_user_agents.user_agent_picker] WARNING: [UnsupportedDeviceType] Family: LYF F90M, Brand: LYF, Model: F90M
2021-09-18 22:36:18 [scrapy_user_agents.user_agent_picker] WARNING: [UnsupportedDeviceType] Family: Sony BDV14, Brand: Sony, Model: BDV14
2021-09-18 22:36:18 [scrapy_user_agents.user_agent_picker] WARNING: [UnsupportedDeviceType] Family: LG Web0S SmartTV, Brand: LG, Model: Web0S SmartTV
2021-09-18 22:36:18 [scrapy_user_agents.user_agent_picker] WARNING: [UnsupportedDeviceType] Family: Other, Brand: None, Model: None
2021-09-18 22:36:18 [scrapy_user_agents.user_agent_picker] WARNING: [UnsupportedDeviceType] Family: Other, Brand: None, Model: None
2021-09-18 22:36:18 [scrapy_user_agents.user_agent_picker] WARNING: [UnsupportedDeviceType] Family: Other, Brand: None, Model: None
2021-09-18 22:36:18 [scrapy_user_agents.user_agent_picker] WARNING: [UnsupportedDeviceType] Family: Other, Brand: None, Model: None
2021-09-18 22:36:18 [scrapy_user_agents.user_agent_picker] WARNING: [UnsupportedDeviceType] Family: Other, Brand: None, Model: None
2021-09-18 22:36:18 [scrapy_user_agents.user_agent_picker] WARNING: [UnsupportedDeviceType] Family: Other, Brand: None, Model: None
2021-09-18 22:36:18 [scrapy_user_agents.user_agent_picker] WARNING: [UnsupportedDeviceType] Family: Other, Brand: None, Model: None
2021-09-18 22:36:18 [scrapy_user_agents.user_agent_picker] WARNING: [UnsupportedDeviceType] Family: Sony BDV11, Brand: Sony, Model: BDV11
2021-09-18 22:36:18 [scrapy_user_agents.user_agent_picker] WARNING: [UnsupportedDeviceType] Family: Other, Brand: None, Model: None
2021-09-18 22:36:18 [scrapy_user_agents.user_agent_picker] WARNING: [UnsupportedDeviceType] Family: Other, Brand: None, Model: None
2021-09-18 22:36:18 [scrapy_user_agents.user_agent_picker] WARNING: [UnsupportedDeviceType] Family: Other, Brand: None, Model: None
2021-09-18 22:36:18 [scrapy_user_agents.user_agent_picker] WARNING: [UnsupportedDeviceType] Family: Other, Brand: None, Model: None
2021-09-18 22:36:18 [scrapy_user_agents.user_agent_picker] WARNING: [UnsupportedDeviceType] Family: Nintendo DSi, Brand: Nintendo, Model: DSi
2021-09-18 22:36:18 [scrapy_user_agents.user_agent_picker] WARNING: [UnsupportedDeviceType] Family: LYF LF-2403N, Brand: LYF, Model: LF-2403N
2021-09-18 22:36:18 [scrapy_user_agents.user_agent_picker] WARNING: [UnsupportedDeviceType] Family: LYF F90M, Brand: LYF, Model: F90M
2021-09-18 22:36:19 [scrapy_user_agents.user_agent_picker] WARNING: [UnsupportedDeviceType] Family: Other, Brand: None, Model: None
2021-09-18 22:36:19 [scrapy_user_agents.user_agent_picker] WARNING: [UnsupportedDeviceType] Family: Other, Brand: None, Model: None
2021-09-18 22:36:19 [scrapy_user_agents.user_agent_picker] WARNING: [UnsupportedBrowserType] Family: Applebot
2021-09-18 22:36:19 [scrapy_user_agents.user_agent_picker] WARNING: [UnsupportedDeviceType] Family: Other, Brand: None, Model: None
2021-09-18 22:36:19 [scrapy_user_agents.user_agent_picker] WARNING: [UnsupportedBrowserType] Family: Applebot
2021-09-18 22:36:19 [scrapy_user_agents.user_agent_picker] WARNING: [UnsupportedBrowserType] Family: Other
2021-09-18 22:36:19 [scrapy_user_agents.user_agent_picker] WARNING: [UnsupportedBrowserType] Family: Other
2021-09-18 22:36:19 [scrapy_user_agents.user_agent_picker] WARNING: [UnsupportedBrowserType] Family: PhantomJS
2021-09-18 22:36:19 [scrapy_user_agents.user_agent_picker] WARNING: [UnsupportedBrowserType] Family: SMTBot
2021-09-18 22:36:19 [scrapy_user_agents.user_agent_picker] WARNING: [UnsupportedBrowserType] Family: PhantomJS
2021-09-18 22:36:19 [scrapy_user_agents.user_agent_picker] WARNING: [UnsupportedBrowserType] Family: PhantomJS
2021-09-18 22:36:19 [scrapy_user_agents.user_agent_picker] WARNING: [UnsupportedBrowserType] Family: WebKit Nightly
2021-09-18 22:36:19 [scrapy_user_agents.user_agent_picker] WARNING: [UnsupportedBrowserType] Family: PhantomJS
2021-09-18 22:36:19 [scrapy_user_agents.user_agent_picker] WARNING: [UnsupportedDeviceType] Family: Other, Brand: None, Model: None
2021-09-18 22:36:19 [scrapy_user_agents.user_agent_picker] WARNING: [UnsupportedBrowserType] Family: PhantomJS
2021-09-18 22:36:19 [scrapy_user_agents.user_agent_picker] WARNING: [UnsupportedBrowserType] Family: PhantomJS
2021-09-18 22:36:19 [scrapy_user_agents.user_agent_picker] WARNING: [UnsupportedBrowserType] Family: Robot
2021-09-18 22:36:19 [scrapy_user_agents.user_agent_picker] WARNING: [UnsupportedDeviceType] Family: Other, Brand: None, Model: None
2021-09-18 22:36:19 [scrapy_user_agents.user_agent_picker] WARNING: [UnsupportedBrowserType] Family: Zune
2021-09-18 22:36:19 [scrapy.middleware] INFO: Enabled downloader middlewares:
['scrapy.downloadermiddlewares.robotstxt.RobotsTxtMiddleware',
 'scrapy.downloadermiddlewares.httpauth.HttpAuthMiddleware',
 'scrapy.downloadermiddlewares.downloadtimeout.DownloadTimeoutMiddleware',
 'scrapy.downloadermiddlewares.defaultheaders.DefaultHeadersMiddleware',
 'scrapy_user_agents.middlewares.RandomUserAgentMiddleware',
 'scrapy.downloadermiddlewares.retry.RetryMiddleware',
 'scrapy.downloadermiddlewares.redirect.MetaRefreshMiddleware',
 'scrapy.downloadermiddlewares.httpcompression.HttpCompressionMiddleware',
 'scrapy.downloadermiddlewares.redirect.RedirectMiddleware',
 'scrapy.downloadermiddlewares.cookies.CookiesMiddleware',
 'scrapy.downloadermiddlewares.httpproxy.HttpProxyMiddleware',
 'scrapy.downloadermiddlewares.stats.DownloaderStats']
2021-09-18 22:36:19 [scrapy.middleware] INFO: Enabled spider middlewares:
['scrapy.spidermiddlewares.httperror.HttpErrorMiddleware',
 'scrapy.spidermiddlewares.offsite.OffsiteMiddleware',
 'scrapy.spidermiddlewares.referer.RefererMiddleware',
 'scrapy.spidermiddlewares.urllength.UrlLengthMiddleware',
 'scrapy.spidermiddlewares.depth.DepthMiddleware']
2021-09-18 22:36:19 [scrapy.middleware] INFO: Enabled item pipelines:
['avito.pipelines.MongoDBPipeline']
2021-09-18 22:36:19 [scrapy.core.engine] INFO: Spider opened
2021-09-18 22:36:19 [scrapy.extensions.logstats] INFO: Crawled 0 pages (at 0 pages/min), scraped 0 items (at 0 items/min)
2021-09-18 22:36:19 [scrapy.extensions.telnet] INFO: Telnet console listening on 127.0.0.1:6023
2021-09-18 22:36:19 [scrapy_user_agents.middlewares] DEBUG: Assigned User-Agent Mozilla/5.0 (Windows NT 6.1; Win64; x64) AppleWebKit/537.36 (KHTML, like Gecko) Chrome/56.0.2924.87 Safari/537.36
2021-09-18 22:36:20 [scrapy.core.engine] DEBUG: Crawled (200) <GET https://www.avito.ma/robots.txt> (referer: None)
2021-09-18 22:36:20 [scrapy_user_agents.middlewares] DEBUG: Assigned User-Agent Mozilla/5.0 (Windows NT 10.0; WOW64) AppleWebKit/537.36 (KHTML, like Gecko) Chrome/51.0.2704.103 Safari/537.36
2021-09-18 22:36:25 [scrapy.core.engine] DEBUG: Crawled (200) <GET https://www.avito.ma/fr/settat/engins_btp-%C3%A0_vendre> (referer: None)
2021-09-18 22:36:25 [scrapy.core.engine] INFO: Closing spider (finished)
2021-09-18 22:36:25 [scrapy.statscollectors] INFO: Dumping Scrapy stats:
{'downloader/request_bytes': 623,
 'downloader/request_count': 2,
 'downloader/request_method_count/GET': 2,
 'downloader/response_bytes': 59728,
 'downloader/response_count': 2,
 'downloader/response_status_count/200': 2,
 'elapsed_time_seconds': 5.35744,
 'finish_reason': 'finished',
 'finish_time': datetime.datetime(2021, 9, 18, 21, 36, 25, 343750),
 'httpcompression/response_bytes': 346587,
 'httpcompression/response_count': 2,
 'log_count/DEBUG': 4,
 'log_count/INFO': 10,
 'log_count/WARNING': 45,
 'memusage/max': 68194304,
 'memusage/startup': 68194304,
 'response_received_count': 2,
 'robotstxt/request_count': 1,
 'robotstxt/response_count': 1,
 'robotstxt/response_status_count/200': 1,
 'scheduler/dequeued': 1,
 'scheduler/dequeued/memory': 1,
 'scheduler/enqueued': 1,
 'scheduler/enqueued/memory': 1,
 'start_time': datetime.datetime(2021, 9, 18, 21, 36, 19, 986310)}
2021-09-18 22:36:25 [scrapy.core.engine] INFO: Spider closed (finished)
