2021-09-13 21:25:20 [scrapy.utils.log] INFO: Scrapy 2.5.0 started (bot: avito)
2021-09-13 21:25:20 [scrapy.utils.log] INFO: Versions: lxml 4.6.3.0, libxml2 2.9.10, cssselect 1.1.0, parsel 1.6.0, w3lib 1.22.0, Twisted 21.7.0, Python 3.8.10 (default, Jun  2 2021, 10:49:15) - [GCC 9.4.0], pyOpenSSL 20.0.1 (OpenSSL 1.1.1l  24 Aug 2021), cryptography 3.4.8, Platform Linux-5.11.0-34-generic-x86_64-with-glibc2.29
2021-09-13 21:25:20 [scrapy.utils.log] DEBUG: Using reactor: twisted.internet.epollreactor.EPollReactor
2021-09-13 21:25:20 [scrapy.crawler] INFO: Overridden settings:
{'BOT_NAME': 'avito',
 'DOWNLOAD_DELAY': 3,
 'FEED_EXPORT_ENCODING': 'utf-8',
 'LOG_FILE': 'logs/default/productspider/b5f233e214d011ecb3e9eb2be6e979cc.log',
 'NEWSPIDER_MODULE': 'avito.spiders',
 'ROBOTSTXT_OBEY': True,
 'SPIDER_MODULES': ['avito.spiders']}
2021-09-13 21:25:20 [scrapy.extensions.telnet] INFO: Telnet Password: 9ddad103a256e281
2021-09-13 21:25:20 [scrapy.middleware] INFO: Enabled extensions:
['scrapy.extensions.corestats.CoreStats',
 'scrapy.extensions.telnet.TelnetConsole',
 'scrapy.extensions.memusage.MemoryUsage',
 'scrapy.extensions.logstats.LogStats']
2021-09-13 21:25:20 [scrapy_user_agents.user_agent_picker] WARNING: [UnsupportedBrowserType] Family: Android
2021-09-13 21:25:20 [scrapy_user_agents.user_agent_picker] WARNING: [UnsupportedDeviceType] Family: Other, Brand: None, Model: None
2021-09-13 21:25:20 [scrapy_user_agents.user_agent_picker] WARNING: [UnsupportedDeviceType] Family: Other, Brand: None, Model: None
2021-09-13 21:25:21 [scrapy_user_agents.user_agent_picker] WARNING: [UnsupportedDeviceType] Family: Other, Brand: None, Model: None
2021-09-13 21:25:21 [scrapy_user_agents.user_agent_picker] WARNING: [UnsupportedDeviceType] Family: Sony BDV13, Brand: Sony, Model: BDV13
2021-09-13 21:25:21 [scrapy_user_agents.user_agent_picker] WARNING: [UnsupportedDeviceType] Family: Nintendo DSi, Brand: Nintendo, Model: DSi
2021-09-13 21:25:21 [scrapy_user_agents.user_agent_picker] WARNING: [UnsupportedDeviceType] Family: Other, Brand: None, Model: None
2021-09-13 21:25:21 [scrapy_user_agents.user_agent_picker] WARNING: [UnsupportedBrowserType] Family: Other
2021-09-13 21:25:21 [scrapy_user_agents.user_agent_picker] WARNING: [UnsupportedDeviceType] Family: LYF F90M, Brand: LYF, Model: F90M
2021-09-13 21:25:21 [scrapy_user_agents.user_agent_picker] WARNING: [UnsupportedDeviceType] Family: Sony BDV14, Brand: Sony, Model: BDV14
2021-09-13 21:25:21 [scrapy_user_agents.user_agent_picker] WARNING: [UnsupportedDeviceType] Family: LG Web0S SmartTV, Brand: LG, Model: Web0S SmartTV
2021-09-13 21:25:21 [scrapy_user_agents.user_agent_picker] WARNING: [UnsupportedDeviceType] Family: Other, Brand: None, Model: None
2021-09-13 21:25:21 [scrapy_user_agents.user_agent_picker] WARNING: [UnsupportedDeviceType] Family: Other, Brand: None, Model: None
2021-09-13 21:25:21 [scrapy_user_agents.user_agent_picker] WARNING: [UnsupportedDeviceType] Family: Other, Brand: None, Model: None
2021-09-13 21:25:21 [scrapy_user_agents.user_agent_picker] WARNING: [UnsupportedDeviceType] Family: Other, Brand: None, Model: None
2021-09-13 21:25:21 [scrapy_user_agents.user_agent_picker] WARNING: [UnsupportedDeviceType] Family: Other, Brand: None, Model: None
2021-09-13 21:25:21 [scrapy_user_agents.user_agent_picker] WARNING: [UnsupportedDeviceType] Family: Other, Brand: None, Model: None
2021-09-13 21:25:21 [scrapy_user_agents.user_agent_picker] WARNING: [UnsupportedDeviceType] Family: Other, Brand: None, Model: None
2021-09-13 21:25:21 [scrapy_user_agents.user_agent_picker] WARNING: [UnsupportedDeviceType] Family: Sony BDV11, Brand: Sony, Model: BDV11
2021-09-13 21:25:21 [scrapy_user_agents.user_agent_picker] WARNING: [UnsupportedDeviceType] Family: Other, Brand: None, Model: None
2021-09-13 21:25:21 [scrapy_user_agents.user_agent_picker] WARNING: [UnsupportedDeviceType] Family: Other, Brand: None, Model: None
2021-09-13 21:25:21 [scrapy_user_agents.user_agent_picker] WARNING: [UnsupportedDeviceType] Family: Other, Brand: None, Model: None
2021-09-13 21:25:21 [scrapy_user_agents.user_agent_picker] WARNING: [UnsupportedDeviceType] Family: Other, Brand: None, Model: None
2021-09-13 21:25:21 [scrapy_user_agents.user_agent_picker] WARNING: [UnsupportedDeviceType] Family: Nintendo DSi, Brand: Nintendo, Model: DSi
2021-09-13 21:25:21 [scrapy_user_agents.user_agent_picker] WARNING: [UnsupportedDeviceType] Family: LYF LF-2403N, Brand: LYF, Model: LF-2403N
2021-09-13 21:25:21 [scrapy_user_agents.user_agent_picker] WARNING: [UnsupportedDeviceType] Family: LYF F90M, Brand: LYF, Model: F90M
2021-09-13 21:25:22 [scrapy_user_agents.user_agent_picker] WARNING: [UnsupportedDeviceType] Family: Other, Brand: None, Model: None
2021-09-13 21:25:22 [scrapy_user_agents.user_agent_picker] WARNING: [UnsupportedDeviceType] Family: Other, Brand: None, Model: None
2021-09-13 21:25:22 [scrapy_user_agents.user_agent_picker] WARNING: [UnsupportedBrowserType] Family: Applebot
2021-09-13 21:25:22 [scrapy_user_agents.user_agent_picker] WARNING: [UnsupportedDeviceType] Family: Other, Brand: None, Model: None
2021-09-13 21:25:22 [scrapy_user_agents.user_agent_picker] WARNING: [UnsupportedBrowserType] Family: Applebot
2021-09-13 21:25:22 [scrapy_user_agents.user_agent_picker] WARNING: [UnsupportedBrowserType] Family: Other
2021-09-13 21:25:22 [scrapy_user_agents.user_agent_picker] WARNING: [UnsupportedBrowserType] Family: Other
2021-09-13 21:25:22 [scrapy_user_agents.user_agent_picker] WARNING: [UnsupportedBrowserType] Family: PhantomJS
2021-09-13 21:25:22 [scrapy_user_agents.user_agent_picker] WARNING: [UnsupportedBrowserType] Family: SMTBot
2021-09-13 21:25:22 [scrapy_user_agents.user_agent_picker] WARNING: [UnsupportedBrowserType] Family: PhantomJS
2021-09-13 21:25:22 [scrapy_user_agents.user_agent_picker] WARNING: [UnsupportedBrowserType] Family: PhantomJS
2021-09-13 21:25:22 [scrapy_user_agents.user_agent_picker] WARNING: [UnsupportedBrowserType] Family: WebKit Nightly
2021-09-13 21:25:22 [scrapy_user_agents.user_agent_picker] WARNING: [UnsupportedBrowserType] Family: PhantomJS
2021-09-13 21:25:22 [scrapy_user_agents.user_agent_picker] WARNING: [UnsupportedDeviceType] Family: Other, Brand: None, Model: None
2021-09-13 21:25:22 [scrapy_user_agents.user_agent_picker] WARNING: [UnsupportedBrowserType] Family: PhantomJS
2021-09-13 21:25:22 [scrapy_user_agents.user_agent_picker] WARNING: [UnsupportedBrowserType] Family: PhantomJS
2021-09-13 21:25:22 [scrapy_user_agents.user_agent_picker] WARNING: [UnsupportedBrowserType] Family: Robot
2021-09-13 21:25:22 [scrapy_user_agents.user_agent_picker] WARNING: [UnsupportedDeviceType] Family: Other, Brand: None, Model: None
2021-09-13 21:25:23 [scrapy_user_agents.user_agent_picker] WARNING: [UnsupportedBrowserType] Family: Zune
2021-09-13 21:25:23 [scrapy.middleware] INFO: Enabled downloader middlewares:
['scrapy.downloadermiddlewares.robotstxt.RobotsTxtMiddleware',
 'scrapy.downloadermiddlewares.httpauth.HttpAuthMiddleware',
 'scrapy.downloadermiddlewares.downloadtimeout.DownloadTimeoutMiddleware',
 'scrapy.downloadermiddlewares.defaultheaders.DefaultHeadersMiddleware',
 'scrapy_user_agents.middlewares.RandomUserAgentMiddleware',
 'scrapy.downloadermiddlewares.retry.RetryMiddleware',
 'scrapy.downloadermiddlewares.redirect.MetaRefreshMiddleware',
 'scrapy.downloadermiddlewares.httpcompression.HttpCompressionMiddleware',
 'scrapy.downloadermiddlewares.redirect.RedirectMiddleware',
 'scrapy.downloadermiddlewares.cookies.CookiesMiddleware',
 'scrapy.downloadermiddlewares.httpproxy.HttpProxyMiddleware',
 'scrapy.downloadermiddlewares.stats.DownloaderStats']
2021-09-13 21:25:23 [scrapy.middleware] INFO: Enabled spider middlewares:
['scrapy.spidermiddlewares.httperror.HttpErrorMiddleware',
 'scrapy.spidermiddlewares.offsite.OffsiteMiddleware',
 'scrapy.spidermiddlewares.referer.RefererMiddleware',
 'scrapy.spidermiddlewares.urllength.UrlLengthMiddleware',
 'scrapy.spidermiddlewares.depth.DepthMiddleware']
2021-09-13 21:25:23 [scrapy.middleware] INFO: Enabled item pipelines:
['avito.pipelines.MongoDBPipeline']
2021-09-13 21:25:23 [scrapy.core.engine] INFO: Spider opened
2021-09-13 21:25:23 [scrapy.extensions.logstats] INFO: Crawled 0 pages (at 0 pages/min), scraped 0 items (at 0 items/min)
2021-09-13 21:25:23 [scrapy.extensions.telnet] INFO: Telnet console listening on 127.0.0.1:6023
2021-09-13 21:25:23 [scrapy_user_agents.middlewares] DEBUG: Assigned User-Agent Mozilla/5.0 (Windows NT 6.1) AppleWebKit/537.36 (KHTML, like Gecko) Chrome/60.0.3112.90 Safari/537.36
2021-09-13 21:25:23 [scrapy.core.engine] DEBUG: Crawled (200) <GET https://www.avito.ma/robots.txt> (referer: None)
2021-09-13 21:25:23 [scrapy_user_agents.middlewares] DEBUG: Assigned User-Agent Mozilla/5.0 (Windows NT 6.1; WOW64) AppleWebKit/537.36 (KHTML, like Gecko) Chrome/59.0.3071.115 Safari/537.36
2021-09-13 21:25:30 [scrapy.downloadermiddlewares.retry] DEBUG: Retrying <GET https://www.avito.ma/fr/settat/v%C3%A9hicules-%C3%A0_vendre> (failed 1 times): 500 Internal Server Error
2021-09-13 21:25:30 [scrapy_user_agents.middlewares] DEBUG: Assigned User-Agent Mozilla/5.0 (Windows NT 10.0; Win64; x64) AppleWebKit/537.36 (KHTML, like Gecko) Chrome/62.0.3202.75 Safari/537.36
2021-09-13 21:25:32 [scrapy.core.engine] DEBUG: Crawled (200) <GET https://www.avito.ma/fr/settat/v%C3%A9hicules-%C3%A0_vendre> (referer: None)
2021-09-13 21:25:32 [scrapy_user_agents.middlewares] DEBUG: Assigned User-Agent Mozilla/5.0 (Windows NT 6.1; Win64; x64) AppleWebKit/537.36 (KHTML, like Gecko) Chrome/64.0.3282.167 Safari/537.36
2021-09-13 21:25:32 [scrapy.dupefilters] DEBUG: Filtered duplicate request: <GET https://www.avito.ma/fr/settat/v%C3%A9hicules-%C3%A0_vendre?o=2> - no more duplicates will be shown (see DUPEFILTER_DEBUG to show all duplicates)
2021-09-13 21:25:32 [scrapy_user_agents.middlewares] DEBUG: Assigned User-Agent Mozilla/5.0 (Windows NT 6.1) AppleWebKit/537.36 (KHTML, like Gecko) Chrome/41.0.2228.0 Safari/537.36
2021-09-13 21:25:32 [scrapy_user_agents.middlewares] DEBUG: Assigned User-Agent Mozilla/5.0 (Windows NT 6.3; Win64; x64) AppleWebKit/537.36 (KHTML, like Gecko) Chrome/56.0.2924.87 Safari/537.36
2021-09-13 21:25:32 [scrapy_user_agents.middlewares] DEBUG: Assigned User-Agent Mozilla/5.0 (Windows NT 6.2; Win64; x64) AppleWebKit/537.36 (KHTML, like Gecko) Chrome/55.0.2883.87 Safari/537.36
2021-09-13 21:25:32 [scrapy_user_agents.middlewares] DEBUG: Assigned User-Agent Mozilla/5.0 (Windows NT 10.0; WOW64) AppleWebKit/537.36 (KHTML, like Gecko) Chrome/51.0.2704.103 Safari/537.36
2021-09-13 21:25:32 [scrapy_user_agents.middlewares] DEBUG: Assigned User-Agent Mozilla/5.0 (Windows NT 6.1; WOW64) AppleWebKit/537.36 (KHTML, like Gecko) Chrome/55.0.2883.87 Safari/537.36
2021-09-13 21:25:32 [scrapy_user_agents.middlewares] DEBUG: Assigned User-Agent Mozilla/5.0 (Windows NT 10.0; WOW64) AppleWebKit/537.36 (KHTML, like Gecko) Chrome/54.0.2840.71 Safari/537.36
2021-09-13 21:25:32 [scrapy_user_agents.middlewares] DEBUG: Assigned User-Agent Mozilla/5.0 (Windows NT 10.0; WOW64) AppleWebKit/537.36 (KHTML, like Gecko) Chrome/45.0.2454.101 Safari/537.36
2021-09-13 21:25:32 [scrapy_user_agents.middlewares] DEBUG: Assigned User-Agent Mozilla/5.0 (Windows NT 6.1; Win64; x64) AppleWebKit/537.36 (KHTML, like Gecko) Chrome/57.0.2987.133 Safari/537.36
2021-09-13 21:25:32 [scrapy_user_agents.middlewares] DEBUG: Assigned User-Agent Mozilla/5.0 (Windows NT 6.1; Win64; x64) AppleWebKit/537.36 (KHTML, like Gecko) Chrome/52.0.2743.82 Safari/537.36
2021-09-13 21:25:32 [scrapy_user_agents.middlewares] DEBUG: Assigned User-Agent Mozilla/5.0 (Windows NT 6.3; Win64; x64) AppleWebKit/537.36 (KHTML, like Gecko) Chrome/54.0.2840.99 Safari/537.36
2021-09-13 21:25:32 [scrapy_user_agents.middlewares] DEBUG: Assigned User-Agent Mozilla/5.0 (Windows NT 6.1; Win64; x64) AppleWebKit/537.36 (KHTML, like Gecko) Chrome/58.0.3029.81 Safari/537.36
2021-09-13 21:25:32 [scrapy_user_agents.middlewares] DEBUG: Assigned User-Agent Mozilla/5.0 (Windows NT 10.0; WOW64) AppleWebKit/537.36 (KHTML, like Gecko) Chrome/47.0.2526.111 Safari/537.36
2021-09-13 21:25:32 [scrapy_user_agents.middlewares] DEBUG: Assigned User-Agent Mozilla/5.0 (Windows NT 10.0; Win64; x64) AppleWebKit/537.36 (KHTML, like Gecko) Chrome/59.0.3071.86 Safari/537.36
2021-09-13 21:25:32 [scrapy_user_agents.middlewares] DEBUG: Assigned User-Agent Mozilla/5.0 (Windows NT 6.1) AppleWebKit/537.36 (KHTML, like Gecko) Chrome/49.0.2623.112 Safari/537.36
2021-09-13 21:25:32 [scrapy_user_agents.middlewares] DEBUG: Assigned User-Agent Mozilla/5.0 (Windows NT 5.1; WOW64) AppleWebKit/537.36 (KHTML, like Gecko) Chrome/48.0.2564.109 Safari/537.36
2021-09-13 21:25:36 [scrapy.core.engine] DEBUG: Crawled (200) <GET https://www.avito.ma/fr/settat/v%C3%A9hicules-%C3%A0_vendre> (referer: https://www.avito.ma/fr/settat/v%C3%A9hicules-%C3%A0_vendre)
2021-09-13 21:25:36 [scrapy_user_agents.middlewares] DEBUG: Assigned User-Agent Mozilla/5.0 (Windows NT 6.0; WOW64) AppleWebKit/537.36 (KHTML, like Gecko) Chrome/49.0.2623.112 Safari/537.36
2021-09-13 21:25:36 [py.warnings] WARNING: /home/khalil/Projects/PFE/scrapy_app/avito-env/lib/python3.8/site-packages/scrapy/utils/project.py:81: ScrapyDeprecationWarning: Use of environment variables prefixed with SCRAPY_ to override settings is deprecated. The following environment variables are currently defined: JOB, LOG_FILE, SLOT, SPIDER
  warnings.warn(

2021-09-13 21:25:40 [scrapy.core.engine] DEBUG: Crawled (200) <GET https://www.avito.ma/fr/settat/voitures/Partner_Peugeot__47088550.htm> (referer: https://www.avito.ma/fr/settat/v%C3%A9hicules-%C3%A0_vendre)
2021-09-13 21:25:40 [scrapy_user_agents.middlewares] DEBUG: Assigned User-Agent Mozilla/5.0 (Windows NT 6.2; Win64; x64) AppleWebKit/537.36 (KHTML, like Gecko) Chrome/58.0.3029.110 Safari/537.36
2021-09-13 21:25:40 [scrapy.core.scraper] DEBUG: Scraped from <200 https://www.avito.ma/fr/settat/voitures/Partner_Peugeot__47088550.htm>
None
2021-09-13 21:25:40 [scrapy.core.scraper] DEBUG: Scraped from <200 https://www.avito.ma/fr/settat/voitures/Partner_Peugeot__47088550.htm>
{'product_data_items': {'address': None,
                        'brand': 'Peugeot',
                        'bv': None,
                        'city': 'Settat',
                        'description': 'Partner bon etat ',
                        'doors': None,
                        'first_owner': None,
                        'fuel': 'Diesel',
                        'has_shipping': False,
                        'is_seller_phone_verified': True,
                        'last_update_date': '2021-09-13 19:21:00',
                        'mileage': '200 000 - 249 999',
                        'model': 'Partner',
                        'number_of_images': 6,
                        'pfiscale': None,
                        'price': 45000,
                        'product_id': '62014991',
                        'regdate': '2003',
                        'seller_address': None,
                        'seller_name': 'Partner',
                        'seller_phone': '0666124622',
                        'seller_type': 'private',
                        'subject': 'Partner Peugeot ',
                        'type': 'Voitures, Vente',
                        'url': 'https://www.avito.ma/fr/settat/voitures/Partner_Peugeot__47088550.htm',
                        'v_origin': None}}
2021-09-13 21:25:42 [scrapy.core.engine] DEBUG: Crawled (200) <GET https://www.avito.ma/fr/settat/v%C3%A9hicules-%C3%A0_vendre?o=7> (referer: https://www.avito.ma/fr/settat/v%C3%A9hicules-%C3%A0_vendre)
2021-09-13 21:25:42 [scrapy_user_agents.middlewares] DEBUG: Assigned User-Agent Mozilla/5.0 (Windows NT 5.1) AppleWebKit/537.36 (KHTML, like Gecko) Chrome/45.0.2454.101 Safari/537.36
2021-09-13 21:25:48 [scrapy.core.engine] DEBUG: Crawled (200) <GET https://www.avito.ma/fr/settat/v%C3%A9hicules-%C3%A0_vendre?o=6> (referer: https://www.avito.ma/fr/settat/v%C3%A9hicules-%C3%A0_vendre)
2021-09-13 21:25:48 [scrapy_user_agents.middlewares] DEBUG: Assigned User-Agent Mozilla/5.0 (Windows NT 6.1) AppleWebKit/537.36 (KHTML, like Gecko) Chrome/51.0.2704.103 Safari/537.36
2021-09-13 21:25:51 [scrapy.core.engine] DEBUG: Crawled (200) <GET https://www.avito.ma/fr/settat/v%C3%A9hicules-%C3%A0_vendre?o=40> (referer: https://www.avito.ma/fr/settat/v%C3%A9hicules-%C3%A0_vendre)
2021-09-13 21:25:51 [scrapy_user_agents.middlewares] DEBUG: Assigned User-Agent Mozilla/5.0 (Windows NT 6.3; Win64; x64) AppleWebKit/537.36 (KHTML, like Gecko) Chrome/59.0.3071.115 Safari/537.36
2021-09-13 21:25:54 [scrapy.core.engine] DEBUG: Crawled (200) <GET https://www.avito.ma/fr/settat/v%C3%A9hicules-%C3%A0_vendre?o=5> (referer: https://www.avito.ma/fr/settat/v%C3%A9hicules-%C3%A0_vendre)
2021-09-13 21:25:54 [scrapy_user_agents.middlewares] DEBUG: Assigned User-Agent Mozilla/5.0 (Windows NT 6.1) AppleWebKit/537.36 (KHTML, like Gecko) Chrome/51.0.2704.103 Safari/537.36
2021-09-13 21:26:01 [scrapy.core.engine] DEBUG: Crawled (200) <GET https://www.avito.ma/fr/settat/v%C3%A9hicules-%C3%A0_vendre?o=4> (referer: https://www.avito.ma/fr/settat/v%C3%A9hicules-%C3%A0_vendre)
2021-09-13 21:26:01 [scrapy_user_agents.middlewares] DEBUG: Assigned User-Agent Mozilla/5.0 (Windows NT 6.1) AppleWebKit/537.36 (KHTML, like Gecko) Chrome/57.0.2987.133 Safari/537.36
2021-09-13 21:26:04 [scrapy.core.engine] DEBUG: Crawled (200) <GET https://www.avito.ma/fr/settat/v%C3%A9hicules-%C3%A0_vendre?o=3> (referer: https://www.avito.ma/fr/settat/v%C3%A9hicules-%C3%A0_vendre)
2021-09-13 21:26:04 [scrapy_user_agents.middlewares] DEBUG: Assigned User-Agent Mozilla/5.0 (Windows NT 10.0; Win64; x64) AppleWebKit/537.36 (KHTML, like Gecko) Chrome/66.0.3359.117 Safari/537.36
2021-09-13 21:26:09 [scrapy.downloadermiddlewares.retry] DEBUG: Retrying <GET https://www.avito.ma/fr/settat/v%C3%A9hicules-%C3%A0_vendre?o=2> (failed 1 times): 500 Internal Server Error
2021-09-13 21:26:09 [scrapy_user_agents.middlewares] DEBUG: Assigned User-Agent Mozilla/5.0 (Windows NT 10.0; WOW64) AppleWebKit/537.36 (KHTML, like Gecko) Chrome/45.0.2454.93 Safari/537.36
2021-09-13 21:26:12 [scrapy.core.engine] DEBUG: Crawled (200) <GET https://www.avito.ma/fr/settat/voitures/Dacia_sandero__47069565.htm> (referer: https://www.avito.ma/fr/settat/v%C3%A9hicules-%C3%A0_vendre)
2021-09-13 21:26:12 [scrapy_user_agents.middlewares] DEBUG: Assigned User-Agent Mozilla/5.0 (Windows NT 6.1; WOW64) AppleWebKit/537.22 (KHTML, like Gecko) Chrome/25.0.1364.152 Safari/537.22
2021-09-13 21:26:12 [scrapy.core.scraper] DEBUG: Scraped from <200 https://www.avito.ma/fr/settat/voitures/Dacia_sandero__47069565.htm>
None
2021-09-13 21:26:12 [scrapy.core.scraper] DEBUG: Scraped from <200 https://www.avito.ma/fr/settat/voitures/Dacia_sandero__47069565.htm>
{'product_data_items': {'address': None,
                        'brand': 'Dacia',
                        'bv': 'Manuelle',
                        'car_abs': '1',
                        'car_ac': '1',
                        'car_airbags': '1',
                        'car_central_locking': '1',
                        'car_electric_windows': '1',
                        'car_esp': '1',
                        'car_onboard_computer': '1',
                        'car_rims': '1',
                        'cd_mp3_bt': '1',
                        'city': 'Settat',
                        'description': 'Slm je me vend ma voiture Dacia '
                                       'sandero tout option climatisation les '
                                       'pneus neufs jamais accidentè '
                                       'centralisée vetre électrique 1ère main '
                                       'en général bon état. ',
                        'doors': '5',
                        'first_owner': 'Oui',
                        'fuel': 'Diesel',
                        'has_shipping': False,
                        'is_seller_phone_verified': False,
                        'last_update_date': '2021-09-12 15:00:22',
                        'mileage': '130 000 - 139 999',
                        'model': 'Sandero',
                        'number_of_images': 8,
                        'pfiscale': '6 CV',
                        'price': None,
                        'product_id': '61989080',
                        'regdate': '2009',
                        'seller_address': None,
                        'seller_name': 'Mostapha',
                        'seller_phone': '0672325618',
                        'seller_type': 'private',
                        'subject': 'Dacia sandero ',
                        'type': 'Voitures, Vente',
                        'url': 'https://www.avito.ma/fr/settat/voitures/Dacia_sandero__47069565.htm',
                        'v_origin': 'WW au Maroc'}}
2021-09-13 21:26:16 [scrapy.core.engine] DEBUG: Crawled (200) <GET https://www.avito.ma/fr/settat/motos/%D8%AF%D8%B1%D8%A7%D8%AC%D8%A9_%D8%B1%D8%A7%D8%A6%D8%B9%D8%A9_47069576.htm> (referer: https://www.avito.ma/fr/settat/v%C3%A9hicules-%C3%A0_vendre)
2021-09-13 21:26:16 [scrapy_user_agents.middlewares] DEBUG: Assigned User-Agent Mozilla/5.0 (Windows NT 10.0; WOW64) AppleWebKit/537.36 (KHTML, like Gecko) Chrome/45.0.2454.93 Safari/537.36
2021-09-13 21:26:16 [scrapy.core.scraper] DEBUG: Scraped from <200 https://www.avito.ma/fr/settat/motos/%D8%AF%D8%B1%D8%A7%D8%AC%D8%A9_%D8%B1%D8%A7%D8%A6%D8%B9%D8%A9_47069576.htm>
None
2021-09-13 21:26:16 [scrapy.core.scraper] DEBUG: Scraped from <200 https://www.avito.ma/fr/settat/motos/%D8%AF%D8%B1%D8%A7%D8%AC%D8%A9_%D8%B1%D8%A7%D8%A6%D8%B9%D8%A9_47069576.htm>
{'product_data_items': {'address': None,
                        'city': 'Settat',
                        'cylinder_size': None,
                        'description': 'kymco model 2015',
                        'first_owner': 'Non',
                        'has_shipping': False,
                        'is_seller_phone_verified': False,
                        'last_update_date': '2021-09-12 15:00:28',
                        'mileage': '0 - 4 999',
                        'moto_seat_height': None,
                        'number_of_images': 1,
                        'price': 8000,
                        'product_id': '61989169',
                        'regdate': '2015',
                        'seller_address': None,
                        'seller_name': 'عثمان فردوسي',
                        'seller_phone': '0699185389',
                        'seller_type': 'private',
                        'subject': 'دراجة رائعة',
                        'type': 'Motos, Vente',
                        'url': 'https://www.avito.ma/fr/settat/motos/دراجة_رائعة_47069576.htm',
                        'v_origin': 'WW au Maroc',
                        'wheels': '2'}}
2021-09-13 21:26:20 [scrapy.core.engine] DEBUG: Crawled (200) <GET https://www.avito.ma/fr/mania/voitures/Volkswagen_47070578.htm> (referer: https://www.avito.ma/fr/settat/v%C3%A9hicules-%C3%A0_vendre)
2021-09-13 21:26:20 [scrapy_user_agents.middlewares] DEBUG: Assigned User-Agent Mozilla/5.0 (Windows NT 6.1; WOW64) AppleWebKit/537.36 (KHTML, like Gecko) Chrome/53.0.2785.101 Safari/537.36
2021-09-13 21:26:20 [scrapy.core.scraper] DEBUG: Scraped from <200 https://www.avito.ma/fr/mania/voitures/Volkswagen_47070578.htm>
None
2021-09-13 21:26:20 [scrapy.core.scraper] DEBUG: Scraped from <200 https://www.avito.ma/fr/mania/voitures/Volkswagen_47070578.htm>
{'product_data_items': {'address': None,
                        'area': 'Mania',
                        'brand': 'Volkswagen',
                        'bv': 'Manuelle',
                        'city': 'Settat',
                        'description': 'Je mais ma voiture en vente sbagha '
                                       'comme vous voyer vitres electriques '
                                       'mouteurs gtd faible consomationles '
                                       'pneus neufs ....le prix fix 20000 dh',
                        'doors': '5',
                        'first_owner': 'Non',
                        'fuel': 'Essence',
                        'has_shipping': False,
                        'is_seller_phone_verified': False,
                        'last_update_date': '2021-09-12 16:07:30',
                        'mileage': '150 000 - 159 999',
                        'model': 'Gol',
                        'number_of_images': 7,
                        'pfiscale': '6 CV',
                        'price': 20000,
                        'product_id': '61990376',
                        'regdate': '2006',
                        'seller_address': None,
                        'seller_name': 'Bouchaib',
                        'seller_phone': '0670820362',
                        'seller_type': 'private',
                        'subject': 'Volkswagen',
                        'type': 'Voitures, Vente',
                        'url': 'https://www.avito.ma/fr/mania/voitures/Volkswagen_47070578.htm',
                        'v_origin': 'WW au Maroc'}}
2021-09-13 21:26:23 [scrapy.extensions.logstats] INFO: Crawled 13 pages (at 13 pages/min), scraped 8 items (at 8 items/min)
2021-09-13 21:26:23 [scrapy.core.engine] DEBUG: Crawled (200) <GET https://www.avito.ma/fr/settat/camions/MITSUBISHI__47071270.htm> (referer: https://www.avito.ma/fr/settat/v%C3%A9hicules-%C3%A0_vendre)
2021-09-13 21:26:23 [scrapy_user_agents.middlewares] DEBUG: Assigned User-Agent Mozilla/5.0 (Windows NT 6.1; WOW64) AppleWebKit/537.36 (KHTML, like Gecko) Chrome/47.0.2526.111 Safari/537.36
2021-09-13 21:26:24 [scrapy.core.scraper] DEBUG: Scraped from <200 https://www.avito.ma/fr/settat/camions/MITSUBISHI__47071270.htm>
None
2021-09-13 21:26:24 [scrapy.core.scraper] DEBUG: Scraped from <200 https://www.avito.ma/fr/settat/camions/MITSUBISHI__47071270.htm>
{'product_data_items': {'address': None,
                        'city': 'Settat',
                        'description': '2014 motor jidid',
                        'fuel': 'Diesel',
                        'has_shipping': False,
                        'is_seller_phone_verified': False,
                        'last_update_date': '2021-09-12 16:52:38',
                        'number_of_images': 8,
                        'pfiscale': '10 CV',
                        'price': None,
                        'product_id': '61990605',
                        'regdate': '2014',
                        'seller_address': None,
                        'seller_name': 'مراد',
                        'seller_phone': '0669370318',
                        'seller_type': 'private',
                        'subject': 'MITSUBISHI ',
                        'type': 'Camions, Vente',
                        'url': 'https://www.avito.ma/fr/settat/camions/MITSUBISHI__47071270.htm'}}
2021-09-13 21:26:28 [scrapy.core.engine] DEBUG: Crawled (200) <GET https://www.avito.ma/fr/settat/voitures/Renault_47072034.htm> (referer: https://www.avito.ma/fr/settat/v%C3%A9hicules-%C3%A0_vendre)
2021-09-13 21:26:28 [scrapy_user_agents.middlewares] DEBUG: Assigned User-Agent Mozilla/5.0 (Windows NT 6.1; WOW64) AppleWebKit/537.36 (KHTML, like Gecko) Chrome/54.0.2840.71 Safari/537.36
2021-09-13 21:26:28 [scrapy.core.scraper] DEBUG: Scraped from <200 https://www.avito.ma/fr/settat/voitures/Renault_47072034.htm>
None
2021-09-13 21:26:28 [scrapy.core.scraper] DEBUG: Scraped from <200 https://www.avito.ma/fr/settat/voitures/Renault_47072034.htm>
{'product_data_items': {'address': None,
                        'brand': 'Renault',
                        'bv': 'Manuelle',
                        'city': 'Settat',
                        'description': 'سيارة للبيع 7 الخيل موديل 90 الديوانة '
                                       '96 الطنوبيل نقية جامي كسيدة',
                        'doors': '5',
                        'first_owner': 'Non',
                        'fuel': 'Essence',
                        'has_shipping': False,
                        'is_seller_phone_verified': True,
                        'last_update_date': '2021-09-12 17:52:45',
                        'mileage': '20 000 - 24 999',
                        'model': '19',
                        'number_of_images': 5,
                        'pfiscale': '7 CV',
                        'price': 23000,
                        'product_id': '61991641',
                        'regdate': '1990',
                        'seller_address': None,
                        'seller_name': 'Amir',
                        'seller_phone': '0667787453',
                        'seller_type': 'private',
                        'subject': 'Renault',
                        'type': 'Voitures, Vente',
                        'url': 'https://www.avito.ma/fr/settat/voitures/Renault_47072034.htm',
                        'v_origin': 'Dédouanée'}}
2021-09-13 21:26:32 [scrapy.core.engine] DEBUG: Crawled (200) <GET https://www.avito.ma/fr/settat/voitures/Citro%C3%ABn_Berlingo_47072972.htm> (referer: https://www.avito.ma/fr/settat/v%C3%A9hicules-%C3%A0_vendre)
2021-09-13 21:26:32 [scrapy_user_agents.middlewares] DEBUG: Assigned User-Agent Mozilla/5.0 (Windows NT 5.1; Win64; x64) AppleWebKit/537.36 (KHTML, like Gecko) Chrome/57.0.2987.133 Safari/537.36
2021-09-13 21:26:32 [scrapy.core.scraper] DEBUG: Scraped from <200 https://www.avito.ma/fr/settat/voitures/Citro%C3%ABn_Berlingo_47072972.htm>
None
2021-09-13 21:26:32 [scrapy.core.scraper] DEBUG: Scraped from <200 https://www.avito.ma/fr/settat/voitures/Citro%C3%ABn_Berlingo_47072972.htm>
{'product_data_items': {'address': None,
                        'brand': 'Citroen',
                        'bv': None,
                        'city': 'Settat',
                        'description': 'سيتروين موديل 2004 دوبل كوليز. الثمن '
                                       '47000.ممكن روبريز',
                        'doors': None,
                        'first_owner': None,
                        'fuel': 'Diesel',
                        'has_shipping': False,
                        'is_seller_phone_verified': False,
                        'last_update_date': '2021-09-12 19:21:36',
                        'mileage': '0 - 4 999',
                        'model': 'Berlingo',
                        'number_of_images': 8,
                        'pfiscale': None,
                        'price': 47000,
                        'product_id': '61992765',
                        'regdate': '2004',
                        'seller_address': None,
                        'seller_name': 'Badr',
                        'seller_phone': '0668555712',
                        'seller_type': 'private',
                        'subject': 'Citroën Berlingo',
                        'type': 'Voitures, Vente',
                        'url': 'https://www.avito.ma/fr/settat/voitures/Citroën_Berlingo_47072972.htm',
                        'v_origin': None}}
2021-09-13 21:26:36 [scrapy.core.engine] DEBUG: Crawled (200) <GET https://www.avito.ma/fr/settat/voitures/fiat_Palio_essence_47073051.htm> (referer: https://www.avito.ma/fr/settat/v%C3%A9hicules-%C3%A0_vendre)
2021-09-13 21:26:36 [scrapy_user_agents.middlewares] DEBUG: Assigned User-Agent Mozilla/5.0 (Windows NT 6.3; Win64; x64) AppleWebKit/537.36 (KHTML, like Gecko) Chrome/58.0.3029.110 Safari/537.36
2021-09-13 21:26:36 [scrapy.core.scraper] DEBUG: Scraped from <200 https://www.avito.ma/fr/settat/voitures/fiat_Palio_essence_47073051.htm>
None
2021-09-13 21:26:36 [scrapy.core.scraper] DEBUG: Scraped from <200 https://www.avito.ma/fr/settat/voitures/fiat_Palio_essence_47073051.htm>
{'product_data_items': {'address': None,
                        'brand': 'Fiat',
                        'bv': 'Manuelle',
                        'city': 'Settat',
                        'description': 'fiat Palio essence module 2001 difo '
                                       'walo ksida walo moteur mli7 li bgha '
                                       'yaksab marhba ',
                        'doors': '5',
                        'first_owner': None,
                        'fuel': 'Essence',
                        'has_shipping': False,
                        'is_seller_phone_verified': True,
                        'last_update_date': '2021-09-12 19:27:38',
                        'mileage': '0 - 4 999',
                        'model': 'Palio',
                        'number_of_images': 7,
                        'pfiscale': '6 CV',
                        'price': 29000,
                        'product_id': '61993028',
                        'regdate': '2001',
                        'seller_address': None,
                        'seller_name': 'Sabri saad',
                        'seller_phone': '0693569724',
                        'seller_type': 'private',
                        'subject': 'fiat Palio essence',
                        'type': 'Voitures, Vente',
                        'url': 'https://www.avito.ma/fr/settat/voitures/fiat_Palio_essence_47073051.htm',
                        'v_origin': None}}
2021-09-13 21:26:40 [scrapy.core.engine] DEBUG: Crawled (200) <GET https://www.avito.ma/fr/settat/voitures/kia_Carens_47073778.htm> (referer: https://www.avito.ma/fr/settat/v%C3%A9hicules-%C3%A0_vendre)
2021-09-13 21:26:40 [scrapy_user_agents.middlewares] DEBUG: Assigned User-Agent Mozilla/5.0 (Windows NT 5.1; WOW64) AppleWebKit/537.36 (KHTML, like Gecko) Chrome/51.0.2704.106 Safari/537.36
2021-09-13 21:26:40 [scrapy.core.scraper] DEBUG: Scraped from <200 https://www.avito.ma/fr/settat/voitures/kia_Carens_47073778.htm>
None
2021-09-13 21:26:40 [scrapy.core.scraper] DEBUG: Scraped from <200 https://www.avito.ma/fr/settat/voitures/kia_Carens_47073778.htm>
{'product_data_items': {'address': None,
                        'brand': 'Kia',
                        'bv': 'Manuelle',
                        'car_abs': '1',
                        'car_ac': '1',
                        'car_central_locking': '1',
                        'car_electric_windows': '1',
                        'car_rims': '1',
                        'cd_mp3_bt': '1',
                        'city': 'Settat',
                        'description': 'سيارة باقة نقية بزاااف',
                        'doors': '5',
                        'first_owner': 'Non',
                        'fuel': 'Diesel',
                        'has_shipping': False,
                        'is_seller_phone_verified': False,
                        'last_update_date': '2021-09-12 20:27:55',
                        'mileage': '0 - 4 999',
                        'model': 'Carens',
                        'number_of_images': 6,
                        'pfiscale': '8 CV',
                        'price': 78000,
                        'product_id': '61994755',
                        'regdate': '2009',
                        'seller_address': None,
                        'seller_name': 'محمد',
                        'seller_phone': '0671571343',
                        'seller_type': 'private',
                        'subject': 'kia Carens',
                        'type': 'Voitures, Vente',
                        'url': 'https://www.avito.ma/fr/settat/voitures/kia_Carens_47073778.htm',
                        'v_origin': 'WW au Maroc'}}
2021-09-13 21:26:42 [scrapy.core.engine] DEBUG: Crawled (200) <GET https://www.avito.ma/fr/settat/camions/ISUZU_7ton_46069510.htm> (referer: https://www.avito.ma/fr/settat/v%C3%A9hicules-%C3%A0_vendre)
2021-09-13 21:26:42 [scrapy_user_agents.middlewares] DEBUG: Assigned User-Agent Mozilla/5.0 (Windows NT 5.1; Win64; x64) AppleWebKit/537.36 (KHTML, like Gecko) Chrome/55.0.2883.87 Safari/537.36
2021-09-13 21:26:42 [scrapy.core.scraper] DEBUG: Scraped from <200 https://www.avito.ma/fr/settat/camions/ISUZU_7ton_46069510.htm>
None
2021-09-13 21:26:43 [scrapy.core.scraper] DEBUG: Scraped from <200 https://www.avito.ma/fr/settat/camions/ISUZU_7ton_46069510.htm>
{'product_data_items': {'address': None,
                        'area': 'Toute la ville',
                        'city': 'Settat',
                        'description': 'Je met à vendre mon camion Isuzu '
                                       'camion Benne modèle 2012 première main '
                                       '7 ton ',
                        'fuel': 'Diesel',
                        'has_shipping': False,
                        'is_seller_phone_verified': False,
                        'last_update_date': '2021-09-12 21:43:53',
                        'number_of_images': 8,
                        'pfiscale': '14 CV',
                        'price': None,
                        'product_id': '60661371',
                        'regdate': '2012',
                        'seller_address': None,
                        'seller_name': 'kenzi Auto',
                        'seller_phone': '0670385559',
                        'seller_type': 'shop',
                        'subject': 'ISUZU 7ton',
                        'type': 'Camions, Vente',
                        'url': 'https://www.avito.ma/fr/settat/camions/ISUZU_7ton_46069510.htm'}}
2021-09-13 21:26:46 [scrapy.core.engine] DEBUG: Crawled (200) <GET https://www.avito.ma/fr/settat/voitures/%D8%B3%D9%8A%D8%A7%D8%B1%D8%A9_%D8%B1%D9%88%D9%86%D9%88_%D9%83%D9%88%D9%86%D8%BA%D9%88_%D9%81%D9%8A_%D8%AD%D8%A7%D9%84%D8%A9_%D9%85%D9%8A%D9%83%D8%A7%D9%86%D9%8A%D9%83%D9%8A%D8%A9_%D9%85%D9%85%D8%AA%D8%A7%D8%B2%D8%A9_47074728.htm> (referer: https://www.avito.ma/fr/settat/v%C3%A9hicules-%C3%A0_vendre)
2021-09-13 21:26:46 [scrapy_user_agents.middlewares] DEBUG: Assigned User-Agent Mozilla/5.0 (Windows NT 10.0; Win64; x64) AppleWebKit/537.36 (KHTML, like Gecko) Chrome/58.0.3029.81 Safari/537.36
2021-09-13 21:26:46 [scrapy.core.scraper] DEBUG: Scraped from <200 https://www.avito.ma/fr/settat/voitures/%D8%B3%D9%8A%D8%A7%D8%B1%D8%A9_%D8%B1%D9%88%D9%86%D9%88_%D9%83%D9%88%D9%86%D8%BA%D9%88_%D9%81%D9%8A_%D8%AD%D8%A7%D9%84%D8%A9_%D9%85%D9%8A%D9%83%D8%A7%D9%86%D9%8A%D9%83%D9%8A%D8%A9_%D9%85%D9%85%D8%AA%D8%A7%D8%B2%D8%A9_47074728.htm>
None
2021-09-13 21:26:46 [scrapy.core.scraper] DEBUG: Scraped from <200 https://www.avito.ma/fr/settat/voitures/%D8%B3%D9%8A%D8%A7%D8%B1%D8%A9_%D8%B1%D9%88%D9%86%D9%88_%D9%83%D9%88%D9%86%D8%BA%D9%88_%D9%81%D9%8A_%D8%AD%D8%A7%D9%84%D8%A9_%D9%85%D9%8A%D9%83%D8%A7%D9%86%D9%8A%D9%83%D9%8A%D8%A9_%D9%85%D9%85%D8%AA%D8%A7%D8%B2%D8%A9_47074728.htm>
{'product_data_items': {'address': None,
                        'area': 'Toute la ville',
                        'brand': 'Renault',
                        'bv': 'Manuelle',
                        'car_central_locking': '1',
                        'car_electric_windows': '1',
                        'cd_mp3_bt': '1',
                        'city': 'Settat',
                        'description': 'سيارة في حالة ميكانيكية ممتازةاطارات '
                                       'جديدةبطارية جديدةموطور d65 في حالة '
                                       'ممتازةاقتصادية',
                        'doors': '5',
                        'first_owner': 'Non',
                        'fuel': 'Diesel',
                        'has_shipping': False,
                        'is_seller_phone_verified': False,
                        'last_update_date': '2021-09-12 21:43:59',
                        'mileage': '300 000 - 349 999',
                        'model': 'Kangoo',
                        'number_of_images': 4,
                        'pfiscale': '7 CV',
                        'price': 62000,
                        'product_id': '61996748',
                        'regdate': '2006',
                        'seller_address': None,
                        'seller_name': 'Ceif Edden',
                        'seller_phone': '0628358388',
                        'seller_type': 'private',
                        'subject': 'سيارة رونو كونغو في حالة ميكانيكية ممتازة',
                        'type': 'Voitures, Vente',
                        'url': 'https://www.avito.ma/fr/settat/voitures/سيارة_رونو_كونغو_في_حالة_ميكانيكية_ممتازة_47074728.htm',
                        'v_origin': 'WW au Maroc'}}
2021-09-13 21:26:51 [scrapy.core.engine] DEBUG: Crawled (200) <GET https://www.avito.ma/fr/settat/v%C3%A9hicules-%C3%A0_vendre?o=10> (referer: https://www.avito.ma/fr/settat/v%C3%A9hicules-%C3%A0_vendre?o=7)
2021-09-13 21:26:51 [scrapy_user_agents.middlewares] DEBUG: Assigned User-Agent Mozilla/5.0 (Windows NT 6.1; WOW64) AppleWebKit/537.36 (KHTML, like Gecko) Chrome/47.0.2526.80 Safari/537.36
2021-09-13 21:26:55 [scrapy.core.engine] DEBUG: Crawled (200) <GET https://www.avito.ma/fr/settat/voitures/M%C3%A9gane_2__46872703.htm> (referer: https://www.avito.ma/fr/settat/v%C3%A9hicules-%C3%A0_vendre?o=6)
2021-09-13 21:26:55 [scrapy_user_agents.middlewares] DEBUG: Assigned User-Agent Mozilla/5.0 (Windows NT 10.0; WOW64) AppleWebKit/537.36 (KHTML, like Gecko) Chrome/52.0.2743.116 Safari/537.36
2021-09-13 21:26:55 [scrapy.core.scraper] DEBUG: Scraped from <200 https://www.avito.ma/fr/settat/voitures/M%C3%A9gane_2__46872703.htm>
None
2021-09-13 21:26:55 [scrapy.core.scraper] DEBUG: Scraped from <200 https://www.avito.ma/fr/settat/voitures/M%C3%A9gane_2__46872703.htm>
{'product_data_items': {'address': None,
                        'brand': 'Renault',
                        'bv': 'Manuelle',
                        'car_abs': '1',
                        'car_ac': '1',
                        'car_airbags': '1',
                        'car_central_locking': '1',
                        'car_cruise_control': '1',
                        'car_electric_windows': '1',
                        'car_rims': '1',
                        'car_speed_limiter': '1',
                        'city': 'Settat',
                        'description': 'Bonne état général occasion à saisir',
                        'doors': '5',
                        'first_owner': None,
                        'fuel': 'Diesel',
                        'has_shipping': False,
                        'is_seller_phone_verified': True,
                        'last_update_date': '2021-08-30 09:28:01',
                        'mileage': '350 000 - 399 999',
                        'model': 'Megane',
                        'number_of_images': 7,
                        'pfiscale': '6 CV',
                        'price': 58000,
                        'product_id': '61734059',
                        'regdate': '2005',
                        'seller_address': None,
                        'seller_name': 'QFF',
                        'seller_phone': '0690914105',
                        'seller_type': 'private',
                        'subject': 'Mégane 2 ',
                        'type': 'Voitures, Vente',
                        'url': 'https://www.avito.ma/fr/settat/voitures/Mégane_2__46872703.htm',
                        'v_origin': 'WW au Maroc'}}
2021-09-13 21:26:58 [scrapy.core.engine] DEBUG: Crawled (200) <GET https://www.avito.ma/fr/settat/v%C3%A9hicules-%C3%A0_vendre?o=35> (referer: https://www.avito.ma/fr/settat/v%C3%A9hicules-%C3%A0_vendre?o=40)
2021-09-13 21:26:58 [scrapy_user_agents.middlewares] DEBUG: Assigned User-Agent Mozilla/5.0 (Windows NT 6.3; WOW64) AppleWebKit/537.36 (KHTML, like Gecko) Chrome/51.0.2704.106 Safari/537.36
2021-09-13 21:27:01 [scrapy.core.engine] DEBUG: Crawled (200) <GET https://www.avito.ma/fr/settat/v%C3%A9los/%D8%AF%D8%B1%D8%A7%D8%AC%D9%87__46912302.htm> (referer: https://www.avito.ma/fr/settat/v%C3%A9hicules-%C3%A0_vendre?o=5)
2021-09-13 21:27:01 [scrapy_user_agents.middlewares] DEBUG: Assigned User-Agent Mozilla/5.0 (Windows NT 6.1; WOW64) AppleWebKit/537.36 (KHTML, like Gecko) Chrome/48.0.2564.109 Safari/537.36
2021-09-13 21:27:01 [scrapy.core.scraper] DEBUG: Scraped from <200 https://www.avito.ma/fr/settat/v%C3%A9los/%D8%AF%D8%B1%D8%A7%D8%AC%D9%87__46912302.htm>
None
2021-09-13 21:27:01 [scrapy.core.scraper] DEBUG: Scraped from <200 https://www.avito.ma/fr/settat/v%C3%A9los/%D8%AF%D8%B1%D8%A7%D8%AC%D9%87__46912302.htm>
{'product_data_items': {'address': None,
                        'city': 'Settat',
                        'description': 'بقا نقيا وسريعه',
                        'has_shipping': False,
                        'is_seller_phone_verified': False,
                        'last_update_date': '2021-09-01 16:16:46',
                        'number_of_images': 1,
                        'price': 700,
                        'product_id': '61784190',
                        'seller_address': None,
                        'seller_name': 'Oussama',
                        'seller_phone': '0622988073',
                        'seller_type': 'private',
                        'subject': 'دراجه ',
                        'type': 'Vélos, Vente',
                        'url': 'https://www.avito.ma/fr/settat/vélos/دراجه__46912302.htm'}}
2021-09-13 21:27:05 [scrapy.core.engine] DEBUG: Crawled (200) <GET https://www.avito.ma/fr/ben_ahmed/voitures/Mercedes_class_220_47089617.htm> (referer: https://www.avito.ma/fr/settat/v%C3%A9hicules-%C3%A0_vendre?o=4)
2021-09-13 21:27:05 [scrapy_user_agents.middlewares] DEBUG: Assigned User-Agent Mozilla/5.0 (Windows NT 5.1; Win64; x64) AppleWebKit/537.36 (KHTML, like Gecko) Chrome/54.0.2840.99 Safari/537.36
2021-09-13 21:27:05 [scrapy.core.scraper] DEBUG: Scraped from <200 https://www.avito.ma/fr/ben_ahmed/voitures/Mercedes_class_220_47089617.htm>
None
2021-09-13 21:27:05 [scrapy.core.scraper] DEBUG: Scraped from <200 https://www.avito.ma/fr/ben_ahmed/voitures/Mercedes_class_220_47089617.htm>
{'product_data_items': {'address': None,
                        'brand': 'Mercedes-Benz',
                        'bv': 'Manuelle',
                        'car_abs': '1',
                        'car_ac': '1',
                        'car_airbags': '1',
                        'car_central_locking': '1',
                        'car_electric_windows': '1',
                        'car_esp': '1',
                        'car_rims': '1',
                        'cd_mp3_bt': '1',
                        'city': 'Ben Ahmed',
                        'description': 'très bonne état mliha bezaf jammai '
                                       'accident propre dyal molaha ana '
                                       'wassitt',
                        'doors': '5',
                        'first_owner': 'Non',
                        'fuel': 'Diesel',
                        'has_shipping': False,
                        'is_seller_phone_verified': True,
                        'last_update_date': '2021-09-13 20:53:14',
                        'mileage': '250 000 - 299 999',
                        'model': '220',
                        'number_of_images': 7,
                        'pfiscale': '8 CV',
                        'price': 57000,
                        'product_id': '62016355',
                        'regdate': '1995',
                        'seller_address': None,
                        'seller_name': 'Thami',
                        'seller_phone': '0624992491',
                        'seller_type': 'private',
                        'subject': 'Mercedes class 220',
                        'type': 'Voitures, Vente',
                        'url': 'https://www.avito.ma/fr/ben_ahmed/voitures/Mercedes_class_220_47089617.htm',
                        'v_origin': 'Dédouanée'}}
2021-09-13 21:27:12 [scrapy.core.engine] DEBUG: Crawled (200) <GET https://www.avito.ma/fr/settat/voitures/toyota_tercel__47002555.htm> (referer: https://www.avito.ma/fr/settat/v%C3%A9hicules-%C3%A0_vendre?o=3)
2021-09-13 21:27:12 [scrapy_user_agents.middlewares] DEBUG: Assigned User-Agent Mozilla/5.0 (Windows NT 6.2; Win64; x64) AppleWebKit/537.36 (KHTML, like Gecko) Chrome/54.0.2840.99 Safari/537.36
2021-09-13 21:27:12 [scrapy.core.scraper] DEBUG: Scraped from <200 https://www.avito.ma/fr/settat/voitures/toyota_tercel__47002555.htm>
None
2021-09-13 21:27:12 [scrapy.core.scraper] DEBUG: Scraped from <200 https://www.avito.ma/fr/settat/voitures/toyota_tercel__47002555.htm>
{'product_data_items': {'address': None,
                        'area': 'Toute la ville',
                        'brand': 'Toyota',
                        'bv': 'Manuelle',
                        'city': 'Settat',
                        'description': 'تحكم في قفل على باب من بعد إقتصادية '
                                       'فولة ميكانيك ',
                        'doors': '5',
                        'first_owner': 'Non',
                        'fuel': 'Essence',
                        'has_shipping': False,
                        'is_seller_phone_verified': False,
                        'last_update_date': '2021-09-07 19:49:59',
                        'mileage': '30 000 - 34 999',
                        'model': 'Tercel',
                        'number_of_images': 6,
                        'pfiscale': '7 CV',
                        'price': 28000,
                        'product_id': '61902159',
                        'regdate': '1998',
                        'seller_address': None,
                        'seller_name': 'achraf maazouz',
                        'seller_phone': '0630834280',
                        'seller_type': 'private',
                        'subject': 'toyota tercel ',
                        'type': 'Voitures, Vente',
                        'url': 'https://www.avito.ma/fr/settat/voitures/toyota_tercel__47002555.htm',
                        'v_origin': 'WW au Maroc'}}
2021-09-13 21:27:14 [scrapy.downloadermiddlewares.retry] DEBUG: Retrying <GET https://www.avito.ma/fr/alouane/v%C3%A9los/Rockrider_rr_5_1__47000433.htm> (failed 1 times): 504 Gateway Time-out
2021-09-13 21:27:14 [scrapy_user_agents.middlewares] DEBUG: Assigned User-Agent Mozilla/5.0 (Windows NT 10.0; WOW64) AppleWebKit/537.36 (KHTML, like Gecko) Chrome/52.0.2743.82 Safari/537.36
2021-09-13 21:27:16 [scrapy.core.engine] DEBUG: Crawled (200) <GET https://www.avito.ma/fr/settat/voitures/Mercedes_220_47002713.htm> (referer: https://www.avito.ma/fr/settat/v%C3%A9hicules-%C3%A0_vendre?o=3)
2021-09-13 21:27:16 [scrapy_user_agents.middlewares] DEBUG: Assigned User-Agent Mozilla/5.0 (Windows NT 6.0; WOW64) AppleWebKit/537.36 (KHTML, like Gecko) Chrome/51.0.2704.106 Safari/537.36
2021-09-13 21:27:16 [scrapy.core.scraper] DEBUG: Scraped from <200 https://www.avito.ma/fr/settat/voitures/Mercedes_220_47002713.htm>
None
2021-09-13 21:27:16 [scrapy.core.scraper] DEBUG: Scraped from <200 https://www.avito.ma/fr/settat/voitures/Mercedes_220_47002713.htm>
{'product_data_items': {'address': None,
                        'brand': 'Mercedes-Benz',
                        'bv': 'Manuelle',
                        'car_abs': '1',
                        'car_ac': '1',
                        'car_airbags': '1',
                        'car_esp': '1',
                        'car_navigation': '1',
                        'car_reverse_camera': '1',
                        'car_rims': '1',
                        'city': 'Settat',
                        'description': 'mersede99den2007 mafihach stah sbarat '
                                       'dar',
                        'doors': '5',
                        'first_owner': 'Non',
                        'fuel': 'Diesel',
                        'has_shipping': False,
                        'is_seller_phone_verified': True,
                        'last_update_date': '2021-09-07 20:03:22',
                        'mileage': '15 000 - 19 999',
                        'model': '220',
                        'number_of_images': 7,
                        'pfiscale': '9 CV',
                        'price': None,
                        'product_id': '61902522',
                        'regdate': '1999',
                        'seller_address': None,
                        'seller_name': 'Khalil',
                        'seller_phone': '0658452186',
                        'seller_type': 'private',
                        'subject': 'Mercedes 220',
                        'type': 'Voitures, Vente',
                        'url': 'https://www.avito.ma/fr/settat/voitures/Mercedes_220_47002713.htm',
                        'v_origin': 'Dédouanée'}}
2021-09-13 21:27:23 [scrapy.extensions.logstats] INFO: Crawled 27 pages (at 14 pages/min), scraped 32 items (at 24 items/min)
2021-09-13 21:27:23 [scrapy.downloadermiddlewares.retry] DEBUG: Retrying <GET https://www.avito.ma/fr/alouane/voitures/polo_Volkswagen_47003435.htm> (failed 1 times): 500 Internal Server Error
2021-09-13 21:27:23 [scrapy_user_agents.middlewares] DEBUG: Assigned User-Agent Mozilla/5.0 (Windows NT 10.0; Win64; x64) AppleWebKit/537.36 (KHTML, like Gecko) Chrome/63.0.3239.132 Safari/537.36
2021-09-13 21:27:25 [scrapy.core.engine] DEBUG: Crawled (200) <GET https://www.avito.ma/fr/settat/voitures/Peugeot_309__47003862.htm> (referer: https://www.avito.ma/fr/settat/v%C3%A9hicules-%C3%A0_vendre?o=3)
2021-09-13 21:27:25 [scrapy_user_agents.middlewares] DEBUG: Assigned User-Agent Mozilla/5.0 (Windows NT 6.3; WOW64) AppleWebKit/537.36 (KHTML, like Gecko) Chrome/46.0.2490.80 Safari/537.36
2021-09-13 21:27:25 [scrapy.core.scraper] DEBUG: Scraped from <200 https://www.avito.ma/fr/settat/voitures/Peugeot_309__47003862.htm>
None
2021-09-13 21:27:25 [scrapy.core.scraper] DEBUG: Scraped from <200 https://www.avito.ma/fr/settat/voitures/Peugeot_309__47003862.htm>
{'product_data_items': {'address': None,
                        'brand': 'Peugeot',
                        'bv': 'Manuelle',
                        'city': 'Settat',
                        'description': 'mot junior bon ètat mod fin 1990 dèd '
                                       '1996',
                        'doors': '5',
                        'first_owner': None,
                        'fuel': 'Essence',
                        'has_shipping': False,
                        'is_seller_phone_verified': False,
                        'last_update_date': '2021-09-07 21:44:05',
                        'mileage': '400 000 - 449 999',
                        'model': '309',
                        'number_of_images': 8,
                        'pfiscale': '7 CV',
                        'price': 25000,
                        'product_id': '61904080',
                        'regdate': '1990',
                        'seller_address': None,
                        'seller_name': 'Ahmed moutaouakil',
                        'seller_phone': '0642510270',
                        'seller_type': 'private',
                        'subject': 'Peugeot 309 ',
                        'type': 'Voitures, Vente',
                        'url': 'https://www.avito.ma/fr/settat/voitures/Peugeot_309__47003862.htm',
                        'v_origin': 'Dédouanée'}}
2021-09-13 21:27:30 [scrapy.core.engine] DEBUG: Crawled (200) <GET https://www.avito.ma/fr/settat/voitures/Renaut_Kangoo_D65__47005528.htm> (referer: https://www.avito.ma/fr/settat/v%C3%A9hicules-%C3%A0_vendre?o=3)
2021-09-13 21:27:30 [scrapy_user_agents.middlewares] DEBUG: Assigned User-Agent Mozilla/5.0 (Windows NT 10.0; WOW64) AppleWebKit/537.36 (KHTML, like Gecko) Chrome/44.0.2403.157 Safari/537.36
2021-09-13 21:27:30 [scrapy.core.scraper] DEBUG: Scraped from <200 https://www.avito.ma/fr/settat/voitures/Renaut_Kangoo_D65__47005528.htm>
None
2021-09-13 21:27:30 [scrapy.core.scraper] DEBUG: Scraped from <200 https://www.avito.ma/fr/settat/voitures/Renaut_Kangoo_D65__47005528.htm>
{'product_data_items': {'address': None,
                        'brand': 'Renault',
                        'bv': None,
                        'city': 'Settat',
                        'description': 'Voiture bonne etat',
                        'doors': None,
                        'first_owner': None,
                        'fuel': 'Diesel',
                        'has_shipping': False,
                        'is_seller_phone_verified': False,
                        'last_update_date': '2021-09-08 00:45:41',
                        'mileage': '120 000 - 129 999',
                        'model': 'Kangoo',
                        'number_of_images': 4,
                        'pfiscale': None,
                        'price': 66000,
                        'product_id': '61906285',
                        'regdate': '2008',
                        'seller_address': None,
                        'seller_name': 'Abdellah',
                        'seller_phone': None,
                        'seller_type': 'private',
                        'subject': 'Renaut Kangoo D65 ',
                        'type': 'Voitures, Vente',
                        'url': 'https://www.avito.ma/fr/settat/voitures/Renaut_Kangoo_D65__47005528.htm',
                        'v_origin': None}}
2021-09-13 21:27:32 [scrapy.core.engine] DEBUG: Crawled (200) <GET https://www.avito.ma/fr/settat/v%C3%A9los/%D8%AF%D8%B1%D8%A7%D8%AC%D8%A9_%D8%A7%D9%84%D9%85%D9%86%D9%8A%D9%88%D9%85_%D9%86%D9%82%D9%8A%D8%A9__47006145.htm> (referer: https://www.avito.ma/fr/settat/v%C3%A9hicules-%C3%A0_vendre?o=3)
2021-09-13 21:27:32 [scrapy_user_agents.middlewares] DEBUG: Assigned User-Agent Mozilla/5.0 (Windows NT 6.1; WOW64) AppleWebKit/537.31 (KHTML, like Gecko) Chrome/26.0.1410.64 Safari/537.31
2021-09-13 21:27:32 [scrapy.core.scraper] DEBUG: Scraped from <200 https://www.avito.ma/fr/settat/v%C3%A9los/%D8%AF%D8%B1%D8%A7%D8%AC%D8%A9_%D8%A7%D9%84%D9%85%D9%86%D9%8A%D9%88%D9%85_%D9%86%D9%82%D9%8A%D8%A9__47006145.htm>
None
2021-09-13 21:27:32 [scrapy.core.scraper] DEBUG: Scraped from <200 https://www.avito.ma/fr/settat/v%C3%A9los/%D8%AF%D8%B1%D8%A7%D8%AC%D8%A9_%D8%A7%D9%84%D9%85%D9%86%D9%8A%D9%88%D9%85_%D9%86%D9%82%D9%8A%D8%A9__47006145.htm>
{'product_data_items': {'address': None,
                        'area': 'Toute la ville',
                        'city': 'Settat',
                        'description': 'دراجة المنيوم باقة نقية وصحيحة فتيس '
                                       'بثمن مناسب .#اللي مهتم يتواصل معي',
                        'has_shipping': False,
                        'is_seller_phone_verified': False,
                        'last_update_date': '2021-09-08 07:47:33',
                        'number_of_images': 3,
                        'price': 1200,
                        'product_id': '61907134',
                        'seller_address': None,
                        'seller_name': 'عبد الله',
                        'seller_phone': '0611185553',
                        'seller_type': 'private',
                        'subject': 'دراجة المنيوم نقية ',
                        'type': 'Vélos, Vente',
                        'url': 'https://www.avito.ma/fr/settat/vélos/دراجة_المنيوم_نقية__47006145.htm'}}
2021-09-13 21:27:36 [scrapy.core.engine] DEBUG: Crawled (200) <GET https://www.avito.ma/fr/settat/voitures/golf_possible_repris_47006480.htm> (referer: https://www.avito.ma/fr/settat/v%C3%A9hicules-%C3%A0_vendre?o=3)
2021-09-13 21:27:36 [scrapy_user_agents.middlewares] DEBUG: Assigned User-Agent Mozilla/5.0 (Windows NT 6.0; WOW64) AppleWebKit/537.36 (KHTML, like Gecko) Chrome/51.0.2704.106 Safari/537.36
2021-09-13 21:27:36 [scrapy.core.scraper] DEBUG: Scraped from <200 https://www.avito.ma/fr/settat/voitures/golf_possible_repris_47006480.htm>
None
2021-09-13 21:27:36 [scrapy.core.scraper] DEBUG: Scraped from <200 https://www.avito.ma/fr/settat/voitures/golf_possible_repris_47006480.htm>
{'product_data_items': {'address': None,
                        'brand': 'Volkswagen',
                        'bv': 'Manuelle',
                        'car_abs': '1',
                        'car_ac': '1',
                        'car_airbags': '1',
                        'car_central_locking': '1',
                        'car_cruise_control': '1',
                        'car_electric_windows': '1',
                        'car_esp': '1',
                        'car_leather': '1',
                        'car_navigation': '1',
                        'car_onboard_computer': '1',
                        'car_reverse_camera': '1',
                        'car_reverse_radar': '1',
                        'car_rims': '1',
                        'car_roof': '1',
                        'car_speed_limiter': '1',
                        'cd_mp3_bt': '1',
                        'city': 'Settat',
                        'description': 'Golf 7 model 2014 dewana fin 2019 ful '
                                       'option',
                        'doors': '5',
                        'first_owner': 'Oui',
                        'fuel': 'Diesel',
                        'has_shipping': False,
                        'is_seller_phone_verified': False,
                        'last_update_date': '2021-09-08 08:44:11',
                        'mileage': '150 000 - 159 999',
                        'model': 'GOLF 7',
                        'number_of_images': 7,
                        'pfiscale': '6 CV',
                        'price': None,
                        'product_id': '61907666',
                        'regdate': '2014',
                        'seller_address': None,
                        'seller_name': 'Ahmed',
                        'seller_phone': '0664231266',
                        'seller_type': 'private',
                        'subject': 'golf possible repris',
                        'type': 'Voitures, Vente',
                        'url': 'https://www.avito.ma/fr/settat/voitures/golf_possible_repris_47006480.htm',
                        'v_origin': 'Dédouanée'}}
2021-09-13 21:27:38 [scrapy.core.engine] DEBUG: Crawled (200) <GET https://www.avito.ma/fr/settat/voitures/%D8%A8%D9%8A%D8%AC%D9%88_%D8%A8%D8%A7%D8%AA%D9%86%D9%8A%D8%B1__47006681.htm> (referer: https://www.avito.ma/fr/settat/v%C3%A9hicules-%C3%A0_vendre?o=3)
2021-09-13 21:27:38 [scrapy_user_agents.middlewares] DEBUG: Assigned User-Agent Mozilla/5.0 (Windows NT 10.0; Win64; x64) AppleWebKit/537.36 (KHTML, like Gecko) Chrome/54.0.2840.99 Safari/537.36
2021-09-13 21:27:38 [scrapy.core.scraper] DEBUG: Scraped from <200 https://www.avito.ma/fr/settat/voitures/%D8%A8%D9%8A%D8%AC%D9%88_%D8%A8%D8%A7%D8%AA%D9%86%D9%8A%D8%B1__47006681.htm>
None
2021-09-13 21:27:38 [scrapy.core.scraper] DEBUG: Scraped from <200 https://www.avito.ma/fr/settat/voitures/%D8%A8%D9%8A%D8%AC%D9%88_%D8%A8%D8%A7%D8%AA%D9%86%D9%8A%D8%B1__47006681.htm>
{'product_data_items': {'address': None,
                        'brand': 'Peugeot',
                        'bv': 'Manuelle',
                        'city': 'Settat',
                        'description': 'بيجو باتنير البيع موديل 2003 مومكين '
                                       'روبريز ',
                        'doors': '5',
                        'first_owner': 'Non',
                        'fuel': 'Diesel',
                        'has_shipping': False,
                        'is_seller_phone_verified': False,
                        'last_update_date': '2021-09-08 09:11:02',
                        'mileage': '95 000 - 99 999',
                        'model': 'Partner',
                        'number_of_images': 7,
                        'pfiscale': '7 CV',
                        'price': 45000,
                        'product_id': '61908017',
                        'regdate': '2003',
                        'seller_address': None,
                        'seller_name': 'حمزة',
                        'seller_phone': '0638841559',
                        'seller_type': 'private',
                        'subject': 'بيجو باتنير ',
                        'type': 'Voitures, Vente',
                        'url': 'https://www.avito.ma/fr/settat/voitures/بيجو_باتنير__47006681.htm',
                        'v_origin': 'WW au Maroc'}}
2021-09-13 21:27:44 [scrapy.downloadermiddlewares.retry] DEBUG: Retrying <GET https://www.avito.ma/fr/settat/voitures/Freelander_47006865.htm> (failed 1 times): 500 Internal Server Error
2021-09-13 21:27:44 [scrapy_user_agents.middlewares] DEBUG: Assigned User-Agent Mozilla/5.0 (Windows NT 10.0; WOW64) AppleWebKit/537.36 (KHTML, like Gecko) Chrome/53.0.2785.116 Safari/537.36
2021-09-13 21:27:47 [scrapy.core.engine] DEBUG: Crawled (200) <GET https://www.avito.ma/fr/settat/voitures/Fiat_500__47010645.htm> (referer: https://www.avito.ma/fr/settat/v%C3%A9hicules-%C3%A0_vendre?o=3)
2021-09-13 21:27:47 [scrapy_user_agents.middlewares] DEBUG: Assigned User-Agent Mozilla/5.0 (Windows NT 6.1) AppleWebKit/537.36 (KHTML, like Gecko) Chrome/51.0.2704.84 Safari/537.36
2021-09-13 21:27:47 [scrapy.core.scraper] DEBUG: Scraped from <200 https://www.avito.ma/fr/settat/voitures/Fiat_500__47010645.htm>
None
2021-09-13 21:27:47 [scrapy.core.scraper] DEBUG: Scraped from <200 https://www.avito.ma/fr/settat/voitures/Fiat_500__47010645.htm>
{'product_data_items': {'address': None,
                        'area': 'Toute la ville',
                        'brand': 'Fiat',
                        'bv': None,
                        'city': 'Settat',
                        'description': 'Fiat 500 en très bonne état Tout '
                                       'option Toit panoramique Essence ',
                        'doors': None,
                        'first_owner': None,
                        'fuel': 'Essence',
                        'has_shipping': False,
                        'is_seller_phone_verified': False,
                        'last_update_date': '2021-09-08 12:46:20',
                        'mileage': '140 000 - 149 999',
                        'model': '500',
                        'number_of_images': 1,
                        'pfiscale': '7 CV',
                        'price': 72000,
                        'product_id': '61912397',
                        'regdate': '2008',
                        'seller_address': None,
                        'seller_name': 'Hamid',
                        'seller_phone': '0657476799',
                        'seller_type': 'private',
                        'subject': 'Fiat 500 ',
                        'type': 'Voitures, Vente',
                        'url': 'https://www.avito.ma/fr/settat/voitures/Fiat_500__47010645.htm',
                        'v_origin': None}}
2021-09-13 21:27:51 [scrapy.downloadermiddlewares.redirect] DEBUG: Redirecting (302) to <GET https://www.avito.ma/fr/maroc/?utm_source=not_found_redirect> from <GET https://www.avito.ma/fr/settat/voitures/Suzuki_celerio__47010799.htm>
2021-09-13 21:27:51 [scrapy_user_agents.middlewares] DEBUG: Assigned User-Agent Mozilla/5.0 (Windows NT 6.0; WOW64) AppleWebKit/537.36 (KHTML, like Gecko) Chrome/43.0.2357.65 Safari/537.36
2021-09-13 21:27:56 [scrapy.core.engine] DEBUG: Crawled (200) <GET https://www.avito.ma/fr/settat/motos/Motor__46703815.htm> (referer: https://www.avito.ma/fr/settat/v%C3%A9hicules-%C3%A0_vendre?o=10)
2021-09-13 21:27:56 [scrapy_user_agents.middlewares] DEBUG: Assigned User-Agent Mozilla/5.0 (Windows NT 6.1; WOW64) AppleWebKit/537.36 (KHTML, like Gecko) Chrome/45.0.2454.85 Safari/537.36
2021-09-13 21:27:56 [scrapy.core.scraper] DEBUG: Scraped from <200 https://www.avito.ma/fr/settat/motos/Motor__46703815.htm>
None
2021-09-13 21:27:56 [scrapy.core.scraper] DEBUG: Scraped from <200 https://www.avito.ma/fr/settat/motos/Motor__46703815.htm>
{'product_data_items': {'address': None,
                        'city': 'Settat',
                        'cylinder_size': '49',
                        'description': 'motor jadidi',
                        'first_owner': None,
                        'has_shipping': False,
                        'is_seller_phone_verified': False,
                        'last_update_date': '2021-08-17 19:55:25',
                        'mileage': '450 000 - 499 999',
                        'moto_seat_height': None,
                        'number_of_images': 4,
                        'price': 9000,
                        'product_id': '61513261',
                        'regdate': '2020',
                        'seller_address': None,
                        'seller_name': 'وليد',
                        'seller_phone': None,
                        'seller_type': 'private',
                        'subject': 'Motor ',
                        'type': 'Motos, Vente',
                        'url': 'https://www.avito.ma/fr/settat/motos/Motor__46703815.htm',
                        'v_origin': 'Dédouanée',
                        'wheels': '2'}}
2021-09-13 21:27:58 [scrapy.core.engine] DEBUG: Crawled (200) <GET https://www.avito.ma/fr/settat/v%C3%A9hicules-%C3%A0_vendre?o=13> (referer: https://www.avito.ma/fr/settat/v%C3%A9hicules-%C3%A0_vendre?o=10)
2021-09-13 21:27:58 [scrapy_user_agents.middlewares] DEBUG: Assigned User-Agent Mozilla/5.0 (Windows NT 6.2; WOW64) AppleWebKit/537.31 (KHTML, like Gecko) Chrome/26.0.1410.64 Safari/537.31
2021-09-13 21:28:00 [scrapy.core.engine] DEBUG: Crawled (200) <GET https://www.avito.ma/fr/settat/voitures/Renault_R3_45166088.htm> (referer: https://www.avito.ma/fr/settat/v%C3%A9hicules-%C3%A0_vendre?o=35)
2021-09-13 21:28:00 [scrapy_user_agents.middlewares] DEBUG: Assigned User-Agent Mozilla/5.0 (Windows NT 6.1) AppleWebKit/537.36 (KHTML, like Gecko) Chrome/53.0.2785.143 Safari/537.36
2021-09-13 21:28:00 [scrapy.core.scraper] DEBUG: Scraped from <200 https://www.avito.ma/fr/settat/voitures/Renault_R3_45166088.htm>
None
2021-09-13 21:28:00 [scrapy.core.scraper] DEBUG: Scraped from <200 https://www.avito.ma/fr/settat/voitures/Renault_R3_45166088.htm>
{'product_data_items': {'address': None,
                        'brand': 'Renault',
                        'bv': 'Manuelle',
                        'city': 'Settat',
                        'description': 'model 93 tomobil mazala n9ia bzaf',
                        'doors': None,
                        'first_owner': None,
                        'fuel': 'Essence',
                        'has_shipping': False,
                        'is_seller_phone_verified': False,
                        'last_update_date': '2021-04-08 11:00:48',
                        'mileage': '0 - 4 999',
                        'model': 'R9',
                        'number_of_images': 5,
                        'pfiscale': '7 CV',
                        'price': None,
                        'product_id': '59213817',
                        'regdate': '1993',
                        'seller_address': None,
                        'seller_name': 'Mohammed',
                        'seller_phone': '0664454877',
                        'seller_type': 'private',
                        'subject': 'Renault R3',
                        'type': 'Voitures, Vente',
                        'url': 'https://www.avito.ma/fr/settat/voitures/Renault_R3_45166088.htm',
                        'v_origin': None}}
2021-09-13 21:28:05 [scrapy.downloadermiddlewares.retry] DEBUG: Retrying <GET https://www.avito.ma/fr/settat/v%C3%A9hicules-%C3%A0_vendre?o=32> (failed 1 times): 500 Internal Server Error
2021-09-13 21:28:05 [scrapy_user_agents.middlewares] DEBUG: Assigned User-Agent Mozilla/5.0 (Windows NT 10.0; WOW64) AppleWebKit/537.36 (KHTML, like Gecko) Chrome/55.0.2883.87 Safari/537.36
2021-09-13 21:28:09 [scrapy.core.engine] DEBUG: Crawled (200) <GET https://www.avito.ma/fr/settat/v%C3%A9hicules-%C3%A0_vendre?o=33> (referer: https://www.avito.ma/fr/settat/v%C3%A9hicules-%C3%A0_vendre?o=35)
2021-09-13 21:28:09 [scrapy_user_agents.middlewares] DEBUG: Assigned User-Agent Mozilla/5.0 (Windows NT 10.0; Win64; x64) AppleWebKit/537.36 (KHTML, like Gecko) Chrome/58.0.3029.110 Safari/537.36
2021-09-13 21:28:13 [scrapy.downloadermiddlewares.retry] DEBUG: Retrying <GET https://www.avito.ma/fr/settat/motos/mbk_galaxy__45162432.htm> (failed 1 times): 500 Internal Server Error
2021-09-13 21:28:13 [scrapy_user_agents.middlewares] DEBUG: Assigned User-Agent Mozilla/5.0 (Windows NT 6.1; Win64; x64) AppleWebKit/537.36 (KHTML, like Gecko) Chrome/64.0.3282.119 Safari/537.36
2021-09-13 21:28:16 [scrapy.core.engine] DEBUG: Crawled (200) <GET https://www.avito.ma/fr/settat/engins_agricole/Engins_agricoles_45162502.htm> (referer: https://www.avito.ma/fr/settat/v%C3%A9hicules-%C3%A0_vendre?o=35)
2021-09-13 21:28:16 [scrapy_user_agents.middlewares] DEBUG: Assigned User-Agent Mozilla/5.0 (Windows NT 6.3; WOW64) AppleWebKit/537.36 (KHTML, like Gecko) Chrome/44.0.2403.157 Safari/537.36
2021-09-13 21:28:16 [scrapy.core.scraper] DEBUG: Scraped from <200 https://www.avito.ma/fr/settat/engins_agricole/Engins_agricoles_45162502.htm>
None
2021-09-13 21:28:16 [scrapy.core.scraper] DEBUG: Scraped from <200 https://www.avito.ma/fr/settat/engins_agricole/Engins_agricoles_45162502.htm>
{'product_data_items': {'address': None,
                        'area': 'Toute la ville',
                        'city': 'Settat',
                        'description': 'Véhicule agricole : Engins agricoles',
                        'fuel': 'Diesel',
                        'has_shipping': False,
                        'is_seller_phone_verified': False,
                        'last_update_date': '2021-04-07 21:45:25',
                        'number_of_images': 4,
                        'pfiscale': None,
                        'price': None,
                        'product_id': '59205280',
                        'regdate': '1986',
                        'seller_address': None,
                        'seller_name': 'mohammed',
                        'seller_phone': None,
                        'seller_type': 'private',
                        'subject': 'Engins agricoles',
                        'type': 'Engins agricole, Vente',
                        'url': 'https://www.avito.ma/fr/settat/engins_agricole/Engins_agricoles_45162502.htm'}}
2021-09-13 21:28:19 [scrapy.core.engine] DEBUG: Crawled (200) <GET https://www.avito.ma/fr/settat/voitures/ford_orion_45163380.htm> (referer: https://www.avito.ma/fr/settat/v%C3%A9hicules-%C3%A0_vendre?o=35)
2021-09-13 21:28:19 [scrapy_user_agents.middlewares] DEBUG: Assigned User-Agent Mozilla/5.0 (Windows NT 6.1; WOW64) AppleWebKit/537.36 (KHTML, like Gecko) Chrome/44.0.2403.157 Safari/537.36
2021-09-13 21:28:19 [scrapy.core.scraper] DEBUG: Scraped from <200 https://www.avito.ma/fr/settat/voitures/ford_orion_45163380.htm>
None
2021-09-13 21:28:19 [scrapy.core.scraper] DEBUG: Scraped from <200 https://www.avito.ma/fr/settat/voitures/ford_orion_45163380.htm>
{'product_data_items': {'address': None,
                        'brand': 'Ford',
                        'bv': 'Manuelle',
                        'car_central_locking': '1',
                        'car_roof': '1',
                        'city': 'Settat',
                        'description': 'fordmodele:85diwana927ch',
                        'doors': '5',
                        'first_owner': 'Oui',
                        'fuel': 'Diesel',
                        'has_shipping': False,
                        'is_seller_phone_verified': False,
                        'last_update_date': '2021-04-07 23:25:35',
                        'mileage': '0 - 4 999',
                        'model': 'ESCORT',
                        'number_of_images': 2,
                        'pfiscale': '7 CV',
                        'price': 18000,
                        'product_id': '59207297',
                        'regdate': '1985',
                        'seller_address': None,
                        'seller_name': 'Mohamed',
                        'seller_phone': None,
                        'seller_type': 'private',
                        'subject': 'ford orion',
                        'type': 'Voitures, Vente',
                        'url': 'https://www.avito.ma/fr/settat/voitures/ford_orion_45163380.htm',
                        'v_origin': 'Dédouanée'}}
2021-09-13 21:28:23 [scrapy.extensions.logstats] INFO: Crawled 39 pages (at 12 pages/min), scraped 52 items (at 20 items/min)
2021-09-13 21:28:23 [scrapy.core.engine] DEBUG: Crawled (200) <GET https://www.avito.ma/fr/settat/voitures/Peugeot_405_45164536.htm> (referer: https://www.avito.ma/fr/settat/v%C3%A9hicules-%C3%A0_vendre?o=35)
2021-09-13 21:28:23 [scrapy_user_agents.middlewares] DEBUG: Assigned User-Agent Mozilla/5.0 (Windows NT 5.1) AppleWebKit/537.36 (KHTML, like Gecko) Chrome/45.0.2454.101 Safari/537.36
2021-09-13 21:28:23 [scrapy.core.scraper] DEBUG: Scraped from <200 https://www.avito.ma/fr/settat/voitures/Peugeot_405_45164536.htm>
None
2021-09-13 21:28:23 [scrapy.core.scraper] DEBUG: Scraped from <200 https://www.avito.ma/fr/settat/voitures/Peugeot_405_45164536.htm>
{'product_data_items': {'address': None,
                        'brand': 'Peugeot',
                        'bv': 'Manuelle',
                        'city': 'Settat',
                        'description': 'سيارة بيجو 405ليبغ مرحبا',
                        'doors': None,
                        'first_owner': 'Non',
                        'fuel': 'Diesel',
                        'has_shipping': False,
                        'is_seller_phone_verified': False,
                        'last_update_date': '2021-04-08 04:26:45',
                        'mileage': '75 000 - 79 999',
                        'model': '405',
                        'number_of_images': 3,
                        'pfiscale': '7 CV',
                        'price': 26000,
                        'product_id': '59209920',
                        'regdate': '1991',
                        'seller_address': None,
                        'seller_name': 'سمحمد',
                        'seller_phone': '0624195903',
                        'seller_type': 'private',
                        'subject': 'Peugeot 405',
                        'type': 'Voitures, Vente',
                        'url': 'https://www.avito.ma/fr/settat/voitures/Peugeot_405_45164536.htm',
                        'v_origin': 'WW au Maroc'}}
2021-09-13 21:28:29 [scrapy.downloadermiddlewares.retry] DEBUG: Retrying <GET https://www.avito.ma/fr/sidi_abdelkarim/voitures/fiat_Punto_45164840.htm> (failed 1 times): 500 Internal Server Error
2021-09-13 21:28:29 [scrapy_user_agents.middlewares] DEBUG: Assigned User-Agent Mozilla/5.0 (Windows NT 6.3; Win64; x64) AppleWebKit/537.36 (KHTML, like Gecko) Chrome/63.0.3239.132 Safari/537.36
2021-09-13 21:28:30 [scrapy.core.engine] DEBUG: Crawled (200) <GET https://www.avito.ma/fr/alouane/voitures/renault_9_model_93__45166329.htm> (referer: https://www.avito.ma/fr/settat/v%C3%A9hicules-%C3%A0_vendre?o=35)
2021-09-13 21:28:30 [scrapy_user_agents.middlewares] DEBUG: Assigned User-Agent Mozilla/5.0 (Windows NT 6.1; Win64; x64) AppleWebKit/537.36 (KHTML, like Gecko) Chrome/67.0.3396.79 Safari/537.36
2021-09-13 21:28:30 [scrapy.core.scraper] DEBUG: Scraped from <200 https://www.avito.ma/fr/alouane/voitures/renault_9_model_93__45166329.htm>
None
2021-09-13 21:28:30 [scrapy.core.scraper] DEBUG: Scraped from <200 https://www.avito.ma/fr/alouane/voitures/renault_9_model_93__45166329.htm>
{'product_data_items': {'address': None,
                        'area': 'Alouane',
                        'brand': 'Renault',
                        'bv': 'Manuelle',
                        'city': 'Settat',
                        'description': 'model93 tomobil nkia bzaf ',
                        'doors': '5',
                        'first_owner': None,
                        'fuel': 'Essence',
                        'has_shipping': False,
                        'is_seller_phone_verified': False,
                        'last_update_date': '2021-04-08 11:24:43',
                        'mileage': '0 - 4 999',
                        'model': 'R9',
                        'number_of_images': 5,
                        'pfiscale': '7 CV',
                        'price': 25000,
                        'product_id': '59214427',
                        'regdate': '1993',
                        'seller_address': None,
                        'seller_name': 'mohammed',
                        'seller_phone': '0664454877',
                        'seller_type': 'private',
                        'subject': 'renault 9 model 93 ',
                        'type': 'Voitures, Vente',
                        'url': 'https://www.avito.ma/fr/alouane/voitures/renault_9_model_93__45166329.htm',
                        'v_origin': None}}
2021-09-13 21:28:34 [scrapy.core.engine] DEBUG: Crawled (200) <GET https://www.avito.ma/fr/settat/motos/sanya_fice__45169675.htm> (referer: https://www.avito.ma/fr/settat/v%C3%A9hicules-%C3%A0_vendre?o=35)
2021-09-13 21:28:34 [scrapy_user_agents.middlewares] DEBUG: Assigned User-Agent Mozilla/5.0 (Windows NT 6.1; Win64; x64) AppleWebKit/537.36 (KHTML, like Gecko) Chrome/57.0.2987.133 Safari/537.36
2021-09-13 21:28:34 [scrapy.core.scraper] DEBUG: Scraped from <200 https://www.avito.ma/fr/settat/motos/sanya_fice__45169675.htm>
None
2021-09-13 21:28:34 [scrapy.core.scraper] DEBUG: Scraped from <200 https://www.avito.ma/fr/settat/motos/sanya_fice__45169675.htm>
{'product_data_items': {'address': None,
                        'city': 'Settat',
                        'cylinder_size': '110',
                        'description': 'abdo sanya fice 2019 makina 110',
                        'first_owner': 'Non',
                        'has_shipping': False,
                        'is_seller_phone_verified': False,
                        'last_update_date': '2021-04-08 14:53:33',
                        'mileage': '15 000 - 19 999',
                        'moto_antitheft': '1',
                        'moto_seat_height': '49',
                        'number_of_images': 5,
                        'price': 7500,
                        'product_id': '59220788',
                        'regdate': '2019',
                        'seller_address': None,
                        'seller_name': 'Abdlkibir oumami',
                        'seller_phone': '0601068495',
                        'seller_type': 'private',
                        'subject': 'sanya fice ',
                        'type': 'Motos, Vente',
                        'url': 'https://www.avito.ma/fr/settat/motos/sanya_fice__45169675.htm',
                        'v_origin': 'WW au Maroc',
                        'wheels': '2'}}
2021-09-13 21:28:39 [scrapy.core.engine] DEBUG: Crawled (200) <GET https://www.avito.ma/fr/settat/voitures/190_normal_44864609.htm> (referer: https://www.avito.ma/fr/settat/v%C3%A9hicules-%C3%A0_vendre?o=35)
2021-09-13 21:28:39 [scrapy_user_agents.middlewares] DEBUG: Assigned User-Agent Mozilla/5.0 (Windows NT 6.1; WOW64) AppleWebKit/537.36 (KHTML, like Gecko) Chrome/58.0.3029.81 Safari/537.36
2021-09-13 21:28:39 [scrapy.core.scraper] DEBUG: Scraped from <200 https://www.avito.ma/fr/settat/voitures/190_normal_44864609.htm>
None
2021-09-13 21:28:40 [scrapy.core.scraper] DEBUG: Scraped from <200 https://www.avito.ma/fr/settat/voitures/190_normal_44864609.htm>
{'product_data_items': {'address': None,
                        'brand': 'Mercedes-Benz',
                        'bv': 'Manuelle',
                        'car_abs': '1',
                        'car_onboard_computer': '1',
                        'car_rims': '1',
                        'cd_mp3_bt': '1',
                        'city': 'Settat',
                        'description': 'Mercedes benz 190 normal, bon Etat, '
                                       'modil 1992deouana2009, moteur normal '
                                       '5éme vitesse volant assisté, 8 '
                                       'cheuvaux, 5 pneus tout neuf, jants '
                                       'aluminium, salon propre, faible '
                                       'consommation, Jamais accidentée.   '
                                       'originale voiture Audio  stéréo '
                                       'Autoradio CD FM AM RDS USB',
                        'doors': '5',
                        'first_owner': 'Oui',
                        'fuel': 'Diesel',
                        'has_shipping': False,
                        'is_seller_phone_verified': True,
                        'last_update_date': '2021-04-08 19:18:58',
                        'mileage': '450 000 - 499 999',
                        'model': '190',
                        'number_of_images': 8,
                        'pfiscale': '8 CV',
                        'price': 53000,
                        'product_id': '58645507',
                        'regdate': '1992',
                        'seller_address': None,
                        'seller_name': 'Simo',
                        'seller_phone': None,
                        'seller_type': 'private',
                        'subject': '190 normal',
                        'type': 'Voitures, Vente',
                        'url': 'https://www.avito.ma/fr/settat/voitures/190_normal_44864609.htm',
                        'v_origin': 'Dédouanée'}}
2021-09-13 21:28:41 [scrapy.core.engine] DEBUG: Crawled (200) <GET https://www.avito.ma/fr/settat/pi%C3%A8ces_et_accessoires_v%C3%A9hicules/karosri_et_plateau__45173098.htm> (referer: https://www.avito.ma/fr/settat/v%C3%A9hicules-%C3%A0_vendre?o=35)
2021-09-13 21:28:41 [scrapy_user_agents.middlewares] DEBUG: Assigned User-Agent Mozilla/5.0 (Windows NT 6.1; WOW64) AppleWebKit/537.36 (KHTML, like Gecko) Chrome/45.0.2454.101 Safari/537.36
2021-09-13 21:28:41 [scrapy.core.scraper] DEBUG: Scraped from <200 https://www.avito.ma/fr/settat/pi%C3%A8ces_et_accessoires_v%C3%A9hicules/karosri_et_plateau__45173098.htm>
None
2021-09-13 21:28:41 [scrapy.core.scraper] DEBUG: Scraped from <200 https://www.avito.ma/fr/settat/pi%C3%A8ces_et_accessoires_v%C3%A9hicules/karosri_et_plateau__45173098.htm>
{'product_data_items': {'address': None,
                        'city': 'Settat',
                        'description': 'طابلا صحيحا للبيع ',
                        'has_shipping': False,
                        'is_seller_phone_verified': True,
                        'last_update_date': '2021-04-08 20:16:08',
                        'number_of_images': 0,
                        'price': None,
                        'product_id': '59228046',
                        'seller_address': None,
                        'seller_name': 'مراشد عبدالهادي',
                        'seller_phone': None,
                        'seller_type': 'private',
                        'subject': 'karosri et plateau ',
                        'type': 'Pièces et accessoires pour véhicules, Vente',
                        'url': 'https://www.avito.ma/fr/settat/pièces_et_accessoires_véhicules/karosri_et_plateau__45173098.htm'}}
2021-09-13 21:28:46 [scrapy.downloadermiddlewares.retry] DEBUG: Retrying <GET https://www.avito.ma/fr/hay_mabrouka/voitures/renault_19_45173233.htm> (failed 1 times): 500 Internal Server Error
2021-09-13 21:28:46 [scrapy_user_agents.middlewares] DEBUG: Assigned User-Agent Mozilla/5.0 (Windows NT 6.3; Win64; x64) AppleWebKit/537.36 (KHTML, like Gecko) Chrome/61.0.3163.100 Safari/537.36
2021-09-13 21:28:48 [scrapy.downloadermiddlewares.redirect] DEBUG: Redirecting (302) to <GET https://www.avito.ma/fr/maroc/%C3%A0_vendre> from <GET https://www.avito.ma/fr/maroc/?utm_source=not_found_redirect>
2021-09-13 21:28:48 [scrapy_user_agents.middlewares] DEBUG: Assigned User-Agent Mozilla/5.0 (Windows NT 6.1) AppleWebKit/537.36 (KHTML, like Gecko) Chrome/67.0.3396.87 Safari/537.36
2021-09-13 21:28:50 [scrapy.core.engine] DEBUG: Crawled (200) <GET https://www.avito.ma/fr/settat/motos/benilli_45173282.htm> (referer: https://www.avito.ma/fr/settat/v%C3%A9hicules-%C3%A0_vendre?o=35)
2021-09-13 21:28:50 [scrapy_user_agents.middlewares] DEBUG: Assigned User-Agent Mozilla/5.0 (Windows NT 6.1) AppleWebKit/537.36 (KHTML, like Gecko) Chrome/62.0.3202.94 Safari/537.36
2021-09-13 21:28:50 [scrapy.core.scraper] DEBUG: Scraped from <200 https://www.avito.ma/fr/settat/motos/benilli_45173282.htm>
None
2021-09-13 21:28:50 [scrapy.core.scraper] DEBUG: Scraped from <200 https://www.avito.ma/fr/settat/motos/benilli_45173282.htm>
{'product_data_items': {'address': None,
                        'city': 'Settat',
                        'cylinder_size': '150',
                        'description': 'slam kanbi3 had motor benilli VLX 150 '
                                       'modil 2015 n9iya',
                        'first_owner': None,
                        'has_shipping': False,
                        'is_seller_phone_verified': True,
                        'last_update_date': '2021-04-08 20:34:48',
                        'mileage': '10 000 - 14 999',
                        'moto_seat_height': '2',
                        'number_of_images': 4,
                        'price': None,
                        'product_id': '59227766',
                        'regdate': '2015',
                        'seller_address': None,
                        'seller_name': 'Othmane',
                        'seller_phone': '0772045211',
                        'seller_type': 'private',
                        'subject': 'benilli',
                        'type': 'Motos, Vente',
                        'url': 'https://www.avito.ma/fr/settat/motos/benilli_45173282.htm',
                        'v_origin': 'WW au Maroc',
                        'wheels': None}}
2021-09-13 21:28:52 [scrapy.core.engine] DEBUG: Crawled (200) <GET https://www.avito.ma/fr/settat/remorques_et_caravans/karosri__45175887.htm> (referer: https://www.avito.ma/fr/settat/v%C3%A9hicules-%C3%A0_vendre?o=35)
2021-09-13 21:28:52 [scrapy_user_agents.middlewares] DEBUG: Assigned User-Agent Mozilla/5.0 (Windows NT 6.1; WOW64) AppleWebKit/537.36 (KHTML, like Gecko) Chrome/42.0.2311.90 Safari/537.36
2021-09-13 21:28:52 [scrapy.core.scraper] DEBUG: Scraped from <200 https://www.avito.ma/fr/settat/remorques_et_caravans/karosri__45175887.htm>
None
2021-09-13 21:28:53 [scrapy.core.scraper] DEBUG: Scraped from <200 https://www.avito.ma/fr/settat/remorques_et_caravans/karosri__45175887.htm>
{'product_data_items': {'address': None,
                        'city': 'Settat',
                        'description': 'Plateau mli7a',
                        'fuel': 'Diesel',
                        'has_shipping': False,
                        'is_seller_phone_verified': True,
                        'last_update_date': '2021-04-09 08:05:04',
                        'number_of_images': 3,
                        'pfiscale': None,
                        'price': 25000,
                        'product_id': '59235747',
                        'regdate': '2006',
                        'seller_address': None,
                        'seller_name': 'عبدالهادي',
                        'seller_phone': None,
                        'seller_type': 'private',
                        'subject': 'karosri ',
                        'type': 'Remorques et caravanes, Vente',
                        'url': 'https://www.avito.ma/fr/settat/remorques_et_caravans/karosri__45175887.htm'}}
2021-09-13 21:28:55 [scrapy.crawler] INFO: Received SIGTERM, shutting down gracefully. Send again to force 
2021-09-13 21:28:55 [scrapy.core.engine] INFO: Closing spider (shutdown)
2021-09-13 21:28:55 [scrapy.crawler] INFO: Received SIGTERM twice, forcing unclean shutdown
