2021-09-12 02:21:28 [scrapy.utils.log] INFO: Scrapy 2.5.0 started (bot: avito)
2021-09-12 02:21:28 [scrapy.utils.log] INFO: Versions: lxml 4.6.3.0, libxml2 2.9.10, cssselect 1.1.0, parsel 1.6.0, w3lib 1.22.0, Twisted 21.7.0, Python 3.8.10 (default, Jun  2 2021, 10:49:15) - [GCC 9.4.0], pyOpenSSL 20.0.1 (OpenSSL 1.1.1l  24 Aug 2021), cryptography 3.4.8, Platform Linux-5.11.0-27-generic-x86_64-with-glibc2.29
2021-09-12 02:21:28 [scrapy.utils.log] DEBUG: Using reactor: twisted.internet.epollreactor.EPollReactor
2021-09-12 02:21:28 [scrapy.crawler] INFO: Overridden settings:
{'BOT_NAME': 'avito',
 'DOWNLOAD_DELAY': 3,
 'FEED_EXPORT_ENCODING': 'utf-8',
 'LOG_FILE': 'logs/default/productspider/bf918b10136711ec8c58474c312b63ed.log',
 'NEWSPIDER_MODULE': 'avito.spiders',
 'ROBOTSTXT_OBEY': True,
 'SPIDER_MODULES': ['avito.spiders']}
2021-09-12 02:21:28 [scrapy.extensions.telnet] INFO: Telnet Password: 2941f4995e443d7c
2021-09-12 02:21:28 [scrapy.middleware] INFO: Enabled extensions:
['scrapy.extensions.corestats.CoreStats',
 'scrapy.extensions.telnet.TelnetConsole',
 'scrapy.extensions.memusage.MemoryUsage',
 'scrapy.extensions.logstats.LogStats']
2021-09-12 02:21:28 [scrapy_user_agents.user_agent_picker] WARNING: [UnsupportedBrowserType] Family: Android
2021-09-12 02:21:28 [scrapy_user_agents.user_agent_picker] WARNING: [UnsupportedDeviceType] Family: Other, Brand: None, Model: None
2021-09-12 02:21:28 [scrapy_user_agents.user_agent_picker] WARNING: [UnsupportedDeviceType] Family: Other, Brand: None, Model: None
2021-09-12 02:21:28 [scrapy_user_agents.user_agent_picker] WARNING: [UnsupportedDeviceType] Family: Other, Brand: None, Model: None
2021-09-12 02:21:28 [scrapy_user_agents.user_agent_picker] WARNING: [UnsupportedDeviceType] Family: Sony BDV13, Brand: Sony, Model: BDV13
2021-09-12 02:21:28 [scrapy_user_agents.user_agent_picker] WARNING: [UnsupportedDeviceType] Family: Nintendo DSi, Brand: Nintendo, Model: DSi
2021-09-12 02:21:28 [scrapy_user_agents.user_agent_picker] WARNING: [UnsupportedDeviceType] Family: Other, Brand: None, Model: None
2021-09-12 02:21:28 [scrapy_user_agents.user_agent_picker] WARNING: [UnsupportedBrowserType] Family: Other
2021-09-12 02:21:28 [scrapy_user_agents.user_agent_picker] WARNING: [UnsupportedDeviceType] Family: LYF F90M, Brand: LYF, Model: F90M
2021-09-12 02:21:28 [scrapy_user_agents.user_agent_picker] WARNING: [UnsupportedDeviceType] Family: Sony BDV14, Brand: Sony, Model: BDV14
2021-09-12 02:21:29 [scrapy_user_agents.user_agent_picker] WARNING: [UnsupportedDeviceType] Family: LG Web0S SmartTV, Brand: LG, Model: Web0S SmartTV
2021-09-12 02:21:29 [scrapy_user_agents.user_agent_picker] WARNING: [UnsupportedDeviceType] Family: Other, Brand: None, Model: None
2021-09-12 02:21:29 [scrapy_user_agents.user_agent_picker] WARNING: [UnsupportedDeviceType] Family: Other, Brand: None, Model: None
2021-09-12 02:21:29 [scrapy_user_agents.user_agent_picker] WARNING: [UnsupportedDeviceType] Family: Other, Brand: None, Model: None
2021-09-12 02:21:29 [scrapy_user_agents.user_agent_picker] WARNING: [UnsupportedDeviceType] Family: Other, Brand: None, Model: None
2021-09-12 02:21:29 [scrapy_user_agents.user_agent_picker] WARNING: [UnsupportedDeviceType] Family: Other, Brand: None, Model: None
2021-09-12 02:21:29 [scrapy_user_agents.user_agent_picker] WARNING: [UnsupportedDeviceType] Family: Other, Brand: None, Model: None
2021-09-12 02:21:29 [scrapy_user_agents.user_agent_picker] WARNING: [UnsupportedDeviceType] Family: Other, Brand: None, Model: None
2021-09-12 02:21:29 [scrapy_user_agents.user_agent_picker] WARNING: [UnsupportedDeviceType] Family: Sony BDV11, Brand: Sony, Model: BDV11
2021-09-12 02:21:29 [scrapy_user_agents.user_agent_picker] WARNING: [UnsupportedDeviceType] Family: Other, Brand: None, Model: None
2021-09-12 02:21:29 [scrapy_user_agents.user_agent_picker] WARNING: [UnsupportedDeviceType] Family: Other, Brand: None, Model: None
2021-09-12 02:21:29 [scrapy_user_agents.user_agent_picker] WARNING: [UnsupportedDeviceType] Family: Other, Brand: None, Model: None
2021-09-12 02:21:29 [scrapy_user_agents.user_agent_picker] WARNING: [UnsupportedDeviceType] Family: Other, Brand: None, Model: None
2021-09-12 02:21:29 [scrapy_user_agents.user_agent_picker] WARNING: [UnsupportedDeviceType] Family: Nintendo DSi, Brand: Nintendo, Model: DSi
2021-09-12 02:21:29 [scrapy_user_agents.user_agent_picker] WARNING: [UnsupportedDeviceType] Family: LYF LF-2403N, Brand: LYF, Model: LF-2403N
2021-09-12 02:21:29 [scrapy_user_agents.user_agent_picker] WARNING: [UnsupportedDeviceType] Family: LYF F90M, Brand: LYF, Model: F90M
2021-09-12 02:21:29 [scrapy_user_agents.user_agent_picker] WARNING: [UnsupportedDeviceType] Family: Other, Brand: None, Model: None
2021-09-12 02:21:29 [scrapy_user_agents.user_agent_picker] WARNING: [UnsupportedDeviceType] Family: Other, Brand: None, Model: None
2021-09-12 02:21:29 [scrapy_user_agents.user_agent_picker] WARNING: [UnsupportedBrowserType] Family: Applebot
2021-09-12 02:21:29 [scrapy_user_agents.user_agent_picker] WARNING: [UnsupportedDeviceType] Family: Other, Brand: None, Model: None
2021-09-12 02:21:29 [scrapy_user_agents.user_agent_picker] WARNING: [UnsupportedBrowserType] Family: Applebot
2021-09-12 02:21:30 [scrapy_user_agents.user_agent_picker] WARNING: [UnsupportedBrowserType] Family: Other
2021-09-12 02:21:30 [scrapy_user_agents.user_agent_picker] WARNING: [UnsupportedBrowserType] Family: Other
2021-09-12 02:21:30 [scrapy_user_agents.user_agent_picker] WARNING: [UnsupportedBrowserType] Family: PhantomJS
2021-09-12 02:21:30 [scrapy_user_agents.user_agent_picker] WARNING: [UnsupportedBrowserType] Family: SMTBot
2021-09-12 02:21:30 [scrapy_user_agents.user_agent_picker] WARNING: [UnsupportedBrowserType] Family: PhantomJS
2021-09-12 02:21:30 [scrapy_user_agents.user_agent_picker] WARNING: [UnsupportedBrowserType] Family: PhantomJS
2021-09-12 02:21:30 [scrapy_user_agents.user_agent_picker] WARNING: [UnsupportedBrowserType] Family: WebKit Nightly
2021-09-12 02:21:30 [scrapy_user_agents.user_agent_picker] WARNING: [UnsupportedBrowserType] Family: PhantomJS
2021-09-12 02:21:30 [scrapy_user_agents.user_agent_picker] WARNING: [UnsupportedDeviceType] Family: Other, Brand: None, Model: None
2021-09-12 02:21:30 [scrapy_user_agents.user_agent_picker] WARNING: [UnsupportedBrowserType] Family: PhantomJS
2021-09-12 02:21:30 [scrapy_user_agents.user_agent_picker] WARNING: [UnsupportedBrowserType] Family: PhantomJS
2021-09-12 02:21:30 [scrapy_user_agents.user_agent_picker] WARNING: [UnsupportedBrowserType] Family: Robot
2021-09-12 02:21:30 [scrapy_user_agents.user_agent_picker] WARNING: [UnsupportedDeviceType] Family: Other, Brand: None, Model: None
2021-09-12 02:21:30 [scrapy_user_agents.user_agent_picker] WARNING: [UnsupportedBrowserType] Family: Zune
2021-09-12 02:21:30 [scrapy.middleware] INFO: Enabled downloader middlewares:
['scrapy.downloadermiddlewares.robotstxt.RobotsTxtMiddleware',
 'scrapy.downloadermiddlewares.httpauth.HttpAuthMiddleware',
 'scrapy.downloadermiddlewares.downloadtimeout.DownloadTimeoutMiddleware',
 'scrapy.downloadermiddlewares.defaultheaders.DefaultHeadersMiddleware',
 'scrapy_user_agents.middlewares.RandomUserAgentMiddleware',
 'scrapy.downloadermiddlewares.retry.RetryMiddleware',
 'scrapy.downloadermiddlewares.redirect.MetaRefreshMiddleware',
 'scrapy.downloadermiddlewares.httpcompression.HttpCompressionMiddleware',
 'scrapy.downloadermiddlewares.redirect.RedirectMiddleware',
 'scrapy.downloadermiddlewares.cookies.CookiesMiddleware',
 'scrapy.downloadermiddlewares.httpproxy.HttpProxyMiddleware',
 'scrapy.downloadermiddlewares.stats.DownloaderStats']
2021-09-12 02:21:30 [scrapy.middleware] INFO: Enabled spider middlewares:
['scrapy.spidermiddlewares.httperror.HttpErrorMiddleware',
 'scrapy.spidermiddlewares.offsite.OffsiteMiddleware',
 'scrapy.spidermiddlewares.referer.RefererMiddleware',
 'scrapy.spidermiddlewares.urllength.UrlLengthMiddleware',
 'scrapy.spidermiddlewares.depth.DepthMiddleware']
2021-09-12 02:21:30 [scrapy.middleware] INFO: Enabled item pipelines:
['avito.pipelines.MongoDBPipeline']
2021-09-12 02:21:30 [scrapy.core.engine] INFO: Spider opened
2021-09-12 02:21:30 [scrapy.extensions.logstats] INFO: Crawled 0 pages (at 0 pages/min), scraped 0 items (at 0 items/min)
2021-09-12 02:21:30 [scrapy.extensions.telnet] INFO: Telnet console listening on 127.0.0.1:6023
2021-09-12 02:21:30 [scrapy_user_agents.middlewares] DEBUG: Assigned User-Agent Mozilla/5.0 (Windows NT 6.3; Win64; x64) AppleWebKit/537.36 (KHTML, like Gecko) Chrome/66.0.3359.117 Safari/537.36
2021-09-12 02:21:31 [scrapy.core.engine] DEBUG: Crawled (200) <GET https://www.avito.ma/robots.txt> (referer: None)
2021-09-12 02:21:31 [scrapy_user_agents.middlewares] DEBUG: Assigned User-Agent Mozilla/5.0 (Windows NT 6.0; Win64; x64) AppleWebKit/537.36 (KHTML, like Gecko) Chrome/60.0.3112.90 Safari/537.36
2021-09-12 02:21:35 [scrapy.core.engine] DEBUG: Crawled (200) <GET https://www.avito.ma/fr/agdz/v%C3%A9hicules-%C3%A0_vendre> (referer: None)
2021-09-12 02:21:35 [scrapy_user_agents.middlewares] DEBUG: Assigned User-Agent Mozilla/5.0 (Windows NT 10.0; Win64; x64) AppleWebKit/537.36 (KHTML, like Gecko) Chrome/61.0.3163.100 Safari/537.36
2021-09-12 02:21:35 [scrapy_user_agents.middlewares] DEBUG: Assigned User-Agent Mozilla/5.0 (Windows NT 5.1; Win64; x64) AppleWebKit/537.36 (KHTML, like Gecko) Chrome/62.0.3202.89 Safari/537.36
2021-09-12 02:21:35 [scrapy_user_agents.middlewares] DEBUG: Assigned User-Agent Mozilla/5.0 (Windows NT 6.3; WOW64) AppleWebKit/537.36 (KHTML, like Gecko) Chrome/56.0.2924.87 Safari/537.36
2021-09-12 02:21:35 [scrapy_user_agents.middlewares] DEBUG: Assigned User-Agent Mozilla/5.0 (Windows NT 10.0; WOW64) AppleWebKit/537.36 (KHTML, like Gecko) Chrome/62.0.3202.94 Safari/537.36
2021-09-12 02:21:35 [scrapy_user_agents.middlewares] DEBUG: Assigned User-Agent Mozilla/5.0 (Windows NT 10.0; Win64; x64) AppleWebKit/537.36 (KHTML, like Gecko) Chrome/63.0.3239.108 Safari/537.36
2021-09-12 02:21:35 [scrapy_user_agents.middlewares] DEBUG: Assigned User-Agent Mozilla/5.0 (Windows NT 6.3; WOW64) AppleWebKit/537.36 (KHTML, like Gecko) Chrome/48.0.2564.116 Safari/537.36
2021-09-12 02:21:35 [scrapy_user_agents.middlewares] DEBUG: Assigned User-Agent Mozilla/5.0 (Windows NT 10.0; Win64; x64) AppleWebKit/537.36 (KHTML, like Gecko) Chrome/61.0.3163.91 Safari/537.36
2021-09-12 02:21:35 [scrapy_user_agents.middlewares] DEBUG: Assigned User-Agent Mozilla/5.0 (Windows NT 10.0; Win64; x64) AppleWebKit/537.36 (KHTML, like Gecko) Chrome/60.0.3112.78 Safari/537.36
2021-09-12 02:21:35 [scrapy_user_agents.middlewares] DEBUG: Assigned User-Agent Mozilla/5.0 (Windows NT 10.0; Win64; x64) AppleWebKit/537.36 (KHTML, like Gecko) Chrome/66.0.3359.181 Safari/537.36
2021-09-12 02:21:35 [scrapy_user_agents.middlewares] DEBUG: Assigned User-Agent Mozilla/5.0 (Windows NT 6.0; WOW64) AppleWebKit/537.36 (KHTML, like Gecko) Chrome/51.0.2704.63 Safari/537.36
2021-09-12 02:21:38 [scrapy.core.engine] DEBUG: Crawled (200) <GET https://www.avito.ma/fr/agdz/camions/Toyota_Hilux_pikup_46258209.htm> (referer: https://www.avito.ma/fr/agdz/v%C3%A9hicules-%C3%A0_vendre)
2021-09-12 02:21:39 [scrapy.core.scraper] DEBUG: Scraped from <200 https://www.avito.ma/fr/agdz/camions/Toyota_Hilux_pikup_46258209.htm>
None
2021-09-12 02:21:43 [scrapy.core.engine] DEBUG: Crawled (200) <GET https://www.avito.ma/fr/agdz/camions/Isuzu_15_41639492.htm> (referer: https://www.avito.ma/fr/agdz/v%C3%A9hicules-%C3%A0_vendre)
2021-09-12 02:21:43 [scrapy.core.scraper] DEBUG: Scraped from <200 https://www.avito.ma/fr/agdz/camions/Isuzu_15_41639492.htm>
None
2021-09-12 02:21:45 [scrapy.core.engine] DEBUG: Crawled (200) <GET https://www.avito.ma/fr/agdz/motos/%D8%AF%D8%B1%D8%A7%D8%AC%D8%A9_%D9%86%D8%A7%D8%B1%D9%8A%D8%A9_44938860.htm> (referer: https://www.avito.ma/fr/agdz/v%C3%A9hicules-%C3%A0_vendre)
2021-09-12 02:21:46 [scrapy.core.scraper] DEBUG: Scraped from <200 https://www.avito.ma/fr/agdz/motos/%D8%AF%D8%B1%D8%A7%D8%AC%D8%A9_%D9%86%D8%A7%D8%B1%D9%8A%D8%A9_44938860.htm>
None
2021-09-12 02:21:50 [scrapy.core.engine] DEBUG: Crawled (200) <GET https://www.avito.ma/fr/agdz/pi%C3%A8ces_et_accessoires_v%C3%A9hicules/%D9%85%D9%8A%D8%B2%D8%A7%D9%86_%D8%A7%D9%84%D8%AD%D8%B1%D8%A7%D8%B1%D8%A9__44969871.htm> (referer: https://www.avito.ma/fr/agdz/v%C3%A9hicules-%C3%A0_vendre)
2021-09-12 02:21:50 [scrapy.core.scraper] DEBUG: Scraped from <200 https://www.avito.ma/fr/agdz/pi%C3%A8ces_et_accessoires_v%C3%A9hicules/%D9%85%D9%8A%D8%B2%D8%A7%D9%86_%D8%A7%D9%84%D8%AD%D8%B1%D8%A7%D8%B1%D8%A9__44969871.htm>
None
2021-09-12 02:21:53 [scrapy.core.engine] DEBUG: Crawled (200) <GET https://www.avito.ma/fr/agdz/voitures/Renault_19_mod_89_diw_2000_45058081.htm> (referer: https://www.avito.ma/fr/agdz/v%C3%A9hicules-%C3%A0_vendre)
2021-09-12 02:21:53 [scrapy.core.scraper] DEBUG: Scraped from <200 https://www.avito.ma/fr/agdz/voitures/Renault_19_mod_89_diw_2000_45058081.htm>
None
2021-09-12 02:21:57 [scrapy.core.engine] DEBUG: Crawled (200) <GET https://www.avito.ma/fr/agdz/voitures/%D8%B3%D9%8A%D8%A7%D8%B1%D8%A9_%D9%84%D9%84%D8%A8%D9%8A%D8%B9_45197149.htm> (referer: https://www.avito.ma/fr/agdz/v%C3%A9hicules-%C3%A0_vendre)
2021-09-12 02:21:57 [scrapy.core.scraper] DEBUG: Scraped from <200 https://www.avito.ma/fr/agdz/voitures/%D8%B3%D9%8A%D8%A7%D8%B1%D8%A9_%D9%84%D9%84%D8%A8%D9%8A%D8%B9_45197149.htm>
None
2021-09-12 02:22:00 [scrapy.core.engine] DEBUG: Crawled (200) <GET https://www.avito.ma/fr/agdz/engins_btp/%D8%A7%D9%84%D8%A7%D8%A9_%D9%84%D8%AD%D9%81%D8%B1_%D8%A7%D9%84%D8%A7%D8%A8%D8%A7%D8%B1_45275008.htm> (referer: https://www.avito.ma/fr/agdz/v%C3%A9hicules-%C3%A0_vendre)
2021-09-12 02:22:00 [scrapy.core.scraper] DEBUG: Scraped from <200 https://www.avito.ma/fr/agdz/engins_btp/%D8%A7%D9%84%D8%A7%D8%A9_%D9%84%D8%AD%D9%81%D8%B1_%D8%A7%D9%84%D8%A7%D8%A8%D8%A7%D8%B1_45275008.htm>
None
2021-09-12 02:22:07 [scrapy.core.engine] DEBUG: Crawled (200) <GET https://www.avito.ma/fr/agdz/remorques_et_caravans/remorque_45290596.htm> (referer: https://www.avito.ma/fr/agdz/v%C3%A9hicules-%C3%A0_vendre)
2021-09-12 02:22:07 [scrapy.core.scraper] DEBUG: Scraped from <200 https://www.avito.ma/fr/agdz/remorques_et_caravans/remorque_45290596.htm>
None
2021-09-12 02:22:11 [scrapy.core.engine] DEBUG: Crawled (200) <GET https://www.avito.ma/fr/agdz/motos/moto_bon_etat_45986520.htm> (referer: https://www.avito.ma/fr/agdz/v%C3%A9hicules-%C3%A0_vendre)
2021-09-12 02:22:11 [scrapy.core.scraper] DEBUG: Scraped from <200 https://www.avito.ma/fr/agdz/motos/moto_bon_etat_45986520.htm>
None
2021-09-12 02:22:13 [scrapy.core.engine] DEBUG: Crawled (200) <GET https://www.avito.ma/fr/agdz/voitures/Peugeot__46070524.htm> (referer: https://www.avito.ma/fr/agdz/v%C3%A9hicules-%C3%A0_vendre)
2021-09-12 02:22:13 [scrapy.core.scraper] DEBUG: Scraped from <200 https://www.avito.ma/fr/agdz/voitures/Peugeot__46070524.htm>
None
2021-09-12 02:22:13 [scrapy.core.engine] INFO: Closing spider (finished)
2021-09-12 02:22:13 [scrapy.statscollectors] INFO: Dumping Scrapy stats:
{'downloader/request_bytes': 5412,
 'downloader/request_count': 12,
 'downloader/request_method_count/GET': 12,
 'downloader/response_bytes': 288894,
 'downloader/response_count': 12,
 'downloader/response_status_count/200': 12,
 'elapsed_time_seconds': 42.497371,
 'finish_reason': 'finished',
 'finish_time': datetime.datetime(2021, 9, 12, 1, 22, 13, 345431),
 'httpcompression/response_bytes': 1673454,
 'httpcompression/response_count': 12,
 'item_scraped_count': 10,
 'log_count/DEBUG': 34,
 'log_count/INFO': 10,
 'log_count/WARNING': 45,
 'memusage/max': 67784704,
 'memusage/startup': 67784704,
 'request_depth_max': 1,
 'response_received_count': 12,
 'robotstxt/request_count': 1,
 'robotstxt/response_count': 1,
 'robotstxt/response_status_count/200': 1,
 'scheduler/dequeued': 11,
 'scheduler/dequeued/memory': 11,
 'scheduler/enqueued': 11,
 'scheduler/enqueued/memory': 11,
 'start_time': datetime.datetime(2021, 9, 12, 1, 21, 30, 848060)}
2021-09-12 02:22:13 [scrapy.core.engine] INFO: Spider closed (finished)
