2021-09-18 14:03:57 [scrapy.utils.log] INFO: Scrapy 2.5.0 started (bot: avito)
2021-09-18 14:03:57 [scrapy.utils.log] INFO: Versions: lxml 4.6.3.0, libxml2 2.9.10, cssselect 1.1.0, parsel 1.6.0, w3lib 1.22.0, Twisted 21.7.0, Python 3.8.10 (default, Jun  2 2021, 10:49:15) - [GCC 9.4.0], pyOpenSSL 20.0.1 (OpenSSL 1.1.1l  24 Aug 2021), cryptography 3.4.8, Platform Linux-5.11.0-34-generic-x86_64-with-glibc2.29
2021-09-18 14:03:57 [scrapy.utils.log] DEBUG: Using reactor: twisted.internet.epollreactor.EPollReactor
2021-09-18 14:03:57 [scrapy.crawler] INFO: Overridden settings:
{'BOT_NAME': 'avito',
 'DOWNLOAD_DELAY': 3,
 'FEED_EXPORT_ENCODING': 'utf-8',
 'LOG_FILE': 'logs/default/productspider/e0957ef2188011ecb3e9eb2be6e979cc.log',
 'NEWSPIDER_MODULE': 'avito.spiders',
 'ROBOTSTXT_OBEY': True,
 'SPIDER_MODULES': ['avito.spiders']}
2021-09-18 14:03:57 [scrapy.extensions.telnet] INFO: Telnet Password: c7cb3afa5a03244b
2021-09-18 14:03:57 [scrapy.middleware] INFO: Enabled extensions:
['scrapy.extensions.corestats.CoreStats',
 'scrapy.extensions.telnet.TelnetConsole',
 'scrapy.extensions.memusage.MemoryUsage',
 'scrapy.extensions.logstats.LogStats']
2021-09-18 14:03:57 [scrapy_user_agents.user_agent_picker] WARNING: [UnsupportedBrowserType] Family: Android
2021-09-18 14:03:57 [scrapy_user_agents.user_agent_picker] WARNING: [UnsupportedDeviceType] Family: Other, Brand: None, Model: None
2021-09-18 14:03:57 [scrapy_user_agents.user_agent_picker] WARNING: [UnsupportedDeviceType] Family: Other, Brand: None, Model: None
2021-09-18 14:03:57 [scrapy_user_agents.user_agent_picker] WARNING: [UnsupportedDeviceType] Family: Other, Brand: None, Model: None
2021-09-18 14:03:57 [scrapy_user_agents.user_agent_picker] WARNING: [UnsupportedDeviceType] Family: Sony BDV13, Brand: Sony, Model: BDV13
2021-09-18 14:03:57 [scrapy_user_agents.user_agent_picker] WARNING: [UnsupportedDeviceType] Family: Nintendo DSi, Brand: Nintendo, Model: DSi
2021-09-18 14:03:58 [scrapy_user_agents.user_agent_picker] WARNING: [UnsupportedDeviceType] Family: Other, Brand: None, Model: None
2021-09-18 14:03:58 [scrapy_user_agents.user_agent_picker] WARNING: [UnsupportedBrowserType] Family: Other
2021-09-18 14:03:58 [scrapy_user_agents.user_agent_picker] WARNING: [UnsupportedDeviceType] Family: LYF F90M, Brand: LYF, Model: F90M
2021-09-18 14:03:58 [scrapy_user_agents.user_agent_picker] WARNING: [UnsupportedDeviceType] Family: Sony BDV14, Brand: Sony, Model: BDV14
2021-09-18 14:03:58 [scrapy_user_agents.user_agent_picker] WARNING: [UnsupportedDeviceType] Family: LG Web0S SmartTV, Brand: LG, Model: Web0S SmartTV
2021-09-18 14:03:58 [scrapy_user_agents.user_agent_picker] WARNING: [UnsupportedDeviceType] Family: Other, Brand: None, Model: None
2021-09-18 14:03:58 [scrapy_user_agents.user_agent_picker] WARNING: [UnsupportedDeviceType] Family: Other, Brand: None, Model: None
2021-09-18 14:03:58 [scrapy_user_agents.user_agent_picker] WARNING: [UnsupportedDeviceType] Family: Other, Brand: None, Model: None
2021-09-18 14:03:58 [scrapy_user_agents.user_agent_picker] WARNING: [UnsupportedDeviceType] Family: Other, Brand: None, Model: None
2021-09-18 14:03:58 [scrapy_user_agents.user_agent_picker] WARNING: [UnsupportedDeviceType] Family: Other, Brand: None, Model: None
2021-09-18 14:03:58 [scrapy_user_agents.user_agent_picker] WARNING: [UnsupportedDeviceType] Family: Other, Brand: None, Model: None
2021-09-18 14:03:58 [scrapy_user_agents.user_agent_picker] WARNING: [UnsupportedDeviceType] Family: Other, Brand: None, Model: None
2021-09-18 14:03:58 [scrapy_user_agents.user_agent_picker] WARNING: [UnsupportedDeviceType] Family: Sony BDV11, Brand: Sony, Model: BDV11
2021-09-18 14:03:58 [scrapy_user_agents.user_agent_picker] WARNING: [UnsupportedDeviceType] Family: Other, Brand: None, Model: None
2021-09-18 14:03:58 [scrapy_user_agents.user_agent_picker] WARNING: [UnsupportedDeviceType] Family: Other, Brand: None, Model: None
2021-09-18 14:03:58 [scrapy_user_agents.user_agent_picker] WARNING: [UnsupportedDeviceType] Family: Other, Brand: None, Model: None
2021-09-18 14:03:58 [scrapy_user_agents.user_agent_picker] WARNING: [UnsupportedDeviceType] Family: Other, Brand: None, Model: None
2021-09-18 14:03:58 [scrapy_user_agents.user_agent_picker] WARNING: [UnsupportedDeviceType] Family: Nintendo DSi, Brand: Nintendo, Model: DSi
2021-09-18 14:03:58 [scrapy_user_agents.user_agent_picker] WARNING: [UnsupportedDeviceType] Family: LYF LF-2403N, Brand: LYF, Model: LF-2403N
2021-09-18 14:03:58 [scrapy_user_agents.user_agent_picker] WARNING: [UnsupportedDeviceType] Family: LYF F90M, Brand: LYF, Model: F90M
2021-09-18 14:03:58 [scrapy_user_agents.user_agent_picker] WARNING: [UnsupportedDeviceType] Family: Other, Brand: None, Model: None
2021-09-18 14:03:58 [scrapy_user_agents.user_agent_picker] WARNING: [UnsupportedDeviceType] Family: Other, Brand: None, Model: None
2021-09-18 14:03:59 [scrapy_user_agents.user_agent_picker] WARNING: [UnsupportedBrowserType] Family: Applebot
2021-09-18 14:03:59 [scrapy_user_agents.user_agent_picker] WARNING: [UnsupportedDeviceType] Family: Other, Brand: None, Model: None
2021-09-18 14:03:59 [scrapy_user_agents.user_agent_picker] WARNING: [UnsupportedBrowserType] Family: Applebot
2021-09-18 14:03:59 [scrapy_user_agents.user_agent_picker] WARNING: [UnsupportedBrowserType] Family: Other
2021-09-18 14:03:59 [scrapy_user_agents.user_agent_picker] WARNING: [UnsupportedBrowserType] Family: Other
2021-09-18 14:03:59 [scrapy_user_agents.user_agent_picker] WARNING: [UnsupportedBrowserType] Family: PhantomJS
2021-09-18 14:03:59 [scrapy_user_agents.user_agent_picker] WARNING: [UnsupportedBrowserType] Family: SMTBot
2021-09-18 14:03:59 [scrapy_user_agents.user_agent_picker] WARNING: [UnsupportedBrowserType] Family: PhantomJS
2021-09-18 14:03:59 [scrapy_user_agents.user_agent_picker] WARNING: [UnsupportedBrowserType] Family: PhantomJS
2021-09-18 14:03:59 [scrapy_user_agents.user_agent_picker] WARNING: [UnsupportedBrowserType] Family: WebKit Nightly
2021-09-18 14:03:59 [scrapy_user_agents.user_agent_picker] WARNING: [UnsupportedBrowserType] Family: PhantomJS
2021-09-18 14:03:59 [scrapy_user_agents.user_agent_picker] WARNING: [UnsupportedDeviceType] Family: Other, Brand: None, Model: None
2021-09-18 14:03:59 [scrapy_user_agents.user_agent_picker] WARNING: [UnsupportedBrowserType] Family: PhantomJS
2021-09-18 14:03:59 [scrapy_user_agents.user_agent_picker] WARNING: [UnsupportedBrowserType] Family: PhantomJS
2021-09-18 14:03:59 [scrapy_user_agents.user_agent_picker] WARNING: [UnsupportedBrowserType] Family: Robot
2021-09-18 14:03:59 [scrapy_user_agents.user_agent_picker] WARNING: [UnsupportedDeviceType] Family: Other, Brand: None, Model: None
2021-09-18 14:03:59 [scrapy_user_agents.user_agent_picker] WARNING: [UnsupportedBrowserType] Family: Zune
2021-09-18 14:03:59 [scrapy.middleware] INFO: Enabled downloader middlewares:
['scrapy.downloadermiddlewares.robotstxt.RobotsTxtMiddleware',
 'scrapy.downloadermiddlewares.httpauth.HttpAuthMiddleware',
 'scrapy.downloadermiddlewares.downloadtimeout.DownloadTimeoutMiddleware',
 'scrapy.downloadermiddlewares.defaultheaders.DefaultHeadersMiddleware',
 'scrapy_user_agents.middlewares.RandomUserAgentMiddleware',
 'scrapy.downloadermiddlewares.retry.RetryMiddleware',
 'scrapy.downloadermiddlewares.redirect.MetaRefreshMiddleware',
 'scrapy.downloadermiddlewares.httpcompression.HttpCompressionMiddleware',
 'scrapy.downloadermiddlewares.redirect.RedirectMiddleware',
 'scrapy.downloadermiddlewares.cookies.CookiesMiddleware',
 'scrapy.downloadermiddlewares.httpproxy.HttpProxyMiddleware',
 'scrapy.downloadermiddlewares.stats.DownloaderStats']
2021-09-18 14:03:59 [scrapy.middleware] INFO: Enabled spider middlewares:
['scrapy.spidermiddlewares.httperror.HttpErrorMiddleware',
 'scrapy.spidermiddlewares.offsite.OffsiteMiddleware',
 'scrapy.spidermiddlewares.referer.RefererMiddleware',
 'scrapy.spidermiddlewares.urllength.UrlLengthMiddleware',
 'scrapy.spidermiddlewares.depth.DepthMiddleware']
2021-09-18 14:03:59 [scrapy.middleware] INFO: Enabled item pipelines:
['avito.pipelines.MongoDBPipeline']
2021-09-18 14:03:59 [scrapy.core.engine] INFO: Spider opened
2021-09-18 14:03:59 [scrapy.extensions.logstats] INFO: Crawled 0 pages (at 0 pages/min), scraped 0 items (at 0 items/min)
2021-09-18 14:03:59 [scrapy.extensions.telnet] INFO: Telnet console listening on 127.0.0.1:6023
2021-09-18 14:03:59 [scrapy_user_agents.middlewares] DEBUG: Assigned User-Agent Mozilla/5.0 (Windows NT 6.1; Win64; x64) AppleWebKit/537.36 (KHTML, like Gecko) Chrome/66.0.3359.181 Safari/537.36
2021-09-18 14:04:00 [scrapy.core.engine] DEBUG: Crawled (200) <GET https://www.avito.ma/robots.txt> (referer: None)
2021-09-18 14:04:00 [scrapy_user_agents.middlewares] DEBUG: Assigned User-Agent Mozilla/5.0 (Windows NT 6.0; WOW64) AppleWebKit/537.36 (KHTML, like Gecko) Chrome/49.0.2623.112 Safari/537.36
2021-09-18 14:04:07 [scrapy.downloadermiddlewares.retry] DEBUG: Retrying <GET https://www.avito.ma/fr/settat/engins_btp-%C3%A0_vendre> (failed 1 times): 503 Service Unavailable
2021-09-18 14:04:07 [scrapy_user_agents.middlewares] DEBUG: Assigned User-Agent Mozilla/5.0 (Windows NT 10.0; WOW64) AppleWebKit/537.36 (KHTML, like Gecko) Chrome/65.0.3325.181 Safari/537.36
2021-09-18 14:04:08 [scrapy.core.engine] DEBUG: Crawled (200) <GET https://www.avito.ma/fr/settat/engins_btp-%C3%A0_vendre> (referer: None)
2021-09-18 14:04:09 [scrapy_user_agents.middlewares] DEBUG: Assigned User-Agent Mozilla/5.0 (Windows NT 6.1; Win64; x64) AppleWebKit/537.36 (KHTML, like Gecko) Chrome/54.0.2840.71 Safari/537.36
2021-09-18 14:04:09 [scrapy.dupefilters] DEBUG: Filtered duplicate request: <GET https://www.avito.ma/fr/settat/engins_btp-%C3%A0_vendre?o=2> - no more duplicates will be shown (see DUPEFILTER_DEBUG to show all duplicates)
2021-09-18 14:04:09 [scrapy_user_agents.middlewares] DEBUG: Assigned User-Agent Mozilla/5.0 (Windows NT 6.3; WOW64) AppleWebKit/537.36 (KHTML, like Gecko) Chrome/49.0.2623.110 Safari/537.36
2021-09-18 14:04:09 [scrapy_user_agents.middlewares] DEBUG: Assigned User-Agent Mozilla/5.0 (Windows NT 10.0; Win64; x64) AppleWebKit/537.36 (KHTML, like Gecko) Chrome/58.0.3029.96 Safari/537.36
2021-09-18 14:04:09 [scrapy_user_agents.middlewares] DEBUG: Assigned User-Agent Mozilla/5.0 (Windows NT 10.0; Win64; x64) AppleWebKit/537.36 (KHTML, like Gecko) Chrome/60.0.3112.90 Safari/537.36
2021-09-18 14:04:09 [scrapy_user_agents.middlewares] DEBUG: Assigned User-Agent Mozilla/5.0 (Windows NT 6.1; WOW64) AppleWebKit/537.36 (KHTML, like Gecko) Chrome/46.0.2490.86 Safari/537.36
2021-09-18 14:04:09 [scrapy_user_agents.middlewares] DEBUG: Assigned User-Agent Mozilla/5.0 (Windows NT 6.1; WOW64) AppleWebKit/537.36 (KHTML, like Gecko) Chrome/43.0.2357.65 Safari/537.36
2021-09-18 14:04:09 [scrapy_user_agents.middlewares] DEBUG: Assigned User-Agent Mozilla/5.0 (Windows NT 6.0; Win64; x64) AppleWebKit/537.36 (KHTML, like Gecko) Chrome/54.0.2840.99 Safari/537.36
2021-09-18 14:04:09 [scrapy_user_agents.middlewares] DEBUG: Assigned User-Agent Mozilla/5.0 (Windows NT 6.1; Win64; x64) AppleWebKit/537.36 (KHTML, like Gecko) Chrome/51.0.2704.103 Safari/537.36
2021-09-18 14:04:09 [scrapy_user_agents.middlewares] DEBUG: Assigned User-Agent Mozilla/5.0 (Windows NT 10.0; Win64; x64) AppleWebKit/537.36 (KHTML, like Gecko) Chrome/52.0.2743.116 Safari/537.36
2021-09-18 14:04:09 [scrapy_user_agents.middlewares] DEBUG: Assigned User-Agent Mozilla/5.0 (Windows NT 5.1) AppleWebKit/537.31 (KHTML, like Gecko) Chrome/26.0.1410.64 Safari/537.31
2021-09-18 14:04:09 [scrapy_user_agents.middlewares] DEBUG: Assigned User-Agent Mozilla/5.0 (Windows NT 6.1) AppleWebKit/537.36 (KHTML, like Gecko) Chrome/44.0.2403.157 Safari/537.36
2021-09-18 14:04:09 [scrapy_user_agents.middlewares] DEBUG: Assigned User-Agent Mozilla/5.0 (Windows NT 6.1; WOW64) AppleWebKit/537.11 (KHTML, like Gecko) Chrome/23.0.1271.97 Safari/537.11
2021-09-18 14:04:09 [scrapy_user_agents.middlewares] DEBUG: Assigned User-Agent Mozilla/5.0 (Windows NT 6.3; WOW64) AppleWebKit/537.36 (KHTML, like Gecko) Chrome/54.0.2840.99 Safari/537.36
2021-09-18 14:04:09 [scrapy_user_agents.middlewares] DEBUG: Assigned User-Agent Mozilla/5.0 (Windows NT 10.0; WOW64) AppleWebKit/537.36 (KHTML, like Gecko) Chrome/65.0.3325.181 Safari/537.36
2021-09-18 14:04:09 [scrapy_user_agents.middlewares] DEBUG: Assigned User-Agent Mozilla/5.0 (Windows NT 6.1; Win64; x64) AppleWebKit/537.36 (KHTML, like Gecko) Chrome/58.0.3029.96 Safari/537.36
2021-09-18 14:04:09 [scrapy_user_agents.middlewares] DEBUG: Assigned User-Agent Mozilla/5.0 (Windows NT 6.1; Win64; x64) AppleWebKit/537.36 (KHTML, like Gecko) Chrome/66.0.3359.181 Safari/537.36
2021-09-18 14:04:12 [scrapy.core.engine] DEBUG: Crawled (200) <GET https://www.avito.ma/fr/settat/engins_btp-%C3%A0_vendre> (referer: https://www.avito.ma/fr/settat/engins_btp-%C3%A0_vendre)
2021-09-18 14:04:12 [scrapy_user_agents.middlewares] DEBUG: Assigned User-Agent Mozilla/5.0 (Windows NT 10.0; WOW64) AppleWebKit/537.36 (KHTML, like Gecko) Chrome/48.0.2564.103 Safari/537.36
2021-09-18 14:04:13 [py.warnings] WARNING: /home/khalil/Projects/PFE/scrapy_app/avito-env/lib/python3.8/site-packages/scrapy/utils/project.py:81: ScrapyDeprecationWarning: Use of environment variables prefixed with SCRAPY_ to override settings is deprecated. The following environment variables are currently defined: JOB, LOG_FILE, SLOT, SPIDER
  warnings.warn(

2021-09-18 14:04:17 [scrapy.core.engine] DEBUG: Crawled (200) <GET https://www.avito.ma/fr/tanger/engins_btp/Caterpillar_M318_47154958.htm> (referer: https://www.avito.ma/fr/settat/engins_btp-%C3%A0_vendre)
2021-09-18 14:04:17 [scrapy_user_agents.middlewares] DEBUG: Assigned User-Agent Mozilla/5.0 (Windows NT 10.0; WOW64) AppleWebKit/537.36 (KHTML, like Gecko) Chrome/56.0.2924.87 Safari/537.36
2021-09-18 14:04:17 [scrapy.core.scraper] DEBUG: Scraped from <200 https://www.avito.ma/fr/tanger/engins_btp/Caterpillar_M318_47154958.htm>
None
2021-09-18 14:04:17 [scrapy.core.scraper] DEBUG: Scraped from <200 https://www.avito.ma/fr/tanger/engins_btp/Caterpillar_M318_47154958.htm>
None
2021-09-18 14:04:25 [scrapy.core.engine] DEBUG: Crawled (200) <GET https://www.avito.ma/fr/settat/engins_btp-%C3%A0_vendre?o=6> (referer: https://www.avito.ma/fr/settat/engins_btp-%C3%A0_vendre)
2021-09-18 14:04:25 [scrapy_user_agents.middlewares] DEBUG: Assigned User-Agent Mozilla/5.0 (Windows NT 6.3; WOW64) AppleWebKit/537.36 (KHTML, like Gecko) Chrome/49.0.2623.110 Safari/537.36
2021-09-18 14:04:26 [scrapy.core.engine] DEBUG: Crawled (200) <GET https://www.avito.ma/fr/settat/engins_btp-%C3%A0_vendre?o=7> (referer: https://www.avito.ma/fr/settat/engins_btp-%C3%A0_vendre)
2021-09-18 14:04:26 [scrapy_user_agents.middlewares] DEBUG: Assigned User-Agent Mozilla/5.0 (Windows NT 6.1; Win64; x64) AppleWebKit/537.36 (KHTML, like Gecko) Chrome/58.0.3029.96 Safari/537.36
2021-09-18 14:04:29 [scrapy.core.engine] DEBUG: Crawled (200) <GET https://www.avito.ma/fr/settat/engins_btp-%C3%A0_vendre?o=49> (referer: https://www.avito.ma/fr/settat/engins_btp-%C3%A0_vendre)
2021-09-18 14:04:29 [scrapy_user_agents.middlewares] DEBUG: Assigned User-Agent Mozilla/5.0 (Windows NT 6.1) AppleWebKit/537.36 (KHTML, like Gecko) Chrome/50.0.2661.94 Safari/537.36
2021-09-18 14:04:33 [scrapy.core.engine] DEBUG: Crawled (200) <GET https://www.avito.ma/fr/settat/engins_btp-%C3%A0_vendre?o=5> (referer: https://www.avito.ma/fr/settat/engins_btp-%C3%A0_vendre)
2021-09-18 14:04:33 [scrapy_user_agents.middlewares] DEBUG: Assigned User-Agent Mozilla/5.0 (Windows NT 5.1; WOW64) AppleWebKit/537.36 (KHTML, like Gecko) Chrome/48.0.2564.109 Safari/537.36
2021-09-18 14:04:36 [scrapy.core.engine] DEBUG: Crawled (200) <GET https://www.avito.ma/fr/settat/engins_btp-%C3%A0_vendre?o=4> (referer: https://www.avito.ma/fr/settat/engins_btp-%C3%A0_vendre)
2021-09-18 14:04:36 [scrapy_user_agents.middlewares] DEBUG: Assigned User-Agent Mozilla/5.0 (Windows NT 10.0; Win64; x64) AppleWebKit/537.36 (KHTML, like Gecko) Chrome/55.0.2883.87 Safari/537.36
2021-09-18 14:04:41 [scrapy.core.engine] DEBUG: Crawled (200) <GET https://www.avito.ma/fr/settat/engins_btp-%C3%A0_vendre?o=3> (referer: https://www.avito.ma/fr/settat/engins_btp-%C3%A0_vendre)
2021-09-18 14:04:41 [scrapy_user_agents.middlewares] DEBUG: Assigned User-Agent Mozilla/5.0 (Windows NT 6.1; WOW64) AppleWebKit/537.36 (KHTML, like Gecko) Chrome/51.0.2704.103 Safari/537.36
2021-09-18 14:04:45 [scrapy.core.engine] DEBUG: Crawled (200) <GET https://www.avito.ma/fr/settat/engins_btp-%C3%A0_vendre?o=2> (referer: https://www.avito.ma/fr/settat/engins_btp-%C3%A0_vendre)
2021-09-18 14:04:45 [scrapy_user_agents.middlewares] DEBUG: Assigned User-Agent Mozilla/5.0 (Windows NT 6.0; WOW64) AppleWebKit/537.36 (KHTML, like Gecko) Chrome/52.0.2743.116 Safari/537.36
2021-09-18 14:04:47 [scrapy.core.engine] DEBUG: Crawled (200) <GET https://www.avito.ma/fr/errachidia/engins_btp/chargeur_CATERPILLAR_46943821.htm> (referer: https://www.avito.ma/fr/settat/engins_btp-%C3%A0_vendre)
2021-09-18 14:04:47 [scrapy_user_agents.middlewares] DEBUG: Assigned User-Agent Mozilla/5.0 (Windows NT 6.3; Win64; x64) AppleWebKit/537.36 (KHTML, like Gecko) Chrome/63.0.3239.132 Safari/537.36
2021-09-18 14:04:47 [scrapy.core.scraper] DEBUG: Scraped from <200 https://www.avito.ma/fr/errachidia/engins_btp/chargeur_CATERPILLAR_46943821.htm>
None
2021-09-18 14:04:47 [scrapy.core.scraper] DEBUG: Scraped from <200 https://www.avito.ma/fr/errachidia/engins_btp/chargeur_CATERPILLAR_46943821.htm>
None
2021-09-18 14:04:53 [scrapy.core.engine] DEBUG: Crawled (200) <GET https://www.avito.ma/fr/autre_secteur/engins_btp/GRUE_MOBILE_GMK5130_47141932.htm> (referer: https://www.avito.ma/fr/settat/engins_btp-%C3%A0_vendre)
2021-09-18 14:04:53 [scrapy_user_agents.middlewares] DEBUG: Assigned User-Agent Mozilla/5.0 (Windows NT 6.1) AppleWebKit/537.36 (KHTML, like Gecko) Chrome/66.0.3359.181 Safari/537.36
2021-09-18 14:04:53 [scrapy.core.scraper] DEBUG: Scraped from <200 https://www.avito.ma/fr/autre_secteur/engins_btp/GRUE_MOBILE_GMK5130_47141932.htm>
None
2021-09-18 14:04:53 [scrapy.core.scraper] DEBUG: Scraped from <200 https://www.avito.ma/fr/autre_secteur/engins_btp/GRUE_MOBILE_GMK5130_47141932.htm>
None
2021-09-18 14:04:53 [scrapy.core.engine] DEBUG: Crawled (200) <GET https://www.avito.ma/fr/oujda/engins_btp/concasseur_47141946.htm> (referer: https://www.avito.ma/fr/settat/engins_btp-%C3%A0_vendre)
2021-09-18 14:04:53 [scrapy_user_agents.middlewares] DEBUG: Assigned User-Agent Mozilla/5.0 (Windows NT 10.0; Win64; x64) AppleWebKit/537.36 (KHTML, like Gecko) Chrome/55.0.2883.87 Safari/537.36
2021-09-18 14:04:53 [scrapy.core.scraper] DEBUG: Scraped from <200 https://www.avito.ma/fr/oujda/engins_btp/concasseur_47141946.htm>
None
2021-09-18 14:04:53 [scrapy.core.scraper] DEBUG: Scraped from <200 https://www.avito.ma/fr/oujda/engins_btp/concasseur_47141946.htm>
None
2021-09-18 14:04:59 [scrapy.extensions.logstats] INFO: Crawled 14 pages (at 14 pages/min), scraped 8 items (at 8 items/min)
2021-09-18 14:05:00 [scrapy.core.engine] DEBUG: Crawled (200) <GET https://www.avito.ma/fr/ain_sebaa/engins_btp/Chariot_%C3%A9l%C3%A9vateur_%C3%A0_vendre__47143453.htm> (referer: https://www.avito.ma/fr/settat/engins_btp-%C3%A0_vendre)
2021-09-18 14:05:00 [scrapy_user_agents.middlewares] DEBUG: Assigned User-Agent Mozilla/5.0 (Windows NT 6.1; WOW64) AppleWebKit/537.36 (KHTML, like Gecko) Chrome/45.0.2454.85 Safari/537.36
2021-09-18 14:05:00 [scrapy.core.scraper] DEBUG: Scraped from <200 https://www.avito.ma/fr/ain_sebaa/engins_btp/Chariot_%C3%A9l%C3%A9vateur_%C3%A0_vendre__47143453.htm>
None
2021-09-18 14:05:01 [scrapy.core.scraper] DEBUG: Scraped from <200 https://www.avito.ma/fr/ain_sebaa/engins_btp/Chariot_%C3%A9l%C3%A9vateur_%C3%A0_vendre__47143453.htm>
None
2021-09-18 14:05:14 [scrapy.core.engine] DEBUG: Crawled (200) <GET https://www.avito.ma/fr/mediouna/engins_btp/chariot_%C3%A9l%C3%A9vateur_Toyota_8_Tonnes_47074866.htm> (referer: https://www.avito.ma/fr/settat/engins_btp-%C3%A0_vendre)
2021-09-18 14:05:14 [scrapy_user_agents.middlewares] DEBUG: Assigned User-Agent Mozilla/5.0 (Windows NT 6.1; WOW64) AppleWebKit/537.36 (KHTML, like Gecko) Chrome/50.0.2661.102 Safari/537.36
2021-09-18 14:05:14 [scrapy.core.scraper] DEBUG: Scraped from <200 https://www.avito.ma/fr/mediouna/engins_btp/chariot_%C3%A9l%C3%A9vateur_Toyota_8_Tonnes_47074866.htm>
None
2021-09-18 14:05:14 [scrapy.core.scraper] DEBUG: Scraped from <200 https://www.avito.ma/fr/mediouna/engins_btp/chariot_%C3%A9l%C3%A9vateur_Toyota_8_Tonnes_47074866.htm>
None
2021-09-18 14:05:16 [scrapy.core.engine] DEBUG: Crawled (200) <GET https://www.avito.ma/fr/tanger/engins_btp/jcb_3cx__47145756.htm> (referer: https://www.avito.ma/fr/settat/engins_btp-%C3%A0_vendre)
2021-09-18 14:05:16 [scrapy_user_agents.middlewares] DEBUG: Assigned User-Agent Mozilla/5.0 (Windows NT 6.3; WOW64) AppleWebKit/537.36 (KHTML, like Gecko) Chrome/54.0.2840.71 Safari/537.36
2021-09-18 14:05:16 [scrapy.core.scraper] DEBUG: Scraped from <200 https://www.avito.ma/fr/tanger/engins_btp/jcb_3cx__47145756.htm>
None
2021-09-18 14:05:16 [scrapy.core.scraper] DEBUG: Scraped from <200 https://www.avito.ma/fr/tanger/engins_btp/jcb_3cx__47145756.htm>
None
2021-09-18 14:05:16 [scrapy.core.engine] DEBUG: Crawled (200) <GET https://www.avito.ma/fr/oasis/engins_btp/Fourgon_Nacelle_a_vendre_47144322.htm> (referer: https://www.avito.ma/fr/settat/engins_btp-%C3%A0_vendre)
2021-09-18 14:05:16 [scrapy_user_agents.middlewares] DEBUG: Assigned User-Agent Mozilla/5.0 (Windows NT 6.0) AppleWebKit/535.1 (KHTML, like Gecko) Chrome/13.0.782.112 Safari/535.1
2021-09-18 14:05:16 [scrapy.core.scraper] DEBUG: Scraped from <200 https://www.avito.ma/fr/oasis/engins_btp/Fourgon_Nacelle_a_vendre_47144322.htm>
None
2021-09-18 14:05:16 [scrapy.core.scraper] DEBUG: Scraped from <200 https://www.avito.ma/fr/oasis/engins_btp/Fourgon_Nacelle_a_vendre_47144322.htm>
None
2021-09-18 14:05:21 [scrapy.core.engine] DEBUG: Crawled (200) <GET https://www.avito.ma/fr/taourirt/engins_btp/caterpillar_950_45957979.htm> (referer: https://www.avito.ma/fr/settat/engins_btp-%C3%A0_vendre)
2021-09-18 14:05:21 [scrapy_user_agents.middlewares] DEBUG: Assigned User-Agent Mozilla/5.0 (Windows NT 6.3; WOW64) AppleWebKit/537.36 (KHTML, like Gecko) Chrome/48.0.2564.109 Safari/537.36
2021-09-18 14:05:21 [scrapy.core.engine] DEBUG: Crawled (200) <GET https://www.avito.ma/fr/azilal/engins_btp/makina_CAT_M316C_47147664.htm> (referer: https://www.avito.ma/fr/settat/engins_btp-%C3%A0_vendre)
2021-09-18 14:05:21 [scrapy_user_agents.middlewares] DEBUG: Assigned User-Agent Mozilla/5.0 (Windows NT 6.1; WOW64) AppleWebKit/537.36 (KHTML, like Gecko) Chrome/59.0.3071.115 Safari/537.36
2021-09-18 14:05:21 [scrapy.core.scraper] DEBUG: Scraped from <200 https://www.avito.ma/fr/taourirt/engins_btp/caterpillar_950_45957979.htm>
None
2021-09-18 14:05:21 [scrapy.core.scraper] DEBUG: Scraped from <200 https://www.avito.ma/fr/taourirt/engins_btp/caterpillar_950_45957979.htm>
None
2021-09-18 14:05:21 [scrapy.core.scraper] DEBUG: Scraped from <200 https://www.avito.ma/fr/azilal/engins_btp/makina_CAT_M316C_47147664.htm>
None
2021-09-18 14:05:21 [scrapy.core.scraper] DEBUG: Scraped from <200 https://www.avito.ma/fr/azilal/engins_btp/makina_CAT_M316C_47147664.htm>
None
2021-09-18 14:05:28 [scrapy.core.engine] DEBUG: Crawled (200) <GET https://www.avito.ma/fr/ghiata_al_gharbia/engins_btp/hkk_46991112.htm> (referer: https://www.avito.ma/fr/settat/engins_btp-%C3%A0_vendre?o=6)
2021-09-18 14:05:28 [scrapy_user_agents.middlewares] DEBUG: Assigned User-Agent Mozilla/5.0 (Windows NT 6.2; WOW64) AppleWebKit/537.36 (KHTML, like Gecko) Chrome/27.0.1453.94 Safari/537.36
2021-09-18 14:05:28 [scrapy.core.scraper] DEBUG: Scraped from <200 https://www.avito.ma/fr/ghiata_al_gharbia/engins_btp/hkk_46991112.htm>
None
2021-09-18 14:05:28 [scrapy.core.scraper] DEBUG: Scraped from <200 https://www.avito.ma/fr/ghiata_al_gharbia/engins_btp/hkk_46991112.htm>
{'product_data_items': {'address': None,
                        'city': 'Ghiata Al Gharbia',
                        'description': 'xhkhuzkznenehzhzvejejdbdjdbdbfb',
                        'fuel': 'Essence',
                        'has_shipping': False,
                        'is_seller_phone_verified': False,
                        'last_update_date': '2021-09-07 09:39:20',
                        'number_of_images': 0,
                        'pfiscale': '4 CV',
                        'price': 555,
                        'product_id': '61888333',
                        'regdate': '1981',
                        'seller_address': None,
                        'seller_name': 'Aicha aicha',
                        'seller_phone': '0672344654',
                        'seller_type': 'private',
                        'subject': 'hkk',
                        'type': 'Engins btp, Vente',
                        'url': 'https://www.avito.ma/fr/ghiata_al_gharbia/engins_btp/hkk_46991112.htm'}}
2021-09-18 14:05:31 [scrapy.core.engine] DEBUG: Crawled (200) <GET https://www.avito.ma/fr/t%C3%A9touan/engins_btp/Engins_BTP_46953674.htm> (referer: https://www.avito.ma/fr/settat/engins_btp-%C3%A0_vendre?o=7)
2021-09-18 14:05:31 [scrapy_user_agents.middlewares] DEBUG: Assigned User-Agent Mozilla/5.0 (Windows NT 5.1; WOW64) AppleWebKit/537.36 (KHTML, like Gecko) Chrome/51.0.2704.106 Safari/537.36
2021-09-18 14:05:31 [scrapy.core.scraper] DEBUG: Scraped from <200 https://www.avito.ma/fr/t%C3%A9touan/engins_btp/Engins_BTP_46953674.htm>
None
2021-09-18 14:05:31 [scrapy.core.scraper] DEBUG: Scraped from <200 https://www.avito.ma/fr/t%C3%A9touan/engins_btp/Engins_BTP_46953674.htm>
None
2021-09-18 14:05:32 [scrapy.crawler] INFO: Received SIGTERM, shutting down gracefully. Send again to force 
2021-09-18 14:05:32 [scrapy.core.engine] INFO: Closing spider (shutdown)
2021-09-18 14:05:32 [scrapy.crawler] INFO: Received SIGTERM twice, forcing unclean shutdown
