2021-09-13 18:20:31 [scrapy.utils.log] INFO: Scrapy 2.5.0 started (bot: avito)
2021-09-13 18:20:31 [scrapy.utils.log] INFO: Versions: lxml 4.6.3.0, libxml2 2.9.10, cssselect 1.1.0, parsel 1.6.0, w3lib 1.22.0, Twisted 21.7.0, Python 3.8.10 (default, Jun  2 2021, 10:49:15) - [GCC 9.4.0], pyOpenSSL 20.0.1 (OpenSSL 1.1.1l  24 Aug 2021), cryptography 3.4.8, Platform Linux-5.11.0-34-generic-x86_64-with-glibc2.29
2021-09-13 18:20:31 [scrapy.utils.log] DEBUG: Using reactor: twisted.internet.epollreactor.EPollReactor
2021-09-13 18:20:31 [scrapy.crawler] INFO: Overridden settings:
{'BOT_NAME': 'avito',
 'DOWNLOAD_DELAY': 3,
 'FEED_EXPORT_ENCODING': 'utf-8',
 'LOG_FILE': 'logs/default/productspider/e3364c9a14b611ecb3e9eb2be6e979cc.log',
 'NEWSPIDER_MODULE': 'avito.spiders',
 'ROBOTSTXT_OBEY': True,
 'SPIDER_MODULES': ['avito.spiders']}
2021-09-13 18:20:31 [scrapy.extensions.telnet] INFO: Telnet Password: 3bf3dde647eb8112
2021-09-13 18:20:31 [scrapy.middleware] INFO: Enabled extensions:
['scrapy.extensions.corestats.CoreStats',
 'scrapy.extensions.telnet.TelnetConsole',
 'scrapy.extensions.memusage.MemoryUsage',
 'scrapy.extensions.logstats.LogStats']
2021-09-13 18:20:32 [scrapy_user_agents.user_agent_picker] WARNING: [UnsupportedBrowserType] Family: Android
2021-09-13 18:20:32 [scrapy_user_agents.user_agent_picker] WARNING: [UnsupportedDeviceType] Family: Other, Brand: None, Model: None
2021-09-13 18:20:32 [scrapy_user_agents.user_agent_picker] WARNING: [UnsupportedDeviceType] Family: Other, Brand: None, Model: None
2021-09-13 18:20:32 [scrapy_user_agents.user_agent_picker] WARNING: [UnsupportedDeviceType] Family: Other, Brand: None, Model: None
2021-09-13 18:20:32 [scrapy_user_agents.user_agent_picker] WARNING: [UnsupportedDeviceType] Family: Sony BDV13, Brand: Sony, Model: BDV13
2021-09-13 18:20:32 [scrapy_user_agents.user_agent_picker] WARNING: [UnsupportedDeviceType] Family: Nintendo DSi, Brand: Nintendo, Model: DSi
2021-09-13 18:20:32 [scrapy_user_agents.user_agent_picker] WARNING: [UnsupportedDeviceType] Family: Other, Brand: None, Model: None
2021-09-13 18:20:32 [scrapy_user_agents.user_agent_picker] WARNING: [UnsupportedBrowserType] Family: Other
2021-09-13 18:20:32 [scrapy_user_agents.user_agent_picker] WARNING: [UnsupportedDeviceType] Family: LYF F90M, Brand: LYF, Model: F90M
2021-09-13 18:20:32 [scrapy_user_agents.user_agent_picker] WARNING: [UnsupportedDeviceType] Family: Sony BDV14, Brand: Sony, Model: BDV14
2021-09-13 18:20:32 [scrapy_user_agents.user_agent_picker] WARNING: [UnsupportedDeviceType] Family: LG Web0S SmartTV, Brand: LG, Model: Web0S SmartTV
2021-09-13 18:20:32 [scrapy_user_agents.user_agent_picker] WARNING: [UnsupportedDeviceType] Family: Other, Brand: None, Model: None
2021-09-13 18:20:32 [scrapy_user_agents.user_agent_picker] WARNING: [UnsupportedDeviceType] Family: Other, Brand: None, Model: None
2021-09-13 18:20:32 [scrapy_user_agents.user_agent_picker] WARNING: [UnsupportedDeviceType] Family: Other, Brand: None, Model: None
2021-09-13 18:20:32 [scrapy_user_agents.user_agent_picker] WARNING: [UnsupportedDeviceType] Family: Other, Brand: None, Model: None
2021-09-13 18:20:32 [scrapy_user_agents.user_agent_picker] WARNING: [UnsupportedDeviceType] Family: Other, Brand: None, Model: None
2021-09-13 18:20:32 [scrapy_user_agents.user_agent_picker] WARNING: [UnsupportedDeviceType] Family: Other, Brand: None, Model: None
2021-09-13 18:20:32 [scrapy_user_agents.user_agent_picker] WARNING: [UnsupportedDeviceType] Family: Other, Brand: None, Model: None
2021-09-13 18:20:32 [scrapy_user_agents.user_agent_picker] WARNING: [UnsupportedDeviceType] Family: Sony BDV11, Brand: Sony, Model: BDV11
2021-09-13 18:20:32 [scrapy_user_agents.user_agent_picker] WARNING: [UnsupportedDeviceType] Family: Other, Brand: None, Model: None
2021-09-13 18:20:32 [scrapy_user_agents.user_agent_picker] WARNING: [UnsupportedDeviceType] Family: Other, Brand: None, Model: None
2021-09-13 18:20:32 [scrapy_user_agents.user_agent_picker] WARNING: [UnsupportedDeviceType] Family: Other, Brand: None, Model: None
2021-09-13 18:20:32 [scrapy_user_agents.user_agent_picker] WARNING: [UnsupportedDeviceType] Family: Other, Brand: None, Model: None
2021-09-13 18:20:32 [scrapy_user_agents.user_agent_picker] WARNING: [UnsupportedDeviceType] Family: Nintendo DSi, Brand: Nintendo, Model: DSi
2021-09-13 18:20:33 [scrapy_user_agents.user_agent_picker] WARNING: [UnsupportedDeviceType] Family: LYF LF-2403N, Brand: LYF, Model: LF-2403N
2021-09-13 18:20:33 [scrapy_user_agents.user_agent_picker] WARNING: [UnsupportedDeviceType] Family: LYF F90M, Brand: LYF, Model: F90M
2021-09-13 18:20:33 [scrapy_user_agents.user_agent_picker] WARNING: [UnsupportedDeviceType] Family: Other, Brand: None, Model: None
2021-09-13 18:20:33 [scrapy_user_agents.user_agent_picker] WARNING: [UnsupportedDeviceType] Family: Other, Brand: None, Model: None
2021-09-13 18:20:33 [scrapy_user_agents.user_agent_picker] WARNING: [UnsupportedBrowserType] Family: Applebot
2021-09-13 18:20:33 [scrapy_user_agents.user_agent_picker] WARNING: [UnsupportedDeviceType] Family: Other, Brand: None, Model: None
2021-09-13 18:20:33 [scrapy_user_agents.user_agent_picker] WARNING: [UnsupportedBrowserType] Family: Applebot
2021-09-13 18:20:33 [scrapy_user_agents.user_agent_picker] WARNING: [UnsupportedBrowserType] Family: Other
2021-09-13 18:20:33 [scrapy_user_agents.user_agent_picker] WARNING: [UnsupportedBrowserType] Family: Other
2021-09-13 18:20:33 [scrapy_user_agents.user_agent_picker] WARNING: [UnsupportedBrowserType] Family: PhantomJS
2021-09-13 18:20:33 [scrapy_user_agents.user_agent_picker] WARNING: [UnsupportedBrowserType] Family: SMTBot
2021-09-13 18:20:33 [scrapy_user_agents.user_agent_picker] WARNING: [UnsupportedBrowserType] Family: PhantomJS
2021-09-13 18:20:33 [scrapy_user_agents.user_agent_picker] WARNING: [UnsupportedBrowserType] Family: PhantomJS
2021-09-13 18:20:33 [scrapy_user_agents.user_agent_picker] WARNING: [UnsupportedBrowserType] Family: WebKit Nightly
2021-09-13 18:20:33 [scrapy_user_agents.user_agent_picker] WARNING: [UnsupportedBrowserType] Family: PhantomJS
2021-09-13 18:20:33 [scrapy_user_agents.user_agent_picker] WARNING: [UnsupportedDeviceType] Family: Other, Brand: None, Model: None
2021-09-13 18:20:34 [scrapy_user_agents.user_agent_picker] WARNING: [UnsupportedBrowserType] Family: PhantomJS
2021-09-13 18:20:34 [scrapy_user_agents.user_agent_picker] WARNING: [UnsupportedBrowserType] Family: PhantomJS
2021-09-13 18:20:34 [scrapy_user_agents.user_agent_picker] WARNING: [UnsupportedBrowserType] Family: Robot
2021-09-13 18:20:34 [scrapy_user_agents.user_agent_picker] WARNING: [UnsupportedDeviceType] Family: Other, Brand: None, Model: None
2021-09-13 18:20:34 [scrapy_user_agents.user_agent_picker] WARNING: [UnsupportedBrowserType] Family: Zune
2021-09-13 18:20:34 [scrapy.middleware] INFO: Enabled downloader middlewares:
['scrapy.downloadermiddlewares.robotstxt.RobotsTxtMiddleware',
 'scrapy.downloadermiddlewares.httpauth.HttpAuthMiddleware',
 'scrapy.downloadermiddlewares.downloadtimeout.DownloadTimeoutMiddleware',
 'scrapy.downloadermiddlewares.defaultheaders.DefaultHeadersMiddleware',
 'scrapy_user_agents.middlewares.RandomUserAgentMiddleware',
 'scrapy.downloadermiddlewares.retry.RetryMiddleware',
 'scrapy.downloadermiddlewares.redirect.MetaRefreshMiddleware',
 'scrapy.downloadermiddlewares.httpcompression.HttpCompressionMiddleware',
 'scrapy.downloadermiddlewares.redirect.RedirectMiddleware',
 'scrapy.downloadermiddlewares.cookies.CookiesMiddleware',
 'scrapy.downloadermiddlewares.httpproxy.HttpProxyMiddleware',
 'scrapy.downloadermiddlewares.stats.DownloaderStats']
2021-09-13 18:20:34 [scrapy.middleware] INFO: Enabled spider middlewares:
['scrapy.spidermiddlewares.httperror.HttpErrorMiddleware',
 'scrapy.spidermiddlewares.offsite.OffsiteMiddleware',
 'scrapy.spidermiddlewares.referer.RefererMiddleware',
 'scrapy.spidermiddlewares.urllength.UrlLengthMiddleware',
 'scrapy.spidermiddlewares.depth.DepthMiddleware']
2021-09-13 18:20:34 [scrapy.middleware] INFO: Enabled item pipelines:
['avito.pipelines.MongoDBPipeline']
2021-09-13 18:20:34 [scrapy.core.engine] INFO: Spider opened
2021-09-13 18:20:34 [scrapy.extensions.logstats] INFO: Crawled 0 pages (at 0 pages/min), scraped 0 items (at 0 items/min)
2021-09-13 18:20:34 [scrapy.extensions.telnet] INFO: Telnet console listening on 127.0.0.1:6023
2021-09-13 18:20:34 [scrapy_user_agents.middlewares] DEBUG: Assigned User-Agent Mozilla/5.0 (Windows NT 6.1; WOW64) AppleWebKit/537.36 (KHTML, like Gecko) Chrome/46.0.2490.71 Safari/537.36
2021-09-13 18:20:34 [scrapy.core.engine] DEBUG: Crawled (200) <GET https://www.avito.ma/robots.txt> (referer: None)
2021-09-13 18:20:34 [scrapy_user_agents.middlewares] DEBUG: Assigned User-Agent Mozilla/5.0 (Windows NT 6.1) AppleWebKit/537.36 (KHTML, like Gecko) Chrome/60.0.3112.90 Safari/537.36
2021-09-13 18:20:40 [scrapy.core.engine] DEBUG: Crawled (200) <GET https://www.avito.ma/fr/rabat/engins_btp-%C3%A0_vendre> (referer: None)
2021-09-13 18:20:40 [scrapy_user_agents.middlewares] DEBUG: Assigned User-Agent Mozilla/5.0 (Windows NT 10.0; Win64; x64) AppleWebKit/537.36 (KHTML, like Gecko) Chrome/63.0.3239.84 Safari/537.36
2021-09-13 18:20:40 [scrapy.dupefilters] DEBUG: Filtered duplicate request: <GET https://www.avito.ma/fr/rabat/engins_btp-%C3%A0_vendre?o=2> - no more duplicates will be shown (see DUPEFILTER_DEBUG to show all duplicates)
2021-09-13 18:20:40 [scrapy_user_agents.middlewares] DEBUG: Assigned User-Agent Mozilla/5.0 (Windows NT 6.1; WOW64) AppleWebKit/537.36 (KHTML, like Gecko) Chrome/62.0.3202.94 Safari/537.36
2021-09-13 18:20:40 [scrapy_user_agents.middlewares] DEBUG: Assigned User-Agent Mozilla/5.0 (Windows NT 6.1; WOW64) AppleWebKit/537.36 (KHTML, like Gecko) Chrome/41.0.2272.118 Safari/537.36
2021-09-13 18:20:40 [scrapy_user_agents.middlewares] DEBUG: Assigned User-Agent Mozilla/5.0 (Windows NT 10.0; Win64; x64) AppleWebKit/537.36 (KHTML, like Gecko) Chrome/51.0.2704.106 Safari/537.36
2021-09-13 18:20:40 [scrapy_user_agents.middlewares] DEBUG: Assigned User-Agent Mozilla/5.0 (Windows NT 10.0; WOW64) AppleWebKit/537.36 (KHTML, like Gecko) Chrome/51.0.2704.106 Safari/537.36
2021-09-13 18:20:40 [scrapy_user_agents.middlewares] DEBUG: Assigned User-Agent Mozilla/5.0 (Windows NT 6.3; WOW64) AppleWebKit/537.36 (KHTML, like Gecko) Chrome/46.0.2490.80 Safari/537.36
2021-09-13 18:20:40 [scrapy_user_agents.middlewares] DEBUG: Assigned User-Agent Mozilla/5.0 (Windows NT 6.3; Win64; x64) AppleWebKit/537.36 (KHTML, like Gecko) Chrome/66.0.3359.181 Safari/537.36
2021-09-13 18:20:40 [scrapy_user_agents.middlewares] DEBUG: Assigned User-Agent Mozilla/5.0 (Windows NT 6.1) AppleWebKit/537.36 (KHTML, like Gecko) Chrome/54.0.2840.99 Safari/537.36
2021-09-13 18:20:40 [scrapy_user_agents.middlewares] DEBUG: Assigned User-Agent Mozilla/5.0 (Windows NT 6.3; WOW64) AppleWebKit/537.36 (KHTML, like Gecko) Chrome/51.0.2704.103 Safari/537.36
2021-09-13 18:20:40 [scrapy_user_agents.middlewares] DEBUG: Assigned User-Agent Mozilla/5.0 (Windows NT 6.1; WOW64) AppleWebKit/537.36 (KHTML, like Gecko) Chrome/63.0.3239.132 Safari/537.36
2021-09-13 18:20:40 [scrapy_user_agents.middlewares] DEBUG: Assigned User-Agent Mozilla/5.0 (Windows NT 6.1) AppleWebKit/537.36 (KHTML, like Gecko) Chrome/54.0.2840.71 Safari/537.36
2021-09-13 18:20:40 [scrapy_user_agents.middlewares] DEBUG: Assigned User-Agent Mozilla/5.0 (Windows NT 10.0; WOW64) AppleWebKit/537.36 (KHTML, like Gecko) Chrome/46.0.2490.80 Safari/537.36
2021-09-13 18:20:40 [scrapy_user_agents.middlewares] DEBUG: Assigned User-Agent Mozilla/5.0 (Windows NT 6.3; WOW64) AppleWebKit/537.36 (KHTML, like Gecko) Chrome/50.0.2661.102 Safari/537.36
2021-09-13 18:20:40 [scrapy_user_agents.middlewares] DEBUG: Assigned User-Agent Mozilla/5.0 (Windows NT 6.1; WOW64) AppleWebKit/537.36 (KHTML, like Gecko) Chrome/59.0.3071.115 Safari/537.36
2021-09-13 18:20:40 [scrapy_user_agents.middlewares] DEBUG: Assigned User-Agent Mozilla/5.0 (Windows NT 6.1) AppleWebKit/537.36 (KHTML, like Gecko) Chrome/53.0.2785.143 Safari/537.36
2021-09-13 18:20:40 [scrapy_user_agents.middlewares] DEBUG: Assigned User-Agent Mozilla/5.0 (Windows NT 6.1; Win64; x64) AppleWebKit/537.36 (KHTML, like Gecko) Chrome/54.0.2840.71 Safari/537.36
2021-09-13 18:20:43 [scrapy.core.engine] DEBUG: Crawled (200) <GET https://www.avito.ma/fr/rabat/engins_btp-%C3%A0_vendre> (referer: https://www.avito.ma/fr/rabat/engins_btp-%C3%A0_vendre)
2021-09-13 18:20:43 [scrapy_user_agents.middlewares] DEBUG: Assigned User-Agent Mozilla/5.0 (Windows NT 6.3; WOW64) AppleWebKit/537.36 (KHTML, like Gecko) Chrome/54.0.2840.71 Safari/537.36
2021-09-13 18:20:44 [py.warnings] WARNING: /home/khalil/Projects/PFE/scrapy_app/avito-env/lib/python3.8/site-packages/scrapy/utils/project.py:81: ScrapyDeprecationWarning: Use of environment variables prefixed with SCRAPY_ to override settings is deprecated. The following environment variables are currently defined: JOB, LOG_FILE, SLOT, SPIDER
  warnings.warn(

2021-09-13 18:20:53 [scrapy.core.engine] DEBUG: Crawled (200) <GET https://www.avito.ma/fr/rabat/engins_btp-%C3%A0_vendre?o=2> (referer: https://www.avito.ma/fr/rabat/engins_btp-%C3%A0_vendre)
2021-09-13 18:20:53 [scrapy_user_agents.middlewares] DEBUG: Assigned User-Agent Mozilla/5.0 (Windows NT 6.2; WOW64) AppleWebKit/537.36 (KHTML, like Gecko) Chrome/50.0.2661.94 Safari/537.36
2021-09-13 18:20:57 [scrapy.core.engine] DEBUG: Crawled (200) <GET https://www.avito.ma/fr/rabat/engins_btp/Temara_45925052.htm> (referer: https://www.avito.ma/fr/rabat/engins_btp-%C3%A0_vendre)
2021-09-13 18:20:57 [scrapy_user_agents.middlewares] DEBUG: Assigned User-Agent Mozilla/5.0 (Windows; U; Windows NT 5.1; en-US) AppleWebKit/525.19 (KHTML, like Gecko) Chrome/1.0.154.36 Safari/525.19
2021-09-13 18:20:57 [scrapy.core.scraper] DEBUG: Scraped from <200 https://www.avito.ma/fr/rabat/engins_btp/Temara_45925052.htm>
None
2021-09-13 18:20:57 [scrapy.core.scraper] DEBUG: Scraped from <200 https://www.avito.ma/fr/rabat/engins_btp/Temara_45925052.htm>
{'product_data_items': {'address': None,
                        'city': 'Rabat',
                        'description': 'CATERPILLAR 428C',
                        'fuel': 'Diesel',
                        'has_shipping': False,
                        'is_seller_phone_verified': True,
                        'last_update_date': '2021-06-16 13:26:31',
                        'number_of_images': 5,
                        'pfiscale': None,
                        'price': None,
                        'product_id': '60464798',
                        'regdate': '1999',
                        'seller_address': None,
                        'seller_name': 'يسين',
                        'seller_phone': None,
                        'seller_type': 'private',
                        'subject': 'Temara',
                        'type': 'Engins btp, Vente',
                        'url': 'https://www.avito.ma/fr/rabat/engins_btp/Temara_45925052.htm'}}
2021-09-13 18:20:57 [scrapy.core.engine] DEBUG: Crawled (200) <GET https://www.avito.ma/fr/rabat/engins_btp/klak_mli7__46057727.htm> (referer: https://www.avito.ma/fr/rabat/engins_btp-%C3%A0_vendre)
2021-09-13 18:20:57 [scrapy_user_agents.middlewares] DEBUG: Assigned User-Agent Mozilla/5.0 (Windows NT 6.1; Win64; x64) AppleWebKit/537.36 (KHTML, like Gecko) Chrome/60.0.3112.101 Safari/537.36
2021-09-13 18:20:58 [scrapy.core.scraper] DEBUG: Scraped from <200 https://www.avito.ma/fr/rabat/engins_btp/klak_mli7__46057727.htm>
None
2021-09-13 18:20:58 [scrapy.core.scraper] DEBUG: Scraped from <200 https://www.avito.ma/fr/rabat/engins_btp/klak_mli7__46057727.htm>
{'product_data_items': {'address': None,
                        'city': 'Rabat',
                        'description': 'klak Lbii3',
                        'fuel': 'Diesel',
                        'has_shipping': False,
                        'is_seller_phone_verified': True,
                        'last_update_date': '2021-06-25 23:32:27',
                        'number_of_images': 4,
                        'pfiscale': None,
                        'price': 60000,
                        'product_id': '60645432',
                        'regdate': '1991',
                        'seller_address': None,
                        'seller_name': 'Hajji abdrzake',
                        'seller_phone': '0674066099',
                        'seller_type': 'private',
                        'subject': 'klak mli7 ',
                        'type': 'Engins btp, Vente',
                        'url': 'https://www.avito.ma/fr/rabat/engins_btp/klak_mli7__46057727.htm'}}
2021-09-13 18:21:04 [scrapy.core.engine] DEBUG: Crawled (200) <GET https://www.avito.ma/fr/rabat/engins_btp/betonniere_silla__47071316.htm> (referer: https://www.avito.ma/fr/rabat/engins_btp-%C3%A0_vendre)
2021-09-13 18:21:04 [scrapy_user_agents.middlewares] DEBUG: Assigned User-Agent Mozilla/5.0 (Windows NT 6.0; WOW64) AppleWebKit/537.36 (KHTML, like Gecko) Chrome/46.0.2490.80 Safari/537.36
2021-09-13 18:21:04 [scrapy.core.scraper] DEBUG: Scraped from <200 https://www.avito.ma/fr/rabat/engins_btp/betonniere_silla__47071316.htm>
None
2021-09-13 18:21:04 [scrapy.core.scraper] DEBUG: Scraped from <200 https://www.avito.ma/fr/rabat/engins_btp/betonniere_silla__47071316.htm>
{'product_data_items': {'address': None,
                        'city': 'Rabat',
                        'description': 'Betonniere 500l silla heydrolique',
                        'fuel': 'Electrique',
                        'has_shipping': False,
                        'is_seller_phone_verified': False,
                        'last_update_date': '2021-09-12 16:55:52',
                        'number_of_images': 3,
                        'pfiscale': '7 CV',
                        'price': 29000,
                        'product_id': '61990700',
                        'regdate': '2018',
                        'seller_address': None,
                        'seller_name': 'Amine',
                        'seller_phone': '0628917294',
                        'seller_type': 'private',
                        'subject': 'betonniere silla ',
                        'type': 'Engins btp, Vente',
                        'url': 'https://www.avito.ma/fr/rabat/engins_btp/betonniere_silla__47071316.htm'}}
2021-09-13 18:21:09 [scrapy.core.engine] DEBUG: Crawled (200) <GET https://www.avito.ma/fr/rabat/engins_btp/%D8%B1%D8%A7%D9%81%D9%8A%D8%B9%D8%A7_46138348.htm> (referer: https://www.avito.ma/fr/rabat/engins_btp-%C3%A0_vendre)
2021-09-13 18:21:09 [scrapy_user_agents.middlewares] DEBUG: Assigned User-Agent Mozilla/5.0 (Windows NT 10.0; Win64; x64) AppleWebKit/537.36 (KHTML, like Gecko) Chrome/64.0.3282.140 Safari/537.36
2021-09-13 18:21:09 [scrapy.core.scraper] DEBUG: Scraped from <200 https://www.avito.ma/fr/rabat/engins_btp/%D8%B1%D8%A7%D9%81%D9%8A%D8%B9%D8%A7_46138348.htm>
None
2021-09-13 18:21:09 [scrapy.core.scraper] DEBUG: Scraped from <200 https://www.avito.ma/fr/rabat/engins_btp/%D8%B1%D8%A7%D9%81%D9%8A%D8%B9%D8%A7_46138348.htm>
{'product_data_items': {'address': None,
                        'city': 'Rabat',
                        'description': 'رافيعا جيدا',
                        'fuel': 'Electrique',
                        'has_shipping': False,
                        'is_seller_phone_verified': False,
                        'last_update_date': '2021-07-02 01:21:32',
                        'number_of_images': 1,
                        'pfiscale': None,
                        'price': None,
                        'product_id': '60756549',
                        'regdate': '1987',
                        'seller_address': None,
                        'seller_name': 'علي',
                        'seller_phone': '0678300199',
                        'seller_type': 'private',
                        'subject': 'رافيعا',
                        'type': 'Engins btp, Vente',
                        'url': 'https://www.avito.ma/fr/rabat/engins_btp/رافيعا_46138348.htm'}}
2021-09-13 18:21:14 [scrapy.core.engine] DEBUG: Crawled (200) <GET https://www.avito.ma/fr/hay_nahda/engins_btp/Trax_JCB_4CX_46157305.htm> (referer: https://www.avito.ma/fr/rabat/engins_btp-%C3%A0_vendre)
2021-09-13 18:21:14 [scrapy_user_agents.middlewares] DEBUG: Assigned User-Agent Mozilla/5.0 (Windows NT 10.0; WOW64) AppleWebKit/537.36 (KHTML, like Gecko) Chrome/63.0.3239.132 Safari/537.36
2021-09-13 18:21:14 [scrapy.core.scraper] DEBUG: Scraped from <200 https://www.avito.ma/fr/hay_nahda/engins_btp/Trax_JCB_4CX_46157305.htm>
None
2021-09-13 18:21:15 [scrapy.core.scraper] DEBUG: Scraped from <200 https://www.avito.ma/fr/hay_nahda/engins_btp/Trax_JCB_4CX_46157305.htm>
{'product_data_items': {'address': None,
                        'area': 'Hay Nahda',
                        'city': 'Rabat',
                        'description': 'JCB 4CX à vendre',
                        'fuel': 'Diesel',
                        'has_shipping': False,
                        'is_seller_phone_verified': False,
                        'last_update_date': '2021-07-03 14:44:55',
                        'number_of_images': 4,
                        'pfiscale': None,
                        'price': 150000,
                        'product_id': '60783504',
                        'regdate': '1995',
                        'seller_address': None,
                        'seller_name': 'sabir',
                        'seller_phone': '0661225587',
                        'seller_type': 'private',
                        'subject': 'Trax JCB 4CX',
                        'type': 'Engins btp, Vente',
                        'url': 'https://www.avito.ma/fr/hay_nahda/engins_btp/Trax_JCB_4CX_46157305.htm'}}
2021-09-13 18:21:22 [scrapy.core.engine] DEBUG: Crawled (200) <GET https://www.avito.ma/fr/rabat/engins_btp/%D9%84%D8%A7%D9%81%D8%A7%D8%AC_%D9%85%D8%AA%D9%86%D9%82%D9%84_%D9%84%D9%84%D8%A8%D9%8A%D8%B9_46273408.htm> (referer: https://www.avito.ma/fr/rabat/engins_btp-%C3%A0_vendre)
2021-09-13 18:21:22 [scrapy_user_agents.middlewares] DEBUG: Assigned User-Agent Mozilla/5.0 (Windows NT 6.3; WOW64) AppleWebKit/537.36 (KHTML, like Gecko) Chrome/51.0.2704.103 Safari/537.36
2021-09-13 18:21:22 [scrapy.core.scraper] DEBUG: Scraped from <200 https://www.avito.ma/fr/rabat/engins_btp/%D9%84%D8%A7%D9%81%D8%A7%D8%AC_%D9%85%D8%AA%D9%86%D9%82%D9%84_%D9%84%D9%84%D8%A8%D9%8A%D8%B9_46273408.htm>
None
2021-09-13 18:21:22 [scrapy.core.scraper] DEBUG: Scraped from <200 https://www.avito.ma/fr/rabat/engins_btp/%D9%84%D8%A7%D9%81%D8%A7%D8%AC_%D9%85%D8%AA%D9%86%D9%82%D9%84_%D9%84%D9%84%D8%A8%D9%8A%D8%B9_46273408.htm>
{'product_data_items': {'address': None,
                        'city': 'Rabat',
                        'description': 'تريبورتور لافاج متنقل ',
                        'fuel': 'Essence',
                        'has_shipping': False,
                        'is_seller_phone_verified': False,
                        'last_update_date': '2021-07-12 09:28:20',
                        'number_of_images': 2,
                        'pfiscale': '4 CV',
                        'price': 100,
                        'product_id': '60941751',
                        'regdate': '2018',
                        'seller_address': None,
                        'seller_name': 'Reem',
                        'seller_phone': '0649455550',
                        'seller_type': 'private',
                        'subject': 'لافاج متنقل للبيع',
                        'type': 'Engins btp, Vente',
                        'url': 'https://www.avito.ma/fr/rabat/engins_btp/لافاج_متنقل_للبيع_46273408.htm'}}
2021-09-13 18:21:29 [scrapy.core.engine] DEBUG: Crawled (200) <GET https://www.avito.ma/fr/rabat/engins_btp/jcb_3cx__46296841.htm> (referer: https://www.avito.ma/fr/rabat/engins_btp-%C3%A0_vendre)
2021-09-13 18:21:29 [scrapy_user_agents.middlewares] DEBUG: Assigned User-Agent Mozilla/5.0 (Windows NT 6.1; WOW64) AppleWebKit/537.36 (KHTML, like Gecko) Chrome/62.0.3202.94 Safari/537.36
2021-09-13 18:21:29 [scrapy.core.scraper] DEBUG: Scraped from <200 https://www.avito.ma/fr/rabat/engins_btp/jcb_3cx__46296841.htm>
None
2021-09-13 18:21:29 [scrapy.core.scraper] DEBUG: Scraped from <200 https://www.avito.ma/fr/rabat/engins_btp/jcb_3cx__46296841.htm>
{'product_data_items': {'address': None,
                        'city': 'Rabat',
                        'description': 'Jcb 3cx modil 2002 makina nadya',
                        'fuel': 'Diesel',
                        'has_shipping': False,
                        'is_seller_phone_verified': True,
                        'last_update_date': '2021-07-13 22:47:42',
                        'number_of_images': 5,
                        'pfiscale': None,
                        'price': 240000,
                        'product_id': '60979360',
                        'regdate': '2002',
                        'seller_address': None,
                        'seller_name': 'Engins btp',
                        'seller_phone': '0662827289',
                        'seller_type': 'private',
                        'subject': 'jcb 3cx ',
                        'type': 'Engins btp, Vente',
                        'url': 'https://www.avito.ma/fr/rabat/engins_btp/jcb_3cx__46296841.htm'}}
2021-09-13 18:21:30 [scrapy.core.engine] DEBUG: Crawled (200) <GET https://www.avito.ma/fr/rabat/engins_btp/%C3%A9l%C3%A9vateur_0_km_46238721.htm> (referer: https://www.avito.ma/fr/rabat/engins_btp-%C3%A0_vendre)
2021-09-13 18:21:30 [scrapy_user_agents.middlewares] DEBUG: Assigned User-Agent Mozilla/5.0 (Windows NT 6.1; WOW64) AppleWebKit/537.36 (KHTML, like Gecko) Chrome/61.0.3163.100 Safari/537.36
2021-09-13 18:21:30 [scrapy.core.scraper] DEBUG: Scraped from <200 https://www.avito.ma/fr/rabat/engins_btp/%C3%A9l%C3%A9vateur_0_km_46238721.htm>
None
2021-09-13 18:21:30 [scrapy.core.scraper] DEBUG: Scraped from <200 https://www.avito.ma/fr/rabat/engins_btp/%C3%A9l%C3%A9vateur_0_km_46238721.htm>
{'product_data_items': {'address': None,
                        'city': 'Rabat',
                        'description': 'élévateur baoli 2.5 tonnes ',
                        'fuel': 'Diesel',
                        'has_shipping': False,
                        'is_seller_phone_verified': False,
                        'last_update_date': '2021-07-09 18:24:26',
                        'number_of_images': 3,
                        'pfiscale': None,
                        'price': 100000,
                        'product_id': '60897111',
                        'regdate': '2020',
                        'seller_address': None,
                        'seller_name': 'Zakaria Zemzami',
                        'seller_phone': '0661246411',
                        'seller_type': 'private',
                        'subject': 'élévateur 0 km',
                        'type': 'Engins btp, Vente',
                        'url': 'https://www.avito.ma/fr/rabat/engins_btp/élévateur_0_km_46238721.htm'}}
2021-09-13 18:21:33 [scrapy.core.engine] DEBUG: Crawled (200) <GET https://www.avito.ma/fr/rabat/engins_btp/case_988_46306212.htm> (referer: https://www.avito.ma/fr/rabat/engins_btp-%C3%A0_vendre)
2021-09-13 18:21:33 [scrapy_user_agents.middlewares] DEBUG: Assigned User-Agent Mozilla/5.0 (Windows NT 6.2; WOW64) AppleWebKit/537.36 (KHTML, like Gecko) Chrome/51.0.2704.103 Safari/537.36
2021-09-13 18:21:33 [scrapy.core.engine] DEBUG: Crawled (200) <GET https://www.avito.ma/fr/aakkari/engins_btp/%D8%AF%D8%A7%D9%85%D8%A8%D9%8A%D8%B1_%D9%85%D9%84%D9%8A%D8%AD%D8%A9_45679826.htm> (referer: https://www.avito.ma/fr/rabat/engins_btp-%C3%A0_vendre)
2021-09-13 18:21:33 [scrapy_user_agents.middlewares] DEBUG: Assigned User-Agent Mozilla/5.0 (Windows NT 6.1; Win64; x64) AppleWebKit/537.36 (KHTML, like Gecko) Chrome/53.0.2785.143 Safari/537.36
2021-09-13 18:21:33 [scrapy.core.scraper] DEBUG: Scraped from <200 https://www.avito.ma/fr/rabat/engins_btp/case_988_46306212.htm>
None
2021-09-13 18:21:33 [scrapy.core.scraper] DEBUG: Scraped from <200 https://www.avito.ma/fr/rabat/engins_btp/case_988_46306212.htm>
{'product_data_items': {'address': None,
                        'city': 'Rabat',
                        'description': 'Case988 modil 2001 ben eta',
                        'fuel': 'Diesel',
                        'has_shipping': False,
                        'is_seller_phone_verified': True,
                        'last_update_date': '2021-07-14 16:26:40',
                        'number_of_images': 3,
                        'pfiscale': None,
                        'price': 320000,
                        'product_id': '60992689',
                        'regdate': '2001',
                        'seller_address': None,
                        'seller_name': 'Engins BTP',
                        'seller_phone': '0662827289',
                        'seller_type': 'private',
                        'subject': 'case 988',
                        'type': 'Engins btp, Vente',
                        'url': 'https://www.avito.ma/fr/rabat/engins_btp/case_988_46306212.htm'}}
2021-09-13 18:21:33 [scrapy.core.scraper] DEBUG: Scraped from <200 https://www.avito.ma/fr/aakkari/engins_btp/%D8%AF%D8%A7%D9%85%D8%A8%D9%8A%D8%B1_%D9%85%D9%84%D9%8A%D8%AD%D8%A9_45679826.htm>
None
2021-09-13 18:21:33 [scrapy.core.scraper] DEBUG: Scraped from <200 https://www.avito.ma/fr/aakkari/engins_btp/%D8%AF%D8%A7%D9%85%D8%A8%D9%8A%D8%B1_%D9%85%D9%84%D9%8A%D8%AD%D8%A9_45679826.htm>
{'product_data_items': {'address': None,
                        'area': 'Aakkari',
                        'city': 'Rabat',
                        'description': 'Dumper للبيع حاجة نقية و مليحة ',
                        'fuel': 'Diesel',
                        'has_shipping': False,
                        'is_seller_phone_verified': False,
                        'last_update_date': '2021-07-30 13:32:27',
                        'number_of_images': 6,
                        'pfiscale': '4 CV',
                        'price': 48000,
                        'product_id': '60098071',
                        'regdate': '2009',
                        'seller_address': None,
                        'seller_name': 'IPM AND QABLAL',
                        'seller_phone': '0693266995',
                        'seller_type': 'shop',
                        'subject': 'دامبير مليحة',
                        'type': 'Engins btp, Vente',
                        'url': 'https://www.avito.ma/fr/aakkari/engins_btp/دامبير_مليحة_45679826.htm'}}
2021-09-13 18:21:34 [scrapy.extensions.logstats] INFO: Crawled 14 pages (at 14 pages/min), scraped 20 items (at 20 items/min)
2021-09-13 18:21:35 [scrapy.core.engine] DEBUG: Crawled (200) <GET https://www.avito.ma/fr/aakkari/engins_btp/Dumper_Barford_4_4__45282569.htm> (referer: https://www.avito.ma/fr/rabat/engins_btp-%C3%A0_vendre)
2021-09-13 18:21:35 [scrapy_user_agents.middlewares] DEBUG: Assigned User-Agent Mozilla/5.0 (Windows NT 10.0; WOW64) AppleWebKit/537.36 (KHTML, like Gecko) Chrome/47.0.2526.111 Safari/537.36
2021-09-13 18:21:35 [scrapy.core.scraper] DEBUG: Scraped from <200 https://www.avito.ma/fr/aakkari/engins_btp/Dumper_Barford_4_4__45282569.htm>
None
2021-09-13 18:21:36 [scrapy.core.scraper] DEBUG: Scraped from <200 https://www.avito.ma/fr/aakkari/engins_btp/Dumper_Barford_4_4__45282569.htm>
{'product_data_items': {'address': None,
                        'area': 'Aakkari',
                        'city': 'Rabat',
                        'description': 'En vente une dumper barford mlihaEn '
                                       'très bonne 3 tonnes4×4Rotatif Moteur '
                                       'deutz mlih',
                        'fuel': 'Diesel',
                        'has_shipping': False,
                        'is_seller_phone_verified': False,
                        'last_update_date': '2021-07-30 13:34:14',
                        'number_of_images': 4,
                        'pfiscale': '10 CV',
                        'price': 63000,
                        'product_id': '59435617',
                        'regdate': '2005',
                        'seller_address': None,
                        'seller_name': 'IPM AND QABLAL',
                        'seller_phone': '0693266995',
                        'seller_type': 'shop',
                        'subject': 'Dumper Barford 4×4 ',
                        'type': 'Engins btp, Vente',
                        'url': 'https://www.avito.ma/fr/aakkari/engins_btp/Dumper_Barford_4_4__45282569.htm'}}
2021-09-13 18:21:36 [scrapy.core.engine] DEBUG: Crawled (200) <GET https://www.avito.ma/fr/agdal/engins_btp/Manitou__46108436.htm> (referer: https://www.avito.ma/fr/rabat/engins_btp-%C3%A0_vendre)
2021-09-13 18:21:36 [scrapy_user_agents.middlewares] DEBUG: Assigned User-Agent Mozilla/5.0 (Windows NT 6.3; WOW64) AppleWebKit/537.36 (KHTML, like Gecko) Chrome/51.0.2704.106 Safari/537.36
2021-09-13 18:21:36 [scrapy.core.scraper] DEBUG: Scraped from <200 https://www.avito.ma/fr/agdal/engins_btp/Manitou__46108436.htm>
None
2021-09-13 18:21:36 [scrapy.core.scraper] DEBUG: Scraped from <200 https://www.avito.ma/fr/agdal/engins_btp/Manitou__46108436.htm>
{'product_data_items': {'address': None,
                        'area': 'Agdal',
                        'city': 'Rabat',
                        'description': 'Manitou 16 mettremodèle 99 dédouane '
                                       '2013',
                        'fuel': None,
                        'has_shipping': False,
                        'is_seller_phone_verified': False,
                        'last_update_date': '2021-06-29 21:40:11',
                        'number_of_images': 2,
                        'pfiscale': None,
                        'price': 240000,
                        'product_id': '60715203',
                        'regdate': None,
                        'seller_address': None,
                        'seller_name': 'Ait lafkih Hafida ',
                        'seller_phone': '0661376631',
                        'seller_type': 'private',
                        'subject': 'Manitou ',
                        'type': 'Engins btp, Vente',
                        'url': 'https://www.avito.ma/fr/agdal/engins_btp/Manitou__46108436.htm'}}
2021-09-13 18:21:43 [scrapy.core.engine] DEBUG: Crawled (200) <GET https://www.avito.ma/fr/aakkari/engins_btp/Rok_pneumatique_atlas_copco_442c_45982533.htm> (referer: https://www.avito.ma/fr/rabat/engins_btp-%C3%A0_vendre)
2021-09-13 18:21:43 [scrapy_user_agents.middlewares] DEBUG: Assigned User-Agent Mozilla/5.0 (Windows NT 10.0; WOW64) AppleWebKit/537.36 (KHTML, like Gecko) Chrome/49.0.2623.112 Safari/537.36
2021-09-13 18:21:44 [scrapy.core.scraper] DEBUG: Scraped from <200 https://www.avito.ma/fr/aakkari/engins_btp/Rok_pneumatique_atlas_copco_442c_45982533.htm>
None
2021-09-13 18:21:44 [scrapy.core.scraper] DEBUG: Scraped from <200 https://www.avito.ma/fr/aakkari/engins_btp/Rok_pneumatique_atlas_copco_442c_45982533.htm>
{'product_data_items': {'address': None,
                        'area': 'Aakkari',
                        'city': 'Rabat',
                        'description': 'Rok pneumatique atlas copco 442 pc '
                                       'avec tige tres bonne état تيخدم '
                                       'بكوبريسون ديال ريح يباع بدون كوبريسون ',
                        'fuel': 'Diesel',
                        'has_shipping': False,
                        'is_seller_phone_verified': False,
                        'last_update_date': '2021-07-30 13:50:08',
                        'number_of_images': 6,
                        'pfiscale': '4 CV',
                        'price': 90000,
                        'product_id': '60540280',
                        'regdate': '2000',
                        'seller_address': None,
                        'seller_name': 'IPM AND QABLAL',
                        'seller_phone': '0693266995',
                        'seller_type': 'shop',
                        'subject': 'Rok pneumatique atlas copco 442c',
                        'type': 'Engins btp, Vente',
                        'url': 'https://www.avito.ma/fr/aakkari/engins_btp/Rok_pneumatique_atlas_copco_442c_45982533.htm'}}
2021-09-13 18:22:03 [scrapy.core.engine] DEBUG: Crawled (200) <GET https://www.avito.ma/fr/aakkari/engins_btp/Dumper_4_4_44972001.htm> (referer: https://www.avito.ma/fr/rabat/engins_btp-%C3%A0_vendre?o=2)
2021-09-13 18:22:03 [scrapy_user_agents.middlewares] DEBUG: Assigned User-Agent Mozilla/5.0 (Windows NT 10.0; WOW64) AppleWebKit/537.36 (KHTML, like Gecko) Chrome/48.0.2564.109 Safari/537.36
2021-09-13 18:22:03 [scrapy.core.scraper] DEBUG: Scraped from <200 https://www.avito.ma/fr/aakkari/engins_btp/Dumper_4_4_44972001.htm>
None
2021-09-13 18:22:03 [scrapy.core.scraper] DEBUG: Scraped from <200 https://www.avito.ma/fr/aakkari/engins_btp/Dumper_4_4_44972001.htm>
{'product_data_items': {'address': None,
                        'area': 'Aakkari',
                        'city': 'Rabat',
                        'description': 'Dumper 4×4 moteur lambardini ',
                        'fuel': None,
                        'has_shipping': False,
                        'is_seller_phone_verified': False,
                        'last_update_date': '2021-03-22 15:45:11',
                        'number_of_images': 4,
                        'pfiscale': None,
                        'price': 55000,
                        'product_id': '58834845',
                        'regdate': None,
                        'seller_address': None,
                        'seller_name': 'Abderhmane',
                        'seller_phone': '0611300360',
                        'seller_type': 'private',
                        'subject': 'Dumper 4×4',
                        'type': 'Engins btp, Vente',
                        'url': 'https://www.avito.ma/fr/aakkari/engins_btp/Dumper_4_4_44972001.htm'}}
2021-09-13 18:22:03 [scrapy.core.engine] DEBUG: Crawled (200) <GET https://www.avito.ma/fr/rabat/engins_btp/grue_de_camions_6000_kg_langour_8_mitr__44923606.htm> (referer: https://www.avito.ma/fr/rabat/engins_btp-%C3%A0_vendre?o=2)
2021-09-13 18:22:03 [scrapy_user_agents.middlewares] DEBUG: Assigned User-Agent Mozilla/5.0 (Windows NT 6.1; Win64; x64) AppleWebKit/537.36 (KHTML, like Gecko) Chrome/52.0.2743.116 Safari/537.36
2021-09-13 18:22:03 [scrapy.core.scraper] DEBUG: Scraped from <200 https://www.avito.ma/fr/rabat/engins_btp/grue_de_camions_6000_kg_langour_8_mitr__44923606.htm>
None
2021-09-13 18:22:03 [scrapy.core.scraper] DEBUG: Scraped from <200 https://www.avito.ma/fr/rabat/engins_btp/grue_de_camions_6000_kg_langour_8_mitr__44923606.htm>
{'product_data_items': {'address': None,
                        'city': 'Rabat',
                        'description': 'grue fassi 6000 kg',
                        'fuel': 'Electrique',
                        'has_shipping': False,
                        'is_seller_phone_verified': False,
                        'last_update_date': '2021-03-18 18:38:54',
                        'number_of_images': 4,
                        'pfiscale': None,
                        'price': 55000,
                        'product_id': '58743640',
                        'regdate': '2002',
                        'seller_address': None,
                        'seller_name': 'Mohamed',
                        'seller_phone': '0661933620',
                        'seller_type': 'private',
                        'subject': 'grue de camions 6000 kg langour 8 mitr ',
                        'type': 'Engins btp, Vente',
                        'url': 'https://www.avito.ma/fr/rabat/engins_btp/grue_de_camions_6000_kg_langour_8_mitr__44923606.htm'}}
2021-09-13 18:22:03 [scrapy.core.engine] DEBUG: Crawled (200) <GET https://www.avito.ma/fr/rabat/engins_btp/godi_case_60cm_45020287.htm> (referer: https://www.avito.ma/fr/rabat/engins_btp-%C3%A0_vendre?o=2)
2021-09-13 18:22:03 [scrapy_user_agents.middlewares] DEBUG: Assigned User-Agent Mozilla/5.0 (Windows NT 10.0; Win64; x64) AppleWebKit/537.36 (KHTML, like Gecko) Chrome/51.0.2704.103 Safari/537.36
2021-09-13 18:22:03 [scrapy.core.scraper] DEBUG: Scraped from <200 https://www.avito.ma/fr/rabat/engins_btp/godi_case_60cm_45020287.htm>
None
2021-09-13 18:22:03 [scrapy.core.scraper] DEBUG: Scraped from <200 https://www.avito.ma/fr/rabat/engins_btp/godi_case_60cm_45020287.htm>
{'product_data_items': {'address': None,
                        'city': 'Rabat',
                        'description': 'godi case 988 60cm',
                        'fuel': 'Diesel',
                        'has_shipping': False,
                        'is_seller_phone_verified': True,
                        'last_update_date': '2021-03-26 21:31:08',
                        'number_of_images': 1,
                        'pfiscale': None,
                        'price': 15000,
                        'product_id': '58925040',
                        'regdate': '2001',
                        'seller_address': None,
                        'seller_name': 'Said',
                        'seller_phone': '0662827289',
                        'seller_type': 'private',
                        'subject': 'godi case 60cm',
                        'type': 'Engins btp, Vente',
                        'url': 'https://www.avito.ma/fr/rabat/engins_btp/godi_case_60cm_45020287.htm'}}
2021-09-13 18:22:05 [scrapy.core.engine] DEBUG: Crawled (200) <GET https://www.avito.ma/fr/rabat/engins_btp/Caterpillar_320C__44933983.htm> (referer: https://www.avito.ma/fr/rabat/engins_btp-%C3%A0_vendre?o=2)
2021-09-13 18:22:05 [scrapy_user_agents.middlewares] DEBUG: Assigned User-Agent Mozilla/5.0 (Windows NT 6.3; WOW64) AppleWebKit/537.36 (KHTML, like Gecko) Chrome/45.0.2454.101 Safari/537.36
2021-09-13 18:22:05 [scrapy.core.scraper] DEBUG: Scraped from <200 https://www.avito.ma/fr/rabat/engins_btp/Caterpillar_320C__44933983.htm>
None
2021-09-13 18:22:05 [scrapy.core.scraper] DEBUG: Scraped from <200 https://www.avito.ma/fr/rabat/engins_btp/Caterpillar_320C__44933983.htm>
{'product_data_items': {'address': None,
                        'city': 'Rabat',
                        'description': 'Caterpillar 320C',
                        'fuel': 'Essence',
                        'has_shipping': False,
                        'is_seller_phone_verified': True,
                        'last_update_date': '2021-03-19 14:56:54',
                        'number_of_images': 5,
                        'pfiscale': 'Plus de 41 CV',
                        'price': None,
                        'product_id': '58769787',
                        'regdate': '2005',
                        'seller_address': None,
                        'seller_name': 'براهيم',
                        'seller_phone': '0661719191',
                        'seller_type': 'private',
                        'subject': 'Caterpillar 320C ',
                        'type': 'Engins btp, Vente',
                        'url': 'https://www.avito.ma/fr/rabat/engins_btp/Caterpillar_320C__44933983.htm'}}
2021-09-13 18:22:06 [scrapy.core.engine] DEBUG: Crawled (200) <GET https://www.avito.ma/fr/autre_secteur/engins_btp/Compresseur_ATLAS_COPCO_TR%C3%88S_BON_%C3%89TAT_44032366.htm> (referer: https://www.avito.ma/fr/rabat/engins_btp-%C3%A0_vendre)
2021-09-13 18:22:06 [scrapy_user_agents.middlewares] DEBUG: Assigned User-Agent Mozilla/5.0 (Windows NT 6.2; WOW64) AppleWebKit/537.36 (KHTML, like Gecko) Chrome/51.0.2704.79 Safari/537.36
2021-09-13 18:22:06 [scrapy.core.scraper] DEBUG: Scraped from <200 https://www.avito.ma/fr/autre_secteur/engins_btp/Compresseur_ATLAS_COPCO_TR%C3%88S_BON_%C3%89TAT_44032366.htm>
None
2021-09-13 18:22:06 [scrapy.core.scraper] DEBUG: Scraped from <200 https://www.avito.ma/fr/autre_secteur/engins_btp/Compresseur_ATLAS_COPCO_TR%C3%88S_BON_%C3%89TAT_44032366.htm>
{'product_data_items': {'address': None,
                        'area': 'Autre secteur',
                        'city': 'Rabat',
                        'description': 'En vente un compresseur ATLAS COPCO '
                                       'xats 286TRÈS BON ÉTATMoteur '
                                       'Caterpillar 6 cylindre turbo Air : 17 '
                                       'm³ / min8,6 bar',
                        'fuel': 'Diesel',
                        'has_shipping': False,
                        'is_seller_phone_verified': False,
                        'last_update_date': '2021-07-30 13:48:22',
                        'number_of_images': 5,
                        'pfiscale': '10 CV',
                        'price': 120000,
                        'product_id': '57299051',
                        'regdate': '2004',
                        'seller_address': None,
                        'seller_name': 'IPM AND QABLAL',
                        'seller_phone': '0693266995',
                        'seller_type': 'shop',
                        'subject': 'Compresseur ATLAS COPCO TRÈS BON ÉTAT',
                        'type': 'Engins btp, Vente',
                        'url': 'https://www.avito.ma/fr/autre_secteur/engins_btp/Compresseur_ATLAS_COPCO_TRÈS_BON_ÉTAT_44032366.htm'}}
2021-09-13 18:22:06 [scrapy.core.engine] DEBUG: Crawled (200) <GET https://www.avito.ma/fr/rabat/engins_btp/vente_de_Jcb_Cat_45149008.htm> (referer: https://www.avito.ma/fr/rabat/engins_btp-%C3%A0_vendre?o=2)
2021-09-13 18:22:06 [scrapy_user_agents.middlewares] DEBUG: Assigned User-Agent Mozilla/5.0 (Windows NT 6.1; Win64; x64) AppleWebKit/537.36 (KHTML, like Gecko) Chrome/54.0.2840.99 Safari/537.36
2021-09-13 18:22:06 [scrapy.core.scraper] DEBUG: Scraped from <200 https://www.avito.ma/fr/rabat/engins_btp/vente_de_Jcb_Cat_45149008.htm>
None
2021-09-13 18:22:06 [scrapy.core.scraper] DEBUG: Scraped from <200 https://www.avito.ma/fr/rabat/engins_btp/vente_de_Jcb_Cat_45149008.htm>
{'product_data_items': {'address': None,
                        'city': 'Rabat',
                        'description': 'je met en vente JCB marque CAT model '
                                       '2008 ',
                        'fuel': 'Diesel',
                        'has_shipping': False,
                        'is_seller_phone_verified': True,
                        'last_update_date': '2021-04-06 17:28:25',
                        'number_of_images': 4,
                        'pfiscale': None,
                        'price': 270000,
                        'product_id': '59172697',
                        'regdate': '2008',
                        'seller_address': None,
                        'seller_name': 'Hassan',
                        'seller_phone': '0661079295',
                        'seller_type': 'private',
                        'subject': 'vente de Jcb Cat',
                        'type': 'Engins btp, Vente',
                        'url': 'https://www.avito.ma/fr/rabat/engins_btp/vente_de_Jcb_Cat_45149008.htm'}}
2021-09-13 18:22:12 [scrapy.core.engine] DEBUG: Crawled (200) <GET https://www.avito.ma/fr/agdal/engins_btp/320_cl_45198531.htm> (referer: https://www.avito.ma/fr/rabat/engins_btp-%C3%A0_vendre?o=2)
2021-09-13 18:22:12 [scrapy_user_agents.middlewares] DEBUG: Assigned User-Agent Mozilla/5.0 (Windows NT 10.0; Win64; x64) AppleWebKit/537.36 (KHTML, like Gecko) Chrome/51.0.2704.103 Safari/537.36
2021-09-13 18:22:12 [scrapy.core.scraper] DEBUG: Scraped from <200 https://www.avito.ma/fr/agdal/engins_btp/320_cl_45198531.htm>
None
2021-09-13 18:22:12 [scrapy.core.scraper] DEBUG: Scraped from <200 https://www.avito.ma/fr/agdal/engins_btp/320_cl_45198531.htm>
{'product_data_items': {'address': None,
                        'area': 'Agdal',
                        'city': 'Rabat',
                        'description': 'Je mets en vente nouvelle caterpillar',
                        'fuel': 'Diesel',
                        'has_shipping': False,
                        'is_seller_phone_verified': False,
                        'last_update_date': '2021-04-11 12:29:18',
                        'number_of_images': 4,
                        'pfiscale': '5 CV',
                        'price': None,
                        'product_id': '59280349',
                        'regdate': '2004',
                        'seller_address': None,
                        'seller_name': 'Abdellah',
                        'seller_phone': '0661214703',
                        'seller_type': 'private',
                        'subject': '320 cl',
                        'type': 'Engins btp, Vente',
                        'url': 'https://www.avito.ma/fr/agdal/engins_btp/320_cl_45198531.htm'}}
2021-09-13 18:22:14 [scrapy.core.engine] DEBUG: Crawled (200) <GET https://www.avito.ma/fr/abi_ragrag/engins_btp/CATERPILLAR_325_BL_45318636.htm> (referer: https://www.avito.ma/fr/rabat/engins_btp-%C3%A0_vendre?o=2)
2021-09-13 18:22:14 [scrapy_user_agents.middlewares] DEBUG: Assigned User-Agent Mozilla/5.0 (Windows NT 6.1; Win64; x64) AppleWebKit/537.36 (KHTML, like Gecko) Chrome/62.0.3202.94 Safari/537.36
2021-09-13 18:22:14 [scrapy.core.scraper] DEBUG: Scraped from <200 https://www.avito.ma/fr/abi_ragrag/engins_btp/CATERPILLAR_325_BL_45318636.htm>
None
2021-09-13 18:22:14 [scrapy.core.scraper] DEBUG: Scraped from <200 https://www.avito.ma/fr/abi_ragrag/engins_btp/CATERPILLAR_325_BL_45318636.htm>
{'product_data_items': {'address': None,
                        'area': 'Abi Ragrag',
                        'city': 'Rabat',
                        'description': 'CATERPILLAR 325 BL MODELE 2001 DIWANA '
                                       '2021 TRES BONNE ETAT.EN VENTE PAR '
                                       'FACTURE ET PAS TANAZOLE SVP.',
                        'fuel': 'Diesel',
                        'has_shipping': False,
                        'is_seller_phone_verified': False,
                        'last_update_date': '2021-04-23 13:20:27',
                        'number_of_images': 8,
                        'pfiscale': '13 CV',
                        'price': 1,
                        'product_id': '59500077',
                        'regdate': '2001',
                        'seller_address': None,
                        'seller_name': 'Mido',
                        'seller_phone': '0661041067',
                        'seller_type': 'private',
                        'subject': 'CATERPILLAR 325 BL',
                        'type': 'Engins btp, Vente',
                        'url': 'https://www.avito.ma/fr/abi_ragrag/engins_btp/CATERPILLAR_325_BL_45318636.htm'}}
2021-09-13 18:22:21 [scrapy.core.engine] DEBUG: Crawled (200) <GET https://www.avito.ma/fr/hay_riad/engins_btp/Chargeuse_sur_pneus_neuve_45346161.htm> (referer: https://www.avito.ma/fr/rabat/engins_btp-%C3%A0_vendre?o=2)
2021-09-13 18:22:21 [scrapy_user_agents.middlewares] DEBUG: Assigned User-Agent Mozilla/5.0 (Windows NT 6.0; WOW64) AppleWebKit/537.36 (KHTML, like Gecko) Chrome/51.0.2704.106 Safari/537.36
2021-09-13 18:22:21 [scrapy.core.scraper] DEBUG: Scraped from <200 https://www.avito.ma/fr/hay_riad/engins_btp/Chargeuse_sur_pneus_neuve_45346161.htm>
None
2021-09-13 18:22:21 [scrapy.core.scraper] DEBUG: Scraped from <200 https://www.avito.ma/fr/hay_riad/engins_btp/Chargeuse_sur_pneus_neuve_45346161.htm>
{'product_data_items': {'address': None,
                        'area': 'Hay Riad',
                        'city': 'Rabat',
                        'description': 'Nous vendons une chargeuse sur pneus '
                                       'marque XCMG neuf , ci-dessous détails '
                                       'techniques :- Capacité de charge : '
                                       '5ton- Poids vide : 17.8ton- Hauteur de '
                                       'déversement : 3.7 m- Volume du godet: '
                                       '5 m³- Dimensions hors-tout: 8.11 m × 3 '
                                       'm × 3.5 m- Nombre de cylindres : 6- '
                                       'Réservoir de carburant: 230 L',
                        'fuel': 'Diesel',
                        'has_shipping': False,
                        'is_seller_phone_verified': False,
                        'last_update_date': '2021-04-26 11:01:27',
                        'number_of_images': 4,
                        'pfiscale': 'Plus de 41 CV',
                        'price': 850000,
                        'product_id': '59552842',
                        'regdate': '2021',
                        'seller_address': None,
                        'seller_name': 'Anas XCMG',
                        'seller_phone': '0604975940',
                        'seller_type': 'private',
                        'subject': 'Chargeuse sur pneus neuve',
                        'type': 'Engins btp, Vente',
                        'url': 'https://www.avito.ma/fr/hay_riad/engins_btp/Chargeuse_sur_pneus_neuve_45346161.htm'}}
2021-09-13 18:22:26 [scrapy.core.engine] DEBUG: Crawled (200) <GET https://www.avito.ma/fr/rabat/engins_btp/325b_avendr_45731715.htm> (referer: https://www.avito.ma/fr/rabat/engins_btp-%C3%A0_vendre?o=2)
2021-09-13 18:22:26 [scrapy_user_agents.middlewares] DEBUG: Assigned User-Agent Mozilla/5.0 (Windows NT 6.1; Win64; x64) AppleWebKit/537.36 (KHTML, like Gecko) Chrome/62.0.3202.75 Safari/537.36
2021-09-13 18:22:26 [scrapy.core.scraper] DEBUG: Scraped from <200 https://www.avito.ma/fr/rabat/engins_btp/325b_avendr_45731715.htm>
None
2021-09-13 18:22:26 [scrapy.core.scraper] DEBUG: Scraped from <200 https://www.avito.ma/fr/rabat/engins_btp/325b_avendr_45731715.htm>
{'product_data_items': {'address': None,
                        'city': 'Rabat',
                        'description': '325b avendr',
                        'fuel': 'Diesel',
                        'has_shipping': False,
                        'is_seller_phone_verified': True,
                        'last_update_date': '2021-05-31 18:11:48',
                        'number_of_images': 0,
                        'pfiscale': None,
                        'price': 660000,
                        'product_id': '60175541',
                        'regdate': '2000',
                        'seller_address': None,
                        'seller_name': 'Hamid',
                        'seller_phone': '0668163229',
                        'seller_type': 'private',
                        'subject': '325b avendr',
                        'type': 'Engins btp, Vente',
                        'url': 'https://www.avito.ma/fr/rabat/engins_btp/325b_avendr_45731715.htm'}}
2021-09-13 18:22:28 [scrapy.core.engine] DEBUG: Crawled (200) <GET https://www.avito.ma/fr/autre_secteur/engins_btp/pelle_cat_m316c_45369650.htm> (referer: https://www.avito.ma/fr/rabat/engins_btp-%C3%A0_vendre?o=2)
2021-09-13 18:22:28 [scrapy_user_agents.middlewares] DEBUG: Assigned User-Agent Mozilla/5.0 (Windows NT 6.1) AppleWebKit/537.36 (KHTML, like Gecko) Chrome/66.0.3359.139 Safari/537.36
2021-09-13 18:22:28 [scrapy.core.scraper] DEBUG: Scraped from <200 https://www.avito.ma/fr/autre_secteur/engins_btp/pelle_cat_m316c_45369650.htm>
None
2021-09-13 18:22:28 [scrapy.core.scraper] DEBUG: Scraped from <200 https://www.avito.ma/fr/autre_secteur/engins_btp/pelle_cat_m316c_45369650.htm>
{'product_data_items': {'address': None,
                        'area': 'Autre secteur',
                        'city': 'Rabat',
                        'description': 'pelle sur pneu cat m316c a vendre .',
                        'fuel': 'Diesel',
                        'has_shipping': False,
                        'is_seller_phone_verified': False,
                        'last_update_date': '2021-04-28 11:36:11',
                        'number_of_images': 4,
                        'pfiscale': '15 CV',
                        'price': None,
                        'product_id': '59591222',
                        'regdate': '2004',
                        'seller_address': None,
                        'seller_name': 'ahmed',
                        'seller_phone': '0666208329',
                        'seller_type': 'private',
                        'subject': 'pelle cat m316c',
                        'type': 'Engins btp, Vente',
                        'url': 'https://www.avito.ma/fr/autre_secteur/engins_btp/pelle_cat_m316c_45369650.htm'}}
2021-09-13 18:22:31 [scrapy.core.engine] DEBUG: Crawled (200) <GET https://www.avito.ma/fr/autre_secteur/engins_btp/DOOSAN_DX_225_NLC_45797501.htm> (referer: https://www.avito.ma/fr/rabat/engins_btp-%C3%A0_vendre?o=2)
2021-09-13 18:22:31 [scrapy_user_agents.middlewares] DEBUG: Assigned User-Agent Mozilla/5.0 (Windows NT 6.3; WOW64) AppleWebKit/537.36 (KHTML, like Gecko) Chrome/50.0.2661.102 Safari/537.36
2021-09-13 18:22:31 [scrapy.core.scraper] DEBUG: Scraped from <200 https://www.avito.ma/fr/autre_secteur/engins_btp/DOOSAN_DX_225_NLC_45797501.htm>
None
2021-09-13 18:22:32 [scrapy.core.scraper] DEBUG: Scraped from <200 https://www.avito.ma/fr/autre_secteur/engins_btp/DOOSAN_DX_225_NLC_45797501.htm>
{'product_data_items': {'address': None,
                        'area': 'Autre secteur',
                        'city': 'Rabat',
                        'description': 'salam bghit nbi3 doosan dx 225 model '
                                       '2009 diwana 2020 ba9a jdida, makina '
                                       'n9iya bzzaf lli bghaha mrahba',
                        'fuel': 'Diesel',
                        'has_shipping': False,
                        'is_seller_phone_verified': False,
                        'last_update_date': '2021-06-06 00:04:57',
                        'number_of_images': 7,
                        'pfiscale': None,
                        'price': 480000,
                        'product_id': '60275240',
                        'regdate': '2009',
                        'seller_address': None,
                        'seller_name': 'SAID',
                        'seller_phone': '0701256003',
                        'seller_type': 'private',
                        'subject': 'DOOSAN DX 225 NLC',
                        'type': 'Engins btp, Vente',
                        'url': 'https://www.avito.ma/fr/autre_secteur/engins_btp/DOOSAN_DX_225_NLC_45797501.htm'}}
2021-09-13 18:22:32 [scrapy.core.engine] DEBUG: Crawled (200) <GET https://www.avito.ma/fr/hassan/engins_btp/JCB_Case_45809518.htm> (referer: https://www.avito.ma/fr/rabat/engins_btp-%C3%A0_vendre?o=2)
2021-09-13 18:22:32 [scrapy_user_agents.middlewares] DEBUG: Assigned User-Agent Mozilla/5.0 (Windows NT 10.0; WOW64) AppleWebKit/537.36 (KHTML, like Gecko) Chrome/49.0.2623.112 Safari/537.36
2021-09-13 18:22:32 [scrapy.core.scraper] DEBUG: Scraped from <200 https://www.avito.ma/fr/hassan/engins_btp/JCB_Case_45809518.htm>
None
2021-09-13 18:22:32 [scrapy.core.scraper] DEBUG: Scraped from <200 https://www.avito.ma/fr/hassan/engins_btp/JCB_Case_45809518.htm>
{'product_data_items': {'address': None,
                        'area': 'Hassan',
                        'city': 'Rabat',
                        'description': 'Model:2020Diwana :2021Heure:700',
                        'fuel': 'Diesel',
                        'has_shipping': False,
                        'is_seller_phone_verified': False,
                        'last_update_date': '2021-06-07 09:21:02',
                        'number_of_images': 3,
                        'pfiscale': 'Plus de 41 CV',
                        'price': 400000,
                        'product_id': '60293047',
                        'regdate': '2020',
                        'seller_address': None,
                        'seller_name': 'abderazzak',
                        'seller_phone': '0621355208',
                        'seller_type': 'private',
                        'subject': 'JCB Case',
                        'type': 'Engins btp, Vente',
                        'url': 'https://www.avito.ma/fr/hassan/engins_btp/JCB_Case_45809518.htm'}}
2021-09-13 18:22:34 [scrapy.extensions.logstats] INFO: Crawled 30 pages (at 16 pages/min), scraped 52 items (at 32 items/min)
2021-09-13 18:22:44 [scrapy.core.engine] DEBUG: Crawled (200) <GET https://www.avito.ma/fr/rabat/engins_btp/caterpillar_320_46571805.htm> (referer: https://www.avito.ma/fr/rabat/engins_btp-%C3%A0_vendre)
2021-09-13 18:22:44 [scrapy_user_agents.middlewares] DEBUG: Assigned User-Agent Mozilla/5.0 (Windows NT 6.1; WOW64) AppleWebKit/537.36 (KHTML, like Gecko) Chrome/43.0.2357.65 Safari/537.36
2021-09-13 18:22:45 [scrapy.core.scraper] DEBUG: Scraped from <200 https://www.avito.ma/fr/rabat/engins_btp/caterpillar_320_46571805.htm>
None
2021-09-13 18:22:45 [scrapy.core.scraper] DEBUG: Scraped from <200 https://www.avito.ma/fr/rabat/engins_btp/caterpillar_320_46571805.htm>
{'product_data_items': {'address': None,
                        'city': 'Rabat',
                        'description': 'pelle 320 mod 99 dédouanement 2012 '
                                       'très bonne état ',
                        'fuel': 'Diesel',
                        'has_shipping': False,
                        'is_seller_phone_verified': False,
                        'last_update_date': '2021-08-07 17:55:49',
                        'number_of_images': 5,
                        'pfiscale': '40 CV',
                        'price': None,
                        'product_id': '61340209',
                        'regdate': '1999',
                        'seller_address': None,
                        'seller_name': 'Hamza',
                        'seller_phone': '0537538999',
                        'seller_type': 'private',
                        'subject': 'caterpillar 320',
                        'type': 'Engins btp, Vente',
                        'url': 'https://www.avito.ma/fr/rabat/engins_btp/caterpillar_320_46571805.htm'}}
2021-09-13 18:22:48 [scrapy.core.engine] DEBUG: Crawled (200) <GET https://www.avito.ma/fr/rabat/engins_btp/case_988__46687280.htm> (referer: https://www.avito.ma/fr/rabat/engins_btp-%C3%A0_vendre)
2021-09-13 18:22:48 [scrapy_user_agents.middlewares] DEBUG: Assigned User-Agent Mozilla/5.0 (Windows NT 10.0; Win64; x64) AppleWebKit/537.36 (KHTML, like Gecko) Chrome/65.0.3325.181 Safari/537.36
2021-09-13 18:22:48 [scrapy.core.scraper] DEBUG: Scraped from <200 https://www.avito.ma/fr/rabat/engins_btp/case_988__46687280.htm>
None
2021-09-13 18:22:48 [scrapy.core.scraper] DEBUG: Scraped from <200 https://www.avito.ma/fr/rabat/engins_btp/case_988__46687280.htm>
{'product_data_items': {'address': None,
                        'city': 'Rabat',
                        'description': 'slm kan bi3 case 988 ',
                        'fuel': 'Diesel',
                        'has_shipping': False,
                        'is_seller_phone_verified': False,
                        'last_update_date': '2021-08-16 16:47:04',
                        'number_of_images': 1,
                        'pfiscale': '8 CV',
                        'price': None,
                        'product_id': '61492332',
                        'regdate': '1996',
                        'seller_address': None,
                        'seller_name': 'Houssin',
                        'seller_phone': '0666764256',
                        'seller_type': 'private',
                        'subject': 'case 988 ',
                        'type': 'Engins btp, Vente',
                        'url': 'https://www.avito.ma/fr/rabat/engins_btp/case_988__46687280.htm'}}
2021-09-13 18:22:51 [scrapy.core.engine] DEBUG: Crawled (200) <GET https://www.avito.ma/fr/rabat/engins_btp/mat%C3%A9riel___en_bonne_%C3%A9tat__%C3%A0__vendre__46541550.htm> (referer: https://www.avito.ma/fr/rabat/engins_btp-%C3%A0_vendre)
2021-09-13 18:22:51 [scrapy_user_agents.middlewares] DEBUG: Assigned User-Agent Mozilla/5.0 (Windows NT 6.1) AppleWebKit/537.36 (KHTML, like Gecko) Chrome/51.0.2704.103 Safari/537.36
2021-09-13 18:22:51 [scrapy.core.scraper] DEBUG: Scraped from <200 https://www.avito.ma/fr/rabat/engins_btp/mat%C3%A9riel___en_bonne_%C3%A9tat__%C3%A0__vendre__46541550.htm>
None
2021-09-13 18:22:51 [scrapy.core.scraper] DEBUG: Scraped from <200 https://www.avito.ma/fr/rabat/engins_btp/mat%C3%A9riel___en_bonne_%C3%A9tat__%C3%A0__vendre__46541550.htm>
{'product_data_items': {'address': None,
                        'city': 'Rabat',
                        'description': 'tractopelle cat 432D  model 2005 '
                                       'Groupe HIMOINSA 210 kva  mod 2005',
                        'fuel': 'Diesel',
                        'has_shipping': False,
                        'is_seller_phone_verified': False,
                        'last_update_date': '2021-08-05 14:50:10',
                        'number_of_images': 4,
                        'pfiscale': None,
                        'price': None,
                        'product_id': '61301624',
                        'regdate': '2005',
                        'seller_address': None,
                        'seller_name': 'simohamed',
                        'seller_phone': '0616710291',
                        'seller_type': 'private',
                        'subject': 'matériel   en bonne état  à  vendre ',
                        'type': 'Engins btp, Vente',
                        'url': 'https://www.avito.ma/fr/rabat/engins_btp/matériel___en_bonne_état__à__vendre__46541550.htm'}}
2021-09-13 18:22:51 [scrapy.core.engine] DEBUG: Crawled (200) <GET https://www.avito.ma/fr/rabat/engins_btp/pelle_caterpillar_320bln__46595975.htm> (referer: https://www.avito.ma/fr/rabat/engins_btp-%C3%A0_vendre)
2021-09-13 18:22:51 [scrapy_user_agents.middlewares] DEBUG: Assigned User-Agent Mozilla/5.0 (Windows NT 6.1; WOW64) AppleWebKit/537.36 (KHTML, like Gecko) Chrome/45.0.2454.101 Safari/537.36
2021-09-13 18:22:51 [scrapy.core.scraper] DEBUG: Scraped from <200 https://www.avito.ma/fr/rabat/engins_btp/pelle_caterpillar_320bln__46595975.htm>
None
2021-09-13 18:22:52 [scrapy.core.scraper] DEBUG: Scraped from <200 https://www.avito.ma/fr/rabat/engins_btp/pelle_caterpillar_320bln__46595975.htm>
{'product_data_items': {'address': None,
                        'city': 'Rabat',
                        'description': '320 bonne état dédouanement 2012',
                        'fuel': 'Diesel',
                        'has_shipping': False,
                        'is_seller_phone_verified': False,
                        'last_update_date': '2021-08-09 18:11:50',
                        'number_of_images': 6,
                        'pfiscale': 'Plus de 41 CV',
                        'price': 260000,
                        'product_id': '61373019',
                        'regdate': '1999',
                        'seller_address': None,
                        'seller_name': 'Hicham',
                        'seller_phone': None,
                        'seller_type': 'private',
                        'subject': 'pelle caterpillar 320bln ',
                        'type': 'Engins btp, Vente',
                        'url': 'https://www.avito.ma/fr/rabat/engins_btp/pelle_caterpillar_320bln__46595975.htm'}}
2021-09-13 18:22:54 [scrapy.core.engine] DEBUG: Crawled (200) <GET https://www.avito.ma/fr/rabat/engins_btp/chargeur_46814854.htm> (referer: https://www.avito.ma/fr/rabat/engins_btp-%C3%A0_vendre)
2021-09-13 18:22:54 [scrapy_user_agents.middlewares] DEBUG: Assigned User-Agent Mozilla/5.0 (Windows NT 6.1; WOW64) AppleWebKit/537.36 (KHTML, like Gecko) Chrome/48.0.2564.116 Safari/537.36
2021-09-13 18:22:54 [scrapy.core.scraper] DEBUG: Scraped from <200 https://www.avito.ma/fr/rabat/engins_btp/chargeur_46814854.htm>
None
2021-09-13 18:22:54 [scrapy.core.scraper] DEBUG: Scraped from <200 https://www.avito.ma/fr/rabat/engins_btp/chargeur_46814854.htm>
{'product_data_items': {'address': None,
                        'city': 'Rabat',
                        'description': 'chargeur caterpillar 980',
                        'fuel': 'Diesel',
                        'has_shipping': False,
                        'is_seller_phone_verified': True,
                        'last_update_date': '2021-08-25 21:59:05',
                        'number_of_images': 1,
                        'pfiscale': None,
                        'price': None,
                        'product_id': '61658463',
                        'regdate': '1984',
                        'seller_address': None,
                        'seller_name': 'Abdelmounaim',
                        'seller_phone': '0661509807',
                        'seller_type': 'private',
                        'subject': 'chargeur',
                        'type': 'Engins btp, Vente',
                        'url': 'https://www.avito.ma/fr/rabat/engins_btp/chargeur_46814854.htm'}}
2021-09-13 18:22:58 [scrapy.core.engine] DEBUG: Crawled (200) <GET https://www.avito.ma/fr/autre_secteur/engins_btp/Location_Manitou_14m_45525959.htm> (referer: https://www.avito.ma/fr/rabat/engins_btp-%C3%A0_vendre)
2021-09-13 18:22:59 [scrapy.core.scraper] DEBUG: Scraped from <200 https://www.avito.ma/fr/autre_secteur/engins_btp/Location_Manitou_14m_45525959.htm>
None
2021-09-13 18:22:59 [scrapy.core.scraper] DEBUG: Scraped from <200 https://www.avito.ma/fr/autre_secteur/engins_btp/Location_Manitou_14m_45525959.htm>
{'product_data_items': {'address': None,
                        'area': 'Autre secteur',
                        'city': 'Rabat',
                        'description': 'location chariots télescopes au a '
                                       'vendre mod 2006',
                        'fuel': 'Diesel',
                        'has_shipping': False,
                        'is_seller_phone_verified': True,
                        'last_update_date': '2021-09-01 10:35:45',
                        'number_of_images': 4,
                        'pfiscale': None,
                        'price': None,
                        'product_id': '59857325',
                        'regdate': '2006',
                        'seller_address': None,
                        'seller_name': 'Mabilex',
                        'seller_phone': '0662659581',
                        'seller_type': 'private',
                        'subject': 'Location Manitou 14m',
                        'type': 'Engins btp, Vente',
                        'url': 'https://www.avito.ma/fr/autre_secteur/engins_btp/Location_Manitou_14m_45525959.htm'}}
2021-09-13 18:23:01 [scrapy.core.engine] DEBUG: Crawled (200) <GET https://www.avito.ma/fr/aakkari/engins_btp/Groupe_%C3%A9lectrog%C3%A8ne_200_kva_45982905.htm> (referer: https://www.avito.ma/fr/rabat/engins_btp-%C3%A0_vendre)
2021-09-13 18:23:01 [scrapy.core.scraper] DEBUG: Scraped from <200 https://www.avito.ma/fr/aakkari/engins_btp/Groupe_%C3%A9lectrog%C3%A8ne_200_kva_45982905.htm>
None
2021-09-13 18:23:01 [scrapy.core.scraper] DEBUG: Scraped from <200 https://www.avito.ma/fr/aakkari/engins_btp/Groupe_%C3%A9lectrog%C3%A8ne_200_kva_45982905.htm>
{'product_data_items': {'address': None,
                        'area': 'Aakkari',
                        'city': 'Rabat',
                        'description': 'Group électrogène volvo penta  200 kva '
                                       'Très bon état ',
                        'fuel': 'Diesel',
                        'has_shipping': False,
                        'is_seller_phone_verified': False,
                        'last_update_date': '2021-07-30 14:00:22',
                        'number_of_images': 8,
                        'pfiscale': '4 CV',
                        'price': 98000,
                        'product_id': '60540585',
                        'regdate': '2005',
                        'seller_address': None,
                        'seller_name': 'IPM AND QABLAL',
                        'seller_phone': '0693266995',
                        'seller_type': 'shop',
                        'subject': 'Groupe électrogène 200 kva',
                        'type': 'Engins btp, Vente',
                        'url': 'https://www.avito.ma/fr/aakkari/engins_btp/Groupe_électrogène_200_kva_45982905.htm'}}
2021-09-13 18:23:03 [scrapy.core.engine] DEBUG: Crawled (200) <GET https://www.avito.ma/fr/aakkari/engins_btp/Mini_chargeur_GEHL_45982514.htm> (referer: https://www.avito.ma/fr/rabat/engins_btp-%C3%A0_vendre)
2021-09-13 18:23:03 [scrapy.core.scraper] DEBUG: Scraped from <200 https://www.avito.ma/fr/aakkari/engins_btp/Mini_chargeur_GEHL_45982514.htm>
None
2021-09-13 18:23:03 [scrapy.core.scraper] DEBUG: Scraped from <200 https://www.avito.ma/fr/aakkari/engins_btp/Mini_chargeur_GEHL_45982514.htm>
{'product_data_items': {'address': None,
                        'area': 'Aakkari',
                        'city': 'Rabat',
                        'description': 'En vente une mini chargeur gehl très '
                                       'bonne état .usa1 moteur kubota/ 1 '
                                       'moteur yanmar',
                        'fuel': 'Diesel',
                        'has_shipping': False,
                        'is_seller_phone_verified': False,
                        'last_update_date': '2021-09-01 22:44:49',
                        'number_of_images': 4,
                        'pfiscale': '4 CV',
                        'price': 90000,
                        'product_id': '60540181',
                        'regdate': '2005',
                        'seller_address': None,
                        'seller_name': 'IPM AND QABLAL',
                        'seller_phone': '0693266995',
                        'seller_type': 'shop',
                        'subject': 'Mini chargeur GEHL',
                        'type': 'Engins btp, Vente',
                        'url': 'https://www.avito.ma/fr/aakkari/engins_btp/Mini_chargeur_GEHL_45982514.htm'}}
2021-09-13 18:23:04 [scrapy.core.engine] DEBUG: Crawled (200) <GET https://www.avito.ma/fr/hay_riad/engins_btp/TCM_46875561.htm> (referer: https://www.avito.ma/fr/rabat/engins_btp-%C3%A0_vendre)
2021-09-13 18:23:04 [scrapy.core.scraper] DEBUG: Scraped from <200 https://www.avito.ma/fr/hay_riad/engins_btp/TCM_46875561.htm>
None
2021-09-13 18:23:04 [scrapy.core.scraper] DEBUG: Scraped from <200 https://www.avito.ma/fr/hay_riad/engins_btp/TCM_46875561.htm>
{'product_data_items': {'address': None,
                        'area': 'Hay Riad',
                        'city': 'Rabat',
                        'description': 'Modèle 20112.5TTriplex 4.5m hauteur '
                                       'Avec fourche 1m20Très bonne états Non '
                                       'négociable merci Chariot élévateur '
                                       'ClarkToyota ',
                        'fuel': 'Diesel',
                        'has_shipping': False,
                        'is_seller_phone_verified': True,
                        'last_update_date': '2021-08-30 12:23:24',
                        'number_of_images': 6,
                        'pfiscale': '6 CV',
                        'price': 110000,
                        'product_id': '61738170',
                        'regdate': '2011',
                        'seller_address': None,
                        'seller_name': 'TARIQ',
                        'seller_phone': '0660134028',
                        'seller_type': 'private',
                        'subject': 'TCM',
                        'type': 'Engins btp, Vente',
                        'url': 'https://www.avito.ma/fr/hay_riad/engins_btp/TCM_46875561.htm'}}
2021-09-13 18:23:08 [scrapy.core.engine] DEBUG: Crawled (200) <GET https://www.avito.ma/fr/aakkari/engins_btp/Compresseur_compair_10_bars_46403124.htm> (referer: https://www.avito.ma/fr/rabat/engins_btp-%C3%A0_vendre)
2021-09-13 18:23:08 [scrapy.core.scraper] DEBUG: Scraped from <200 https://www.avito.ma/fr/aakkari/engins_btp/Compresseur_compair_10_bars_46403124.htm>
None
2021-09-13 18:23:08 [scrapy.core.scraper] DEBUG: Scraped from <200 https://www.avito.ma/fr/aakkari/engins_btp/Compresseur_compair_10_bars_46403124.htm>
{'product_data_items': {'address': None,
                        'area': 'Aakkari',
                        'city': 'Rabat',
                        'description': 'Compresseur compair moteur  6 '
                                       'cylindres perkins 10 bar mlihdiwana',
                        'fuel': 'Diesel',
                        'has_shipping': False,
                        'is_seller_phone_verified': False,
                        'last_update_date': '2021-09-01 22:45:14',
                        'number_of_images': 6,
                        'pfiscale': '4 CV',
                        'price': 105000,
                        'product_id': '61121810',
                        'regdate': '1997',
                        'seller_address': None,
                        'seller_name': 'IPM AND QABLAL',
                        'seller_phone': '0693266995',
                        'seller_type': 'shop',
                        'subject': 'Compresseur compair 10 bars',
                        'type': 'Engins btp, Vente',
                        'url': 'https://www.avito.ma/fr/aakkari/engins_btp/Compresseur_compair_10_bars_46403124.htm'}}
2021-09-13 18:23:15 [scrapy.core.engine] DEBUG: Crawled (200) <GET https://www.avito.ma/fr/aakkari/engins_btp/DUMPER_TEREX_6_TONNES__42538708.htm> (referer: https://www.avito.ma/fr/rabat/engins_btp-%C3%A0_vendre)
2021-09-13 18:23:15 [scrapy.core.scraper] DEBUG: Scraped from <200 https://www.avito.ma/fr/aakkari/engins_btp/DUMPER_TEREX_6_TONNES__42538708.htm>
None
2021-09-13 18:23:15 [scrapy.core.scraper] DEBUG: Scraped from <200 https://www.avito.ma/fr/aakkari/engins_btp/DUMPER_TEREX_6_TONNES__42538708.htm>
{'product_data_items': {'address': None,
                        'area': 'Aakkari',
                        'city': 'Rabat',
                        'description': 'Dumper terex 6 tonnes mlihaFiha moteur '
                                       'CUMMINS 4 CYLINDRE 2005 ',
                        'fuel': 'Diesel',
                        'has_shipping': False,
                        'is_seller_phone_verified': False,
                        'last_update_date': '2021-09-01 22:48:38',
                        'number_of_images': 6,
                        'pfiscale': '9 CV',
                        'price': 110000,
                        'product_id': '55010138',
                        'regdate': '2005',
                        'seller_address': None,
                        'seller_name': 'IPM AND QABLAL',
                        'seller_phone': '0693266995',
                        'seller_type': 'shop',
                        'subject': 'DUMPER TEREX 6 TONNES ',
                        'type': 'Engins btp, Vente',
                        'url': 'https://www.avito.ma/fr/aakkari/engins_btp/DUMPER_TEREX_6_TONNES__42538708.htm'}}
2021-09-13 18:23:17 [scrapy.core.engine] DEBUG: Crawled (200) <GET https://www.avito.ma/fr/aakkari/engins_btp/Compacteur_bomag_3_tonnes__45533038.htm> (referer: https://www.avito.ma/fr/rabat/engins_btp-%C3%A0_vendre)
2021-09-13 18:23:17 [scrapy.core.scraper] DEBUG: Scraped from <200 https://www.avito.ma/fr/aakkari/engins_btp/Compacteur_bomag_3_tonnes__45533038.htm>
None
2021-09-13 18:23:17 [scrapy.core.scraper] DEBUG: Scraped from <200 https://www.avito.ma/fr/aakkari/engins_btp/Compacteur_bomag_3_tonnes__45533038.htm>
{'product_data_items': {'address': None,
                        'area': 'Aakkari',
                        'city': 'Rabat',
                        'description': 'En vente une compacteur 3 tonnes bomag '
                                       'très bonne état ',
                        'fuel': 'Diesel',
                        'has_shipping': False,
                        'is_seller_phone_verified': False,
                        'last_update_date': '2021-09-01 22:46:48',
                        'number_of_images': 5,
                        'pfiscale': '8 CV',
                        'price': 85000,
                        'product_id': '59868312',
                        'regdate': '2008',
                        'seller_address': None,
                        'seller_name': 'IPM AND QABLAL',
                        'seller_phone': '0693266995',
                        'seller_type': 'shop',
                        'subject': 'Compacteur bomag 3 tonnes ',
                        'type': 'Engins btp, Vente',
                        'url': 'https://www.avito.ma/fr/aakkari/engins_btp/Compacteur_bomag_3_tonnes__45533038.htm'}}
2021-09-13 18:23:20 [scrapy.core.engine] DEBUG: Crawled (200) <GET https://www.avito.ma/fr/aakkari/engins_btp/Clark_Caterpillar_7tonnes_44032028.htm> (referer: https://www.avito.ma/fr/rabat/engins_btp-%C3%A0_vendre)
2021-09-13 18:23:20 [scrapy.core.scraper] DEBUG: Scraped from <200 https://www.avito.ma/fr/aakkari/engins_btp/Clark_Caterpillar_7tonnes_44032028.htm>
None
2021-09-13 18:23:20 [scrapy.core.scraper] DEBUG: Scraped from <200 https://www.avito.ma/fr/aakkari/engins_btp/Clark_Caterpillar_7tonnes_44032028.htm>
{'product_data_items': {'address': None,
                        'area': 'Aakkari',
                        'city': 'Rabat',
                        'description': 'Clark Caterpillar 7 tonnes 2000 diwana '
                                       '2020',
                        'fuel': 'Diesel',
                        'has_shipping': False,
                        'is_seller_phone_verified': False,
                        'last_update_date': '2021-09-01 22:50:43',
                        'number_of_images': 3,
                        'pfiscale': '9 CV',
                        'price': 108000,
                        'product_id': '57298197',
                        'regdate': '2000',
                        'seller_address': None,
                        'seller_name': 'IPM AND QABLAL',
                        'seller_phone': '0693266995',
                        'seller_type': 'shop',
                        'subject': 'Clark Caterpillar 7tonnes',
                        'type': 'Engins btp, Vente',
                        'url': 'https://www.avito.ma/fr/aakkari/engins_btp/Clark_Caterpillar_7tonnes_44032028.htm'}}
2021-09-13 18:23:21 [scrapy.core.engine] DEBUG: Crawled (200) <GET https://www.avito.ma/fr/rabat/engins_btp/location_manitou_43761280.htm> (referer: https://www.avito.ma/fr/rabat/engins_btp-%C3%A0_vendre)
2021-09-13 18:23:21 [scrapy.core.scraper] DEBUG: Scraped from <200 https://www.avito.ma/fr/rabat/engins_btp/location_manitou_43761280.htm>
None
2021-09-13 18:23:21 [scrapy.core.scraper] DEBUG: Scraped from <200 https://www.avito.ma/fr/rabat/engins_btp/location_manitou_43761280.htm>
{'product_data_items': {'address': None,
                        'city': 'Rabat',
                        'description': 'manitou 17 m pour location long ou '
                                       'courte duré par heure ou par jou. '
                                       'location grus mobile.location '
                                       'tractopelle.',
                        'fuel': 'Diesel',
                        'has_shipping': False,
                        'is_seller_phone_verified': True,
                        'last_update_date': '2021-09-04 09:36:12',
                        'number_of_images': 2,
                        'pfiscale': '17 CV',
                        'price': 1000,
                        'product_id': '56901999',
                        'regdate': '2007',
                        'seller_address': None,
                        'seller_name': 'Mabilex',
                        'seller_phone': '0662659581',
                        'seller_type': 'private',
                        'subject': 'location manitou',
                        'type': 'Engins btp, Vente',
                        'url': 'https://www.avito.ma/fr/rabat/engins_btp/location_manitou_43761280.htm'}}
2021-09-13 18:23:27 [scrapy.core.engine] DEBUG: Crawled (200) <GET https://www.avito.ma/fr/rabat/engins_btp/Location_tractopelle_caterpilar_432D__45352647.htm> (referer: https://www.avito.ma/fr/rabat/engins_btp-%C3%A0_vendre)
2021-09-13 18:23:27 [scrapy.core.scraper] DEBUG: Scraped from <200 https://www.avito.ma/fr/rabat/engins_btp/Location_tractopelle_caterpilar_432D__45352647.htm>
None
2021-09-13 18:23:27 [scrapy.core.scraper] DEBUG: Scraped from <200 https://www.avito.ma/fr/rabat/engins_btp/Location_tractopelle_caterpilar_432D__45352647.htm>
{'product_data_items': {'address': None,
                        'city': 'Rabat',
                        'description': 'Location  ou a vendre une tractopelle '
                                       'caterpilar 432D en bonne état à '
                                       'vendre ',
                        'fuel': 'Diesel',
                        'has_shipping': False,
                        'is_seller_phone_verified': False,
                        'last_update_date': '2021-09-04 09:36:56',
                        'number_of_images': 2,
                        'pfiscale': '13 CV',
                        'price': 250000,
                        'product_id': '59563386',
                        'regdate': '2005',
                        'seller_address': None,
                        'seller_name': 'Mabilex',
                        'seller_phone': '0662659581',
                        'seller_type': 'private',
                        'subject': 'Location tractopelle caterpilar 432D ',
                        'type': 'Engins btp, Vente',
                        'url': 'https://www.avito.ma/fr/rabat/engins_btp/Location_tractopelle_caterpilar_432D__45352647.htm'}}
2021-09-13 18:23:34 [scrapy.extensions.logstats] INFO: Crawled 45 pages (at 15 pages/min), scraped 82 items (at 30 items/min)
2021-09-13 18:23:40 [scrapy.core.engine] DEBUG: Crawled (200) <GET https://www.avito.ma/fr/rabat/engins_btp/Compacteur_700kg_weber_47071284.htm> (referer: https://www.avito.ma/fr/rabat/engins_btp-%C3%A0_vendre)
2021-09-13 18:23:40 [scrapy.core.scraper] DEBUG: Scraped from <200 https://www.avito.ma/fr/rabat/engins_btp/Compacteur_700kg_weber_47071284.htm>
None
2021-09-13 18:23:40 [scrapy.core.scraper] DEBUG: Scraped from <200 https://www.avito.ma/fr/rabat/engins_btp/Compacteur_700kg_weber_47071284.htm>
{'product_data_items': {'address': None,
                        'city': 'Rabat',
                        'description': 'moteur Diesel nerveuse vibreur',
                        'fuel': 'Diesel',
                        'has_shipping': False,
                        'is_seller_phone_verified': False,
                        'last_update_date': '2021-09-12 16:53:07',
                        'number_of_images': 3,
                        'pfiscale': '8 CV',
                        'price': 19000,
                        'product_id': '61990650',
                        'regdate': '2016',
                        'seller_address': None,
                        'seller_name': 'Amine',
                        'seller_phone': '0628917294',
                        'seller_type': 'private',
                        'subject': 'Compacteur 700kg weber',
                        'type': 'Engins btp, Vente',
                        'url': 'https://www.avito.ma/fr/rabat/engins_btp/Compacteur_700kg_weber_47071284.htm'}}
2021-09-13 18:23:40 [scrapy.core.engine] DEBUG: Crawled (200) <GET https://www.avito.ma/fr/aakkari/engins_btp/Clark_%C3%A9lectrique_cesab_4_tonnes__46965077.htm> (referer: https://www.avito.ma/fr/rabat/engins_btp-%C3%A0_vendre)
2021-09-13 18:23:40 [scrapy.core.scraper] DEBUG: Scraped from <200 https://www.avito.ma/fr/aakkari/engins_btp/Clark_%C3%A9lectrique_cesab_4_tonnes__46965077.htm>
None
2021-09-13 18:23:41 [scrapy.core.scraper] DEBUG: Scraped from <200 https://www.avito.ma/fr/aakkari/engins_btp/Clark_%C3%A9lectrique_cesab_4_tonnes__46965077.htm>
{'product_data_items': {'address': None,
                        'area': 'Aakkari',
                        'city': 'Rabat',
                        'description': 'En vente une Clark électrique cesab '
                                       'Très bonne état 4 tonnes Avec son '
                                       'chargeur ',
                        'fuel': 'Electrique',
                        'has_shipping': False,
                        'is_seller_phone_verified': False,
                        'last_update_date': '2021-09-12 12:54:48',
                        'number_of_images': 5,
                        'pfiscale': '4 CV',
                        'price': 150000,
                        'product_id': '61853879',
                        'regdate': '2007',
                        'seller_address': None,
                        'seller_name': 'IPM AND QABLAL',
                        'seller_phone': '0693266995',
                        'seller_type': 'shop',
                        'subject': 'Clark électrique cesab 4 tonnes ',
                        'type': 'Engins btp, Vente',
                        'url': 'https://www.avito.ma/fr/aakkari/engins_btp/Clark_électrique_cesab_4_tonnes__46965077.htm'}}
2021-09-13 18:23:44 [scrapy.core.engine] DEBUG: Crawled (200) <GET https://www.avito.ma/fr/rabat/engins_btp/%D8%A8%D9%88%D9%83%D9%84%D8%A7%D9%86_%D9%84%D9%84%D8%A8%D9%8A%D8%B9_47031275.htm> (referer: https://www.avito.ma/fr/rabat/engins_btp-%C3%A0_vendre)
2021-09-13 18:23:44 [scrapy.core.scraper] DEBUG: Scraped from <200 https://www.avito.ma/fr/rabat/engins_btp/%D8%A8%D9%88%D9%83%D9%84%D8%A7%D9%86_%D9%84%D9%84%D8%A8%D9%8A%D8%B9_47031275.htm>
None
2021-09-13 18:23:45 [scrapy.core.scraper] DEBUG: Scraped from <200 https://www.avito.ma/fr/rabat/engins_btp/%D8%A8%D9%88%D9%83%D9%84%D8%A7%D9%86_%D9%84%D9%84%D8%A8%D9%8A%D8%B9_47031275.htm>
{'product_data_items': {'address': None,
                        'city': 'Rabat',
                        'description': 'بوكلان ممتازة للبيع',
                        'fuel': 'Diesel',
                        'has_shipping': False,
                        'is_seller_phone_verified': False,
                        'last_update_date': '2021-09-09 18:43:49',
                        'number_of_images': 8,
                        'pfiscale': None,
                        'price': None,
                        'product_id': '61939403',
                        'regdate': '1985',
                        'seller_address': None,
                        'seller_name': 'عربي',
                        'seller_phone': '0672477783',
                        'seller_type': 'private',
                        'subject': 'بوكلان للبيع',
                        'type': 'Engins btp, Vente',
                        'url': 'https://www.avito.ma/fr/rabat/engins_btp/بوكلان_للبيع_47031275.htm'}}
2021-09-13 18:23:52 [scrapy.core.engine] DEBUG: Crawled (200) <GET https://www.avito.ma/fr/rabat/engins_btp/minichargeuse_cat_45287016.htm> (referer: https://www.avito.ma/fr/rabat/engins_btp-%C3%A0_vendre)
2021-09-13 18:23:53 [scrapy.core.scraper] DEBUG: Scraped from <200 https://www.avito.ma/fr/rabat/engins_btp/minichargeuse_cat_45287016.htm>
None
2021-09-13 18:23:53 [scrapy.core.scraper] DEBUG: Scraped from <200 https://www.avito.ma/fr/rabat/engins_btp/minichargeuse_cat_45287016.htm>
{'product_data_items': {'address': None,
                        'city': 'Rabat',
                        'description': 'Mini chargeuse a vendre  ou bien  pour '
                                       'locationLocation Bobcatlocation '
                                       'Minipelle location Manitou ',
                        'fuel': 'Diesel',
                        'has_shipping': False,
                        'is_seller_phone_verified': False,
                        'last_update_date': '2021-09-04 09:37:04',
                        'number_of_images': 1,
                        'pfiscale': 'Plus de 41 CV',
                        'price': None,
                        'product_id': '59444312',
                        'regdate': '2008',
                        'seller_address': None,
                        'seller_name': 'Mabilex',
                        'seller_phone': '0662659581',
                        'seller_type': 'private',
                        'subject': 'minichargeuse cat',
                        'type': 'Engins btp, Vente',
                        'url': 'https://www.avito.ma/fr/rabat/engins_btp/minichargeuse_cat_45287016.htm'}}
2021-09-13 18:24:03 [scrapy.core.engine] DEBUG: Crawled (200) <GET https://www.avito.ma/fr/rabat/engins_btp/mini_pelle__47005663.htm> (referer: https://www.avito.ma/fr/rabat/engins_btp-%C3%A0_vendre)
2021-09-13 18:24:03 [scrapy.core.scraper] DEBUG: Scraped from <200 https://www.avito.ma/fr/rabat/engins_btp/mini_pelle__47005663.htm>
None
2021-09-13 18:24:03 [scrapy.core.scraper] DEBUG: Scraped from <200 https://www.avito.ma/fr/rabat/engins_btp/mini_pelle__47005663.htm>
{'product_data_items': {'address': None,
                        'city': 'Rabat',
                        'description': 'messersi 3.5 t moteur kibota avec 3 '
                                       'godi est marteaux modele 2011',
                        'fuel': 'Diesel',
                        'has_shipping': False,
                        'is_seller_phone_verified': False,
                        'last_update_date': '2021-09-08 00:57:05',
                        'number_of_images': 5,
                        'pfiscale': '7 CV',
                        'price': 150000,
                        'product_id': '61906763',
                        'regdate': '2011',
                        'seller_address': None,
                        'seller_name': 'Amine',
                        'seller_phone': '0628917294',
                        'seller_type': 'private',
                        'subject': 'mini pelle ',
                        'type': 'Engins btp, Vente',
                        'url': 'https://www.avito.ma/fr/rabat/engins_btp/mini_pelle__47005663.htm'}}
2021-09-13 18:24:17 [scrapy.downloadermiddlewares.retry] DEBUG: Retrying <GET https://www.avito.ma/fr/aakkari/engins_btp/Ppmpe_a_eau_100_ch_42630760.htm> (failed 1 times): User timeout caused connection failure: Getting https://www.avito.ma/fr/aakkari/engins_btp/Ppmpe_a_eau_100_ch_42630760.htm took longer than 180.0 seconds..
2021-09-13 18:24:17 [scrapy_user_agents.middlewares] DEBUG: Assigned User-Agent Mozilla/5.0 (Windows NT 6.1) AppleWebKit/537.36 (KHTML, like Gecko) Chrome/62.0.3202.94 Safari/537.36
2021-09-13 18:24:19 [scrapy.core.engine] DEBUG: Crawled (200) <GET https://www.avito.ma/fr/aakkari/engins_btp/Ppmpe_a_eau_100_ch_42630760.htm> (referer: https://www.avito.ma/fr/rabat/engins_btp-%C3%A0_vendre)
2021-09-13 18:24:19 [scrapy.core.scraper] DEBUG: Scraped from <200 https://www.avito.ma/fr/aakkari/engins_btp/Ppmpe_a_eau_100_ch_42630760.htm>
None
2021-09-13 18:24:19 [scrapy.core.scraper] DEBUG: Scraped from <200 https://www.avito.ma/fr/aakkari/engins_btp/Ppmpe_a_eau_100_ch_42630760.htm>
{'product_data_items': {'address': None,
                        'area': 'Aakkari',
                        'city': 'Rabat',
                        'description': 'Met en vente une pompe à eau100  ch '
                                       '(khayl)Moteur 75 kwTrès bonne état ',
                        'fuel': 'Electrique',
                        'has_shipping': False,
                        'is_seller_phone_verified': False,
                        'last_update_date': '2021-07-10 22:32:08',
                        'number_of_images': 5,
                        'pfiscale': '9 CV',
                        'price': 27000,
                        'product_id': '55141313',
                        'regdate': '2005',
                        'seller_address': None,
                        'seller_name': 'IPM AND QABLAL',
                        'seller_phone': '0693266995',
                        'seller_type': 'shop',
                        'subject': 'Ppmpe a eau 100 ch',
                        'type': 'Engins btp, Vente',
                        'url': 'https://www.avito.ma/fr/aakkari/engins_btp/Ppmpe_a_eau_100_ch_42630760.htm'}}
2021-09-13 18:24:19 [scrapy.core.engine] INFO: Closing spider (finished)
2021-09-13 18:24:19 [scrapy.statscollectors] INFO: Dumping Scrapy stats:
{'downloader/exception_count': 1,
 'downloader/exception_type_count/twisted.internet.error.TimeoutError': 1,
 'downloader/request_bytes': 22935,
 'downloader/request_count': 52,
 'downloader/request_method_count/GET': 52,
 'downloader/response_bytes': 1274543,
 'downloader/response_count': 51,
 'downloader/response_status_count/200': 51,
 'dupefilter/filtered': 89,
 'elapsed_time_seconds': 225.604246,
 'finish_reason': 'finished',
 'finish_time': datetime.datetime(2021, 9, 13, 17, 24, 19, 870892),
 'httpcompression/response_bytes': 7417579,
 'httpcompression/response_count': 51,
 'item_scraped_count': 94,
 'log_count/DEBUG': 199,
 'log_count/INFO': 13,
 'log_count/WARNING': 46,
 'memusage/max': 85581824,
 'memusage/startup': 68177920,
 'request_depth_max': 2,
 'response_received_count': 51,
 'retry/count': 1,
 'retry/reason_count/twisted.internet.error.TimeoutError': 1,
 'robotstxt/request_count': 1,
 'robotstxt/response_count': 1,
 'robotstxt/response_status_count/200': 1,
 'scheduler/dequeued': 51,
 'scheduler/dequeued/memory': 51,
 'scheduler/enqueued': 51,
 'scheduler/enqueued/memory': 51,
 'start_time': datetime.datetime(2021, 9, 13, 17, 20, 34, 266646)}
2021-09-13 18:24:19 [scrapy.core.engine] INFO: Spider closed (finished)
