2021-09-17 15:38:25 [scrapy.utils.log] INFO: Scrapy 2.5.0 started (bot: avito)
2021-09-17 15:38:25 [scrapy.utils.log] INFO: Versions: lxml 4.6.3.0, libxml2 2.9.10, cssselect 1.1.0, parsel 1.6.0, w3lib 1.22.0, Twisted 21.7.0, Python 3.8.10 (default, Jun  2 2021, 10:49:15) - [GCC 9.4.0], pyOpenSSL 20.0.1 (OpenSSL 1.1.1l  24 Aug 2021), cryptography 3.4.8, Platform Linux-5.11.0-34-generic-x86_64-with-glibc2.29
2021-09-17 15:38:25 [scrapy.utils.log] DEBUG: Using reactor: twisted.internet.epollreactor.EPollReactor
2021-09-17 15:38:25 [scrapy.crawler] INFO: Overridden settings:
{'BOT_NAME': 'avito',
 'DOWNLOAD_DELAY': 3,
 'FEED_EXPORT_ENCODING': 'utf-8',
 'LOG_FILE': 'logs/default/productspider/e847a72c17c411ecb3e9eb2be6e979cc.log',
 'NEWSPIDER_MODULE': 'avito.spiders',
 'ROBOTSTXT_OBEY': True,
 'SPIDER_MODULES': ['avito.spiders']}
2021-09-17 15:38:25 [scrapy.extensions.telnet] INFO: Telnet Password: 63c59391245c31a8
2021-09-17 15:38:25 [scrapy.middleware] INFO: Enabled extensions:
['scrapy.extensions.corestats.CoreStats',
 'scrapy.extensions.telnet.TelnetConsole',
 'scrapy.extensions.memusage.MemoryUsage',
 'scrapy.extensions.logstats.LogStats']
2021-09-17 15:38:25 [scrapy_user_agents.user_agent_picker] WARNING: [UnsupportedBrowserType] Family: Android
2021-09-17 15:38:25 [scrapy_user_agents.user_agent_picker] WARNING: [UnsupportedDeviceType] Family: Other, Brand: None, Model: None
2021-09-17 15:38:25 [scrapy_user_agents.user_agent_picker] WARNING: [UnsupportedDeviceType] Family: Other, Brand: None, Model: None
2021-09-17 15:38:25 [scrapy_user_agents.user_agent_picker] WARNING: [UnsupportedDeviceType] Family: Other, Brand: None, Model: None
2021-09-17 15:38:25 [scrapy_user_agents.user_agent_picker] WARNING: [UnsupportedDeviceType] Family: Sony BDV13, Brand: Sony, Model: BDV13
2021-09-17 15:38:25 [scrapy_user_agents.user_agent_picker] WARNING: [UnsupportedDeviceType] Family: Nintendo DSi, Brand: Nintendo, Model: DSi
2021-09-17 15:38:25 [scrapy_user_agents.user_agent_picker] WARNING: [UnsupportedDeviceType] Family: Other, Brand: None, Model: None
2021-09-17 15:38:25 [scrapy_user_agents.user_agent_picker] WARNING: [UnsupportedBrowserType] Family: Other
2021-09-17 15:38:25 [scrapy_user_agents.user_agent_picker] WARNING: [UnsupportedDeviceType] Family: LYF F90M, Brand: LYF, Model: F90M
2021-09-17 15:38:25 [scrapy_user_agents.user_agent_picker] WARNING: [UnsupportedDeviceType] Family: Sony BDV14, Brand: Sony, Model: BDV14
2021-09-17 15:38:26 [scrapy_user_agents.user_agent_picker] WARNING: [UnsupportedDeviceType] Family: LG Web0S SmartTV, Brand: LG, Model: Web0S SmartTV
2021-09-17 15:38:26 [scrapy_user_agents.user_agent_picker] WARNING: [UnsupportedDeviceType] Family: Other, Brand: None, Model: None
2021-09-17 15:38:26 [scrapy_user_agents.user_agent_picker] WARNING: [UnsupportedDeviceType] Family: Other, Brand: None, Model: None
2021-09-17 15:38:26 [scrapy_user_agents.user_agent_picker] WARNING: [UnsupportedDeviceType] Family: Other, Brand: None, Model: None
2021-09-17 15:38:26 [scrapy_user_agents.user_agent_picker] WARNING: [UnsupportedDeviceType] Family: Other, Brand: None, Model: None
2021-09-17 15:38:26 [scrapy_user_agents.user_agent_picker] WARNING: [UnsupportedDeviceType] Family: Other, Brand: None, Model: None
2021-09-17 15:38:26 [scrapy_user_agents.user_agent_picker] WARNING: [UnsupportedDeviceType] Family: Other, Brand: None, Model: None
2021-09-17 15:38:26 [scrapy_user_agents.user_agent_picker] WARNING: [UnsupportedDeviceType] Family: Other, Brand: None, Model: None
2021-09-17 15:38:26 [scrapy_user_agents.user_agent_picker] WARNING: [UnsupportedDeviceType] Family: Sony BDV11, Brand: Sony, Model: BDV11
2021-09-17 15:38:26 [scrapy_user_agents.user_agent_picker] WARNING: [UnsupportedDeviceType] Family: Other, Brand: None, Model: None
2021-09-17 15:38:26 [scrapy_user_agents.user_agent_picker] WARNING: [UnsupportedDeviceType] Family: Other, Brand: None, Model: None
2021-09-17 15:38:26 [scrapy_user_agents.user_agent_picker] WARNING: [UnsupportedDeviceType] Family: Other, Brand: None, Model: None
2021-09-17 15:38:26 [scrapy_user_agents.user_agent_picker] WARNING: [UnsupportedDeviceType] Family: Other, Brand: None, Model: None
2021-09-17 15:38:26 [scrapy_user_agents.user_agent_picker] WARNING: [UnsupportedDeviceType] Family: Nintendo DSi, Brand: Nintendo, Model: DSi
2021-09-17 15:38:26 [scrapy_user_agents.user_agent_picker] WARNING: [UnsupportedDeviceType] Family: LYF LF-2403N, Brand: LYF, Model: LF-2403N
2021-09-17 15:38:26 [scrapy_user_agents.user_agent_picker] WARNING: [UnsupportedDeviceType] Family: LYF F90M, Brand: LYF, Model: F90M
2021-09-17 15:38:26 [scrapy_user_agents.user_agent_picker] WARNING: [UnsupportedDeviceType] Family: Other, Brand: None, Model: None
2021-09-17 15:38:26 [scrapy_user_agents.user_agent_picker] WARNING: [UnsupportedDeviceType] Family: Other, Brand: None, Model: None
2021-09-17 15:38:26 [scrapy_user_agents.user_agent_picker] WARNING: [UnsupportedBrowserType] Family: Applebot
2021-09-17 15:38:26 [scrapy_user_agents.user_agent_picker] WARNING: [UnsupportedDeviceType] Family: Other, Brand: None, Model: None
2021-09-17 15:38:26 [scrapy_user_agents.user_agent_picker] WARNING: [UnsupportedBrowserType] Family: Applebot
2021-09-17 15:38:27 [scrapy_user_agents.user_agent_picker] WARNING: [UnsupportedBrowserType] Family: Other
2021-09-17 15:38:27 [scrapy_user_agents.user_agent_picker] WARNING: [UnsupportedBrowserType] Family: Other
2021-09-17 15:38:27 [scrapy_user_agents.user_agent_picker] WARNING: [UnsupportedBrowserType] Family: PhantomJS
2021-09-17 15:38:27 [scrapy_user_agents.user_agent_picker] WARNING: [UnsupportedBrowserType] Family: SMTBot
2021-09-17 15:38:27 [scrapy_user_agents.user_agent_picker] WARNING: [UnsupportedBrowserType] Family: PhantomJS
2021-09-17 15:38:27 [scrapy_user_agents.user_agent_picker] WARNING: [UnsupportedBrowserType] Family: PhantomJS
2021-09-17 15:38:27 [scrapy_user_agents.user_agent_picker] WARNING: [UnsupportedBrowserType] Family: WebKit Nightly
2021-09-17 15:38:27 [scrapy_user_agents.user_agent_picker] WARNING: [UnsupportedBrowserType] Family: PhantomJS
2021-09-17 15:38:27 [scrapy_user_agents.user_agent_picker] WARNING: [UnsupportedDeviceType] Family: Other, Brand: None, Model: None
2021-09-17 15:38:27 [scrapy_user_agents.user_agent_picker] WARNING: [UnsupportedBrowserType] Family: PhantomJS
2021-09-17 15:38:27 [scrapy_user_agents.user_agent_picker] WARNING: [UnsupportedBrowserType] Family: PhantomJS
2021-09-17 15:38:27 [scrapy_user_agents.user_agent_picker] WARNING: [UnsupportedBrowserType] Family: Robot
2021-09-17 15:38:27 [scrapy_user_agents.user_agent_picker] WARNING: [UnsupportedDeviceType] Family: Other, Brand: None, Model: None
2021-09-17 15:38:27 [scrapy_user_agents.user_agent_picker] WARNING: [UnsupportedBrowserType] Family: Zune
2021-09-17 15:38:27 [scrapy.middleware] INFO: Enabled downloader middlewares:
['scrapy.downloadermiddlewares.robotstxt.RobotsTxtMiddleware',
 'scrapy.downloadermiddlewares.httpauth.HttpAuthMiddleware',
 'scrapy.downloadermiddlewares.downloadtimeout.DownloadTimeoutMiddleware',
 'scrapy.downloadermiddlewares.defaultheaders.DefaultHeadersMiddleware',
 'scrapy_user_agents.middlewares.RandomUserAgentMiddleware',
 'scrapy.downloadermiddlewares.retry.RetryMiddleware',
 'scrapy.downloadermiddlewares.redirect.MetaRefreshMiddleware',
 'scrapy.downloadermiddlewares.httpcompression.HttpCompressionMiddleware',
 'scrapy.downloadermiddlewares.redirect.RedirectMiddleware',
 'scrapy.downloadermiddlewares.cookies.CookiesMiddleware',
 'scrapy.downloadermiddlewares.httpproxy.HttpProxyMiddleware',
 'scrapy.downloadermiddlewares.stats.DownloaderStats']
2021-09-17 15:38:27 [scrapy.middleware] INFO: Enabled spider middlewares:
['scrapy.spidermiddlewares.httperror.HttpErrorMiddleware',
 'scrapy.spidermiddlewares.offsite.OffsiteMiddleware',
 'scrapy.spidermiddlewares.referer.RefererMiddleware',
 'scrapy.spidermiddlewares.urllength.UrlLengthMiddleware',
 'scrapy.spidermiddlewares.depth.DepthMiddleware']
2021-09-17 15:38:27 [scrapy.middleware] INFO: Enabled item pipelines:
['avito.pipelines.MongoDBPipeline']
2021-09-17 15:38:27 [scrapy.core.engine] INFO: Spider opened
2021-09-17 15:38:27 [scrapy.extensions.logstats] INFO: Crawled 0 pages (at 0 pages/min), scraped 0 items (at 0 items/min)
2021-09-17 15:38:27 [scrapy.extensions.telnet] INFO: Telnet console listening on 127.0.0.1:6023
2021-09-17 15:38:27 [scrapy_user_agents.middlewares] DEBUG: Assigned User-Agent Mozilla/5.0 (Windows NT 6.0; Win64; x64) AppleWebKit/537.36 (KHTML, like Gecko) Chrome/60.0.3112.90 Safari/537.36
2021-09-17 15:38:27 [scrapy.core.engine] DEBUG: Crawled (200) <GET https://www.avito.ma/robots.txt> (referer: None)
2021-09-17 15:38:27 [scrapy_user_agents.middlewares] DEBUG: Assigned User-Agent Mozilla/5.0 (Windows NT 6.1; WOW64) AppleWebKit/537.36 (KHTML, like Gecko) Chrome/40.0.2214.115 Safari/537.36
2021-09-17 15:38:35 [scrapy.downloadermiddlewares.retry] DEBUG: Retrying <GET https://www.avito.ma/fr/settat/engins_btp-%C3%A0_vendre> (failed 1 times): 500 Internal Server Error
2021-09-17 15:38:35 [scrapy_user_agents.middlewares] DEBUG: Assigned User-Agent Mozilla/5.0 (Windows NT 10.0; WOW64) AppleWebKit/537.36 (KHTML, like Gecko) Chrome/55.0.0.12195 Safari/537.36
2021-09-17 15:38:39 [scrapy.downloadermiddlewares.retry] DEBUG: Retrying <GET https://www.avito.ma/fr/settat/engins_btp-%C3%A0_vendre> (failed 2 times): 500 Internal Server Error
2021-09-17 15:38:39 [scrapy_user_agents.middlewares] DEBUG: Assigned User-Agent Mozilla/5.0 (Windows NT 6.1; Win64; x64) AppleWebKit/537.36 (KHTML, like Gecko) Chrome/62.0.3202.62 Safari/537.36
2021-09-17 15:38:42 [scrapy.core.engine] DEBUG: Crawled (200) <GET https://www.avito.ma/fr/settat/engins_btp-%C3%A0_vendre> (referer: None)
2021-09-17 15:38:42 [scrapy_user_agents.middlewares] DEBUG: Assigned User-Agent Mozilla/5.0 (Windows NT 6.1; Win64; x64) AppleWebKit/537.36 (KHTML, like Gecko) Chrome/60.0.3112.101 Safari/537.36
2021-09-17 15:38:42 [scrapy.dupefilters] DEBUG: Filtered duplicate request: <GET https://www.avito.ma/fr/settat/engins_btp-%C3%A0_vendre?o=2> - no more duplicates will be shown (see DUPEFILTER_DEBUG to show all duplicates)
2021-09-17 15:38:42 [scrapy_user_agents.middlewares] DEBUG: Assigned User-Agent Mozilla/5.0 (Windows NT 5.1; Win64; x64) AppleWebKit/537.36 (KHTML, like Gecko) Chrome/66.0.3359.117 Safari/537.36
2021-09-17 15:38:42 [scrapy_user_agents.middlewares] DEBUG: Assigned User-Agent Mozilla/5.0 (Windows NT 6.1; WOW64) AppleWebKit/537.36 (KHTML, like Gecko) Chrome/47.0.2526.106 Safari/537.36
2021-09-17 15:38:42 [scrapy_user_agents.middlewares] DEBUG: Assigned User-Agent Mozilla/5.0 (Windows NT 10.0; Win64; x64) AppleWebKit/537.36 (KHTML, like Gecko) Chrome/62.0.3202.89 Safari/537.36
2021-09-17 15:38:42 [scrapy_user_agents.middlewares] DEBUG: Assigned User-Agent Mozilla/5.0 (Windows NT 10.0; WOW64) AppleWebKit/537.36 (KHTML, like Gecko) Chrome/46.0.2490.86 Safari/537.36
2021-09-17 15:38:42 [scrapy_user_agents.middlewares] DEBUG: Assigned User-Agent Mozilla/5.0 (Windows NT 10.0; Win64; x64) AppleWebKit/537.36 (KHTML, like Gecko) Chrome/62.0.3202.94 Safari/537.36
2021-09-17 15:38:42 [scrapy_user_agents.middlewares] DEBUG: Assigned User-Agent Mozilla/5.0 (Windows NT 6.1; WOW64) AppleWebKit/537.36 (KHTML, like Gecko) Chrome/53.0.2785.101 Safari/537.36
2021-09-17 15:38:42 [scrapy_user_agents.middlewares] DEBUG: Assigned User-Agent Mozilla/5.0 (Windows NT 10.0; WOW64) AppleWebKit/537.36 (KHTML, like Gecko) Chrome/53.0.2785.143 Safari/537.36
2021-09-17 15:38:42 [scrapy_user_agents.middlewares] DEBUG: Assigned User-Agent Mozilla/5.0 (Windows NT 6.1; WOW64) AppleWebKit/537.36 (KHTML, like Gecko) Chrome/50.0.2661.102 Safari/537.36
2021-09-17 15:38:42 [scrapy_user_agents.middlewares] DEBUG: Assigned User-Agent Mozilla/5.0 (Windows NT 6.3; Win64; x64) AppleWebKit/537.36 (KHTML, like Gecko) Chrome/66.0.3359.181 Safari/537.36
2021-09-17 15:38:42 [scrapy_user_agents.middlewares] DEBUG: Assigned User-Agent Mozilla/5.0 (Windows NT 6.3; Win64; x64) AppleWebKit/537.36 (KHTML, like Gecko) Chrome/60.0.3112.113 Safari/537.36
2021-09-17 15:38:42 [scrapy_user_agents.middlewares] DEBUG: Assigned User-Agent Mozilla/5.0 (Windows NT 6.3; WOW64) AppleWebKit/537.36 (KHTML, like Gecko) Chrome/57.0.2987.133 Safari/537.36
2021-09-17 15:38:42 [scrapy_user_agents.middlewares] DEBUG: Assigned User-Agent Mozilla/5.0 (Windows NT 6.0) AppleWebKit/535.1 (KHTML, like Gecko) Chrome/13.0.782.112 Safari/535.1
2021-09-17 15:38:42 [scrapy_user_agents.middlewares] DEBUG: Assigned User-Agent Mozilla/5.0 (Windows NT 6.3; WOW64) AppleWebKit/537.36 (KHTML, like Gecko) Chrome/45.0.2454.93 Safari/537.36
2021-09-17 15:38:42 [scrapy_user_agents.middlewares] DEBUG: Assigned User-Agent Mozilla/5.0 (Windows NT 6.3; Win64; x64) AppleWebKit/537.36 (KHTML, like Gecko) Chrome/64.0.3282.186 Safari/537.36
2021-09-17 15:38:42 [scrapy_user_agents.middlewares] DEBUG: Assigned User-Agent Mozilla/5.0 (Windows NT 6.3; Win64; x64) AppleWebKit/537.36 (KHTML, like Gecko) Chrome/64.0.3282.186 Safari/537.36
2021-09-17 15:38:50 [scrapy.core.engine] DEBUG: Crawled (200) <GET https://www.avito.ma/fr/settat/engins_btp-%C3%A0_vendre?o=7> (referer: https://www.avito.ma/fr/settat/engins_btp-%C3%A0_vendre)
2021-09-17 15:38:50 [scrapy_user_agents.middlewares] DEBUG: Assigned User-Agent Mozilla/5.0 (Windows NT 10.0; Win64; x64) AppleWebKit/537.36 (KHTML, like Gecko) Chrome/56.0.2924.87 Safari/537.36
2021-09-17 15:38:50 [scrapy.core.engine] DEBUG: Crawled (200) <GET https://www.avito.ma/fr/settat/engins_btp-%C3%A0_vendre> (referer: https://www.avito.ma/fr/settat/engins_btp-%C3%A0_vendre)
2021-09-17 15:38:50 [scrapy_user_agents.middlewares] DEBUG: Assigned User-Agent Mozilla/5.0 (Windows NT 6.1; WOW64) AppleWebKit/537.31 (KHTML, like Gecko) Chrome/26.0.1410.43 Safari/537.31
2021-09-17 15:38:50 [py.warnings] WARNING: /home/khalil/Projects/PFE/scrapy_app/avito-env/lib/python3.8/site-packages/scrapy/utils/project.py:81: ScrapyDeprecationWarning: Use of environment variables prefixed with SCRAPY_ to override settings is deprecated. The following environment variables are currently defined: JOB, LOG_FILE, SLOT, SPIDER
  warnings.warn(

2021-09-17 15:38:56 [scrapy.core.engine] DEBUG: Crawled (200) <GET https://www.avito.ma/fr/settat/engins_btp-%C3%A0_vendre?o=6> (referer: https://www.avito.ma/fr/settat/engins_btp-%C3%A0_vendre)
2021-09-17 15:38:56 [scrapy_user_agents.middlewares] DEBUG: Assigned User-Agent Mozilla/5.0 (Windows NT 6.1; WOW64) AppleWebKit/537.36 (KHTML, like Gecko) Chrome/47.0.2526.111 Safari/537.36
2021-09-17 15:39:00 [scrapy.core.engine] DEBUG: Crawled (200) <GET https://www.avito.ma/fr/tanja_balia/engins_btp/Jcb_2016_47145024.htm> (referer: https://www.avito.ma/fr/settat/engins_btp-%C3%A0_vendre)
2021-09-17 15:39:00 [scrapy_user_agents.middlewares] DEBUG: Assigned User-Agent Mozilla/5.0 (Windows NT 6.1; WOW64) AppleWebKit/537.36 (KHTML, like Gecko) Chrome/41.0.2272.118 Safari/537.36
2021-09-17 15:39:01 [scrapy.core.scraper] DEBUG: Scraped from <200 https://www.avito.ma/fr/tanja_balia/engins_btp/Jcb_2016_47145024.htm>
None
2021-09-17 15:39:01 [scrapy.core.scraper] DEBUG: Scraped from <200 https://www.avito.ma/fr/tanja_balia/engins_btp/Jcb_2016_47145024.htm>
{'product_data_items': {'address': None,
                        'area': 'Tanja Balia',
                        'city': 'Tanger',
                        'description': 'Jcb 2006 et douane 2016',
                        'fuel': 'Diesel',
                        'has_shipping': False,
                        'is_seller_phone_verified': False,
                        'last_update_date': '2021-09-17 15:32:47',
                        'number_of_images': 5,
                        'pfiscale': None,
                        'price': None,
                        'product_id': '62090973',
                        'regdate': '2006',
                        'seller_address': None,
                        'seller_name': 'Med',
                        'seller_phone': '0652302310',
                        'seller_type': 'private',
                        'subject': 'Jcb 2016',
                        'type': 'Engins btp, Vente',
                        'url': 'https://www.avito.ma/fr/tanja_balia/engins_btp/Jcb_2016_47145024.htm'}}
2021-09-17 15:39:03 [scrapy.core.engine] DEBUG: Crawled (200) <GET https://www.avito.ma/fr/settat/engins_btp-%C3%A0_vendre?o=5> (referer: https://www.avito.ma/fr/settat/engins_btp-%C3%A0_vendre)
2021-09-17 15:39:03 [scrapy_user_agents.middlewares] DEBUG: Assigned User-Agent Mozilla/5.0 (Windows NT 10.0; WOW64) AppleWebKit/537.36 (KHTML, like Gecko) Chrome/46.0.2490.71 Safari/537.36
2021-09-17 15:39:04 [scrapy.core.engine] DEBUG: Crawled (200) <GET https://www.avito.ma/fr/settat/engins_btp-%C3%A0_vendre?o=49> (referer: https://www.avito.ma/fr/settat/engins_btp-%C3%A0_vendre)
2021-09-17 15:39:04 [scrapy_user_agents.middlewares] DEBUG: Assigned User-Agent Mozilla/5.0 (Windows NT 6.1) AppleWebKit/537.36 (KHTML, like Gecko) Chrome/46.0.2490.86 Safari/537.36
2021-09-17 15:39:05 [scrapy.core.engine] DEBUG: Crawled (200) <GET https://www.avito.ma/fr/settat/engins_btp-%C3%A0_vendre?o=4> (referer: https://www.avito.ma/fr/settat/engins_btp-%C3%A0_vendre)
2021-09-17 15:39:05 [scrapy_user_agents.middlewares] DEBUG: Assigned User-Agent Mozilla/5.0 (Windows NT 5.1) AppleWebKit/537.31 (KHTML, like Gecko) Chrome/26.0.1410.64 Safari/537.31
2021-09-17 15:39:10 [scrapy.core.engine] DEBUG: Crawled (200) <GET https://www.avito.ma/fr/settat/engins_btp-%C3%A0_vendre?o=3> (referer: https://www.avito.ma/fr/settat/engins_btp-%C3%A0_vendre)
2021-09-17 15:39:10 [scrapy_user_agents.middlewares] DEBUG: Assigned User-Agent Mozilla/5.0 (Windows NT 6.1; Win64; x64) AppleWebKit/537.36 (KHTML, like Gecko) Chrome/61.0.3163.100 Safari/537.36
2021-09-17 15:39:21 [scrapy.core.engine] DEBUG: Crawled (200) <GET https://www.avito.ma/fr/autre_secteur/engins_btp/Pompe_%C3%A0_b%C3%A9ton_cifa_60_m3_h_43495562.htm> (referer: https://www.avito.ma/fr/settat/engins_btp-%C3%A0_vendre)
2021-09-17 15:39:21 [scrapy_user_agents.middlewares] DEBUG: Assigned User-Agent Mozilla/5.0 (Windows NT 6.1; WOW64) AppleWebKit/537.36 (KHTML, like Gecko) Chrome/52.0.2743.82 Safari/537.36
2021-09-17 15:39:22 [scrapy.core.engine] DEBUG: Crawled (200) <GET https://www.avito.ma/fr/autre_secteur/engins_btp/Minipelle_IHI_JAPAN_45282496.htm> (referer: https://www.avito.ma/fr/settat/engins_btp-%C3%A0_vendre)
2021-09-17 15:39:22 [scrapy_user_agents.middlewares] DEBUG: Assigned User-Agent Mozilla/5.0 (Windows NT 10.0; WOW64) AppleWebKit/537.36 (KHTML, like Gecko) Chrome/46.0.2490.86 Safari/537.36
2021-09-17 15:39:22 [scrapy.core.scraper] DEBUG: Scraped from <200 https://www.avito.ma/fr/autre_secteur/engins_btp/Pompe_%C3%A0_b%C3%A9ton_cifa_60_m3_h_43495562.htm>
None
2021-09-17 15:39:22 [scrapy.core.scraper] DEBUG: Scraped from <200 https://www.avito.ma/fr/autre_secteur/engins_btp/Pompe_%C3%A0_b%C3%A9ton_cifa_60_m3_h_43495562.htm>
{'product_data_items': {'address': None,
                        'area': 'Autre secteur',
                        'city': 'Skhirat',
                        'description': 'En vente une pompe à béton cifa '
                                       'professionnelle , ba9a jdida diwana '
                                       'jdida 3ad dakhla',
                        'fuel': 'Diesel',
                        'has_shipping': False,
                        'is_seller_phone_verified': False,
                        'last_update_date': '2021-09-16 22:11:30',
                        'number_of_images': 8,
                        'pfiscale': '10 CV',
                        'price': 290000,
                        'product_id': '56468658',
                        'regdate': '2009',
                        'seller_address': None,
                        'seller_name': 'IPM AND QABLAL',
                        'seller_phone': '0693266995',
                        'seller_type': 'shop',
                        'subject': 'Pompe à béton cifa 60 m3/h',
                        'type': 'Engins btp, Vente',
                        'url': 'https://www.avito.ma/fr/autre_secteur/engins_btp/Pompe_à_béton_cifa_60_m3_h_43495562.htm'}}
2021-09-17 15:39:22 [scrapy.core.scraper] DEBUG: Scraped from <200 https://www.avito.ma/fr/autre_secteur/engins_btp/Minipelle_IHI_JAPAN_45282496.htm>
None
2021-09-17 15:39:22 [scrapy.core.scraper] DEBUG: Scraped from <200 https://www.avito.ma/fr/autre_secteur/engins_btp/Minipelle_IHI_JAPAN_45282496.htm>
{'product_data_items': {'address': None,
                        'area': 'Autre secteur',
                        'city': 'Skhirat',
                        'description': 'En vente une minipelle IHI japan '
                                       'Moteur isuzi4.7 tonnes Mliha ',
                        'fuel': 'Diesel',
                        'has_shipping': False,
                        'is_seller_phone_verified': False,
                        'last_update_date': '2021-09-16 22:11:49',
                        'number_of_images': 7,
                        'pfiscale': '10 CV',
                        'price': 165000,
                        'product_id': '59435463',
                        'regdate': '2006',
                        'seller_address': None,
                        'seller_name': 'IPM AND QABLAL',
                        'seller_phone': '0693266995',
                        'seller_type': 'shop',
                        'subject': 'Minipelle IHI JAPAN',
                        'type': 'Engins btp, Vente',
                        'url': 'https://www.avito.ma/fr/autre_secteur/engins_btp/Minipelle_IHI_JAPAN_45282496.htm'}}
2021-09-17 15:39:27 [scrapy.core.engine] DEBUG: Crawled (200) <GET https://www.avito.ma/fr/settat/engins_btp-%C3%A0_vendre?o=2> (referer: https://www.avito.ma/fr/settat/engins_btp-%C3%A0_vendre)
2021-09-17 15:39:27 [scrapy_user_agents.middlewares] DEBUG: Assigned User-Agent Mozilla/5.0 (Windows NT 6.1; Win64; x64) AppleWebKit/537.36 (KHTML, like Gecko) Chrome/57.0.2987.98 Safari/537.36
2021-09-17 15:39:27 [scrapy.extensions.logstats] INFO: Crawled 13 pages (at 13 pages/min), scraped 6 items (at 6 items/min)
2021-09-17 15:39:28 [scrapy.core.engine] DEBUG: Crawled (200) <GET https://www.avito.ma/fr/aakkari/engins_btp/Compresseur_compair_10_bars_46403124.htm> (referer: https://www.avito.ma/fr/settat/engins_btp-%C3%A0_vendre)
2021-09-17 15:39:28 [scrapy_user_agents.middlewares] DEBUG: Assigned User-Agent Mozilla/5.0 (Windows NT 6.1; WOW64) AppleWebKit/537.36 (KHTML, like Gecko) Chrome/63.0.3239.132 Safari/537.36
2021-09-17 15:39:28 [scrapy.core.scraper] DEBUG: Scraped from <200 https://www.avito.ma/fr/aakkari/engins_btp/Compresseur_compair_10_bars_46403124.htm>
None
2021-09-17 15:39:29 [scrapy.core.scraper] DEBUG: Scraped from <200 https://www.avito.ma/fr/aakkari/engins_btp/Compresseur_compair_10_bars_46403124.htm>
{'product_data_items': {'address': None,
                        'area': 'Aakkari',
                        'city': 'Rabat',
                        'description': 'Compresseur compair moteur  6 '
                                       'cylindres perkins 10 bar mlihdiwana',
                        'fuel': 'Diesel',
                        'has_shipping': False,
                        'is_seller_phone_verified': False,
                        'last_update_date': '2021-09-16 22:12:04',
                        'number_of_images': 6,
                        'pfiscale': '4 CV',
                        'price': 105000,
                        'product_id': '61121810',
                        'regdate': '1997',
                        'seller_address': None,
                        'seller_name': 'IPM AND QABLAL',
                        'seller_phone': '0693266995',
                        'seller_type': 'shop',
                        'subject': 'Compresseur compair 10 bars',
                        'type': 'Engins btp, Vente',
                        'url': 'https://www.avito.ma/fr/aakkari/engins_btp/Compresseur_compair_10_bars_46403124.htm'}}
2021-09-17 15:39:32 [scrapy.core.engine] DEBUG: Crawled (200) <GET https://www.avito.ma/fr/aakkari/engins_btp/Mini_chargeur_GEHL_45982514.htm> (referer: https://www.avito.ma/fr/settat/engins_btp-%C3%A0_vendre)
2021-09-17 15:39:32 [scrapy_user_agents.middlewares] DEBUG: Assigned User-Agent Mozilla/5.0 (Windows NT 6.1; WOW64) AppleWebKit/537.36 (KHTML, like Gecko) Chrome/47.0.2526.73 Safari/537.36
2021-09-17 15:39:32 [scrapy.core.scraper] DEBUG: Scraped from <200 https://www.avito.ma/fr/aakkari/engins_btp/Mini_chargeur_GEHL_45982514.htm>
None
2021-09-17 15:39:32 [scrapy.core.scraper] DEBUG: Scraped from <200 https://www.avito.ma/fr/aakkari/engins_btp/Mini_chargeur_GEHL_45982514.htm>
{'product_data_items': {'address': None,
                        'area': 'Aakkari',
                        'city': 'Rabat',
                        'description': 'En vente une mini chargeur gehl très '
                                       'bonne état .usa1 moteur kubota/ 1 '
                                       'moteur yanmar',
                        'fuel': 'Diesel',
                        'has_shipping': False,
                        'is_seller_phone_verified': False,
                        'last_update_date': '2021-09-16 22:13:37',
                        'number_of_images': 4,
                        'pfiscale': '4 CV',
                        'price': 90000,
                        'product_id': '60540181',
                        'regdate': '2005',
                        'seller_address': None,
                        'seller_name': 'IPM AND QABLAL',
                        'seller_phone': '0693266995',
                        'seller_type': 'shop',
                        'subject': 'Mini chargeur GEHL',
                        'type': 'Engins btp, Vente',
                        'url': 'https://www.avito.ma/fr/aakkari/engins_btp/Mini_chargeur_GEHL_45982514.htm'}}
2021-09-17 15:39:35 [scrapy.core.engine] DEBUG: Crawled (200) <GET https://www.avito.ma/fr/aakkari/engins_btp/Compacteur_bomag_3_tonnes__45533038.htm> (referer: https://www.avito.ma/fr/settat/engins_btp-%C3%A0_vendre)
2021-09-17 15:39:35 [scrapy_user_agents.middlewares] DEBUG: Assigned User-Agent Mozilla/5.0 (Windows NT 6.1) AppleWebKit/537.36 (KHTML, like Gecko) Chrome/45.0.2454.85 Safari/537.36
2021-09-17 15:39:35 [scrapy.core.scraper] DEBUG: Scraped from <200 https://www.avito.ma/fr/aakkari/engins_btp/Compacteur_bomag_3_tonnes__45533038.htm>
None
2021-09-17 15:39:35 [scrapy.core.scraper] DEBUG: Scraped from <200 https://www.avito.ma/fr/aakkari/engins_btp/Compacteur_bomag_3_tonnes__45533038.htm>
{'product_data_items': {'address': None,
                        'area': 'Aakkari',
                        'city': 'Rabat',
                        'description': 'En vente une compacteur 3 tonnes bomag '
                                       'très bonne état ',
                        'fuel': 'Diesel',
                        'has_shipping': False,
                        'is_seller_phone_verified': False,
                        'last_update_date': '2021-09-16 22:12:16',
                        'number_of_images': 5,
                        'pfiscale': '8 CV',
                        'price': 85000,
                        'product_id': '59868312',
                        'regdate': '2008',
                        'seller_address': None,
                        'seller_name': 'IPM AND QABLAL',
                        'seller_phone': '0693266995',
                        'seller_type': 'shop',
                        'subject': 'Compacteur bomag 3 tonnes ',
                        'type': 'Engins btp, Vente',
                        'url': 'https://www.avito.ma/fr/aakkari/engins_btp/Compacteur_bomag_3_tonnes__45533038.htm'}}
2021-09-17 15:39:41 [scrapy.downloadermiddlewares.retry] DEBUG: Retrying <GET https://www.avito.ma/fr/autre_secteur/engins_btp/Tractopelle_fermec_mliha__46137326.htm> (failed 1 times): 500 Internal Server Error
2021-09-17 15:39:41 [scrapy_user_agents.middlewares] DEBUG: Assigned User-Agent Mozilla/5.0 (Windows NT 6.3; WOW64) AppleWebKit/537.36 (KHTML, like Gecko) Chrome/45.0.2454.85 Safari/537.36
2021-09-17 15:39:41 [scrapy.core.engine] DEBUG: Crawled (200) <GET https://www.avito.ma/fr/autre_secteur/engins_btp/Auto_b%C3%A9tonni%C3%A8re_2500_46408718.htm> (referer: https://www.avito.ma/fr/settat/engins_btp-%C3%A0_vendre)
2021-09-17 15:39:41 [scrapy_user_agents.middlewares] DEBUG: Assigned User-Agent Mozilla/5.0 (Windows NT 6.1; Win64; x64) AppleWebKit/537.36 (KHTML, like Gecko) Chrome/57.0.2987.98 Safari/537.36
2021-09-17 15:39:41 [scrapy.core.scraper] DEBUG: Scraped from <200 https://www.avito.ma/fr/autre_secteur/engins_btp/Auto_b%C3%A9tonni%C3%A8re_2500_46408718.htm>
None
2021-09-17 15:39:41 [scrapy.core.scraper] DEBUG: Scraped from <200 https://www.avito.ma/fr/autre_secteur/engins_btp/Auto_b%C3%A9tonni%C3%A8re_2500_46408718.htm>
{'product_data_items': {'address': None,
                        'area': 'Autre secteur',
                        'city': 'Skhirat',
                        'description': 'Auto bétonnière dieci aner 2006 2.5 '
                                       'm³  rotation',
                        'fuel': 'Diesel',
                        'has_shipping': False,
                        'is_seller_phone_verified': False,
                        'last_update_date': '2021-09-16 22:15:58',
                        'number_of_images': 7,
                        'pfiscale': '6 CV',
                        'price': 210000,
                        'product_id': '61129737',
                        'regdate': '2006',
                        'seller_address': None,
                        'seller_name': 'IPM AND QABLAL',
                        'seller_phone': '0693266995',
                        'seller_type': 'shop',
                        'subject': 'Auto bétonnière 2500',
                        'type': 'Engins btp, Vente',
                        'url': 'https://www.avito.ma/fr/autre_secteur/engins_btp/Auto_bétonnière_2500_46408718.htm'}}
2021-09-17 15:39:41 [scrapy.core.engine] DEBUG: Crawled (200) <GET https://www.avito.ma/fr/autre_secteur/engins_btp/T%C3%A9lescopique_genie_terex_6m_45204713.htm> (referer: https://www.avito.ma/fr/settat/engins_btp-%C3%A0_vendre)
2021-09-17 15:39:41 [scrapy_user_agents.middlewares] DEBUG: Assigned User-Agent Mozilla/5.0 (Windows NT 6.1) AppleWebKit/537.36 (KHTML, like Gecko) Chrome/44.0.2403.157 Safari/537.36
2021-09-17 15:39:42 [scrapy.core.scraper] DEBUG: Scraped from <200 https://www.avito.ma/fr/autre_secteur/engins_btp/T%C3%A9lescopique_genie_terex_6m_45204713.htm>
None
2021-09-17 15:39:42 [scrapy.core.scraper] DEBUG: Scraped from <200 https://www.avito.ma/fr/autre_secteur/engins_btp/T%C3%A9lescopique_genie_terex_6m_45204713.htm>
{'product_data_items': {'address': None,
                        'area': 'Autre secteur',
                        'city': 'Skhirat',
                        'description': 'En vente une télescopique genie terex '
                                       '6m 2500 kg',
                        'fuel': 'Diesel',
                        'has_shipping': False,
                        'is_seller_phone_verified': False,
                        'last_update_date': '2021-09-16 22:14:28',
                        'number_of_images': 7,
                        'pfiscale': '12 CV',
                        'price': 130000,
                        'product_id': '59288871',
                        'regdate': '2007',
                        'seller_address': None,
                        'seller_name': 'IPM AND QABLAL',
                        'seller_phone': '0693266995',
                        'seller_type': 'shop',
                        'subject': 'Télescopique genie terex 6m',
                        'type': 'Engins btp, Vente',
                        'url': 'https://www.avito.ma/fr/autre_secteur/engins_btp/Télescopique_genie_terex_6m_45204713.htm'}}
2021-09-17 15:39:48 [scrapy.core.engine] DEBUG: Crawled (200) <GET https://www.avito.ma/fr/autre_secteur/engins_btp/Moteur_perkins_230_kva__42390026.htm> (referer: https://www.avito.ma/fr/settat/engins_btp-%C3%A0_vendre)
2021-09-17 15:39:48 [scrapy_user_agents.middlewares] DEBUG: Assigned User-Agent Mozilla/5.0 (Windows NT 5.1) AppleWebKit/537.31 (KHTML, like Gecko) Chrome/26.0.1410.64 Safari/537.31
2021-09-17 15:39:48 [scrapy.core.scraper] DEBUG: Scraped from <200 https://www.avito.ma/fr/autre_secteur/engins_btp/Moteur_perkins_230_kva__42390026.htm>
None
2021-09-17 15:39:48 [scrapy.core.scraper] DEBUG: Scraped from <200 https://www.avito.ma/fr/autre_secteur/engins_btp/Moteur_perkins_230_kva__42390026.htm>
{'product_data_items': {'address': None,
                        'area': 'Autre secteur',
                        'city': 'Skhirat',
                        'description': 'En vente groupe electrogene 230 '
                                       'kvaModel 2000 En bon état Moteur '
                                       'perkins 200 heure',
                        'fuel': 'Diesel',
                        'has_shipping': False,
                        'is_seller_phone_verified': False,
                        'last_update_date': '2021-09-16 22:16:29',
                        'number_of_images': 4,
                        'pfiscale': '9 CV',
                        'price': 113000,
                        'product_id': '54789655',
                        'regdate': '2000',
                        'seller_address': None,
                        'seller_name': 'IPM AND QABLAL',
                        'seller_phone': '0693266995',
                        'seller_type': 'shop',
                        'subject': 'Moteur perkins 230 kva ',
                        'type': 'Engins btp, Vente',
                        'url': 'https://www.avito.ma/fr/autre_secteur/engins_btp/Moteur_perkins_230_kva__42390026.htm'}}
2021-09-17 15:40:01 [scrapy.core.engine] DEBUG: Crawled (200) <GET https://www.avito.ma/fr/taourirt/engins_btp/Clark_kalmar__47019975.htm> (referer: https://www.avito.ma/fr/settat/engins_btp-%C3%A0_vendre?o=5)
2021-09-17 15:40:01 [scrapy_user_agents.middlewares] DEBUG: Assigned User-Agent Mozilla/5.0 (Windows NT 5.1; WOW64) AppleWebKit/537.36 (KHTML, like Gecko) Chrome/51.0.2704.63 Safari/537.36
2021-09-17 15:40:01 [scrapy.core.scraper] DEBUG: Scraped from <200 https://www.avito.ma/fr/taourirt/engins_btp/Clark_kalmar__47019975.htm>
None
2021-09-17 15:40:02 [scrapy.core.scraper] DEBUG: Scraped from <200 https://www.avito.ma/fr/taourirt/engins_btp/Clark_kalmar__47019975.htm>
{'product_data_items': {'address': None,
                        'area': 'Toute la ville',
                        'city': 'Taourirt',
                        'description': 'Klark kalmar 13.5 ton modil 1999 '
                                       'dewana jdida li bghah mrahba ',
                        'fuel': None,
                        'has_shipping': False,
                        'is_seller_phone_verified': True,
                        'last_update_date': '2021-09-08 22:56:33',
                        'number_of_images': 1,
                        'pfiscale': None,
                        'price': None,
                        'product_id': '61924326',
                        'regdate': None,
                        'seller_address': None,
                        'seller_name': 'zakariya',
                        'seller_phone': '0653331374',
                        'seller_type': 'private',
                        'subject': 'Clark kalmar ',
                        'type': 'Engins btp, Vente',
                        'url': 'https://www.avito.ma/fr/taourirt/engins_btp/Clark_kalmar__47019975.htm'}}
2021-09-17 15:40:03 [scrapy.core.engine] DEBUG: Crawled (200) <GET https://www.avito.ma/fr/al_qods/engins_btp/Caterpillar_M320_46965141.htm> (referer: https://www.avito.ma/fr/settat/engins_btp-%C3%A0_vendre?o=6)
2021-09-17 15:40:03 [scrapy_user_agents.middlewares] DEBUG: Assigned User-Agent Mozilla/5.0 (Windows NT 6.1) AppleWebKit/537.36 (KHTML, like Gecko) Chrome/50.0.2661.102 Safari/537.36
2021-09-17 15:40:03 [scrapy.core.engine] DEBUG: Crawled (200) <GET https://www.avito.ma/fr/route_dagadir__essaouira/engins_btp/danpir_ausa_46932549.htm> (referer: https://www.avito.ma/fr/settat/engins_btp-%C3%A0_vendre?o=7)
2021-09-17 15:40:03 [scrapy_user_agents.middlewares] DEBUG: Assigned User-Agent Mozilla/5.0 (Windows NT 6.1) AppleWebKit/537.36 (KHTML, like Gecko) Chrome/41.0.2272.104 Safari/537.36
2021-09-17 15:40:03 [scrapy.core.scraper] DEBUG: Scraped from <200 https://www.avito.ma/fr/al_qods/engins_btp/Caterpillar_M320_46965141.htm>
None
2021-09-17 15:40:03 [scrapy.core.scraper] DEBUG: Scraped from <200 https://www.avito.ma/fr/al_qods/engins_btp/Caterpillar_M320_46965141.htm>
{'product_data_items': {'address': None,
                        'area': 'Al Qods',
                        'city': 'Mohammedia',
                        'description': 'Caterpillar M320Modèle 2002 / Diwana '
                                       '2014Disponible sur appelle ou '
                                       "What'sappمرحبا",
                        'fuel': 'Diesel',
                        'has_shipping': False,
                        'is_seller_phone_verified': True,
                        'last_update_date': '2021-09-05 12:57:58',
                        'number_of_images': 2,
                        'pfiscale': None,
                        'price': None,
                        'product_id': '61853960',
                        'regdate': '2002',
                        'seller_address': None,
                        'seller_name': 'Omar',
                        'seller_phone': '0695380340',
                        'seller_type': 'private',
                        'subject': 'Caterpillar M320',
                        'type': 'Engins btp, Vente',
                        'url': 'https://www.avito.ma/fr/al_qods/engins_btp/Caterpillar_M320_46965141.htm'}}
2021-09-17 15:40:03 [scrapy.core.engine] DEBUG: Crawled (200) <GET https://www.avito.ma/fr/sidi_bernoussi/engins_btp/Caterpillar_M320_46964424.htm> (referer: https://www.avito.ma/fr/settat/engins_btp-%C3%A0_vendre?o=6)
2021-09-17 15:40:03 [scrapy_user_agents.middlewares] DEBUG: Assigned User-Agent Mozilla/5.0 (Windows NT 10.0; WOW64) AppleWebKit/537.36 (KHTML, like Gecko) Chrome/49.0.2623.110 Safari/537.36
2021-09-17 15:40:03 [scrapy.core.scraper] DEBUG: Scraped from <200 https://www.avito.ma/fr/route_dagadir__essaouira/engins_btp/danpir_ausa_46932549.htm>
None
2021-09-17 15:40:03 [scrapy.core.scraper] DEBUG: Scraped from <200 https://www.avito.ma/fr/route_dagadir__essaouira/engins_btp/danpir_ausa_46932549.htm>
{'product_data_items': {'address': None,
                        'area': "Route d'Agadir - Essaouira",
                        'city': 'Marrakech',
                        'description': '2 danpir 4x4 manuel1 danpir 4x4 '
                                       'automatiqueTrès bon état ',
                        'fuel': None,
                        'has_shipping': False,
                        'is_seller_phone_verified': False,
                        'last_update_date': '2021-09-02 23:29:37',
                        'number_of_images': 5,
                        'pfiscale': None,
                        'price': None,
                        'product_id': '61811595',
                        'regdate': None,
                        'seller_address': None,
                        'seller_name': 'france matériel',
                        'seller_phone': '0679611970',
                        'seller_type': 'shop',
                        'subject': 'danpir ausa',
                        'type': 'Engins btp, Vente',
                        'url': 'https://www.avito.ma/fr/route_dagadir__essaouira/engins_btp/danpir_ausa_46932549.htm'}}
2021-09-17 15:40:03 [scrapy.core.scraper] DEBUG: Scraped from <200 https://www.avito.ma/fr/sidi_bernoussi/engins_btp/Caterpillar_M320_46964424.htm>
None
2021-09-17 15:40:04 [scrapy.core.scraper] DEBUG: Scraped from <200 https://www.avito.ma/fr/sidi_bernoussi/engins_btp/Caterpillar_M320_46964424.htm>
{'product_data_items': {'address': None,
                        'area': 'Sidi Bernoussi',
                        'city': 'Casablanca',
                        'description': 'Caterpillar M320 bon étatModèle '
                                       '2002Diwana 2014Disponible sur appelle '
                                       "ou what'sappمرحبا!",
                        'fuel': 'Diesel',
                        'has_shipping': False,
                        'is_seller_phone_verified': False,
                        'last_update_date': '2021-09-05 12:23:24',
                        'number_of_images': 0,
                        'pfiscale': '39 CV',
                        'price': None,
                        'product_id': '61853133',
                        'regdate': '2002',
                        'seller_address': None,
                        'seller_name': 'Omar',
                        'seller_phone': '0695380340',
                        'seller_type': 'private',
                        'subject': 'Caterpillar M320',
                        'type': 'Engins btp, Vente',
                        'url': 'https://www.avito.ma/fr/sidi_bernoussi/engins_btp/Caterpillar_M320_46964424.htm'}}
2021-09-17 15:40:07 [scrapy.core.engine] DEBUG: Crawled (200) <GET https://www.avito.ma/fr/casablanca/engins_btp/Casablanca_44023490.htm> (referer: https://www.avito.ma/fr/settat/engins_btp-%C3%A0_vendre?o=49)
2021-09-17 15:40:07 [scrapy_user_agents.middlewares] DEBUG: Assigned User-Agent Mozilla/5.0 (Windows NT 6.1; WOW64) AppleWebKit/537.36 (KHTML, like Gecko) Chrome/50.0.2661.75 Safari/537.36
2021-09-17 15:40:07 [scrapy.core.scraper] DEBUG: Scraped from <200 https://www.avito.ma/fr/casablanca/engins_btp/Casablanca_44023490.htm>
None
2021-09-17 15:40:07 [scrapy.core.scraper] DEBUG: Scraped from <200 https://www.avito.ma/fr/casablanca/engins_btp/Casablanca_44023490.htm>
{'product_data_items': {'address': None,
                        'city': 'Casablanca',
                        'description': 'makina mkass tlskob dwana 2011',
                        'fuel': 'Diesel',
                        'has_shipping': False,
                        'is_seller_phone_verified': True,
                        'last_update_date': '2021-01-17 09:31:28',
                        'number_of_images': 3,
                        'pfiscale': '10 CV',
                        'price': 90000,
                        'product_id': '57285681',
                        'regdate': '1988',
                        'seller_address': None,
                        'seller_name': 'Mstaqha',
                        'seller_phone': '0677819458',
                        'seller_type': 'private',
                        'subject': 'Casablanca',
                        'type': 'Engins btp, Vente',
                        'url': 'https://www.avito.ma/fr/casablanca/engins_btp/Casablanca_44023490.htm'}}
2021-09-17 15:40:11 [scrapy.core.engine] DEBUG: Crawled (200) <GET https://www.avito.ma/fr/2_mars/engins_btp/Grue_mobile_mont%C3%A9e_sur_tricycle_40233197.htm> (referer: https://www.avito.ma/fr/settat/engins_btp-%C3%A0_vendre?o=49)
2021-09-17 15:40:11 [scrapy_user_agents.middlewares] DEBUG: Assigned User-Agent Mozilla/5.0 (Windows NT 6.1) AppleWebKit/537.36 (KHTML, like Gecko) Chrome/39.0.2171.95 Safari/537.36
2021-09-17 15:40:11 [scrapy.core.scraper] DEBUG: Scraped from <200 https://www.avito.ma/fr/2_mars/engins_btp/Grue_mobile_mont%C3%A9e_sur_tricycle_40233197.htm>
None
2021-09-17 15:40:11 [scrapy.core.scraper] DEBUG: Scraped from <200 https://www.avito.ma/fr/2_mars/engins_btp/Grue_mobile_mont%C3%A9e_sur_tricycle_40233197.htm>
{'product_data_items': {'address': None,
                        'area': '2 Mars',
                        'city': 'Casablanca',
                        'description': 'Détails rapidesMax. Hauteur de levage: '
                                       '16mFonctionnalité: '
                                       'Camion-grueÉtat:NEUFApplication: port '
                                       'de construction, projetCapacité de '
                                       'chargement nominale: 3 tonnesMax. '
                                       'Charge de levage: 3 tonnesEnvergure: '
                                       '2,5 mlongueur totale: 5600mmlargeur '
                                       'totale: 1560 mmhauteur totale: '
                                       '2120mmchâssis: tricycleboom: '
                                       'télescopiqueCharge de levage max: 3 '
                                       'tonnessection: 6Vitesse de déplacement '
                                       'max: 40 km / hService après-vente '
                                       'fourni:Des ingénieurs disponibles pour '
                                       'entretenir des machines à '
                                       "l'étrangerGarantie: 1 année",
                        'fuel': 'Essence',
                        'has_shipping': False,
                        'is_seller_phone_verified': False,
                        'last_update_date': '2020-05-08 11:10:22',
                        'number_of_images': 2,
                        'pfiscale': None,
                        'price': None,
                        'product_id': '51533741',
                        'regdate': '2020',
                        'seller_address': None,
                        'seller_name': 'NEGOCE INDUSTRIE',
                        'seller_phone': '0522298224',
                        'seller_type': 'private',
                        'subject': 'Grue mobile montée sur tricycle',
                        'type': 'Engins btp, Vente',
                        'url': 'https://www.avito.ma/fr/2_mars/engins_btp/Grue_mobile_montée_sur_tricycle_40233197.htm'}}
2021-09-17 15:40:21 [scrapy.core.engine] DEBUG: Crawled (200) <GET https://www.avito.ma/fr/marrakech/engins_btp/Caterpillar_325BL_47075251.htm> (referer: https://www.avito.ma/fr/settat/engins_btp-%C3%A0_vendre?o=3)
2021-09-17 15:40:21 [scrapy_user_agents.middlewares] DEBUG: Assigned User-Agent Mozilla/5.0 (Windows NT 6.2; WOW64) AppleWebKit/537.36 (KHTML, like Gecko) Chrome/27.0.1453.94 Safari/537.36
2021-09-17 15:40:21 [scrapy.core.scraper] DEBUG: Scraped from <200 https://www.avito.ma/fr/marrakech/engins_btp/Caterpillar_325BL_47075251.htm>
None
2021-09-17 15:40:21 [scrapy.core.scraper] DEBUG: Scraped from <200 https://www.avito.ma/fr/marrakech/engins_btp/Caterpillar_325BL_47075251.htm>
{'product_data_items': {'address': None,
                        'city': 'Marrakech',
                        'description': 'Caterpillar 325BL Model:2000',
                        'fuel': 'Diesel',
                        'has_shipping': False,
                        'is_seller_phone_verified': False,
                        'last_update_date': '2021-09-12 22:32:48',
                        'number_of_images': 8,
                        'pfiscale': None,
                        'price': None,
                        'product_id': '61996740',
                        'regdate': '2000',
                        'seller_address': None,
                        'seller_name': 'Houssam',
                        'seller_phone': '0661176883',
                        'seller_type': 'private',
                        'subject': 'Caterpillar 325BL',
                        'type': 'Engins btp, Vente',
                        'url': 'https://www.avito.ma/fr/marrakech/engins_btp/Caterpillar_325BL_47075251.htm'}}
2021-09-17 15:40:22 [scrapy.core.engine] DEBUG: Crawled (200) <GET https://www.avito.ma/fr/taourirt/engins_btp/chariot_elevateur_47121124.htm> (referer: https://www.avito.ma/fr/settat/engins_btp-%C3%A0_vendre?o=2)
2021-09-17 15:40:22 [scrapy_user_agents.middlewares] DEBUG: Assigned User-Agent Mozilla/5.0 (Windows NT 6.1; Win64; x64) AppleWebKit/537.36 (KHTML, like Gecko) Chrome/52.0.2743.116 Safari/537.36
2021-09-17 15:40:23 [scrapy.core.scraper] DEBUG: Scraped from <200 https://www.avito.ma/fr/taourirt/engins_btp/chariot_elevateur_47121124.htm>
None
2021-09-17 15:40:23 [scrapy.core.scraper] DEBUG: Scraped from <200 https://www.avito.ma/fr/taourirt/engins_btp/chariot_elevateur_47121124.htm>
{'product_data_items': {'address': None,
                        'city': 'Taourirt',
                        'description': 'a vendre chariot elevateur en tres '
                                       'bonne etat de une capacite de 3000kg ',
                        'fuel': 'Diesel',
                        'has_shipping': False,
                        'is_seller_phone_verified': True,
                        'last_update_date': '2021-09-16 00:08:56',
                        'number_of_images': 5,
                        'pfiscale': None,
                        'price': 75000,
                        'product_id': '62059999',
                        'regdate': '2000',
                        'seller_address': None,
                        'seller_name': 'Hamid',
                        'seller_phone': '0641886489',
                        'seller_type': 'private',
                        'subject': 'chariot elevateur',
                        'type': 'Engins btp, Vente',
                        'url': 'https://www.avito.ma/fr/taourirt/engins_btp/chariot_elevateur_47121124.htm'}}
2021-09-17 15:40:23 [scrapy.core.engine] DEBUG: Crawled (200) <GET https://www.avito.ma/fr/marrakech/engins_btp/Caterpillar_12H_47075210.htm> (referer: https://www.avito.ma/fr/settat/engins_btp-%C3%A0_vendre?o=3)
2021-09-17 15:40:23 [scrapy_user_agents.middlewares] DEBUG: Assigned User-Agent Mozilla/5.0 (Windows NT 10.0; Win64; x64) AppleWebKit/537.36 (KHTML, like Gecko) Chrome/52.0.2743.116 Safari/537.36
2021-09-17 15:40:23 [scrapy.core.scraper] DEBUG: Scraped from <200 https://www.avito.ma/fr/marrakech/engins_btp/Caterpillar_12H_47075210.htm>
None
2021-09-17 15:40:23 [scrapy.core.scraper] DEBUG: Scraped from <200 https://www.avito.ma/fr/marrakech/engins_btp/Caterpillar_12H_47075210.htm>
{'product_data_items': {'address': None,
                        'city': 'Marrakech',
                        'description': 'niveleuse caterpillar 12H model:1997',
                        'fuel': 'Diesel',
                        'has_shipping': False,
                        'is_seller_phone_verified': False,
                        'last_update_date': '2021-09-12 22:30:39',
                        'number_of_images': 8,
                        'pfiscale': None,
                        'price': None,
                        'product_id': '61996627',
                        'regdate': '1997',
                        'seller_address': None,
                        'seller_name': 'Houssam',
                        'seller_phone': '0661176883',
                        'seller_type': 'private',
                        'subject': 'Caterpillar 12H',
                        'type': 'Engins btp, Vente',
                        'url': 'https://www.avito.ma/fr/marrakech/engins_btp/Caterpillar_12H_47075210.htm'}}
2021-09-17 15:40:27 [scrapy.core.engine] DEBUG: Crawled (200) <GET https://www.avito.ma/fr/rabat/engins_btp/Compacteur_700kg_47111781.htm> (referer: https://www.avito.ma/fr/settat/engins_btp-%C3%A0_vendre?o=2)
2021-09-17 15:40:27 [scrapy_user_agents.middlewares] DEBUG: Assigned User-Agent Mozilla/5.0 (Windows NT 6.1; Win64; x64) AppleWebKit/537.36 (KHTML, like Gecko) Chrome/61.0.3163.100 Safari/537.36
2021-09-17 15:40:27 [scrapy.core.scraper] DEBUG: Scraped from <200 https://www.avito.ma/fr/rabat/engins_btp/Compacteur_700kg_47111781.htm>
None
2021-09-17 15:40:27 [scrapy.core.scraper] DEBUG: Scraped from <200 https://www.avito.ma/fr/rabat/engins_btp/Compacteur_700kg_47111781.htm>
{'product_data_items': {'address': None,
                        'city': 'Rabat',
                        'description': 'Compacteur Weber moteur deutz vibreur '
                                       'plus fort garantie ',
                        'fuel': 'Diesel',
                        'has_shipping': False,
                        'is_seller_phone_verified': False,
                        'last_update_date': '2021-09-15 12:37:53',
                        'number_of_images': 3,
                        'pfiscale': '6 CV',
                        'price': 19000,
                        'product_id': '62045945',
                        'regdate': '2016',
                        'seller_address': None,
                        'seller_name': 'Amine',
                        'seller_phone': '0628917294',
                        'seller_type': 'private',
                        'subject': 'Compacteur 700kg',
                        'type': 'Engins btp, Vente',
                        'url': 'https://www.avito.ma/fr/rabat/engins_btp/Compacteur_700kg_47111781.htm'}}
2021-09-17 15:40:27 [scrapy.extensions.logstats] INFO: Crawled 29 pages (at 16 pages/min), scraped 38 items (at 32 items/min)
2021-09-17 15:40:28 [scrapy.core.engine] DEBUG: Crawled (200) <GET https://www.avito.ma/fr/rabat/engins_btp/betonniere_silla_47111847.htm> (referer: https://www.avito.ma/fr/settat/engins_btp-%C3%A0_vendre?o=2)
2021-09-17 15:40:28 [scrapy_user_agents.middlewares] DEBUG: Assigned User-Agent Mozilla/5.0 (Windows NT 10.0; Win64; x64) AppleWebKit/537.36 (KHTML, like Gecko) Chrome/67.0.3396.62 Safari/537.36
2021-09-17 15:40:28 [scrapy.core.scraper] DEBUG: Scraped from <200 https://www.avito.ma/fr/rabat/engins_btp/betonniere_silla_47111847.htm>
None
2021-09-17 15:40:28 [scrapy.core.scraper] DEBUG: Scraped from <200 https://www.avito.ma/fr/rabat/engins_btp/betonniere_silla_47111847.htm>
{'product_data_items': {'address': None,
                        'city': 'Rabat',
                        'description': 'betonniere état comme neuf 500l',
                        'fuel': 'Electrique',
                        'has_shipping': False,
                        'is_seller_phone_verified': False,
                        'last_update_date': '2021-09-15 12:40:53',
                        'number_of_images': 3,
                        'pfiscale': '8 CV',
                        'price': 29000,
                        'product_id': '62046024',
                        'regdate': '2017',
                        'seller_address': None,
                        'seller_name': 'Amine',
                        'seller_phone': '0628917294',
                        'seller_type': 'private',
                        'subject': 'betonniere silla',
                        'type': 'Engins btp, Vente',
                        'url': 'https://www.avito.ma/fr/rabat/engins_btp/betonniere_silla_47111847.htm'}}
2021-09-17 15:40:32 [scrapy.core.engine] DEBUG: Crawled (200) <GET https://www.avito.ma/fr/marrakech/engins_btp/caterpillar_M316C_47075089.htm> (referer: https://www.avito.ma/fr/settat/engins_btp-%C3%A0_vendre?o=3)
2021-09-17 15:40:32 [scrapy_user_agents.middlewares] DEBUG: Assigned User-Agent Mozilla/5.0 (Windows NT 6.3; Win64; x64) AppleWebKit/537.36 (KHTML, like Gecko) Chrome/59.0.3071.115 Safari/537.36
2021-09-17 15:40:32 [scrapy.core.scraper] DEBUG: Scraped from <200 https://www.avito.ma/fr/marrakech/engins_btp/caterpillar_M316C_47075089.htm>
None
2021-09-17 15:40:32 [scrapy.core.scraper] DEBUG: Scraped from <200 https://www.avito.ma/fr/marrakech/engins_btp/caterpillar_M316C_47075089.htm>
{'product_data_items': {'address': None,
                        'city': 'Marrakech',
                        'description': 'caterpillar M316C modèle:2005',
                        'fuel': 'Diesel',
                        'has_shipping': False,
                        'is_seller_phone_verified': False,
                        'last_update_date': '2021-09-12 22:16:50',
                        'number_of_images': 8,
                        'pfiscale': None,
                        'price': None,
                        'product_id': '61996409',
                        'regdate': '2005',
                        'seller_address': None,
                        'seller_name': 'Houssam',
                        'seller_phone': '0661176883',
                        'seller_type': 'private',
                        'subject': 'caterpillar M316C',
                        'type': 'Engins btp, Vente',
                        'url': 'https://www.avito.ma/fr/marrakech/engins_btp/caterpillar_M316C_47075089.htm'}}
2021-09-17 15:40:35 [scrapy.core.engine] DEBUG: Crawled (200) <GET https://www.avito.ma/fr/autre_secteur/engins_btp/JCB_130_avec_1_bn_prix_47111947.htm> (referer: https://www.avito.ma/fr/settat/engins_btp-%C3%A0_vendre?o=2)
2021-09-17 15:40:35 [scrapy_user_agents.middlewares] DEBUG: Assigned User-Agent Mozilla/5.0 (Windows NT 10.0; Win64; x64) AppleWebKit/537.36 (KHTML, like Gecko) Chrome/51.0.2704.103 Safari/537.36
2021-09-17 15:40:35 [scrapy.core.scraper] DEBUG: Scraped from <200 https://www.avito.ma/fr/autre_secteur/engins_btp/JCB_130_avec_1_bn_prix_47111947.htm>
None
2021-09-17 15:40:35 [scrapy.core.scraper] DEBUG: Scraped from <200 https://www.avito.ma/fr/autre_secteur/engins_btp/JCB_130_avec_1_bn_prix_47111947.htm>
{'product_data_items': {'address': None,
                        'area': 'Autre secteur',
                        'city': 'El Jadida',
                        'description': 'Salam Je mets en vente un machine '
                                       'marque JCB 130 Modele 2005 ded 2012',
                        'fuel': 'Diesel',
                        'has_shipping': False,
                        'is_seller_phone_verified': False,
                        'last_update_date': '2021-09-15 12:44:35',
                        'number_of_images': 6,
                        'pfiscale': None,
                        'price': None,
                        'product_id': '62047501',
                        'regdate': '2012',
                        'seller_address': None,
                        'seller_name': 'Moussâb AL-khair',
                        'seller_phone': '0660021271',
                        'seller_type': 'private',
                        'subject': 'JCB 130 avec 1 bn prix',
                        'type': 'Engins btp, Vente',
                        'url': 'https://www.avito.ma/fr/autre_secteur/engins_btp/JCB_130_avec_1_bn_prix_47111947.htm'}}
2021-09-17 15:40:41 [scrapy.downloadermiddlewares.retry] DEBUG: Retrying <GET https://www.avito.ma/fr/amal/engins_btp/meilleur_GERBEUR__i10_47113053.htm> (failed 1 times): 500 Internal Server Error
2021-09-17 15:40:41 [scrapy_user_agents.middlewares] DEBUG: Assigned User-Agent Mozilla/5.0 (Windows NT 10.0; Win64; x64) AppleWebKit/537.36 (KHTML, like Gecko) Chrome/62.0.3202.75 Safari/537.36
2021-09-17 15:40:43 [scrapy.core.engine] DEBUG: Crawled (200) <GET https://www.avito.ma/fr/marjane_2/engins_btp/Malaxon_1m_47113539.htm> (referer: https://www.avito.ma/fr/settat/engins_btp-%C3%A0_vendre?o=2)
2021-09-17 15:40:43 [scrapy_user_agents.middlewares] DEBUG: Assigned User-Agent Mozilla/5.0 (Windows NT 6.1; WOW64) AppleWebKit/537.36 (KHTML, like Gecko) Chrome/51.0.2704.63 Safari/537.36
2021-09-17 15:40:43 [scrapy.core.scraper] DEBUG: Scraped from <200 https://www.avito.ma/fr/marjane_2/engins_btp/Malaxon_1m_47113539.htm>
None
2021-09-17 15:40:43 [scrapy.core.scraper] DEBUG: Scraped from <200 https://www.avito.ma/fr/marjane_2/engins_btp/Malaxon_1m_47113539.htm>
{'product_data_items': {'address': None,
                        'area': 'Marjane 2',
                        'city': 'Meknès',
                        'description': 'Malaxon AUSA model 1991 diwana 2021 '
                                       'kathaz 1m taman 11,5 malion',
                        'fuel': 'Diesel',
                        'has_shipping': False,
                        'is_seller_phone_verified': False,
                        'last_update_date': '2021-09-15 14:01:07',
                        'number_of_images': 4,
                        'pfiscale': '8 CV',
                        'price': 115000,
                        'product_id': '62049622',
                        'regdate': '1991',
                        'seller_address': None,
                        'seller_name': 'Abdrahim',
                        'seller_phone': '0687954558',
                        'seller_type': 'private',
                        'subject': 'Malaxon 1m',
                        'type': 'Engins btp, Vente',
                        'url': 'https://www.avito.ma/fr/marjane_2/engins_btp/Malaxon_1m_47113539.htm'}}
2021-09-17 15:40:46 [scrapy.core.engine] DEBUG: Crawled (200) <GET https://www.avito.ma/fr/azilal/engins_btp/%D8%A7%D9%84%D8%B3%D9%84%D8%A7%D9%85_%D8%B9%D9%84%D9%8A%D9%83%D9%85_%D8%A8%D8%BA%D9%8A%D8%AA_%D9%86%D8%A8%D9%8A%D8%B9_47114877.htm> (referer: https://www.avito.ma/fr/settat/engins_btp-%C3%A0_vendre?o=2)
2021-09-17 15:40:46 [scrapy_user_agents.middlewares] DEBUG: Assigned User-Agent Mozilla/5.0 (Windows NT 6.1; Win64; x64) AppleWebKit/537.36 (KHTML, like Gecko) Chrome/61.0.3163.100 Safari/537.36
2021-09-17 15:40:46 [scrapy.core.scraper] DEBUG: Scraped from <200 https://www.avito.ma/fr/azilal/engins_btp/%D8%A7%D9%84%D8%B3%D9%84%D8%A7%D9%85_%D8%B9%D9%84%D9%8A%D9%83%D9%85_%D8%A8%D8%BA%D9%8A%D8%AA_%D9%86%D8%A8%D9%8A%D8%B9_47114877.htm>
None
2021-09-17 15:40:46 [scrapy.core.scraper] DEBUG: Scraped from <200 https://www.avito.ma/fr/azilal/engins_btp/%D8%A7%D9%84%D8%B3%D9%84%D8%A7%D9%85_%D8%B9%D9%84%D9%8A%D9%83%D9%85_%D8%A8%D8%BA%D9%8A%D8%AA_%D9%86%D8%A8%D9%8A%D8%B9_47114877.htm>
{'product_data_items': {'address': None,
                        'city': 'Azilal',
                        'description': 'ملكش للبيع',
                        'fuel': 'Diesel',
                        'has_shipping': False,
                        'is_seller_phone_verified': True,
                        'last_update_date': '2021-09-15 15:14:24',
                        'number_of_images': 4,
                        'pfiscale': '10 CV',
                        'price': None,
                        'product_id': '62051293',
                        'regdate': '1982',
                        'seller_address': None,
                        'seller_name': 'برهيم',
                        'seller_phone': '0631238053',
                        'seller_type': 'private',
                        'subject': 'السلام عليكم بغيت نبيع',
                        'type': 'Engins btp, Vente',
                        'url': 'https://www.avito.ma/fr/azilal/engins_btp/السلام_عليكم_بغيت_نبيع_47114877.htm'}}
2021-09-17 15:40:46 [scrapy.core.engine] DEBUG: Crawled (200) <GET https://www.avito.ma/fr/souk_el_arbaa/engins_btp/CAT_318M_47111885.htm> (referer: https://www.avito.ma/fr/settat/engins_btp-%C3%A0_vendre?o=2)
2021-09-17 15:40:46 [scrapy_user_agents.middlewares] DEBUG: Assigned User-Agent Mozilla/5.0 (Windows NT 6.1) AppleWebKit/537.36 (KHTML, like Gecko) Chrome/52.0.2743.82 Safari/537.36
2021-09-17 15:40:46 [scrapy.core.scraper] DEBUG: Scraped from <200 https://www.avito.ma/fr/souk_el_arbaa/engins_btp/CAT_318M_47111885.htm>
None
2021-09-17 15:40:46 [scrapy.core.scraper] DEBUG: Scraped from <200 https://www.avito.ma/fr/souk_el_arbaa/engins_btp/CAT_318M_47111885.htm>
{'product_data_items': {'address': None,
                        'city': 'Souk El Arbaa',
                        'description': 'CAT 318M موديل 2001 الديوانة 2020 '
                                       'مكينة مليحة مخدماش بزاف في المغرب '
                                       'لمهتم تواصل وشكرا',
                        'fuel': 'Diesel',
                        'has_shipping': False,
                        'is_seller_phone_verified': False,
                        'last_update_date': '2021-09-15 12:42:14',
                        'number_of_images': 8,
                        'pfiscale': '40 CV',
                        'price': 460000,
                        'product_id': '62047437',
                        'regdate': '2001',
                        'seller_address': None,
                        'seller_name': 'MED',
                        'seller_phone': '0615534356',
                        'seller_type': 'private',
                        'subject': 'CAT 318M',
                        'type': 'Engins btp, Vente',
                        'url': 'https://www.avito.ma/fr/souk_el_arbaa/engins_btp/CAT_318M_47111885.htm'}}
2021-09-17 15:40:52 [scrapy.core.engine] DEBUG: Crawled (200) <GET https://www.avito.ma/fr/zone_industrielle_sidi_brahim/engins_btp/tractopelle_fiat_Hitachi_46763520.htm> (referer: https://www.avito.ma/fr/settat/engins_btp-%C3%A0_vendre?o=2)
2021-09-17 15:40:52 [scrapy_user_agents.middlewares] DEBUG: Assigned User-Agent Mozilla/5.0 (Windows NT 10.0) AppleWebKit/537.36 (KHTML, like Gecko) Chrome/62.0.3202.94 Safari/537.36
2021-09-17 15:40:52 [scrapy.core.scraper] DEBUG: Scraped from <200 https://www.avito.ma/fr/zone_industrielle_sidi_brahim/engins_btp/tractopelle_fiat_Hitachi_46763520.htm>
None
2021-09-17 15:40:52 [scrapy.core.scraper] DEBUG: Scraped from <200 https://www.avito.ma/fr/zone_industrielle_sidi_brahim/engins_btp/tractopelle_fiat_Hitachi_46763520.htm>
{'product_data_items': {'address': None,
                        'area': 'Zone Industrielle Sidi Brahim',
                        'city': 'Fès',
                        'description': 'tractopelle fiat Hitachi en bonne '
                                       'état ',
                        'fuel': None,
                        'has_shipping': False,
                        'is_seller_phone_verified': False,
                        'last_update_date': '2021-09-15 16:05:56',
                        'number_of_images': 2,
                        'pfiscale': None,
                        'price': None,
                        'product_id': '61593543',
                        'regdate': None,
                        'seller_address': None,
                        'seller_name': 'garage occasion de matériel roulants',
                        'seller_phone': '0661526460',
                        'seller_type': 'shop',
                        'subject': 'tractopelle fiat Hitachi',
                        'type': 'Engins btp, Vente',
                        'url': 'https://www.avito.ma/fr/zone_industrielle_sidi_brahim/engins_btp/tractopelle_fiat_Hitachi_46763520.htm'}}
2021-09-17 15:40:57 [scrapy.core.engine] DEBUG: Crawled (200) <GET https://www.avito.ma/fr/b%C3%A9ni_mellal/engins_btp/JSB_47118322.htm> (referer: https://www.avito.ma/fr/settat/engins_btp-%C3%A0_vendre?o=2)
2021-09-17 15:40:57 [scrapy_user_agents.middlewares] DEBUG: Assigned User-Agent Mozilla/5.0 (Windows NT 6.3; Win64; x64) AppleWebKit/537.36 (KHTML, like Gecko) Chrome/57.0.2987.133 Safari/537.36
2021-09-17 15:40:57 [scrapy.core.scraper] DEBUG: Scraped from <200 https://www.avito.ma/fr/b%C3%A9ni_mellal/engins_btp/JSB_47118322.htm>
None
2021-09-17 15:40:57 [scrapy.core.scraper] DEBUG: Scraped from <200 https://www.avito.ma/fr/b%C3%A9ni_mellal/engins_btp/JSB_47118322.htm>
{'product_data_items': {'address': None,
                        'city': 'Béni Mellal',
                        'description': 'beni malall ',
                        'fuel': 'Diesel',
                        'has_shipping': False,
                        'is_seller_phone_verified': False,
                        'last_update_date': '2021-09-15 19:44:27',
                        'number_of_images': 6,
                        'pfiscale': '4 CV',
                        'price': 260000,
                        'product_id': '62055281',
                        'regdate': '2001',
                        'seller_address': None,
                        'seller_name': 'Youssef',
                        'seller_phone': None,
                        'seller_type': 'private',
                        'subject': 'JSB',
                        'type': 'Engins btp, Vente',
                        'url': 'https://www.avito.ma/fr/béni_mellal/engins_btp/JSB_47118322.htm'}}
2021-09-17 15:40:58 [scrapy.core.engine] DEBUG: Crawled (200) <GET https://www.avito.ma/fr/souk_el_arbaa/engins_btp/Manitou_telescopique_12m_47118242.htm> (referer: https://www.avito.ma/fr/settat/engins_btp-%C3%A0_vendre?o=2)
2021-09-17 15:40:58 [scrapy_user_agents.middlewares] DEBUG: Assigned User-Agent Mozilla/5.0 (Windows NT 6.2; WOW64) AppleWebKit/537.36 (KHTML, like Gecko) Chrome/51.0.2704.63 Safari/537.36
2021-09-17 15:40:58 [scrapy.core.scraper] DEBUG: Scraped from <200 https://www.avito.ma/fr/souk_el_arbaa/engins_btp/Manitou_telescopique_12m_47118242.htm>
None
2021-09-17 15:40:58 [scrapy.core.scraper] DEBUG: Scraped from <200 https://www.avito.ma/fr/souk_el_arbaa/engins_btp/Manitou_telescopique_12m_47118242.htm>
{'product_data_items': {'address': None,
                        'city': 'Souk El Arbaa',
                        'description': 'للبيع مانيتوا تليسكوبيك 12 متر موديل '
                                       '1999 ديوانة جديدة  للمزيد من المعلومات '
                                       'يرجى الاتصال بي على الواتساب او '
                                       'التليفون A vendre Manitou telescopique '
                                       '12 m modèle 1999 manuel diwana jdida '
                                       "pour plus de renseignements n'hésitez "
                                       'pas à me contacter par Tel ou '
                                       'WhatsApp ',
                        'fuel': 'Diesel',
                        'has_shipping': False,
                        'is_seller_phone_verified': True,
                        'last_update_date': '2021-09-15 19:35:55',
                        'number_of_images': 4,
                        'pfiscale': '10 CV',
                        'price': None,
                        'product_id': '62055486',
                        'regdate': '1999',
                        'seller_address': None,
                        'seller_name': 'Larabi',
                        'seller_phone': '0611285533',
                        'seller_type': 'private',
                        'subject': 'Manitou telescopique 12m',
                        'type': 'Engins btp, Vente',
                        'url': 'https://www.avito.ma/fr/souk_el_arbaa/engins_btp/Manitou_telescopique_12m_47118242.htm'}}
2021-09-17 15:40:59 [scrapy.crawler] INFO: Received SIGINT, shutting down gracefully. Send again to force 
2021-09-17 15:40:59 [scrapy.core.engine] INFO: Closing spider (shutdown)
2021-09-17 15:41:04 [scrapy.core.engine] DEBUG: Crawled (200) <GET https://www.avito.ma/fr/marrakech/engins_btp/438d__47118846.htm> (referer: https://www.avito.ma/fr/settat/engins_btp-%C3%A0_vendre?o=2)
2021-09-17 15:41:04 [scrapy.core.scraper] DEBUG: Scraped from <200 https://www.avito.ma/fr/marrakech/engins_btp/438d__47118846.htm>
None
2021-09-17 15:41:04 [scrapy.core.scraper] DEBUG: Scraped from <200 https://www.avito.ma/fr/marrakech/engins_btp/438d__47118846.htm>
{'product_data_items': {'address': None,
                        'city': 'Marrakech',
                        'description': 'Model2001 diwana 2014',
                        'fuel': 'Diesel',
                        'has_shipping': False,
                        'is_seller_phone_verified': False,
                        'last_update_date': '2021-09-15 20:21:40',
                        'number_of_images': 8,
                        'pfiscale': '12 CV',
                        'price': None,
                        'product_id': '62056453',
                        'regdate': '2001',
                        'seller_address': None,
                        'seller_name': 'Jawad',
                        'seller_phone': '0677652230',
                        'seller_type': 'private',
                        'subject': '438d ',
                        'type': 'Engins btp, Vente',
                        'url': 'https://www.avito.ma/fr/marrakech/engins_btp/438d__47118846.htm'}}
2021-09-17 15:41:05 [scrapy.core.engine] DEBUG: Crawled (200) <GET https://www.avito.ma/fr/rabat/engins_btp/%D8%A8%D9%88%D9%83%D9%84%D8%A7%D9%86_90_%D9%85%D9%85%D8%AA%D8%A7%D8%B2%D8%A9__47118894.htm> (referer: https://www.avito.ma/fr/settat/engins_btp-%C3%A0_vendre?o=2)
2021-09-17 15:41:05 [scrapy.core.scraper] DEBUG: Scraped from <200 https://www.avito.ma/fr/rabat/engins_btp/%D8%A8%D9%88%D9%83%D9%84%D8%A7%D9%86_90_%D9%85%D9%85%D8%AA%D8%A7%D8%B2%D8%A9__47118894.htm>
None
2021-09-17 15:41:05 [scrapy.core.scraper] DEBUG: Scraped from <200 https://www.avito.ma/fr/rabat/engins_btp/%D8%A8%D9%88%D9%83%D9%84%D8%A7%D9%86_90_%D9%85%D9%85%D8%AA%D8%A7%D8%B2%D8%A9__47118894.htm>
{'product_data_items': {'address': None,
                        'city': 'Rabat',
                        'description': 'ألات حفر ممتازة',
                        'fuel': 'Diesel',
                        'has_shipping': False,
                        'is_seller_phone_verified': False,
                        'last_update_date': '2021-09-15 20:23:21',
                        'number_of_images': 8,
                        'pfiscale': None,
                        'price': None,
                        'product_id': '62055904',
                        'regdate': '1985',
                        'seller_address': None,
                        'seller_name': 'عبد العالي',
                        'seller_phone': '0762197870',
                        'seller_type': 'private',
                        'subject': 'بوكلان 90 ممتازة ',
                        'type': 'Engins btp, Vente',
                        'url': 'https://www.avito.ma/fr/rabat/engins_btp/بوكلان_90_ممتازة__47118894.htm'}}
2021-09-17 15:41:09 [scrapy.core.engine] DEBUG: Crawled (200) <GET https://www.avito.ma/fr/b%C3%A9ni_mellal/engins_btp/Poklan_170w_v_47118998.htm> (referer: https://www.avito.ma/fr/settat/engins_btp-%C3%A0_vendre?o=2)
2021-09-17 15:41:09 [scrapy.core.scraper] DEBUG: Scraped from <200 https://www.avito.ma/fr/b%C3%A9ni_mellal/engins_btp/Poklan_170w_v_47118998.htm>
None
2021-09-17 15:41:09 [scrapy.core.scraper] DEBUG: Scraped from <200 https://www.avito.ma/fr/b%C3%A9ni_mellal/engins_btp/Poklan_170w_v_47118998.htm>
{'product_data_items': {'address': None,
                        'area': 'Toute la ville',
                        'city': 'Béni Mellal',
                        'description': 'Poklan daewoo model 2001 dewana 2016 '
                                       'mazala nkiya m3aha lmarto daylha Beni '
                                       'melal Taman 26 mlyon     ',
                        'fuel': 'Diesel',
                        'has_shipping': False,
                        'is_seller_phone_verified': False,
                        'last_update_date': '2021-09-15 20:30:42',
                        'number_of_images': 7,
                        'pfiscale': None,
                        'price': 260000,
                        'product_id': '62056214',
                        'regdate': '2001',
                        'seller_address': None,
                        'seller_name': 'Youssef',
                        'seller_phone': '0600627825',
                        'seller_type': 'private',
                        'subject': 'Poklan 170w-v',
                        'type': 'Engins btp, Vente',
                        'url': 'https://www.avito.ma/fr/béni_mellal/engins_btp/Poklan_170w_v_47118998.htm'}}
2021-09-17 15:41:13 [scrapy.core.engine] DEBUG: Crawled (200) <GET https://www.avito.ma/fr/f%C3%A8s/engins_btp/camion_b%C3%A9ton_47119015.htm> (referer: https://www.avito.ma/fr/settat/engins_btp-%C3%A0_vendre?o=2)
2021-09-17 15:41:13 [scrapy.core.scraper] DEBUG: Scraped from <200 https://www.avito.ma/fr/f%C3%A8s/engins_btp/camion_b%C3%A9ton_47119015.htm>
None
2021-09-17 15:41:13 [scrapy.core.scraper] DEBUG: Scraped from <200 https://www.avito.ma/fr/f%C3%A8s/engins_btp/camion_b%C3%A9ton_47119015.htm>
{'product_data_items': {'address': None,
                        'city': 'Fès',
                        'description': "appel pour d'information",
                        'fuel': 'Diesel',
                        'has_shipping': False,
                        'is_seller_phone_verified': False,
                        'last_update_date': '2021-09-15 20:31:11',
                        'number_of_images': 3,
                        'pfiscale': None,
                        'price': 350000,
                        'product_id': '62056595',
                        'regdate': '2010',
                        'seller_address': None,
                        'seller_name': 'Hamid',
                        'seller_phone': '0616133939',
                        'seller_type': 'private',
                        'subject': 'camion béton',
                        'type': 'Engins btp, Vente',
                        'url': 'https://www.avito.ma/fr/fès/engins_btp/camion_béton_47119015.htm'}}
2021-09-17 15:41:15 [scrapy.core.engine] DEBUG: Crawled (200) <GET https://www.avito.ma/fr/agadir/engins_btp/jcb_3cx_bon_%C3%A9tat__47119497.htm> (referer: https://www.avito.ma/fr/settat/engins_btp-%C3%A0_vendre?o=2)
2021-09-17 15:41:15 [scrapy.core.scraper] DEBUG: Scraped from <200 https://www.avito.ma/fr/agadir/engins_btp/jcb_3cx_bon_%C3%A9tat__47119497.htm>
None
2021-09-17 15:41:15 [scrapy.core.scraper] DEBUG: Scraped from <200 https://www.avito.ma/fr/agadir/engins_btp/jcb_3cx_bon_%C3%A9tat__47119497.htm>
{'product_data_items': {'address': None,
                        'city': 'Agadir',
                        'description': 'je me en vente ma jcb 3cx bon état ',
                        'fuel': 'Diesel',
                        'has_shipping': False,
                        'is_seller_phone_verified': True,
                        'last_update_date': '2021-09-15 21:09:04',
                        'number_of_images': 5,
                        'pfiscale': '15 CV',
                        'price': 250000,
                        'product_id': '62057297',
                        'regdate': '2001',
                        'seller_address': None,
                        'seller_name': 'Brahim',
                        'seller_phone': '0661935886',
                        'seller_type': 'private',
                        'subject': 'jcb 3cx bon état ',
                        'type': 'Engins btp, Vente',
                        'url': 'https://www.avito.ma/fr/agadir/engins_btp/jcb_3cx_bon_état__47119497.htm'}}
2021-09-17 15:41:21 [scrapy.core.engine] DEBUG: Crawled (200) <GET https://www.avito.ma/fr/safi/engins_btp/CASE__A_VENDRE_47120751.htm> (referer: https://www.avito.ma/fr/settat/engins_btp-%C3%A0_vendre?o=2)
2021-09-17 15:41:21 [scrapy.core.scraper] DEBUG: Scraped from <200 https://www.avito.ma/fr/safi/engins_btp/CASE__A_VENDRE_47120751.htm>
None
2021-09-17 15:41:21 [scrapy.core.scraper] DEBUG: Scraped from <200 https://www.avito.ma/fr/safi/engins_btp/CASE__A_VENDRE_47120751.htm>
{'product_data_items': {'address': None,
                        'city': 'Safi',
                        'description': 'Case 580 a vendre',
                        'fuel': 'Diesel',
                        'has_shipping': False,
                        'is_seller_phone_verified': False,
                        'last_update_date': '2021-09-15 23:11:10',
                        'number_of_images': 2,
                        'pfiscale': '13 CV',
                        'price': 140000,
                        'product_id': '62059324',
                        'regdate': '2008',
                        'seller_address': None,
                        'seller_name': 'Monsieur',
                        'seller_phone': '0625463196',
                        'seller_type': 'private',
                        'subject': 'CASE  A VENDRE',
                        'type': 'Engins btp, Vente',
                        'url': 'https://www.avito.ma/fr/safi/engins_btp/CASE__A_VENDRE_47120751.htm'}}
2021-09-17 15:41:21 [scrapy.core.engine] DEBUG: Crawled (200) <GET https://www.avito.ma/fr/casablanca/engins_btp/Nacelle_26M_46691368.htm> (referer: https://www.avito.ma/fr/settat/engins_btp-%C3%A0_vendre?o=2)
2021-09-17 15:41:21 [scrapy.core.scraper] DEBUG: Scraped from <200 https://www.avito.ma/fr/casablanca/engins_btp/Nacelle_26M_46691368.htm>
None
2021-09-17 15:41:22 [scrapy.core.scraper] DEBUG: Scraped from <200 https://www.avito.ma/fr/casablanca/engins_btp/Nacelle_26M_46691368.htm>
{'product_data_items': {'address': None,
                        'city': 'Casablanca',
                        'description': 'NacelleMarque : HaulotteType      : '
                                       'HA26-26PXAnnée   : 2002Etat        : '
                                       "BonAnnée d'importation : 2021prix HT   "
                                       ': 280.000 DH',
                        'fuel': 'Diesel',
                        'has_shipping': False,
                        'is_seller_phone_verified': True,
                        'last_update_date': '2021-09-15 22:38:36',
                        'number_of_images': 8,
                        'pfiscale': None,
                        'price': None,
                        'product_id': '61497900',
                        'regdate': '2002',
                        'seller_address': None,
                        'seller_name': 'Nour abdellatif',
                        'seller_phone': '0661356994',
                        'seller_type': 'private',
                        'subject': 'Nacelle 26M',
                        'type': 'Engins btp, Vente',
                        'url': 'https://www.avito.ma/fr/casablanca/engins_btp/Nacelle_26M_46691368.htm'}}
2021-09-17 15:41:27 [scrapy.core.engine] DEBUG: Crawled (200) <GET https://www.avito.ma/fr/casablanca/engins_btp/GRUE_A_VENDRE_47120765.htm> (referer: https://www.avito.ma/fr/settat/engins_btp-%C3%A0_vendre?o=2)
2021-09-17 15:41:27 [scrapy.core.scraper] DEBUG: Scraped from <200 https://www.avito.ma/fr/casablanca/engins_btp/GRUE_A_VENDRE_47120765.htm>
None
2021-09-17 15:41:27 [scrapy.core.scraper] DEBUG: Scraped from <200 https://www.avito.ma/fr/casablanca/engins_btp/GRUE_A_VENDRE_47120765.htm>
{'product_data_items': {'address': None,
                        'city': 'Casablanca',
                        'description': 'GRUE PPM 1991 DIWANA 1997',
                        'fuel': 'Diesel',
                        'has_shipping': False,
                        'is_seller_phone_verified': False,
                        'last_update_date': '2021-09-15 23:13:44',
                        'number_of_images': 1,
                        'pfiscale': '10 CV',
                        'price': 850000,
                        'product_id': '62059353',
                        'regdate': '1991',
                        'seller_address': None,
                        'seller_name': 'Monsieur',
                        'seller_phone': '0608915890',
                        'seller_type': 'private',
                        'subject': 'GRUE A VENDRE',
                        'type': 'Engins btp, Vente',
                        'url': 'https://www.avito.ma/fr/casablanca/engins_btp/GRUE_A_VENDRE_47120765.htm'}}
2021-09-17 15:41:27 [scrapy.extensions.logstats] INFO: Crawled 46 pages (at 17 pages/min), scraped 72 items (at 34 items/min)
2021-09-17 15:41:28 [scrapy.core.engine] DEBUG: Crawled (200) <GET https://www.avito.ma/fr/casablanca/engins_btp/CLARK_A_VENDRE_47120851.htm> (referer: https://www.avito.ma/fr/settat/engins_btp-%C3%A0_vendre?o=2)
2021-09-17 15:41:28 [scrapy.core.scraper] DEBUG: Scraped from <200 https://www.avito.ma/fr/casablanca/engins_btp/CLARK_A_VENDRE_47120851.htm>
None
2021-09-17 15:41:29 [scrapy.core.scraper] DEBUG: Scraped from <200 https://www.avito.ma/fr/casablanca/engins_btp/CLARK_A_VENDRE_47120851.htm>
{'product_data_items': {'address': None,
                        'city': 'Casablanca',
                        'description': 'Clark Avec facture',
                        'fuel': 'Diesel',
                        'has_shipping': False,
                        'is_seller_phone_verified': False,
                        'last_update_date': '2021-09-15 23:26:06',
                        'number_of_images': 1,
                        'pfiscale': '11 CV',
                        'price': 55000,
                        'product_id': '62059526',
                        'regdate': '1998',
                        'seller_address': None,
                        'seller_name': 'Monsieur',
                        'seller_phone': '0608915890',
                        'seller_type': 'private',
                        'subject': 'CLARK A VENDRE',
                        'type': 'Engins btp, Vente',
                        'url': 'https://www.avito.ma/fr/casablanca/engins_btp/CLARK_A_VENDRE_47120851.htm'}}
2021-09-17 15:41:35 [scrapy.core.engine] DEBUG: Crawled (200) <GET https://www.avito.ma/fr/casablanca/engins_btp/POCLAIN_A_VENDRE_47120875.htm> (referer: https://www.avito.ma/fr/settat/engins_btp-%C3%A0_vendre?o=2)
2021-09-17 15:41:35 [scrapy.core.scraper] DEBUG: Scraped from <200 https://www.avito.ma/fr/casablanca/engins_btp/POCLAIN_A_VENDRE_47120875.htm>
None
2021-09-17 15:41:36 [scrapy.core.scraper] DEBUG: Scraped from <200 https://www.avito.ma/fr/casablanca/engins_btp/POCLAIN_A_VENDRE_47120875.htm>
{'product_data_items': {'address': None,
                        'city': 'Casablanca',
                        'description': 'poclain a vendre 2003',
                        'fuel': 'Diesel',
                        'has_shipping': False,
                        'is_seller_phone_verified': False,
                        'last_update_date': '2021-09-15 23:29:58',
                        'number_of_images': 5,
                        'pfiscale': '10 CV',
                        'price': 660000,
                        'product_id': '62059572',
                        'regdate': '2003',
                        'seller_address': None,
                        'seller_name': 'Monsieur',
                        'seller_phone': '0608915890',
                        'seller_type': 'private',
                        'subject': 'POCLAIN A VENDRE',
                        'type': 'Engins btp, Vente',
                        'url': 'https://www.avito.ma/fr/casablanca/engins_btp/POCLAIN_A_VENDRE_47120875.htm'}}
2021-09-17 15:41:39 [scrapy.core.engine] DEBUG: Crawled (200) <GET https://www.avito.ma/fr/kh%C3%A9nifra/engins_btp/%D9%86%D9%81%D9%84%D9%88%D8%B2_%D9%84%D9%84%D9%83%D8%B1%D8%A7%D8%A1_47120931.htm> (referer: https://www.avito.ma/fr/settat/engins_btp-%C3%A0_vendre?o=2)
2021-09-17 15:41:39 [scrapy.core.scraper] DEBUG: Scraped from <200 https://www.avito.ma/fr/kh%C3%A9nifra/engins_btp/%D9%86%D9%81%D9%84%D9%88%D8%B2_%D9%84%D9%84%D9%83%D8%B1%D8%A7%D8%A1_47120931.htm>
None
2021-09-17 15:41:39 [scrapy.core.scraper] DEBUG: Scraped from <200 https://www.avito.ma/fr/kh%C3%A9nifra/engins_btp/%D9%86%D9%81%D9%84%D9%88%D8%B2_%D9%84%D9%84%D9%83%D8%B1%D8%A7%D8%A1_47120931.htm>
{'product_data_items': {'address': None,
                        'city': 'Khénifra',
                        'description': 'نفلوز للكراء جميع خدمات',
                        'fuel': 'Diesel',
                        'has_shipping': False,
                        'is_seller_phone_verified': False,
                        'last_update_date': '2021-09-15 23:39:25',
                        'number_of_images': 2,
                        'pfiscale': 'Plus de 41 CV',
                        'price': None,
                        'product_id': '62059701',
                        'regdate': '1992',
                        'seller_address': None,
                        'seller_name': 'Nordine',
                        'seller_phone': '0762854056',
                        'seller_type': 'private',
                        'subject': 'نفلوز للكراء',
                        'type': 'Engins btp, Vente',
                        'url': 'https://www.avito.ma/fr/khénifra/engins_btp/نفلوز_للكراء_47120931.htm'}}
2021-09-17 15:41:49 [scrapy.core.engine] DEBUG: Crawled (200) <GET https://www.avito.ma/fr/route_dagadir__essaouira/engins_btp/chargeur938G_47123715.htm> (referer: https://www.avito.ma/fr/settat/engins_btp-%C3%A0_vendre?o=2)
2021-09-17 15:41:49 [scrapy.core.engine] DEBUG: Crawled (200) <GET https://www.avito.ma/fr/route_dagadir__essaouira/engins_btp/bobcat_s150_47123965.htm> (referer: https://www.avito.ma/fr/settat/engins_btp-%C3%A0_vendre?o=2)
2021-09-17 15:41:49 [scrapy.core.scraper] DEBUG: Scraped from <200 https://www.avito.ma/fr/route_dagadir__essaouira/engins_btp/chargeur938G_47123715.htm>
None
2021-09-17 15:41:49 [scrapy.core.scraper] DEBUG: Scraped from <200 https://www.avito.ma/fr/route_dagadir__essaouira/engins_btp/chargeur938G_47123715.htm>
{'product_data_items': {'address': None,
                        'area': "Route d'Agadir - Essaouira",
                        'city': 'Marrakech',
                        'description': 'Très très bonne étatDiwana 2021',
                        'fuel': None,
                        'has_shipping': False,
                        'is_seller_phone_verified': False,
                        'last_update_date': '2021-09-16 10:48:41',
                        'number_of_images': 7,
                        'pfiscale': None,
                        'price': None,
                        'product_id': '62063491',
                        'regdate': None,
                        'seller_address': None,
                        'seller_name': 'france matériel',
                        'seller_phone': '0679611970',
                        'seller_type': 'shop',
                        'subject': 'chargeur938G',
                        'type': 'Engins btp, Vente',
                        'url': 'https://www.avito.ma/fr/route_dagadir__essaouira/engins_btp/chargeur938G_47123715.htm'}}
2021-09-17 15:41:49 [scrapy.core.scraper] DEBUG: Scraped from <200 https://www.avito.ma/fr/route_dagadir__essaouira/engins_btp/bobcat_s150_47123965.htm>
None
2021-09-17 15:41:49 [scrapy.core.scraper] ERROR: Spider error processing <GET https://www.avito.ma/fr/route_dagadir__essaouira/engins_btp/bobcat_s150_47123965.htm> (referer: https://www.avito.ma/fr/settat/engins_btp-%C3%A0_vendre?o=2)
Traceback (most recent call last):
  File "/home/khalil/Projects/PFE/scrapy_app/avito-env/lib/python3.8/site-packages/scrapy/utils/defer.py", line 120, in iter_errback
    yield next(it)
  File "/home/khalil/Projects/PFE/scrapy_app/avito-env/lib/python3.8/site-packages/scrapy/utils/python.py", line 353, in __next__
    return next(self.data)
  File "/home/khalil/Projects/PFE/scrapy_app/avito-env/lib/python3.8/site-packages/scrapy/utils/python.py", line 353, in __next__
    return next(self.data)
  File "/home/khalil/Projects/PFE/scrapy_app/avito-env/lib/python3.8/site-packages/scrapy/core/spidermw.py", line 56, in _evaluate_iterable
    for r in iterable:
  File "/home/khalil/Projects/PFE/scrapy_app/avito-env/lib/python3.8/site-packages/scrapy/spidermiddlewares/offsite.py", line 29, in process_spider_output
    for x in result:
  File "/home/khalil/Projects/PFE/scrapy_app/avito-env/lib/python3.8/site-packages/scrapy/core/spidermw.py", line 56, in _evaluate_iterable
    for r in iterable:
  File "/home/khalil/Projects/PFE/scrapy_app/avito-env/lib/python3.8/site-packages/scrapy/spidermiddlewares/referer.py", line 342, in <genexpr>
    return (_set_referer(r) for r in result or ())
  File "/home/khalil/Projects/PFE/scrapy_app/avito-env/lib/python3.8/site-packages/scrapy/core/spidermw.py", line 56, in _evaluate_iterable
    for r in iterable:
  File "/home/khalil/Projects/PFE/scrapy_app/avito-env/lib/python3.8/site-packages/scrapy/spidermiddlewares/urllength.py", line 40, in <genexpr>
    return (r for r in result or () if _filter(r))
  File "/home/khalil/Projects/PFE/scrapy_app/avito-env/lib/python3.8/site-packages/scrapy/core/spidermw.py", line 56, in _evaluate_iterable
    for r in iterable:
  File "/home/khalil/Projects/PFE/scrapy_app/avito-env/lib/python3.8/site-packages/scrapy/spidermiddlewares/depth.py", line 58, in <genexpr>
    return (r for r in result or () if _filter(r))
  File "/home/khalil/Projects/PFE/scrapy_app/avito-env/lib/python3.8/site-packages/scrapy/core/spidermw.py", line 56, in _evaluate_iterable
    for r in iterable:
  File "/home/khalil/Projects/PFE/scrapy_app/avito/avito/spiders/productspider.py", line 96, in parse_products
    print(colored(self.options, 'red'))
BrokenPipeError: [Errno 32] Broken pipe
2021-09-17 15:41:49 [scrapy.core.engine] DEBUG: Crawled (200) <GET https://www.avito.ma/fr/route_dagadir__essaouira/engins_btp/Bobcat_s130__47123979.htm> (referer: https://www.avito.ma/fr/settat/engins_btp-%C3%A0_vendre?o=2)
2021-09-17 15:41:49 [scrapy.core.scraper] DEBUG: Scraped from <200 https://www.avito.ma/fr/route_dagadir__essaouira/engins_btp/Bobcat_s130__47123979.htm>
None
2021-09-17 15:41:49 [scrapy.core.scraper] DEBUG: Scraped from <200 https://www.avito.ma/fr/route_dagadir__essaouira/engins_btp/Bobcat_s130__47123979.htm>
{'product_data_items': {'address': None,
                        'area': "Route d'Agadir - Essaouira",
                        'city': 'Marrakech',
                        'description': 'Année 2007 très bonne étatH 4500',
                        'fuel': None,
                        'has_shipping': False,
                        'is_seller_phone_verified': False,
                        'last_update_date': '2021-09-16 11:02:33',
                        'number_of_images': 6,
                        'pfiscale': None,
                        'price': 120000,
                        'product_id': '61740037',
                        'regdate': None,
                        'seller_address': None,
                        'seller_name': 'france matériel',
                        'seller_phone': '0679611970',
                        'seller_type': 'shop',
                        'subject': 'Bobcat s130 ',
                        'type': 'Engins btp, Vente',
                        'url': 'https://www.avito.ma/fr/route_dagadir__essaouira/engins_btp/Bobcat_s130__47123979.htm'}}
2021-09-17 15:41:51 [scrapy.downloadermiddlewares.retry] DEBUG: Retrying <GET https://www.avito.ma/fr/taourirt/engins_btp/chariot_elevateur_gaz_47123035.htm> (failed 1 times): 500 Internal Server Error
2021-09-17 15:41:56 [scrapy.core.engine] DEBUG: Crawled (200) <GET https://www.avito.ma/fr/safi/engins_btp/niveleuse_H12_47128058.htm> (referer: https://www.avito.ma/fr/settat/engins_btp-%C3%A0_vendre?o=2)
2021-09-17 15:41:56 [scrapy.core.scraper] DEBUG: Scraped from <200 https://www.avito.ma/fr/safi/engins_btp/niveleuse_H12_47128058.htm>
None
2021-09-17 15:41:56 [scrapy.core.scraper] DEBUG: Scraped from <200 https://www.avito.ma/fr/safi/engins_btp/niveleuse_H12_47128058.htm>
{'product_data_items': {'address': None,
                        'city': 'Safi',
                        'description': 'niveleuse H12 modèle 2002 DD 2018 '
                                       'baqaa nQiyaa li intéressé merhba',
                        'fuel': 'Diesel',
                        'has_shipping': False,
                        'is_seller_phone_verified': True,
                        'last_update_date': '2021-09-16 14:16:40',
                        'number_of_images': 4,
                        'pfiscale': 'Plus de 41 CV',
                        'price': None,
                        'product_id': '62069563',
                        'regdate': '2002',
                        'seller_address': None,
                        'seller_name': 'Rachid',
                        'seller_phone': '0770717676',
                        'seller_type': 'private',
                        'subject': 'niveleuse H12',
                        'type': 'Engins btp, Vente',
                        'url': 'https://www.avito.ma/fr/safi/engins_btp/niveleuse_H12_47128058.htm'}}
2021-09-17 15:41:56 [scrapy.statscollectors] INFO: Dumping Scrapy stats:
{'downloader/request_bytes': 25645,
 'downloader/request_count': 58,
 'downloader/request_method_count/GET': 58,
 'downloader/response_bytes': 1863520,
 'downloader/response_count': 58,
 'downloader/response_status_count/200': 53,
 'downloader/response_status_count/500': 5,
 'dupefilter/filtered': 335,
 'elapsed_time_seconds': 208.616697,
 'finish_reason': 'shutdown',
 'finish_time': datetime.datetime(2021, 9, 17, 14, 41, 56, 377225),
 'httpcompression/response_bytes': 10580870,
 'httpcompression/response_count': 53,
 'item_scraped_count': 85,
 'log_count/DEBUG': 202,
 'log_count/ERROR': 1,
 'log_count/INFO': 14,
 'log_count/WARNING': 46,
 'memusage/max': 98021376,
 'memusage/startup': 67567616,
 'request_depth_max': 2,
 'response_received_count': 53,
 'retry/count': 5,
 'retry/reason_count/500 Internal Server Error': 5,
 'robotstxt/request_count': 1,
 'robotstxt/response_count': 1,
 'robotstxt/response_status_count/200': 1,
 'scheduler/dequeued': 57,
 'scheduler/dequeued/memory': 57,
 'scheduler/enqueued': 303,
 'scheduler/enqueued/memory': 303,
 'spider_exceptions/BrokenPipeError': 1,
 'start_time': datetime.datetime(2021, 9, 17, 14, 38, 27, 760528)}
2021-09-17 15:41:56 [scrapy.core.engine] INFO: Spider closed (shutdown)
